1.109231961891055107e-03
2.057653386145830154e-03
7.635217905044555664e-02
1.208700588904321194e-03
2.637449884787201881e-03
4.042571410536766052e-03
1.011607144027948380e-02
2.718217857182025909e-02
1.635524816811084747e-02
2.940046600997447968e-03
1.330590457655489445e-03
1.610564417205750942e-03
1.808052300475537777e-03
1.928908936679363251e-02
2.255109604448080063e-03
5.297998432070016861e-03
5.360567010939121246e-03
6.363549269735813141e-03
1.014250237494707108e-02
3.134125471115112305e-02
2.324422821402549744e-03
6.205190438777208328e-03
2.858835738152265549e-03
4.138681665062904358e-02
2.209046622738242149e-03
9.841213468462228775e-04
3.185439389199018478e-03
1.453835051506757736e-03
8.010607212781906128e-03
1.861317898146808147e-03
2.848893404006958008e-03
1.160751655697822571e-02
1.470110416412353516e-01
2.286044210195541382e-01
8.043228089809417725e-02
5.216270312666893005e-02
1.379663590341806412e-02
3.770726267248392105e-03
4.532227292656898499e-03
7.196829654276371002e-03
8.640003390610218048e-03
1.211735755205154419e-01
4.386819154024124146e-02
1.684103859588503838e-03
5.367994681000709534e-02
1.747741713188588619e-03
1.212618872523307800e-02
1.236513629555702209e-02
7.958827191032469273e-04
7.184111978858709335e-03
1.615655142813920975e-03
2.671303413808345795e-02
1.249487046152353287e-02
2.834859862923622131e-02
1.254795235581696033e-03
3.946722485125064850e-03
2.592208608984947205e-02
1.320902141742408276e-03
1.096414215862751007e-02
4.772075917571783066e-03
6.403872370719909668e-01
6.446328014135360718e-03
2.240423578768968582e-03
9.854257106781005859e-03
1.863387413322925568e-02
1.978777535259723663e-02
4.913575481623411179e-03
1.359207555651664734e-02
1.367809902876615524e-02
1.282039098441600800e-03
7.322314195334911346e-03
1.994525641202926636e-02
7.566749118268489838e-03
2.403145655989646912e-03
6.110678426921367645e-03
7.878648117184638977e-03
8.716022712178528309e-04
3.438237588852643967e-03
1.337231020443141460e-03
1.397980563342571259e-02
3.264700993895530701e-02
1.607476547360420227e-02
9.623042424209415913e-04
4.607081040740013123e-02
5.873204022645950317e-02
3.187119215726852417e-02
2.216591266915202141e-03
9.203263558447360992e-03
8.875128813087940216e-03
2.319160848855972290e-03
1.194901671260595322e-02
5.349600221961736679e-03
3.683236986398696899e-02
3.753102198243141174e-02
1.421171333640813828e-02
3.168357536196708679e-03
4.511730745434761047e-03
1.939361728727817535e-02
1.196574419736862183e-03
7.721014320850372314e-03
1.177017018198966980e-02
1.315859495662152767e-03
1.191867142915725708e-02
3.288608193397521973e-01
3.288608193397521973e-01
2.028445340692996979e-02
3.288608193397521973e-01
1.725798356346786022e-03
5.831475183367729187e-02
2.169878035783767700e-02
5.154747515916824341e-03
4.364662803709506989e-03
1.364697888493537903e-02
7.530180737376213074e-03
1.047040335834026337e-03
2.365387976169586182e-03
2.004666486755013466e-03
1.281994627788662910e-03
5.286238621920347214e-03
3.752869069576263428e-01
8.974410593509674072e-02
3.037505783140659332e-03
1.325750723481178284e-03
1.397903193719685078e-03
1.364600961096584797e-03
4.238895140588283539e-03
1.131584984250366688e-03
1.704273745417594910e-02
1.256283489055931568e-03
2.339296508580446243e-03
9.836128447204828262e-04
2.180668292567133904e-03
8.929672837257385254e-02
1.498908968642354012e-03
2.986308187246322632e-03
1.305995974689722061e-03
4.072796087712049484e-03
1.617683097720146179e-03
1.525872154161334038e-03
1.343526295386254787e-03
1.496540848165750504e-03
2.196582965552806854e-03
1.425707153975963593e-02
3.172414610162377357e-03
1.772436499595642090e-02
8.905014023184776306e-03
1.436687819659709930e-02
4.133154824376106262e-02
1.321231829933822155e-03
3.007555380463600159e-02
1.864576339721679688e-01
2.803270705044269562e-02
2.137828022241592407e-01
7.946052588522434235e-03
2.114421222358942032e-03
7.968257181346416473e-03
1.165819074958562851e-02
4.995122551918029785e-03
2.927394350990653038e-03
2.420394448563456535e-03
8.698912337422370911e-03
5.807683803141117096e-03
7.813840173184871674e-03
2.737311646342277527e-03
1.337842433713376522e-03
5.944144912064075470e-03
5.078759510070085526e-03
6.328904069960117340e-03
3.720198990777134895e-03
1.220289617776870728e-02
3.542240941897034645e-03
1.042479462921619415e-02
1.531903818249702454e-02
2.392290858551859856e-03
1.599102746695280075e-03
1.564530842006206512e-02
6.131477653980255127e-03
8.121454119682312012e-01
2.878312254324555397e-03
4.841637797653675079e-03
7.392376661300659180e-01
2.005915343761444092e-02
2.377478871494531631e-03
5.468587391078472137e-03
2.089553745463490486e-03
1.276156050153076649e-03
1.152560673654079437e-02
2.742049982771277428e-03
2.026000525802373886e-03
5.461084656417369843e-03
1.166197191923856735e-02
6.013799924403429031e-03
3.409654647111892700e-02
5.179049447178840637e-03
4.464256111532449722e-03
9.933196008205413818e-03
2.895883051678538322e-03
9.210611581802368164e-01
3.288608193397521973e-01
2.698444062843918800e-03
2.186492830514907837e-02
7.576004602015018463e-03
7.330548763275146484e-02
9.167122654616832733e-03
1.864112331531941891e-03
5.805755406618118286e-02
2.226367592811584473e-03
2.919137012213468552e-03
3.647645190358161926e-02
4.274859279394149780e-02
3.650596737861633301e-02
2.511655911803245544e-03
3.965044021606445312e-02
4.116167780011892319e-03
1.087797060608863831e-02
4.156968090683221817e-03
2.948914887383580208e-03
1.908343168906867504e-03
1.627526246011257172e-02
3.102931939065456390e-02
1.040721908211708069e-01
1.520205987617373466e-03
9.193724021315574646e-03
3.288608193397521973e-01
5.088505800813436508e-03
1.842362806200981140e-03
1.590146799571812153e-03
7.692752871662378311e-03
2.569689648225903511e-03
2.901923842728137970e-03
2.218552399426698685e-03
2.166671212762594223e-03
1.383522525429725647e-03
2.105121035128831863e-03
4.171030968427658081e-02
2.514455234631896019e-03
3.125671530142426491e-03
3.961248323321342468e-03
2.425119280815124512e-02
1.164374407380819321e-02
7.339938543736934662e-03
2.766607515513896942e-02
9.159610490314662457e-04
5.838263779878616333e-03
1.282310811802744865e-03
1.819653995335102081e-02
1.129710394889116287e-02
5.219595972448587418e-03
3.093515988439321518e-03
3.288608193397521973e-01
4.951675608754158020e-02
1.416908577084541321e-03
1.779956510290503502e-03
1.427125837653875351e-02
1.142895314842462540e-02
2.492404077202081680e-03
3.959062695503234863e-02
3.705801675096154213e-03
5.139598622918128967e-03
3.656639717519283295e-03
6.138310302048921585e-03
2.461583539843559265e-02
2.017568796873092651e-02
4.163079895079135895e-03
5.947948619723320007e-02
4.831906408071517944e-03
2.228437177836894989e-02
3.037737309932708740e-02
3.400640329346060753e-03
5.015688017010688782e-03
1.353763043880462646e-02
4.249077290296554565e-02
3.212028369307518005e-02
9.287368506193161011e-03
3.326671896502375603e-03
1.435945741832256317e-03
1.684337039478123188e-03
3.288608193397521973e-01
2.486841985955834389e-03
3.931922838091850281e-03
2.858959138393402100e-02
5.905763059854507446e-02
7.656753528863191605e-03
5.840752739459276199e-03
1.235311198979616165e-02
4.639379214495420456e-03
9.511239826679229736e-03
5.295267794281244278e-03
3.621368901804089546e-03
1.622239360585808754e-03
6.704018916934728622e-03
3.511960618197917938e-03
3.786814212799072266e-02
3.288608193397521973e-01
4.512786399573087692e-03
8.848584257066249847e-03
1.148702460341155529e-03
1.517424709163606167e-03
2.474564593285322189e-03
3.596532158553600311e-03
4.534569755196571350e-02
4.149215761572122574e-03
4.898590594530105591e-02
1.268719136714935303e-02
1.526954956352710724e-02
2.004480361938476562e-02
3.164282441139221191e-02
2.575216628611087799e-02
3.331938013434410095e-02
6.795395165681838989e-02
5.905763059854507446e-02
3.970412071794271469e-03
1.360100810416042805e-03
1.915353164076805115e-02
4.778895154595375061e-02
1.090805139392614365e-02
2.165827900171279907e-03
4.284119699150323868e-03
2.624011039733886719e-02
3.724581096321344376e-03
3.547647735103964806e-03
3.456013649702072144e-02
1.686921808868646622e-03
1.584528014063835144e-02
9.093768894672393799e-03
1.861627399921417236e-02
3.957030829042196274e-03
3.747650654986500740e-03
7.298475503921508789e-02
5.609546229243278503e-02
6.312288809567689896e-03
9.867642074823379517e-04
1.156406477093696594e-01
1.190461777150630951e-02
2.281558932736515999e-03
1.249373517930507660e-02
1.137323793955147266e-03
5.542808212339878082e-03
4.496949538588523865e-02
3.224457800388336182e-02
6.058277096599340439e-03
7.420796435326337814e-03
4.659433383494615555e-03
2.554237842559814453e-03
2.743333345279097557e-03
3.575116395950317383e-03
1.013600733131170273e-02
4.645162727683782578e-03
1.695140614174306393e-03
2.865246310830116272e-02
7.063129916787147522e-03
8.586796931922435760e-03
2.295343205332756042e-03
4.722818732261657715e-03
2.887411275878548622e-03
3.396365325897932053e-03
1.496651093475520611e-03
1.381964888423681259e-02
3.583340439945459366e-03
1.876111328601837158e-02
3.288608193397521973e-01
2.204427681863307953e-02
1.042565051466226578e-02
7.489185780286788940e-03
1.072970852255821228e-01
1.905786991119384766e-02
3.122166171669960022e-02
9.478731080889701843e-03
5.169375985860824585e-02
1.323952525854110718e-02
3.325969912111759186e-03
5.069416761398315430e-02
1.650115358643233776e-03
2.490769838914275169e-03
3.945535980165004730e-03
3.297637216746807098e-03
1.386110787279903889e-03
3.288608193397521973e-01
3.051057690754532814e-03
5.055000074207782745e-03
1.583064533770084381e-02
9.517068043351173401e-03
1.374416984617710114e-03
3.288608193397521973e-01
9.327330626547336578e-03
1.177329849451780319e-02
1.487639266997575760e-03
1.805810141377151012e-03
8.419604599475860596e-02
2.920523984357714653e-03
3.858983144164085388e-02
3.516838187351822853e-03
5.887140985578298569e-03
2.856487873941659927e-03
3.219413338229060173e-03
1.031233519315719604e-01
6.877452135086059570e-02
3.129004500806331635e-03
5.237867590039968491e-03
1.235095551237463951e-03
1.288368366658687592e-03
4.089248366653919220e-03
1.155503932386636734e-02
2.164840931072831154e-03
2.868598327040672302e-03
1.469949493184685707e-03
2.300020540133118629e-03
1.040882989764213562e-02
8.590121753513813019e-03
3.265058994293212891e-02
7.066310383379459381e-03
8.479668758809566498e-03
3.213924821466207504e-03
8.104205131530761719e-02
8.744432032108306885e-02
1.061442424543201923e-03
4.651620518416166306e-03
4.392107017338275909e-03
2.162380516529083252e-02
2.294406294822692871e-03
2.009488875046372414e-03
9.066960774362087250e-03
1.549936924129724503e-02
1.863387413322925568e-02
1.552330236881971359e-02
9.966199286282062531e-03
1.040482800453901291e-02
6.934192031621932983e-02
1.793192699551582336e-03
1.193995005451142788e-03
3.785648383200168610e-03
7.088194251991808414e-04
1.053401618264615536e-03
7.796654012054204941e-03
2.083133719861507416e-02
7.173322141170501709e-03
1.344967982731759548e-03
1.218029181472957134e-03
2.443049289286136627e-02
5.256481934338808060e-03
4.588056355714797974e-03
3.555104136466979980e-03
2.970713423565030098e-03
2.208851277828216553e-03
2.928510773926973343e-03
8.700742386281490326e-03
2.144858008250594139e-03
4.796860273927450180e-03
3.925983235239982605e-02
1.622672774828970432e-03
1.104143098928034306e-03
3.243291052058339119e-03
6.023421883583068848e-03
1.798280864022672176e-03
3.288608193397521973e-01
3.724674927070736885e-03
7.212707400321960449e-02
3.095044940710067749e-02
1.903462558984756470e-01
2.424124162644147873e-03
1.311704143881797791e-02
1.664190436713397503e-03
6.437593698501586914e-02
6.102538481354713440e-02
6.032556295394897461e-03
8.934555575251579285e-03
1.802746672183275223e-03
1.188728213310241699e-02
2.205814002081751823e-03
8.564708987250924110e-04
1.477665826678276062e-02
5.371011793613433838e-03
7.155147939920425415e-02
9.590388275682926178e-03
5.898149218410253525e-03
1.748928450979292393e-03
4.813709110021591187e-02
3.909176681190729141e-03
2.952704206109046936e-03
1.726037473417818546e-03
8.849905803799629211e-03
1.576446928083896637e-03
5.905763059854507446e-02
1.580706611275672913e-02
3.617635462433099747e-03
1.019411487504839897e-03
2.531885635107755661e-03
1.265221857465803623e-03
1.120428554713726044e-03
1.296588918194174767e-03
1.161553780548274517e-03
1.244016573764383793e-03
2.006666967645287514e-03
1.781713590025901794e-02
4.744152538478374481e-03
4.865745548158884048e-03
1.744529115967452526e-03
4.863003641366958618e-02
1.124127069488167763e-03
4.347621649503707886e-02
1.500123459845781326e-02
1.158757135272026062e-02
1.711595803499221802e-02
3.996070474386215210e-03
8.450787514448165894e-03
1.524398801848292351e-03
3.228786960244178772e-02
1.981870234012603760e-01
6.768138613551855087e-03
1.113986782729625702e-02
3.929729107767343521e-03
3.418414294719696045e-02
2.958265691995620728e-02
1.404658425599336624e-03
1.512319780886173248e-02
2.641203105449676514e-01
7.053778506815433502e-03
2.856933278962969780e-03
1.259848475456237793e-02
6.909216195344924927e-02
4.180895630270242691e-03
3.798291319981217384e-03
5.539420247077941895e-02
1.607005745172500610e-01
3.288608193397521973e-01
2.664630487561225891e-02
3.288608193397521973e-01
3.288608193397521973e-01
2.690069610252976418e-03
5.094128660857677460e-03
1.379311680793762207e-01
2.444972516968846321e-03
2.000724524259567261e-02
1.911084353923797607e-01
1.402371469885110855e-02
9.019714593887329102e-02
1.575503032654523849e-03
3.288608193397521973e-01
5.671687889844179153e-03
3.171777352690696716e-02
5.881995335221290588e-02
2.261075563728809357e-02
3.313713707029819489e-03
5.905763059854507446e-02
6.249382626265287399e-03
1.871290500275790691e-03
3.288608193397521973e-01
3.003267804160714149e-03
8.601987734436988831e-03
1.838579177856445312e-01
2.983614569529891014e-03
7.241712417453527451e-03
3.288608193397521973e-01
4.089377075433731079e-02
1.651924289762973785e-02
2.558995736762881279e-03
1.724608242511749268e-02
7.608086802065372467e-03
4.603871610015630722e-03
1.461963751353323460e-03
7.975723594427108765e-03
6.069922819733619690e-03
1.329440157860517502e-02
6.755309645086526871e-03
1.016741152852773666e-02
6.297924555838108063e-03
2.041238546371459961e-02
4.100431688129901886e-03
2.301919739693403244e-03
5.806029774248600006e-03
3.086581360548734665e-03
3.641718067228794098e-03
5.308606196194887161e-03
3.736403584480285645e-02
1.122807501815259457e-03
1.844651438295841217e-02
2.764825709164142609e-03
3.288608193397521973e-01
4.138408601284027100e-02
3.348414553329348564e-03
1.970092803239822388e-01
6.147857382893562317e-02
3.288608193397521973e-01
2.009365474805235863e-03
1.848081243224442005e-03
3.288608193397521973e-01
1.078669447451829910e-02
2.677992545068264008e-02
1.393444603309035301e-03
1.015472691506147385e-03
5.060301721096038818e-02
2.122368477284908295e-02
1.066916808485984802e-02
1.183950062841176987e-02
1.075951755046844482e-02
3.325571538880467415e-03
6.119187455624341965e-03
6.927289068698883057e-03
1.106556318700313568e-02
7.908745110034942627e-02
1.931864395737648010e-02
1.497723977081477642e-03
1.333956723101437092e-03
1.395552768371999264e-03
1.645373180508613586e-02
1.322847325354814529e-03
1.260584779083728790e-02
1.172445481643080711e-03
3.860015887767076492e-03
2.392200985923409462e-03
3.852159157395362854e-02
1.162932366132736206e-01
6.452020257711410522e-03
1.727067981846630573e-03
9.055944159626960754e-03
2.334257354959845543e-03
5.583932157605886459e-03
8.993418887257575989e-04
1.475819968618452549e-03
5.259147845208644867e-03
3.072666469961404800e-03
1.110866782255470753e-03
2.413016371428966522e-02
3.365024225786328316e-03
4.555142298340797424e-02
3.608413971960544586e-03
2.020356711000204086e-03
2.203238196671009064e-02
1.031507924199104309e-02
1.102741062641143799e-02
3.202064661309123039e-03
2.070462098345160484e-03
3.542641643434762955e-03
2.525598742067813873e-03
1.501266611739993095e-03
2.496318193152546883e-03
1.759568229317665100e-02
2.005701325833797455e-02
4.438377451151609421e-03
4.067156091332435608e-02
3.403166308999061584e-02
1.415994018316268921e-02
5.631153937429189682e-03
1.850247569382190704e-02
7.348326500505208969e-03
1.830081827938556671e-02
2.422136254608631134e-02
9.407308697700500488e-02
8.425994776189327240e-03
3.136750310659408569e-02
3.049494465813040733e-03
1.411050441674888134e-03
4.095301963388919830e-03
8.015787601470947266e-02
1.536834239959716797e-02
3.924866206943988800e-03
3.965725749731063843e-02
7.595425006002187729e-03
3.151103621348738670e-03
3.913971036672592163e-02
2.414470072835683823e-03
7.617128547281026840e-03
1.730393385514616966e-03
3.142157802358269691e-03
2.112435363233089447e-02
1.762796659022569656e-03
1.477195881307125092e-03
7.654949557036161423e-03
6.453084293752908707e-03
2.228777855634689331e-03
1.369006582535803318e-03
6.241439376026391983e-03
9.607474319636821747e-03
2.639076858758926392e-02
3.677859529852867126e-02
3.710302989929914474e-03
1.614644657820463181e-03
2.416070923209190369e-02
1.071663456968963146e-03
1.401666831225156784e-02
4.219615366309881210e-03
1.135611347854137421e-02
2.900246763601899147e-03
1.293024979531764984e-02
1.262677484191954136e-03
6.597775220870971680e-02
1.731296302750706673e-03
2.073105797171592712e-02
1.198668964207172394e-03
3.288608193397521973e-01
9.516587108373641968e-02
3.631211072206497192e-02
2.239723876118659973e-02
4.404554143548011780e-03
2.767058787867426872e-03
1.279570045880973339e-03
2.168654464185237885e-03
2.237227046862244606e-03
2.831490244716405869e-03
2.669312246143817902e-02
3.200091049075126648e-02
1.628749654628336430e-03
2.553015388548374176e-02
5.466541741043329239e-03
6.165283266454935074e-03
6.359426304697990417e-03
3.879835363477468491e-03
7.670893333852291107e-03
2.978802891448140144e-03
3.804132575169205666e-03
8.670701645314693451e-03
1.270620618015527725e-02
5.126135889440774918e-03
2.949053654447197914e-03
5.349628161638975143e-03
3.350196778774261475e-02
4.969961941242218018e-03
5.905763059854507446e-02
2.245216863229870796e-03
3.049558261409401894e-03
1.791867800056934357e-02
2.320260182023048401e-02
1.372473314404487610e-02
1.470683980733156204e-02
2.121660485863685608e-02
1.412540115416049957e-02
1.412988174706697464e-03
5.793019197881221771e-03
1.916049513965845108e-03
1.643999479711055756e-03
2.745268866419792175e-03
2.308820933103561401e-02
4.320448264479637146e-03
5.665898788720369339e-03
1.139608211815357208e-02
9.726803749799728394e-03
5.333816632628440857e-03
8.662749826908111572e-02
5.905763059854507446e-02
5.822473671287298203e-03
4.786913748830556870e-03
2.055564709007740021e-02
3.284169128164649010e-03
1.509274239651858807e-03
1.688376441597938538e-02
5.088662728667259216e-03
3.749296069145202637e-03
1.185629400424659252e-03
1.188128488138318062e-03
5.173171404749155045e-03
6.458959542214870453e-03
1.097213942557573318e-03
1.087241340428590775e-03
9.530981071293354034e-03
9.426012635231018066e-03
1.427474617958068848e-02
1.739196130074560642e-03
3.835565177723765373e-03
7.838359102606773376e-03
3.209473332390189171e-03
3.655639477074146271e-03
1.348953694105148315e-03
3.084731753915548325e-03
3.288608193397521973e-01
3.288608193397521973e-01
5.905763059854507446e-02
3.495735814794898033e-03
3.486426174640655518e-02
1.649616518989205360e-03
2.679179608821868896e-02
9.924594778567552567e-04
2.134856535121798515e-03
2.806953387334942818e-03
2.090935222804546356e-02
5.297078751027584076e-03
1.989541761577129364e-02
1.424213405698537827e-02
1.231404300779104233e-02
5.219699814915657043e-03
6.980606354773044586e-03
3.288608193397521973e-01
6.071151234209537506e-03
2.006678655743598938e-02
1.249307766556739807e-03
2.065967535600066185e-03
1.394951064139604568e-02
2.624795027077198029e-02
3.353718668222427368e-02
5.396732129156589508e-03
1.137390080839395523e-02
1.593947596848011017e-02
1.220716070383787155e-02
3.475560620427131653e-02
2.822830108925700188e-03
9.968410246074199677e-03
1.035993546247482300e-02
6.266979500651359558e-03
1.751868240535259247e-02
1.661762036383152008e-02
1.718695508316159248e-03
1.980980113148689270e-02
7.639884483069181442e-03
3.307656152173876762e-03
5.156705379486083984e-01
5.905763059854507446e-02
2.913679461926221848e-03
5.259535275399684906e-03
3.288608193397521973e-01
1.993188634514808655e-02
4.616918042302131653e-03
1.114107668399810791e-02
4.021998960524797440e-03
4.076135810464620590e-03
3.418859327211976051e-03
1.534964889287948608e-03
2.047266578301787376e-03
6.496170535683631897e-03
1.256790361367166042e-03
2.260487712919712067e-02
7.333215326070785522e-02
3.288608193397521973e-01
1.152545679360628128e-03
6.770158186554908752e-03
1.088750828057527542e-02
1.701716799288988113e-03
7.691617123782634735e-03
1.766928285360336304e-02
2.573069883510470390e-03
2.416042843833565712e-03
1.986304763704538345e-03
2.636814024299383163e-03
2.879043342545628548e-03
1.180883613415062428e-03
8.287951350212097168e-04
3.288608193397521973e-01
4.214479122310876846e-03
1.478020567446947098e-02
7.345370948314666748e-03
8.555286377668380737e-02
3.749142587184906006e-02
1.771403010934591293e-03
1.223959843628108501e-03
6.136530078947544098e-03
4.689908586442470551e-03
1.149323070421814919e-03
4.909124225378036499e-03
1.653300523757934570e-01
1.499035954475402832e-02
2.231517340987920761e-03
3.971937578171491623e-03
1.891954918392002583e-03
4.689984396100044250e-02
3.088211873546242714e-03
3.154658479616045952e-03
6.233255378901958466e-03
4.036837257444858551e-03
4.318429157137870789e-02
1.858866401016712189e-02
1.265790760517120361e-01
2.238550456240773201e-03
1.714519038796424866e-02
2.683545090258121490e-02
1.306468099355697632e-01
4.836776293814182281e-03
8.371247351169586182e-02
8.029214106500148773e-03
1.849604537710547447e-03
2.655087597668170929e-02
8.673218078911304474e-03
5.601676646620035172e-03
1.427857438102364540e-03
3.482361789792776108e-03
2.759578404948115349e-03
2.672614529728889465e-03
1.598077826201915741e-02
3.328392514958977699e-03
1.576842740178108215e-02
1.462862011976540089e-03
9.280631318688392639e-03
1.981837674975395203e-03
2.191604301333427429e-02
1.199370697140693665e-01
4.635212477296590805e-03
8.869112469255924225e-03
1.775963306427001953e-01
2.202847972512245178e-03
8.862161077558994293e-03
2.702395617961883545e-01
7.532533258199691772e-03
7.200448773801326752e-03
8.836765773594379425e-03
1.770489267073571682e-03
3.500548377633094788e-02
2.051169052720069885e-03
4.413016885519027710e-02
4.506831057369709015e-03
1.842865371145308018e-03
2.625778317451477051e-03
6.794152315706014633e-03
1.700139231979846954e-02
3.980135545134544373e-02
3.964237123727798462e-02
3.288608193397521973e-01
1.158484024927020073e-03
5.905763059854507446e-02
2.041912404820322990e-03
1.363286003470420837e-02
1.647561904974281788e-03
5.461975466459989548e-03
2.457326976582407951e-03
4.083983134478330612e-03
2.181881573051214218e-03
4.942199680954217911e-03
1.951248385012149811e-03
2.554459962993860245e-03
9.584723971784114838e-03
2.710797823965549469e-03
2.303186105564236641e-03
2.660595113411545753e-03
9.940059855580329895e-03
1.098532602190971375e-02
1.197477150708436966e-02
6.055805832147598267e-02
2.611001953482627869e-02
1.032871892675757408e-03
8.354996331036090851e-03
1.668997341766953468e-03
1.440319349057972431e-03
4.112334921956062317e-03
3.959781490266323090e-03
3.288855077698826790e-03
7.353291846811771393e-03
2.800145186483860016e-03
2.414354123175144196e-03
7.371920347213745117e-02
4.677445162087678909e-03
2.435780130326747894e-02
5.040664691478013992e-03
1.937480061315000057e-03
2.377817174419760704e-03
2.186170592904090881e-02
1.878482638858258724e-03
1.098355860449373722e-03
6.040950305759906769e-03
6.549408286809921265e-02
2.326352056115865707e-03
1.491904351860284805e-02
3.330180188640952110e-03
8.675957098603248596e-03
1.728373230434954166e-03
9.289534389972686768e-02
8.684284985065460205e-04
3.449185518547892570e-03
2.639170270413160324e-03
4.115261137485504150e-03
1.338696456514298916e-03
9.195501334033906460e-04
2.835338003933429718e-03
7.845882326364517212e-02
6.856828927993774414e-03
1.184569322504103184e-03
1.178514864295721054e-02
1.144583453424274921e-03
6.167095154523849487e-03
1.475920155644416809e-02
2.026188420131802559e-03
9.493803605437278748e-03
2.552103949710726738e-03
8.085462264716625214e-03
4.796398337930440903e-03
9.582497179508209229e-03
5.606863647699356079e-03
2.856665849685668945e-02
1.786230364814400673e-03
1.512868236750364304e-02
1.410899916663765907e-03
3.560391953215003014e-03
1.996828708797693253e-03
2.473849616944789886e-02
1.877899863757193089e-03
5.172864533960819244e-03
1.716749509796500206e-03
3.117992915213108063e-02
8.599901571869850159e-03
3.727290779352188110e-03
7.166930008679628372e-03
1.977980136871337891e-03
1.659362167119979858e-01
6.613415665924549103e-03
8.173741400241851807e-03
1.572275883518159389e-03
4.943862557411193848e-03
1.364537514746189117e-02
3.708379343152046204e-02
3.089072182774543762e-03
5.369973927736282349e-02
3.288608193397521973e-01
8.099152892827987671e-02
1.759485006332397461e-01
1.401019748300313950e-02
1.256313174962997437e-02
9.877771884202957153e-02
3.566009458154439926e-03
2.398856915533542633e-03
8.274642378091812134e-02
3.414879366755485535e-02
1.748019605875015259e-01
2.362175285816192627e-02
1.185729820281267166e-02
1.818561367690563202e-02
1.683820853941142559e-03
6.839348468929529190e-03
1.314190402626991272e-02
9.962295182049274445e-03
5.732328072190284729e-02
1.315484871156513691e-03
9.281793609261512756e-03
3.918240591883659363e-02
2.195216342806816101e-02
1.617041765712201595e-03
3.280170960351824760e-03
1.669842377305030823e-02
1.063462533056735992e-02
2.784923883154988289e-03
2.340845204889774323e-02
2.942395862191915512e-03
2.548233838751912117e-03
2.914502518251538277e-03
4.204976372420787811e-03
8.259164169430732727e-03
2.030499977990984917e-03
4.117992520332336426e-02
1.282671233639121056e-03
3.473639022558927536e-03
3.194299759343266487e-03
3.148492658510804176e-03
3.398796776309609413e-03
5.686502903699874878e-03
1.542840269394218922e-03
6.023961119353771210e-03
1.952732168138027191e-02
1.568967709317803383e-03
3.173922747373580933e-02
1.642495021224021912e-02
1.614489592611789703e-02
3.648898005485534668e-02
2.197905927896499634e-01
1.261778268963098526e-02
2.810277277603745461e-03
8.394266478717327118e-03
7.798096630722284317e-03
1.007083430886268616e-02
1.881206990219652653e-03
3.619767492637038231e-03
4.582608584314584732e-03
1.163123757578432560e-03
9.071546373888850212e-04
1.197765953838825226e-02
1.241608755663037300e-03
1.945062424056231976e-03
1.573523506522178650e-02
2.354361582547426224e-03
1.236183568835258484e-03
7.878532633185386658e-04
6.265296135097742081e-03
2.826867857947945595e-03
9.858063422143459320e-03
1.038081478327512741e-03
2.125617349520325661e-03
1.563851255923509598e-03
1.983746513724327087e-02
1.260139397345483303e-03
2.314581070095300674e-03
5.234420299530029297e-03
3.052229760214686394e-03
1.889399369247257710e-03
1.095141284167766571e-02
4.881357774138450623e-03
4.702856298536062241e-03
2.327928552404046059e-03
1.080962712876498699e-03
5.179049447178840637e-03
2.176371868699789047e-03
4.733023047447204590e-02
2.513898070901632309e-03
3.973628394305706024e-03
1.780884340405464172e-02
3.196760546416044235e-03
1.382656395435333252e-02
9.234059602022171021e-03
3.179306164383888245e-02
4.989276640117168427e-03
8.710223250091075897e-03
9.517588652670383453e-03
7.644491735845804214e-03
1.865100301802158356e-02
6.635185796767473221e-03
8.392183110117912292e-03
3.467004746198654175e-03
2.437778748571872711e-02
5.448192358016967773e-03
1.252493704669177532e-03
1.482210587710142136e-02
1.121688168495893478e-03
1.168752275407314301e-02
1.915832981467247009e-02
1.069764234125614166e-02
1.247822269797325134e-01
2.573834545910358429e-02
5.531541071832180023e-03
1.697883009910583496e-02
1.057814713567495346e-02
7.408485747873783112e-03
1.297563128173351288e-02
5.943719763308763504e-03
3.212182084098458290e-03
2.038297429680824280e-02
9.231325238943099976e-03
1.809342950582504272e-01
6.114337593317031860e-03
2.095207013189792633e-02
1.090899854898452759e-02
1.398031716234982014e-03
3.190021263435482979e-03
4.644366912543773651e-03
1.147284056060016155e-03
1.196875935420393944e-03
1.445764023810625076e-02
2.389878267422318459e-03
2.144451951608061790e-03
9.625477250665426254e-04
3.767814952880144119e-03
1.735579408705234528e-02
1.216822769492864609e-02
2.660018159076571465e-03
2.510530874133110046e-03
3.056331537663936615e-03
1.347848679870367050e-02
1.639097230508923531e-03
2.061746548861265182e-03
1.326470053754746914e-03
3.288608193397521973e-01
2.920803148299455643e-03
3.408456454053521156e-03
1.270049018785357475e-03
3.164474386721849442e-03
5.519035272300243378e-03
2.229640958830714226e-03
1.928370445966720581e-03
2.707976661622524261e-02
4.350918531417846680e-02
8.520486764609813690e-03
2.967500686645507812e-02
1.303971279412508011e-03
1.383066643029451370e-03
7.931811735033988953e-03
2.060464583337306976e-03
3.288608193397521973e-01
3.288608193397521973e-01
2.942068502306938171e-03
5.837145727127790451e-03
1.917534740641713142e-03
1.332013309001922607e-02
1.244874089024960995e-03
1.123061520047485828e-03
3.160013584420084953e-03
1.027494762092828751e-02
5.536317080259323120e-02
1.139371283352375031e-02
2.106455154716968536e-02
1.349647901952266693e-02
9.696197696030139923e-03
5.468342080712318420e-02
3.288608193397521973e-01
1.529935561120510101e-02
1.904148026369512081e-03
3.076241351664066315e-03
1.421920140273869038e-03
6.253704894334077835e-03
2.468734281137585640e-03
1.697333646006882191e-03
3.806977998465299606e-03
1.129546761512756348e-02
1.026636138558387756e-01
1.277483813464641571e-02
4.516729619354009628e-03
3.285413375124335289e-03
3.220037790015339851e-03
4.392528440803289413e-03
1.722666434943675995e-02
6.023321766406297684e-03
1.007182337343692780e-02
1.414406020194292068e-02
3.273542504757642746e-03
8.005281537771224976e-02
1.318375929258763790e-03
4.487173631787300110e-02
2.599707571789622307e-03
8.527734130620956421e-02
4.208713769912719727e-03
6.459644995629787445e-03
3.288608193397521973e-01
1.745075802318751812e-03
3.965982701629400253e-03
1.539217424578964710e-03
9.999173926189541817e-04
3.003808669745922089e-03
5.978229641914367676e-02
5.130999535322189331e-02
8.315652608871459961e-03
9.359183162450790405e-02
7.557913661003112793e-03
3.269394161179661751e-03
6.919374689459800720e-03
4.324410576373338699e-03
2.991628646850585938e-02
1.127639319747686386e-02
9.382563084363937378e-02
4.694687668234109879e-03
6.397222634404897690e-03
3.284020349383354187e-02
2.561480551958084106e-02
1.045367587357759476e-02
8.927709423005580902e-03
1.664787232875823975e-01
2.031935565173625946e-02
2.422827668488025665e-02
5.483119189739227295e-02
3.551660478115081787e-02
1.797655364498496056e-03
2.283036708831787109e-03
1.592206535860896111e-03
2.236163802444934845e-02
5.852144584059715271e-02
1.038010604679584503e-02
1.236339565366506577e-03
6.355702877044677734e-03
9.545899182558059692e-02
2.129601128399372101e-02
1.556155644357204437e-02
3.848036285489797592e-03
1.608620956540107727e-02
2.202939242124557495e-03
5.320099648088216782e-03
1.496647484600543976e-02
2.115717390552163124e-03
6.514831446111202240e-03
1.238861703313887119e-03
2.373662544414401054e-03
3.988629672676324844e-03
2.041708445176482201e-03
1.544853555969893932e-03
2.127427607774734497e-03
1.251653418876230717e-03
2.139149466529488564e-03
4.615679010748863220e-02
9.885109029710292816e-03
2.594183944165706635e-02
1.031207107007503510e-02
4.170626401901245117e-03
6.297070998698472977e-03
1.546648517251014709e-02
3.391779726371169090e-03
4.027310293167829514e-03
4.043926950544118881e-03
1.069463603198528290e-02
9.484536712989211082e-04
2.181611768901348114e-02
4.579062573611736298e-03
2.200390445068478584e-03
2.255766466259956360e-02
5.440680775791406631e-03
1.837325165979564190e-03
3.469679737463593483e-03
4.500697366893291473e-03
1.795441377907991409e-03
4.941896349191665649e-02
6.577820982784032822e-03
2.504921332001686096e-02
1.425654068589210510e-02
1.128833624534308910e-03
1.671373657882213593e-02
4.814143758267164230e-03
4.185498226433992386e-03
4.372747614979743958e-03
9.515436366200447083e-03
2.706124633550643921e-02
1.196442916989326477e-02
1.620084233582019806e-02
1.328400894999504089e-02
3.358681127429008484e-02
1.007035933434963226e-02
1.756909675896167755e-02
2.313285367563366890e-03
1.111791585572063923e-03
1.207115128636360168e-02
3.516880050301551819e-02
5.637384019792079926e-03
3.876256057992577553e-03
9.313826449215412140e-03
7.396297901868820190e-02
2.034292323514819145e-03
7.344912271946668625e-03
2.543327398598194122e-03
1.739489659667015076e-02
3.054145723581314087e-03
6.381695624440908432e-03
6.333028897643089294e-03
1.101062400266528130e-03
1.339822658337652683e-03
1.764006214216351509e-03
1.776861725375056267e-03
2.562484005466103554e-03
7.545637898147106171e-03
3.288608193397521973e-01
4.083007574081420898e-02
1.500473637133836746e-02
2.084524929523468018e-02
1.891496218740940094e-02
1.090163271874189377e-02
2.015140838921070099e-03
8.945341221988201141e-03
5.364105477929115295e-02
8.110905997455120087e-03
3.288608193397521973e-01
1.818000338971614838e-02
1.395098678767681122e-02
1.584347919560968876e-03
9.777024388313293457e-04
8.331810124218463898e-03
1.722375280223786831e-03
2.320891246199607849e-03
3.981216344982385635e-03
2.804491901770234108e-03
6.100898142904043198e-03
6.349195726215839386e-03
2.557785017415881157e-03
9.856332093477249146e-03
1.242154627107083797e-03
3.833878319710493088e-03
1.000751275569200516e-03
3.204286098480224609e-03
8.163793943822383881e-03
2.923611085861921310e-03
5.678046122193336487e-02
1.087321620434522629e-02
2.331062452867627144e-03
1.726302783936262131e-03
3.925151377916336060e-02
4.652834963053464890e-03
6.334448233246803284e-03
2.236667461693286896e-02
3.722026944160461426e-03
4.275126382708549500e-03
4.137483611702919006e-02
1.339063630439341068e-03
1.445291191339492798e-02
3.782012267038226128e-03
5.958839785307645798e-03
3.749217605218291283e-03
5.854482296854257584e-03
3.269386244937777519e-03
7.349380757659673691e-03
1.337873656302690506e-02
3.403516253456473351e-03
1.473231473937630653e-03
1.239848975092172623e-02
2.517319982871413231e-03
4.236388485878705978e-03
2.932393690571188927e-03
1.308605670928955078e-01
2.127793617546558380e-02
7.672657258808612823e-03
1.378290727734565735e-02
2.418525516986846924e-03
2.468500752002000809e-03
1.743907225318253040e-03
3.164738044142723083e-02
5.780802574008703232e-03
2.149605890735983849e-03
2.322191372513771057e-03
1.357607659883797169e-03
2.225444186478853226e-03
4.837804939597845078e-03
1.708309631794691086e-03
2.627209527418017387e-03
2.189289778470993042e-03
1.103776842355728149e-01
1.888911006972193718e-03
1.170241856016218662e-03
9.582220576703548431e-03
3.403298323974013329e-03
7.767152506858110428e-03
1.085635740309953690e-02
2.829841338098049164e-03
4.894821904599666595e-03
1.248722430318593979e-03
2.379150129854679108e-03
1.920571923255920410e-02
3.812791081145405769e-03
1.292279083281755447e-02
2.818388398736715317e-03
1.860906137153506279e-03
1.973779685795307159e-02
2.950376365333795547e-03
3.114961320534348488e-03
4.769281949847936630e-03
5.642820615321397781e-03
4.459395073354244232e-03
2.410645131021738052e-03
2.611845033243298531e-03
2.452469430863857269e-02
4.474038723856210709e-03
1.887610647827386856e-03
5.005306564271450043e-03
1.107977353967726231e-03
7.389293750748038292e-04
1.172336190938949585e-02
4.072080831974744797e-03
3.527584485709667206e-03
2.012199955061078072e-03
2.220066729933023453e-03
1.245583989657461643e-03
1.838849484920501709e-02
1.477102283388376236e-02
6.495093926787376404e-03
1.023520808666944504e-02
1.458758115768432617e-02
2.240470983088016510e-02
7.852377369999885559e-03
3.288608193397521973e-01
3.288608193397521973e-01
2.313954755663871765e-03
2.277709776535630226e-03
8.264978416264057159e-03
4.192873835563659668e-03
3.548782318830490112e-03
1.650998485274612904e-03
2.126585692167282104e-03
1.874212361872196198e-02
3.435519989579916000e-03
4.571617580950260162e-03
2.055929973721504211e-03
8.638536557555198669e-03
1.493220450356602669e-03
2.035533543676137924e-03
3.877562284469604492e-02
1.075973152182996273e-03
5.704639852046966553e-02
3.274449612945318222e-03
1.897927373647689819e-02
1.113639771938323975e-02
3.288608193397521973e-01
4.326819255948066711e-02
1.270164502784609795e-03
3.288608193397521973e-01
1.964205177500844002e-03
3.200883790850639343e-02
2.562468172982335091e-03
4.689025226980447769e-03
1.978541258722543716e-03
4.384311381727457047e-03
3.411434218287467957e-02
3.310094820335507393e-03
1.024651457555592060e-03
5.277648102492094040e-03
1.014063134789466858e-03
3.691159188747406006e-02
3.642471879720687866e-02
1.584663987159729004e-03
1.860441057942807674e-03
1.227994449436664581e-03
1.945968717336654663e-03
7.811697199940681458e-03
1.022381801158189774e-02
4.765490069985389709e-03
3.178884088993072510e-02
2.349733840674161911e-03
1.219027792103588581e-03
1.504084188491106033e-02
6.821696180850267410e-03
1.122191548347473145e-03
2.486592391505837440e-03
9.120320528745651245e-02
1.822582795284688473e-03
9.784323722124099731e-02
4.106291104108095169e-03
7.254157215356826782e-03
2.571075921878218651e-03
1.487770234234631062e-03
1.929022930562496185e-02
1.923341676592826843e-02
1.274576992727816105e-03
1.159291598014533520e-03
3.160719526931643486e-03
1.824260340072214603e-03
1.270036306232213974e-02
1.622929936274886131e-03
2.486451528966426849e-03
2.089014742523431778e-03
1.648595905862748623e-03
9.943949989974498749e-04
1.379073481075465679e-03
3.288608193397521973e-01
1.792639610357582569e-03
1.355890301056206226e-03
1.098224078305065632e-03
7.122922223061323166e-03
5.511452909559011459e-03
5.357954185456037521e-03
7.761439774185419083e-03
6.017948966473340988e-03
1.453531999140977859e-02
1.946411579847335815e-01
6.231896951794624329e-02
1.353165321052074432e-02
1.617412082850933075e-03
4.622478969395160675e-03
3.379499539732933044e-02
2.609040355309844017e-03
1.579372212290763855e-03
2.448107814416289330e-03
1.637752540409564972e-02
3.730630036443471909e-03
1.149490475654602051e-03
4.617402795702219009e-03
1.028999220579862595e-03
1.178877544589340687e-03
1.082948874682188034e-03
6.902253371663391590e-04
9.505755151621997356e-04
9.368791244924068451e-03
9.856579126790165901e-04
1.648558303713798523e-03
1.223073992878198624e-02
1.866290112957358360e-03
9.541961480863392353e-04
6.594895385205745697e-04
2.339075086638331413e-03
9.610778652131557465e-04
1.398500707000494003e-02
1.298226299695670605e-03
1.700083166360855103e-01
2.452095597982406616e-02
2.429581014439463615e-03
3.374058520421385765e-03
3.195086726918816566e-03
3.288608193397521973e-01
2.109939698129892349e-03
2.905894769355654716e-03
5.346026644110679626e-02
1.810076530091464520e-03
3.496008459478616714e-03
1.821686048060655594e-03
3.703820053488016129e-03
1.184423826634883881e-02
1.457182457670569420e-03
2.299077576026320457e-03
1.868829480372369289e-03
1.856122398748993874e-03
1.059506204910576344e-03
1.208969764411449432e-02
4.862904082983732224e-03
7.545663043856620789e-03
1.629579579457640648e-03
7.150882482528686523e-02
2.680266741663217545e-03
3.456611651927232742e-03
1.495144609361886978e-02
3.978122491389513016e-03
2.056056167930364609e-03
3.858599113300442696e-03
2.647258713841438293e-02
3.631842508912086487e-02
1.906063989736139774e-03
1.555841881781816483e-03
2.400376368314027786e-03
6.231542676687240601e-03
2.004174282774329185e-03
1.640018424950540066e-03
1.084850868210196495e-03
4.044845234602689743e-03
1.509259687736630440e-03
1.891909050755202770e-03
2.035413123667240143e-02
1.097661326639354229e-03
1.453802571631968021e-03
8.792957523837685585e-04
6.320195738226175308e-03
3.867906285449862480e-03
1.910421531647443771e-03
1.256583258509635925e-03
4.231747984886169434e-02
1.595301437191665173e-03
3.209253540262579918e-03
1.302748569287359715e-03
1.165032014250755310e-02
1.474461052566766739e-03
2.950677881017327309e-03
2.296634251251816750e-03
2.706404309719800949e-03
8.165789186023175716e-04
1.582511584274470806e-03
1.257233903743326664e-03
9.370366111397743225e-03
1.634546369314193726e-02
1.809609495103359222e-02
6.959799677133560181e-02
1.157454680651426315e-02
1.222912780940532684e-02
5.205697380006313324e-03
1.786813326179981232e-02
2.565315458923578262e-03
1.407617819495499134e-03
1.553072966635227203e-02
1.374466624110937119e-02
1.890404964797198772e-03
1.665403321385383606e-02
1.346332253888249397e-03
3.072904422879219055e-03
3.847368992865085602e-03
1.060469541698694229e-02
1.841882988810539246e-02
6.321229040622711182e-03
2.273591049015522003e-02
1.096773147583007812e-02
5.606877151876688004e-03
2.358123846352100372e-02
1.147243008017539978e-02
7.994587719440460205e-02
1.936741638928651810e-03
3.288608193397521973e-01
1.116786804050207138e-02
1.284747570753097534e-02
2.988907275721430779e-03
1.504043210297822952e-02
5.117687955498695374e-02
9.529913775622844696e-03
5.550324916839599609e-01
2.239903435111045837e-03
1.275740563869476318e-03
1.811853260733187199e-03
6.000332534313201904e-03
8.382522501051425934e-03
1.781383878551423550e-03
2.895920909941196442e-02
4.142998252063989639e-03
5.905763059854507446e-02
9.269724041223526001e-02
2.847126219421625137e-03
3.006914863362908363e-03
1.583770266734063625e-03
8.791868458501994610e-04
6.445988547056913376e-03
2.427763771265745163e-03
2.275689737871289253e-03
2.272492740303277969e-03
1.388543751090764999e-03
1.741495914757251740e-03
2.417668467387557030e-03
1.460130792111158371e-03
3.288608193397521973e-01
3.288608193397521973e-01
1.998927909880876541e-03
3.135686973109841347e-03
2.168907318264245987e-03
1.202443265356123447e-03
1.083006151020526886e-03
1.999129541218280792e-03
1.227398123592138290e-02
1.770407147705554962e-02
1.079571899026632309e-03
3.288608193397521973e-01
2.244646660983562469e-02
3.840715391561388969e-03
1.491685514338314533e-03
7.195691578090190887e-03
3.288608193397521973e-01
2.994423918426036835e-02
1.362829376012086868e-02
9.166828356683254242e-03
1.079157460480928421e-02
2.260080724954605103e-02
3.277162835001945496e-02
4.024823755025863647e-02
1.020930055528879166e-02
5.843164771795272827e-02
1.183890923857688904e-02
7.018760778009891510e-03
1.238058321177959442e-02
9.624847024679183960e-02
1.341004204005002975e-02
3.690630570054054260e-02
1.946419011801481247e-03
5.360912997275590897e-03
9.223062661476433277e-04
2.684496575966477394e-03
1.412504352629184723e-03
1.641897950321435928e-03
