6.824404001235961914e-02
2.549964189529418945e-02
1.150194462388753891e-02
3.975622355937957764e-02
3.719224780797958374e-02
4.354657605290412903e-03
4.332394804805517197e-03
1.558028906583786011e-01
3.866379614919424057e-03
1.805339124985039234e-03
1.443661749362945557e-03
5.174204707145690918e-03
5.665742326527833939e-03
5.285210907459259033e-03
1.581629738211631775e-02
3.151812357828021049e-03
7.366494741290807724e-03
2.214868552982807159e-03
3.297624588012695312e-01
1.723046600818634033e-01
8.542650379240512848e-03
1.335293985903263092e-03
2.394540701061487198e-03
2.918154699727892876e-03
1.491855233907699585e-01
8.072088360786437988e-01
2.674444615840911865e-01
3.744900822639465332e-01
7.432681042701005936e-03
1.189276669174432755e-02
3.619169117882847786e-03
4.497376270592212677e-03
4.300786647945642471e-03
3.192750271409749985e-03
4.419049713760614395e-03
5.476302932947874069e-03
1.112410575151443481e-01
7.232941687107086182e-03
1.571687683463096619e-02
4.144193232059478760e-02
1.677291840314865112e-02
5.550132598727941513e-03
1.933089829981327057e-02
2.889954717829823494e-03
1.281500514596700668e-02
1.411042991094291210e-03
2.015956118702888489e-02
3.410084405913949013e-03
4.601331055164337158e-02
6.799418013542890549e-03
5.688915960490703583e-03
3.056889399886131287e-03
4.382688552141189575e-03
3.993609454482793808e-03
5.720466747879981995e-02
1.855427282862365246e-03
1.409599208272993565e-03
1.317096408456563950e-03
1.510182768106460571e-01
9.025827050209045410e-03
4.010337404906749725e-03
6.628397386521100998e-03
8.544957963749766350e-04
9.782573208212852478e-03
3.653918858617544174e-03
5.002215970307588577e-03
5.161848384886980057e-03
1.008806284517049789e-02
8.097816258668899536e-03
1.574610010720789433e-03
4.567923955619335175e-03
4.769008141010999680e-03
4.684576299041509628e-03
1.982044614851474762e-02
4.292691592127084732e-03
3.298066556453704834e-03
8.703499333932995796e-04
3.803576342761516571e-03
3.944711759686470032e-03
1.593254208564758301e-01
1.263201888650655746e-02
4.703602194786071777e-02
3.443833887577056885e-01
2.864634850993752480e-03
1.959077315405011177e-03
4.493128042668104172e-03
3.083309624344110489e-03
1.077824085950851440e-02
1.273991307243704796e-03
1.318877679295837879e-03
2.710686763748526573e-03
1.327594276517629623e-03
2.821755362674593925e-03
5.333128385245800018e-03
1.708202413283288479e-03
6.205470114946365356e-02
1.196920946240425110e-01
8.898291736841201782e-03
7.286854088306427002e-02
1.686014584265649319e-03
1.510490430518984795e-03
1.354160369373857975e-03
1.659620087593793869e-03
5.834432318806648254e-03
5.834432318806648254e-03
9.045209153555333614e-04
5.834432318806648254e-03
1.668053865432739258e-01
5.135199986398220062e-03
8.242792449891567230e-03
5.118328612297773361e-03
1.121450401842594147e-02
8.762733936309814453e-01
1.511426549404859543e-02
3.428913652896881104e-01
1.859636045992374420e-02
7.185239791870117188e-01
3.029619455337524414e-01
5.799245554953813553e-03
4.305289126932621002e-03
4.231555387377738953e-03
5.573645606637001038e-02
2.052992349490523338e-03
3.694455139338970184e-03
3.330449108034372330e-03
1.872000657021999359e-02
7.759319543838500977e-01
2.248886674642562866e-01
9.744504094123840332e-01
3.309113085269927979e-01
2.118452191352844238e-01
6.994233131408691406e-01
5.419332999736070633e-03
1.451044436544179916e-02
1.950999256223440170e-03
1.209705695509910583e-02
6.613312959671020508e-01
9.271125793457031250e-01
9.740605950355529785e-01
6.996962428092956543e-01
9.380178451538085938e-01
3.499527871608734131e-01
5.182330682873725891e-02
1.162639120593667030e-03
3.601574525237083435e-02
2.014075964689254761e-01
3.555619344115257263e-02
3.885454684495925903e-02
1.373436897993087769e-01
7.306485176086425781e-01
4.730939399451017380e-03
3.138456027954816818e-03
5.765749141573905945e-03
5.947969853878021240e-03
2.798908622935414314e-03
4.057084675878286362e-03
2.543400041759014130e-03
6.544191855937242508e-03
1.171533837914466858e-01
2.766665536910295486e-03
9.548123925924301147e-03
7.535866927355527878e-03
1.137504726648330688e-02
1.956727355718612671e-03
4.025665670633316040e-02
3.218559548258781433e-03
1.229511573910713196e-02
2.932457951828837395e-03
1.413535210303962231e-03
5.736319422721862793e-01
2.922988263890147209e-03
6.277163326740264893e-02
1.574236084707081318e-03
2.741879224777221680e-01
7.580186240375041962e-03
3.097506705671548843e-03
1.622620970010757446e-03
4.710535984486341476e-03
1.951417303644120693e-03
1.329361111856997013e-03
2.649922156706452370e-03
4.005332943052053452e-03
2.877656836062669754e-03
2.619367092847824097e-03
1.342585543170571327e-03
5.386555101722478867e-03
1.026802230626344681e-03
4.971942864358425140e-03
1.127609983086585999e-03
3.084488213062286377e-03
1.190608367323875427e-03
1.796753611415624619e-03
1.259687007404863834e-03
2.606068039312958717e-03
3.879919648170471191e-02
1.596382586285471916e-03
1.764531945809721947e-03
4.396352451294660568e-03
5.834432318806648254e-03
2.220561029389500618e-03
1.013853005133569241e-03
1.430102158337831497e-03
1.221759594045579433e-03
1.425602124072611332e-03
1.641849405132234097e-03
1.634622109122574329e-03
2.483994001522660255e-03
3.892882168292999268e-02
1.851747394539415836e-03
1.011938601732254028e-02
6.554952356964349747e-03
1.764939981512725353e-03
2.208354510366916656e-02
1.297067617997527122e-03
3.370351856574416161e-03
1.507815322838723660e-03
4.013002384454011917e-03
2.843566704541444778e-03
1.777623081579804420e-03
1.590105937793850899e-03
1.959861489012837410e-03
4.995449446141719818e-03
5.399863235652446747e-03
5.834432318806648254e-03
3.674059733748435974e-02
7.845202088356018066e-01
7.625005841255187988e-01
1.444392092525959015e-02
1.328804064542055130e-02
2.067749621346592903e-03
1.862688106484711170e-03
2.814708044752478600e-03
6.943114101886749268e-03
2.374337986111640930e-03
7.026151870377361774e-04
1.026031677611172199e-03
8.969621732831001282e-03
6.969196349382400513e-02
5.704505834728479385e-03
1.597792096436023712e-02
1.108354777097702026e-01
4.772768821567296982e-03
6.240034941583871841e-03
4.988133441656827927e-03
2.804971998557448387e-03
1.627214369364082813e-03
1.884114695712924004e-03
1.851722714491188526e-03
1.398362568579614162e-03
5.834432318806648254e-03
2.616368001326918602e-03
2.422262681648135185e-03
3.093220526352524757e-03
1.161682652309536934e-03
2.801358886063098907e-02
1.790881971828639507e-03
4.222062416374683380e-03
1.305952435359358788e-03
3.329657949507236481e-03
3.034892026335000992e-03
1.567089464515447617e-03
5.733023863285779953e-03
5.623410921543836594e-03
1.014527515508234501e-03
2.730768732726573944e-02
1.090296427719295025e-03
2.924715727567672729e-02
3.006240352988243103e-03
7.781411986798048019e-03
4.152698908001184464e-03
2.197216497734189034e-03
2.092207083478569984e-03
2.697475254535675049e-03
1.337144291028380394e-03
3.628254169598221779e-03
6.519468501210212708e-03
2.831142628565430641e-03
5.834432318806648254e-03
1.939444220624864101e-03
1.039140741340816021e-03
2.451181644573807716e-03
2.879250049591064453e-02
1.360103371553122997e-03
3.109394339844584465e-03
8.873523212969303131e-03
6.628239993005990982e-03
5.187008064240217209e-03
5.552154500037431717e-03
7.972600869834423065e-03
2.714342670515179634e-03
1.074124011211097240e-03
2.592324046418070793e-03
2.443911042064428329e-03
5.834432318806648254e-03
1.568940235301852226e-03
1.744614727795124054e-02
7.235958706587553024e-03
3.311923705041408539e-03
9.842660278081893921e-03
1.436336059123277664e-02
1.430487609468400478e-03
2.946323342621326447e-02
2.872336888685822487e-03
3.769973991438746452e-03
2.965122926980257034e-03
5.892498884350061417e-03
5.320374853909015656e-03
6.305386777967214584e-03
4.329859279096126556e-03
5.330078769475221634e-03
2.879250049591064453e-02
9.932043030858039856e-04
7.927876897156238556e-03
1.760318060405552387e-03
1.673760241828858852e-03
9.180872584693133831e-04
3.924450371414422989e-03
2.465640893206000328e-03
4.202223848551511765e-03
7.975554093718528748e-03
1.539742224849760532e-03
3.892389126121997833e-03
5.106220021843910217e-02
1.221470418386161327e-03
4.174371249973773956e-03
1.096954662352800369e-02
1.453562988899648190e-03
4.906201735138893127e-03
1.552019268274307251e-03
3.441258892416954041e-02
2.121114917099475861e-02
1.031145267188549042e-02
1.598812639713287354e-03
2.265650779008865356e-03
2.736418740823864937e-03
1.510831248015165329e-02
1.785948872566223145e-03
2.931210212409496307e-02
3.850584849715232849e-03
9.454821120016276836e-04
3.706844290718436241e-03
5.743260961025953293e-03
6.197206210345029831e-03
2.414083108305931091e-03
2.232377417385578156e-03
2.207792131230235100e-03
1.444005523808300495e-03
1.216069445945322514e-03
9.789896430447697639e-04
3.430071752518415451e-03
1.530970446765422821e-02
2.108491491526365280e-03
3.876774013042449951e-02
1.239197910763323307e-03
1.189278787933290005e-03
2.337793586775660515e-03
6.087943445891141891e-03
5.369053222239017487e-03
2.994462614879012108e-03
1.770898117683827877e-03
5.834432318806648254e-03
1.600691583007574081e-03
6.162373814731836319e-03
4.508304875344038010e-03
1.549941394478082657e-02
1.535315648652613163e-03
2.555137965828180313e-03
3.826411673799157143e-03
1.674325205385684967e-03
2.867273055016994476e-03
2.519211499020457268e-03
1.778510864824056625e-03
3.689883975312113762e-03
8.717958698980510235e-04
1.418551080860197544e-03
8.042215486057102680e-04
4.416407085955142975e-03
5.834432318806648254e-03
2.156050875782966614e-03
1.599283888936042786e-03
3.199528530240058899e-02
1.491696923039853573e-03
2.256518928334116936e-03
5.834432318806648254e-03
2.605961170047521591e-03
1.965942792594432831e-03
3.922693431377410889e-03
1.042992924340069294e-03
1.737971045076847076e-02
4.822663031518459320e-03
2.414767630398273468e-03
8.444337174296379089e-03
2.001993358135223389e-03
3.726090537384152412e-03
3.129352349787950516e-03
5.680256523191928864e-03
1.479741302318871021e-03
8.500269032083451748e-04
6.744637619704008102e-03
3.221822902560234070e-03
4.927997943013906479e-03
1.301274751313030720e-03
2.459357958287000656e-03
6.201498210430145264e-03
1.875437214039266109e-03
1.392203010618686676e-02
2.430710382759571075e-02
1.884807948954403400e-03
1.211736351251602173e-03
5.256691481918096542e-03
1.562662539072334766e-03
1.752495183609426022e-03
2.850326942279934883e-03
2.237851964309811592e-03
1.333195948973298073e-03
1.370309153571724892e-03
1.167805399745702744e-03
2.749535487964749336e-03
1.122202537953853607e-02
2.085332060232758522e-03
8.804365061223506927e-03
1.169261289760470390e-03
2.884312765672802925e-03
3.653918858617544174e-03
4.598672036081552505e-03
6.383921951055526733e-03
2.242987509816884995e-03
1.734909019432961941e-03
6.212934385985136032e-03
1.425080234184861183e-03
2.730938419699668884e-02
1.675151987001299858e-03
2.848167670890688896e-03
2.781440736725926399e-03
6.613748148083686829e-03
4.650578368455171585e-03
5.852685868740081787e-02
2.766869217157363892e-02
7.349516730755567551e-03
2.524802461266517639e-03
1.633784268051385880e-03
1.898842165246605873e-03
1.815708912909030914e-02
5.642555654048919678e-03
1.666055526584386826e-03
9.756777435541152954e-03
1.483670086599886417e-03
2.985127037391066551e-03
4.454412497580051422e-03
1.866444596089422703e-03
2.497060457244515419e-03
2.207863610237836838e-03
1.325004035606980324e-03
2.229998819530010223e-02
5.834432318806648254e-03
8.180864388123154640e-04
3.046418307349085808e-03
1.989003503695130348e-03
3.742365166544914246e-03
3.583912272006273270e-03
4.891002550721168518e-03
5.392681807279586792e-03
2.026667585596442223e-03
2.866207156330347061e-03
3.649059450253844261e-03
9.861713275313377380e-03
4.861300345510244370e-03
2.380771748721599579e-02
5.241336766630411148e-03
1.660791039466857910e-01
1.114570628851652145e-02
1.762354513630270958e-03
1.744761015288531780e-03
8.700853213667869568e-03
4.644807893782854080e-03
3.335525980219244957e-03
1.366119249723851681e-03
9.110270068049430847e-03
1.835836563259363174e-03
5.068168416619300842e-02
2.885507652536034584e-03
1.356328278779983521e-01
2.879250049591064453e-02
4.607522394508123398e-03
2.634607953950762749e-03
8.867046236991882324e-01
2.175530185922980309e-03
2.132958732545375824e-03
3.948625642806291580e-03
1.489471942186355591e-01
4.416285548359155655e-03
2.538994327187538147e-02
9.779377141967415810e-04
1.505086896941065788e-03
2.822906896471977234e-02
1.527474727481603622e-03
1.696312567219138145e-03
4.245731979608535767e-03
1.019930187612771988e-02
2.716576447710394859e-03
3.679522546008229256e-03
2.266690135002136230e-03
3.628172911703586578e-03
1.217837794683873653e-03
4.712293390184640884e-03
8.505969308316707611e-03
3.845770144835114479e-03
5.162036977708339691e-03
1.057784655131399632e-03
3.161625564098358154e-02
1.230093417689204216e-03
3.613632870838046074e-03
3.195337019860744476e-03
1.211120747029781342e-03
9.264987893402576447e-03
2.519090427085757256e-03
1.872831955552101135e-03
1.491028699092566967e-03
5.592361558228731155e-03
2.719694282859563828e-03
2.029011724516749382e-03
1.859179814346134663e-03
4.965221974998712540e-03
1.811302150599658489e-03
5.834432318806648254e-03
2.220391994342207909e-03
5.834432318806648254e-03
5.834432318806648254e-03
2.716687740758061409e-03
2.607487374916672707e-03
6.249427329748868942e-03
1.724659348838031292e-03
3.861538134515285492e-03
4.265138879418373108e-03
6.621208041906356812e-03
1.604395452886819839e-03
1.605031080543994904e-03
5.834432318806648254e-03
2.303513698279857635e-03
4.297381266951560974e-02
9.097686270251870155e-04
1.461793901398777962e-03
3.719140542671084404e-03
2.879250049591064453e-02
1.976162428036332130e-03
1.162259839475154877e-03
5.834432318806648254e-03
4.003999754786491394e-03
1.479617320001125336e-03
2.853302052244544029e-03
2.963702427223324776e-03
2.121858298778533936e-03
5.834432318806648254e-03
1.450797892175614834e-03
3.984731156378984451e-03
7.057242095470428467e-02
2.169841434806585312e-03
1.767067424952983856e-02
1.472575706429779530e-03
6.087484769523143768e-03
5.342455115169286728e-03
6.068441551178693771e-03
1.863397425040602684e-03
4.926519934087991714e-03
2.479630988091230392e-03
1.690981094725430012e-03
3.713769605383276939e-03
3.780839266255497932e-03
1.185889705084264278e-03
2.357581630349159241e-03
1.579971518367528915e-03
1.657773042097687721e-03
1.080967411398887634e-01
9.313338436186313629e-03
3.434227313846349716e-03
1.876308210194110870e-02
2.105235354974865913e-03
5.834432318806648254e-03
2.038006205111742020e-03
2.386797219514846802e-03
9.137649089097976685e-03
4.372035618871450424e-03
5.834432318806648254e-03
6.362740695476531982e-02
4.847656935453414917e-03
5.834432318806648254e-03
8.404441177845001221e-03
1.040401286445558071e-03
1.380438217893242836e-03
1.236918498761951923e-03
1.546607352793216705e-03
2.089818008244037628e-03
1.543029793538153172e-03
2.069105766713619232e-02
2.338429680094122887e-03
2.657659817487001419e-03
3.285557031631469727e-03
7.720827590674161911e-03
2.772924257442355156e-03
3.478323342278599739e-03
8.302286267280578613e-03
3.475240431725978851e-03
4.876600112766027451e-03
3.408278105780482292e-03
2.584506198763847351e-02
1.374489627778530121e-03
1.521115191280841827e-03
5.553460214287042618e-03
8.220060262829065323e-04
2.202975796535611153e-03
4.088168963789939880e-03
8.488362655043601990e-04
3.463145345449447632e-03
2.885478781536221504e-03
8.489830419421195984e-03
1.165407826192677021e-03
8.015200495719909668e-03
7.175080943852663040e-03
2.319008344784379005e-03
3.856296464800834656e-02
6.587087642401456833e-03
6.529467646032571793e-03
2.210366073995828629e-03
1.034146174788475037e-01
3.149486333131790161e-02
1.887938706204295158e-03
1.506249071098864079e-03
1.517563778907060623e-02
1.352153252810239792e-03
8.224592544138431549e-03
7.045707665383815765e-03
7.048607338219881058e-03
1.129642222076654434e-02
1.344194449484348297e-02
8.750821650028228760e-02
2.128166556358337402e-01
9.385616867803037167e-04
1.928368350490927696e-03
3.508694469928741455e-03
3.102244110777974129e-03
1.737990300171077251e-03
6.380794569849967957e-03
9.690800798125565052e-04
9.207166731357574463e-04
2.692292677238583565e-03
5.584242288023233414e-03
5.657920148223638535e-03
8.476734161376953125e-03
1.047496916726231575e-03
1.121512381359934807e-03
6.151819601655006409e-03
3.204895183444023132e-03
3.170222509652376175e-03
7.304579485207796097e-03
2.784332027658820152e-03
2.031152509152889252e-02
9.638034971430897713e-04
1.594071835279464722e-02
9.298071265220642090e-03
1.276334864087402821e-03
7.680695969611406326e-03
2.072735456749796867e-03
2.003828063607215881e-03
2.113591413944959641e-03
2.321982523426413536e-03
7.640924304723739624e-02
8.993826061487197876e-02
1.544817583635449409e-03
3.331125248223543167e-03
1.422287337481975555e-02
1.018795967102050781e-01
4.002482630312442780e-03
2.083190716803073883e-03
3.433347912505269051e-03
2.878275467082858086e-03
2.032841555774211884e-03
1.810219720937311649e-03
1.584161655046045780e-03
1.165428478270769119e-02
1.256319135427474976e-02
2.122685313224792480e-03
8.928540162742137909e-03
3.095029620453715324e-03
7.035649567842483521e-02
2.254574559628963470e-02
3.664882853627204895e-02
2.628748491406440735e-02
4.751317668706178665e-03
2.572772465646266937e-02
5.834432318806648254e-03
3.988921642303466797e-03
4.881558939814567566e-03
5.720477085560560226e-03
2.175168134272098541e-02
1.634501107037067413e-02
2.588379429653286934e-03
2.528441371396183968e-03
1.578343217261135578e-03
1.121336128562688828e-03
3.059243084862828255e-03
5.336703732609748840e-03
1.126981340348720551e-03
3.119642147794365883e-03
2.712830156087875366e-02
2.585997106507420540e-03
1.526151783764362335e-03
6.570048164576292038e-03
3.625135170295834541e-03
1.543363439850509167e-03
1.783447223715484142e-03
1.926854834891855717e-03
7.725350558757781982e-02
1.271570175886154175e-01
4.675112199038267136e-03
1.784374006092548370e-02
8.979372214525938034e-04
2.227690070867538452e-03
2.879250049591064453e-02
5.414503160864114761e-03
2.449673367664217949e-03
2.484169602394104004e-02
1.221685670316219330e-03
1.208586990833282471e-02
2.934715943410992622e-03
3.600690048187971115e-03
6.950795650482177734e-03
1.029921695590019226e-02
2.800407586619257927e-03
1.669842284172773361e-03
2.777540497481822968e-02
2.710867486894130707e-02
4.301294684410095215e-03
3.612407483160495758e-03
1.902344636619091034e-03
5.018275231122970581e-03
1.652282429859042168e-03
1.886855228804051876e-03
1.707018911838531494e-02
2.879250049591064453e-02
1.001744763925671577e-03
2.009272808209061623e-03
2.197951544076204300e-03
3.768002847209572792e-03
6.317587569355964661e-03
5.578338168561458588e-03
5.548686906695365906e-02
9.890173561871051788e-03
4.657101351767778397e-03
5.910713076591491699e-01
1.395088806748390198e-02
4.540349356830120087e-03
8.076812326908111572e-02
7.742894813418388367e-03
4.119415767490863800e-03
2.884045476093888283e-03
1.916469074785709381e-03
1.358049223199486732e-03
9.053361136466264725e-04
3.226263448596000671e-03
2.551727928221225739e-03
1.390534685924649239e-03
4.352696985006332397e-02
2.876367187127470970e-03
5.834432318806648254e-03
5.834432318806648254e-03
2.879250049591064453e-02
1.060082809999585152e-03
6.233337800949811935e-03
4.721247591078281403e-03
2.497616223990917206e-03
5.101204849779605865e-03
1.942326081916689873e-03
1.266301493160426617e-03
7.145471870899200439e-02
2.320372499525547028e-03
2.001857152208685875e-03
1.077230088412761688e-03
9.896442294120788574e-03
3.291038423776626587e-02
4.166367650032043457e-02
5.834432318806648254e-03
2.621888648718595505e-03
5.947459489107131958e-03
2.755323424935340881e-03
2.608438720926642418e-03
1.064969226717948914e-03
1.709629315882921219e-03
8.866721182130277157e-04
1.120049739256501198e-03
1.223043887875974178e-03
1.663881470449268818e-03
2.028801012784242630e-03
3.313666954636573792e-02
1.617473666556179523e-03
8.185854181647300720e-03
2.658629557117819786e-03
1.925136079080402851e-03
8.684692904353141785e-03
1.235903427004814148e-02
3.728804364800453186e-02
2.333047334104776382e-03
5.675306078046560287e-03
3.379457164555788040e-03
2.624217653647065163e-03
2.879250049591064453e-02
1.985836587846279144e-02
6.925849616527557373e-02
5.834432318806648254e-03
3.356203436851501465e-03
8.675543358549475670e-04
3.635439323261380196e-03
3.637993009760975838e-03
1.285188598558306694e-03
4.961531609296798706e-03
2.726888051256537437e-03
1.632977859117090702e-03
3.346667625010013580e-03
2.803306560963392258e-03
4.406239837408065796e-03
1.900295028463006020e-03
5.834432318806648254e-03
4.133303761482238770e-01
1.225896645337343216e-03
1.047762809321284294e-03
1.291232532821595669e-03
3.644770942628383636e-03
1.572894281707704067e-03
8.177716284990310669e-03
4.802118986845016479e-03
1.185427187010645866e-03
1.028018421493470669e-03
2.522868569940328598e-03
3.386131720617413521e-03
2.453361824154853821e-02
5.834432318806648254e-03
3.506891429424285889e-02
2.769657410681247711e-03
7.627761922776699066e-03
1.400062232278287411e-03
1.373755512759089470e-03
3.397934371605515480e-03
1.241746544837951660e-01
6.735386792570352554e-03
1.070438846945762634e-01
2.088055945932865143e-02
1.378633547574281693e-03
3.660971764475107193e-03
3.847075998783111572e-01
6.044241134077310562e-03
1.914848107844591141e-03
6.933432072401046753e-03
1.078385021537542343e-02
1.666686148382723331e-03
9.305456769652664661e-04
1.260773860849440098e-03
2.695603063330054283e-03
1.477010198868811131e-03
2.257869765162467957e-02
2.558592939749360085e-03
2.021638676524162292e-03
2.898044185712933540e-03
1.419502426870167255e-03
3.071439918130636215e-03
1.655368716455996037e-03
1.536068785935640335e-02
1.519929384812712669e-03
1.106601906940340996e-03
2.106782607734203339e-02
3.680921392515301704e-03
2.190475584939122200e-03
1.180876279249787331e-03
3.193659475073218346e-03
1.777363754808902740e-02
3.712137928232550621e-03
1.306023448705673218e-02
2.427626401185989380e-03
1.256542047485709190e-03
2.810636768117547035e-03
4.635676741600036621e-03
5.836453754454851151e-03
2.749457256868481636e-03
3.361603477969765663e-03
3.068332560360431671e-02
1.015495392493903637e-03
7.193492259830236435e-03
3.671408398076891899e-03
1.049534999765455723e-03
7.129764650017023087e-03
3.266070187091827393e-01
2.321598120033740997e-03
2.747111767530441284e-02
2.250659512355923653e-03
1.124594453722238541e-02
2.278957515954971313e-03
4.602950066328048706e-03
1.438656728714704514e-02
4.214636981487274170e-02
8.214532397687435150e-03
2.523362869396805763e-03
6.140239071100950241e-03
4.298363346606492996e-03
6.919751875102519989e-03
5.834432318806648254e-03
1.061032991856336594e-03
2.879250049591064453e-02
3.061519935727119446e-03
9.382232092320919037e-03
9.622936486266553402e-04
2.549946308135986328e-02
7.057132665067911148e-03
6.357220560312271118e-02
1.048615551553666592e-03
1.832036767154932022e-03
6.641793996095657349e-02
1.445797178894281387e-02
1.581941265612840652e-03
1.886734366416931152e-02
1.620362279936671257e-03
1.657055108807981014e-03
1.688711810857057571e-03
1.326960278674960136e-03
1.237300341017544270e-03
3.682631999254226685e-03
6.027291528880596161e-03
9.549020789563655853e-03
1.745152869261801243e-03
1.227983236312866211e-01
1.987229334190487862e-03
2.486020922660827637e-01
1.296639442443847656e-02
4.499942064285278320e-02
1.643807627260684967e-03
2.383495448157191277e-03
1.936211832799017429e-03
3.093958832323551178e-03
4.556962847709655762e-02
1.567286439239978790e-03
3.071213327348232269e-02
3.825090359896421432e-03
7.960074581205844879e-03
6.853903084993362427e-02
1.734336023218929768e-03
2.801595488563179970e-03
1.230266294442117214e-03
1.464730594307184219e-03
1.037256559357047081e-03
2.007771283388137817e-03
1.902001444250345230e-03
3.037207294255495071e-03
5.279608815908432007e-02
4.426648374646902084e-03
7.827478460967540741e-03
4.844324663281440735e-03
1.443059444427490234e-01
2.506563998758792877e-02
5.788086447864770889e-03
3.771288096904754639e-01
1.598416129127144814e-03
5.159938707947731018e-03
1.450868509709835052e-02
8.874318003654479980e-02
3.877384588122367859e-02
4.594432655721902847e-03
1.284188241697847843e-03
4.262630362063646317e-03
1.671958947554230690e-03
2.387444488704204559e-03
4.288549348711967468e-02
5.275644361972808838e-02
1.968369074165821075e-02
5.291371140629053116e-03
2.850129641592502594e-02
5.591033026576042175e-03
1.238524354994297028e-02
4.919178783893585205e-03
4.688468761742115021e-03
2.962595224380493164e-02
6.600518245249986649e-03
3.576596034690737724e-03
4.364532977342605591e-02
2.225576667115092278e-03
3.590764245018362999e-03
1.238303608261048794e-03
2.547367243096232414e-03
2.474880078807473183e-03
6.026048958301544189e-02
1.909790560603141785e-03
7.361339870840311050e-03
1.347875222563743591e-02
4.895511548966169357e-03
3.538166871294379234e-03
6.808579433709383011e-03
1.689895987510681152e-01
3.932408522814512253e-03
4.237659741193056107e-03
2.416023286059498787e-03
5.834432318806648254e-03
2.260501962155103683e-03
7.360347080975770950e-03
2.464679535478353500e-03
1.263079885393381119e-02
1.292875967919826508e-03
2.347612055018544197e-03
6.823001429438591003e-03
3.607538063079118729e-03
8.250416256487369537e-03
5.443117581307888031e-03
3.300256794318556786e-03
2.419894933700561523e-02
3.465112531557679176e-03
6.115992087870836258e-03
1.243857201188802719e-03
1.036646310240030289e-02
2.850462682545185089e-03
1.117627602070569992e-03
1.050140243023633957e-02
2.061411039903759956e-03
2.541790483519434929e-03
1.424203044734895229e-03
1.728400355204939842e-03
1.253638183698058128e-03
4.576974082738161087e-03
1.608332386240363121e-03
4.229030571877956390e-03
1.256260788068175316e-03
5.437457002699375153e-03
9.590786648914217949e-04
3.881132695823907852e-03
2.282127737998962402e-03
1.371370069682598114e-02
1.908850972540676594e-03
4.923863336443901062e-03
9.813907090574502945e-04
3.838382661342620850e-03
4.922076594084501266e-03
4.473911821842193604e-01
1.359239686280488968e-03
3.512562438845634460e-02
1.634701504372060299e-03
2.044504322111606598e-02
7.113489788025617599e-03
1.073137624189257622e-03
3.994874656200408936e-03
2.204475225880742073e-03
6.510487198829650879e-02
1.148178358562290668e-03
1.979462569579482079e-03
4.640392027795314789e-03
1.474671647883951664e-03
2.053323434665799141e-03
2.324428176507353783e-03
8.419669466093182564e-04
1.286850660108029842e-03
8.804636308923363686e-04
1.590342842973768711e-03
4.473518114537000656e-03
2.342856954783201218e-03
3.413779288530349731e-02
2.984700025990605354e-03
4.506525117903947830e-03
3.978424705564975739e-03
1.855803537182509899e-03
3.071181243285536766e-03
9.980766102671623230e-03
7.111202925443649292e-03
5.750148557126522064e-03
1.077192835509777069e-02
2.077260520309209824e-03
3.013830399140715599e-03
9.377747774124145508e-03
9.047305211424827576e-03
2.409127308055758476e-03
4.659440368413925171e-03
2.918791584670543671e-02
1.249931985512375832e-03
9.473270038142800331e-04
4.062971100211143494e-03
9.409335441887378693e-03
3.369557438418269157e-03
4.920567851513624191e-03
6.623090244829654694e-03
2.606068039312958717e-03
1.061110105365514755e-02
8.919404936023056507e-04
6.246493197977542877e-03
1.199184358119964600e-02
1.172339543700218201e-02
2.222975483164191246e-03
3.701070789247751236e-03
7.118653506040573120e-02
1.305573154240846634e-03
2.845805371180176735e-03
1.824412378482520580e-03
2.307114424183964729e-03
1.641185139305889606e-03
1.626760582439601421e-03
2.187952632084488869e-03
1.510141650214791298e-03
3.672184422612190247e-03
2.170472219586372375e-02
3.452537348493933678e-03
3.506597829982638359e-03
3.075270447880029678e-03
1.321265287697315216e-02
6.637319922447204590e-03
1.839737524278461933e-03
5.233906209468841553e-03
2.144755097106099129e-03
3.486610250547528267e-03
6.198727060109376907e-03
2.449893625453114510e-03
4.469637759029865265e-03
1.912099658511579037e-03
6.837677676230669022e-03
1.592377899214625359e-03
1.524096122011542320e-03
1.695506158284842968e-03
1.322374329902231693e-03
4.229636862874031067e-03
3.865751903504133224e-03
1.742347376421093941e-03
1.706953858956694603e-03
4.007300361990928650e-03
2.722969744354486465e-03
1.428420422598719597e-03
1.610578270629048347e-03
1.485569775104522705e-02
4.068085458129644394e-03
1.695462502539157867e-03
4.356084391474723816e-03
6.013683043420314789e-03
1.442703069187700748e-03
1.224466483108699322e-03
2.048411639407277107e-03
5.807088688015937805e-02
1.421407796442508698e-03
3.445815527811646461e-03
2.962940139696002007e-03
6.397861987352371216e-03
3.012322122231125832e-03
2.178108319640159607e-03
5.834432318806648254e-03
2.780814282596111298e-02
3.799410536885261536e-03
2.666701674461364746e-01
2.795312320813536644e-03
2.620153687894344330e-02
3.708884352818131447e-03
1.862352131865918636e-03
1.680591516196727753e-02
1.331169740296900272e-03
1.259390031918883324e-03
2.363588195294141769e-03
2.236658707261085510e-03
1.834675669670104980e-03
2.957697492092847824e-03
1.185729284770786762e-03
5.834432318806648254e-03
5.834432318806648254e-03
2.187202218919992447e-03
2.097544958814978600e-03
1.128412666730582714e-03
1.133230514824390411e-03
1.212017959915101528e-03
9.887305786833167076e-04
9.164984221570193768e-04
1.279656542465090752e-03
2.158341929316520691e-03
2.402231330052018166e-03
1.173903420567512512e-02
3.033220302313566208e-03
1.188598806038498878e-03
3.045100718736648560e-03
5.834432318806648254e-03
4.087990149855613708e-03
9.594734874553978443e-04
8.597360923886299133e-03
1.687532872892916203e-03
1.426682458259165287e-03
3.757951548323035240e-03
7.439543958753347397e-03
4.290617536753416061e-03
3.201194573193788528e-03
1.078627654351294041e-03
4.184606019407510757e-03
4.773366730660200119e-03
6.143933162093162537e-03
1.726885675452649593e-03
3.924299497157335281e-03
3.102825256064534187e-03
1.009344961494207382e-02
3.653469029814004898e-03
3.594781039282679558e-03
2.910483255982398987e-02
2.422529971227049828e-03
4.464411176741123199e-03
1.168819144368171692e-03
1.420783228240907192e-03
2.074431395158171654e-03
1.099051255732774734e-02
1.070762285962700844e-03
5.834432318806648254e-03
3.431012388318777084e-03
2.251044847071170807e-03
1.035726629197597504e-02
3.928653895854949951e-03
3.047204576432704926e-02
4.867479670792818069e-03
1.940304646268486977e-03
5.260872188955545425e-03
6.189484614878892899e-03
6.166130769997835159e-03
2.660348312929272652e-03
2.611718373373150826e-03
1.465851627290248871e-02
2.378986589610576630e-02
4.942003171890974045e-03
5.329219158738851547e-03
1.360635855235159397e-03
3.537758439779281616e-02
2.961602061986923218e-03
1.685634138993918896e-03
1.332730352878570557e-01
1.935507985763251781e-03
5.223219282925128937e-03
2.915691584348678589e-03
2.813262864947319031e-03
5.347266793251037598e-03
3.671432845294475555e-03
3.358448157086968422e-03
1.920117298141121864e-03
2.047132235020399094e-03
5.398695357143878937e-03
1.190952025353908539e-03
2.079419046640396118e-02
8.648289367556571960e-03
1.229367498308420181e-02
1.716220937669277191e-02
3.872121218591928482e-03
6.293435115367174149e-03
4.716513212770223618e-03
8.819608017802238464e-03
1.469388953410089016e-03
2.487158868461847305e-03
1.391412341035902500e-03
6.326521188020706177e-02
5.973921623080968857e-03
9.406909346580505371e-03
2.610945841297507286e-03
1.528050168417394161e-03
2.278090221807360649e-03
6.580470129847526550e-03
5.194067023694515228e-03
2.354939654469490051e-02
1.461742911487817764e-02
4.003934934735298157e-02
5.846478510648012161e-03
7.473595906049013138e-03
2.046091947704553604e-03
8.921912522055208683e-04
8.592374506406486034e-04
2.436484675854444504e-03
2.721754135563969612e-03
7.735501974821090698e-03
2.064050408080220222e-03
3.409512573853135109e-03
1.577085698954761028e-03
1.306111272424459457e-02
1.658680848777294159e-03
2.216240949928760529e-02
5.287542473524808884e-03
9.306402504444122314e-02
1.344642019830644131e-03
7.691635284572839737e-03
8.745698258280754089e-03
9.699815884232521057e-03
3.591750515624880791e-03
1.771526038646697998e-02
1.329001039266586304e-03
2.066756132990121841e-03
1.983894733712077141e-03
7.667369209229946136e-04
2.578685758635401726e-03
1.358022680506110191e-03
1.969833159819245338e-03
3.024610877037048340e-02
6.821111775934696198e-03
4.159305710345506668e-03
2.489397069439291954e-03
3.393927589058876038e-02
2.056484809145331383e-03
2.063699765130877495e-03
2.723502926528453827e-02
7.846294343471527100e-02
2.917744219303131104e-03
1.408185577020049095e-03
3.486335277557373047e-03
2.479550987482070923e-02
1.619228045456111431e-03
5.580502096563577652e-03
1.067611575126647949e-02
1.274306210689246655e-03
3.458678722381591797e-03
1.954609993845224380e-03
3.367087803781032562e-03
1.066763326525688171e-02
3.117687702178955078e-01
1.836998853832483292e-03
9.850623086094856262e-03
4.253420978784561157e-02
8.761987835168838501e-02
8.007818832993507385e-03
3.081781091168522835e-03
1.131373690441250801e-03
5.834432318806648254e-03
2.305475063621997833e-03
4.413923248648643494e-02
2.349836751818656921e-03
1.835982315242290497e-03
4.484691657125949860e-03
3.287563845515251160e-02
2.081884769722819328e-03
1.651198952458798885e-03
1.743855886161327362e-03
5.834432318806648254e-03
1.758108963258564472e-03
8.630718220956623554e-04
4.120528325438499451e-02
2.794655859470367432e-01
3.512120805680751801e-03
4.167183935642242432e-01
4.176141694188117981e-03
2.816627733409404755e-03
5.002507939934730530e-02
1.484689069911837578e-03
4.856914747506380081e-03
2.058807294815778732e-03
2.155930968001484871e-03
2.811303827911615372e-03
1.145455520600080490e-03
8.285473585128784180e-01
4.475873894989490509e-03
6.020641885697841644e-03
5.406497512012720108e-03
3.173621138557791710e-03
1.364424941129982471e-03
1.900915522128343582e-03
5.852696299552917480e-02
1.146991271525621414e-03
4.250254016369581223e-03
2.174621447920799255e-03
1.909280777908861637e-03
4.334048833698034286e-03
1.388824079185724258e-03
8.539895061403512955e-04
2.119542844593524933e-02
2.678969409316778183e-03
2.927951049059629440e-03
1.840032869949936867e-03
1.057901070453226566e-03
1.705918461084365845e-02
2.952109090983867645e-03
1.430930756032466888e-02
4.017157480120658875e-03
1.292416127398610115e-03
1.861958415247499943e-03
4.599944874644279480e-02
8.793827146291732788e-03
2.235452411696314812e-03
3.283772990107536316e-02
3.388303332030773163e-03
1.946390140801668167e-03
1.987839583307504654e-03
6.064370274543762207e-03
1.043998403474688530e-03
2.202060073614120483e-03
1.342086354270577431e-03
5.658623296767473221e-03
1.250730827450752258e-02
1.402710098773241043e-03
1.077454304322600365e-03
3.377244574949145317e-03
1.587611623108386993e-02
2.039265781641006470e-01
2.537050982937216759e-03
3.304521320387721062e-03
3.936622291803359985e-03
4.127195104956626892e-03
2.096218988299369812e-03
4.450852982699871063e-03
8.399376645684242249e-03
2.040121471509337425e-03
4.803297575563192368e-03
3.809516318142414093e-03
4.264114424586296082e-03
4.014195874333381653e-03
2.320148609578609467e-02
9.899027645587921143e-02
2.982606925070285797e-02
3.541404614225029945e-03
1.392002799548208714e-03
6.398892495781183243e-03
6.523997988551855087e-03
1.741041429340839386e-02
3.783064894378185272e-03
1.251297071576118469e-03
1.125494833104312420e-03
1.804967061616480350e-03
1.502475119195878506e-03
8.838115260004997253e-03
2.518013352528214455e-03
4.372322000563144684e-03
1.589823630638420582e-03
7.170942146331071854e-03
6.165002472698688507e-03
3.210011422634124756e-01
3.189035924151539803e-03
3.459769999608397484e-03
4.793765489012002945e-03
1.150667387992143631e-02
1.081516384147107601e-03
1.959833549335598946e-03
5.323002580553293228e-03
1.572357374243438244e-03
5.541864316910505295e-03
2.734840847551822662e-03
3.709749318659305573e-03
1.734613627195358276e-02
4.315433558076620102e-03
8.024020120501518250e-03
5.834432318806648254e-03
5.834432318806648254e-03
9.119228459894657135e-03
3.280489007011055946e-03
1.465658424422144890e-03
5.755695328116416931e-02
2.178331464529037476e-02
7.438322063535451889e-03
3.438765928149223328e-02
2.368101477622985840e-02
1.683858456090092659e-03
3.728939918801188469e-03
3.303450532257556915e-03
2.053142525255680084e-03
3.846375038847327232e-03
9.929994121193885803e-03
9.605047106742858887e-02
2.912819087505340576e-01
3.521629376336932182e-03
2.112704515457153320e-02
1.826799241825938225e-03
2.232808852568268776e-03
5.834432318806648254e-03
2.299779793247580528e-03
4.248837474733591080e-03
5.834432318806648254e-03
1.000596908852458000e-03
3.767450107261538506e-03
1.723393239080905914e-02
1.467989059165120125e-03
4.433998838067054749e-03
6.259634625166654587e-03
9.397765994071960449e-02
1.778178149834275246e-03
1.556587172672152519e-03
8.327398449182510376e-03
2.651522755622863770e-01
6.810262333601713181e-03
9.837256744503974915e-03
1.586963608860969543e-02
1.323513314127922058e-02
7.088289409875869751e-02
1.474662125110626221e-01
7.152260746806859970e-03
1.911883242428302765e-02
3.132336307317018509e-03
1.793169789016246796e-02
1.282456214539706707e-03
9.875985980033874512e-02
2.240774594247341156e-02
7.289318833500146866e-03
5.124210380017757416e-03
1.037558633834123611e-02
1.262767612934112549e-01
3.249410307034850121e-03
3.020644746720790863e-02
2.920221304520964622e-03
1.786532113328576088e-03
8.581398986279964447e-03
4.973717499524354935e-03
2.931263297796249390e-03
1.375411916524171829e-02
1.302948221564292908e-03
2.989978762343525887e-03
1.792160212062299252e-03
2.656025113537907600e-03
2.395016839727759361e-03
3.322824137285351753e-03
1.106904470361769199e-03
4.400282166898250580e-03
1.172814168967306614e-03
8.109785616397857666e-03
3.627494210377335548e-03
5.834432318806648254e-03
9.852521121501922607e-03
3.345589619129896164e-03
9.739798260852694511e-04
3.599128685891628265e-03
2.976617077365517616e-03
1.794918556697666645e-03
1.166765019297599792e-02
2.627394627779722214e-03
2.547445148229598999e-02
1.070745754987001419e-02
2.925136359408497810e-03
2.738495124503970146e-03
2.743587829172611237e-02
1.259397831745445728e-03
4.151744302362203598e-03
1.351246959529817104e-03
6.413655821233987808e-03
2.163600176572799683e-03
1.512587652541697025e-03
2.456946996971964836e-03
5.083915591239929199e-01
1.905064447782933712e-03
2.272286079823970795e-02
7.867809385061264038e-03
3.333524568006396294e-03
2.884193556383252144e-03
2.349177142605185509e-03
4.642439074814319611e-03
2.080424921587109566e-03
1.838490250520408154e-03
1.269175903871655464e-03
2.909184899181127548e-03
6.199693772941827774e-03
2.661488484591245651e-03
4.732838831841945648e-03
2.293713390827178955e-03
2.844806993380188942e-03
1.498078461736440659e-03
3.099662950262427330e-03
5.523111671209335327e-03
1.760150305926799774e-02
1.746971509419381618e-03
3.250065259635448456e-03
5.834432318806648254e-03
2.683834172785282135e-03
1.168585382401943207e-03
1.528512919321656227e-03
8.331928402185440063e-03
9.266586042940616608e-03
8.589863777160644531e-02
9.506012313067913055e-03
3.540739882737398148e-03
4.534482490271329880e-03
1.786194182932376862e-02
1.600091927684843540e-03
2.100699348375201225e-03
4.086618497967720032e-02
4.479151219129562378e-03
3.789111273363232613e-03
1.142066996544599533e-02
3.942087758332490921e-03
4.172403365373611450e-03
5.420039873570203781e-03
3.041671821847558022e-03
1.528526842594146729e-02
1.924950163811445236e-03
1.336241140961647034e-03
5.104506853967905045e-03
6.970185786485671997e-03
1.857764646410942078e-02
7.105734199285507202e-03
1.925947517156600952e-02
2.365263178944587708e-03
1.532953465357422829e-03
4.419032484292984009e-03
4.007492680102586746e-03
1.469915267080068588e-03
8.305709809064865112e-03
2.145088743418455124e-03
3.134479373693466187e-02
5.155953392386436462e-02
7.375572808086872101e-03
4.370093345642089844e-03
5.428253673017024994e-03
8.694629184901714325e-03
4.153106361627578735e-02
4.570237826555967331e-03
2.843654481694102287e-03
2.758431714028120041e-03
8.764174766838550568e-03
9.070307947695255280e-03
1.487666275352239609e-02
1.010824069380760193e-01
6.160943303257226944e-03
3.254677867516875267e-03
2.510196296498179436e-03
4.559785127639770508e-03
5.953102931380271912e-02
1.526708481833338737e-03
2.603475004434585571e-03
1.923801726661622524e-03
1.816838630475103855e-03
1.974181970581412315e-03
2.911800285801291466e-03
2.338277408853173256e-03
2.028453629463911057e-03
2.166585531085729599e-03
2.503699157387018204e-03
1.214063726365566254e-03
1.234971918165683746e-03
2.235350199043750763e-03
4.553737584501504898e-03
7.906913757324218750e-03
5.088266916573047638e-03
6.170840002596378326e-03
1.007624319754540920e-03
9.079215233214199543e-04
8.907893672585487366e-03
7.585318386554718018e-02
5.457889754325151443e-03
4.275189246982336044e-03
1.672190497629344463e-03
9.834240190684795380e-04
2.099069766700267792e-03
1.419591624289751053e-02
1.483690692111849785e-03
1.836476847529411316e-02
5.834432318806648254e-03
8.228864520788192749e-03
3.919322509318590164e-03
1.795507268980145454e-03
2.745843259617686272e-03
5.103499162942171097e-03
1.393069978803396225e-02
3.385362448170781136e-03
7.273374591022729874e-03
1.428428106009960175e-03
3.030506195500493050e-03
2.346322406083345413e-03
4.213917069137096405e-03
7.554624974727630615e-02
5.481103900820016861e-03
1.550302957184612751e-03
2.879250049591064453e-02
2.286477014422416687e-03
2.426183037459850311e-02
4.313200712203979492e-03
1.896030968055129051e-03
6.344687342643737793e-01
1.311774714849889278e-03
2.310740295797586441e-03
1.963136019185185432e-03
1.209101378917694092e-01
3.501386642456054688e-01
1.925675272941589355e-01
2.774901501834392548e-02
1.496024895459413528e-03
5.834432318806648254e-03
5.834432318806648254e-03
1.239796634763479233e-03
1.375370891764760017e-03
1.484321663156151772e-03
1.364768482744693756e-02
5.968043114989995956e-03
2.309510484337806702e-03
9.264332242310047150e-03
3.797030309215188026e-03
2.648240420967340469e-03
5.834432318806648254e-03
2.108484506607055664e-03
2.207669196650385857e-03
1.161878579296171665e-03
2.593223154544830322e-01
5.834432318806648254e-03
6.452777888625860214e-03
8.648130111396312714e-03
5.023263394832611084e-03
2.799036446958780289e-03
1.846996834501624107e-03
1.377817243337631226e-03
9.604319930076599121e-04
1.232060883194208145e-02
2.285293769091367722e-03
1.320152659900486469e-03
1.016517635434865952e-03
1.837244606576859951e-03
2.424577483907341957e-03
3.234205767512321472e-02
3.928489983081817627e-03
2.178311347961425781e-03
1.165651995688676834e-02
5.297166705131530762e-01
1.729625277221202850e-02
3.388499608263373375e-03
2.449055900797247887e-03
