3.123406786471605301e-03
6.849350035190582275e-02
4.412949085235595703e-03
1.313119661062955856e-03
3.672229824587702751e-03
1.394111104309558868e-02
1.243927516043186188e-02
1.134636327624320984e-01
4.945338144898414612e-02
1.836662925779819489e-02
5.671486258506774902e-03
1.354020368307828903e-02
8.459606207907199860e-03
5.981815606355667114e-02
6.521872244775295258e-03
2.083774656057357788e-03
1.718660444021224976e-02
6.670712959021329880e-03
6.319465115666389465e-03
2.321594953536987305e-02
4.835709463804960251e-03
3.053289279341697693e-02
1.600383035838603973e-02
2.219539694488048553e-02
2.700505778193473816e-03
3.456067992374300957e-03
5.123996175825595856e-03
1.647594035603106022e-03
7.854001969099044800e-02
4.189467057585716248e-03
1.954260468482971191e-02
4.094002768397331238e-02
4.593094438314437866e-02
1.401495188474655151e-01
4.148331005126237869e-03
8.650080300867557526e-03
1.740755047649145126e-03
1.998672029003500938e-03
2.369028702378273010e-02
1.413355618715286255e-01
2.012145705521106720e-02
7.105534523725509644e-02
6.900345534086227417e-02
3.010569605976343155e-03
1.178275272250175476e-01
2.730624377727508545e-02
6.912588607519865036e-03
1.873464509844779968e-02
4.582460969686508179e-03
1.405336987227201462e-02
2.305648522451519966e-03
4.272183403372764587e-02
3.951054811477661133e-02
1.281728595495223999e-02
1.703562960028648376e-02
2.886906033381819725e-03
5.522326100617647171e-03
5.877866409718990326e-03
3.042105818167328835e-03
7.906169630587100983e-03
4.805705510079860687e-03
6.360791623592376709e-03
3.442326560616493225e-02
6.695390213280916214e-03
2.496515167877078056e-03
2.081313170492649078e-02
7.513165939599275589e-03
1.472936104983091354e-02
5.174562800675630569e-03
1.010281518101692200e-01
1.241604145616292953e-02
2.559920959174633026e-02
2.187308296561241150e-02
1.625122618861496449e-03
2.530841715633869171e-02
1.664652302861213684e-02
3.343559801578521729e-03
1.407654583454132080e-02
5.403816234320402145e-03
3.527267836034297943e-03
3.595959395170211792e-03
2.013224642723798752e-03
5.487022921442985535e-03
3.026952408254146576e-02
8.746109157800674438e-02
9.890085458755493164e-02
3.513419302180409431e-03
3.790958598256111145e-02
5.701272282749414444e-03
1.732608675956726074e-02
7.795506715774536133e-02
1.311488170176744461e-02
5.926634185016155243e-03
2.585904905572533607e-03
1.443974114954471588e-02
2.899167127907276154e-03
1.511089620180428028e-03
8.004417642951011658e-03
3.583119018003344536e-03
1.769746281206607819e-02
4.535371437668800354e-03
7.827163673937320709e-03
1.738327927887439728e-02
1.483320491388440132e-03
1.483320491388440132e-03
3.695885464549064636e-02
1.483320491388440132e-03
1.188490167260169983e-02
1.409614179283380508e-02
1.403503958135843277e-02
5.202732514590024948e-03
8.135538548231124878e-02
2.610415685921907425e-03
2.891224576160311699e-03
3.243770683184266090e-03
7.974075153470039368e-03
1.582882250659167767e-03
2.778919646516442299e-03
1.794188655912876129e-02
5.901852156966924667e-03
3.922633361071348190e-03
5.013803020119667053e-02
6.173131242394447327e-02
2.425016090273857117e-02
3.133375197649002075e-02
1.731182076036930084e-02
8.308715187013149261e-03
1.847516559064388275e-02
2.661364618688821793e-03
4.388717934489250183e-03
3.829669905826449394e-03
1.340555259957909584e-03
1.554326154291629791e-02
5.204013548791408539e-03
3.354588290676474571e-03
9.821034036576747894e-04
1.401875284500420094e-03
2.032900694757699966e-03
1.722117885947227478e-03
3.056093119084835052e-03
3.859337652102112770e-03
1.851346460171043873e-03
2.014502184465527534e-03
1.171829085797071457e-02
1.916377921588718891e-03
2.690264256671071053e-03
1.638793037272989750e-03
1.404355512931942940e-03
9.438442066311836243e-03
1.433744444511830807e-03
1.802409812808036804e-02
3.167132660746574402e-02
1.401467174291610718e-01
1.748116500675678253e-02
3.240514313802123070e-03
6.601115688681602478e-03
4.517967347055673599e-03
3.926712088286876678e-03
2.463381970301270485e-03
1.231222786009311676e-02
5.140702426433563232e-02
6.300681829452514648e-02
4.589523747563362122e-02
3.422529902309179306e-03
2.324290107935667038e-03
1.076211570762097836e-03
2.020082063972949982e-02
3.302784636616706848e-03
2.973035350441932678e-02
3.193660639226436615e-03
1.250687241554260254e-02
1.553379348479211330e-03
9.102559648454189301e-03
2.494259970262646675e-03
2.037872746586799622e-02
1.412738463841378689e-03
1.302918232977390289e-02
3.557163989171385765e-03
1.001879014074802399e-02
7.047776598483324051e-03
1.908882148563861847e-02
1.529886154457926750e-03
3.052852116525173187e-03
9.560677222907543182e-03
4.157070443034172058e-02
3.116397652775049210e-03
1.121347304433584213e-02
3.216037154197692871e-02
7.036069408059120178e-03
2.364370822906494141e-01
1.118250098079442978e-02
1.750475913286209106e-02
1.124970987439155579e-01
1.417793612927198410e-02
5.106863565742969513e-03
1.216307003051042557e-02
1.456038746982812881e-02
1.565141952596604824e-03
1.483320491388440132e-03
1.751793548464775085e-02
1.547234598547220230e-02
6.970297545194625854e-03
2.680153399705886841e-02
5.321820825338363647e-02
5.552707239985466003e-03
3.634395077824592590e-02
1.832260750234127045e-02
1.045826822519302368e-02
1.867105718702077866e-03
1.394754368811845779e-02
2.472915314137935638e-02
6.080291233956813812e-03
1.271117851138114929e-02
9.556907229125499725e-03
4.693645052611827850e-03
2.102541364729404449e-02
1.658219471573829651e-02
6.245191209018230438e-03
9.716612286865711212e-03
2.044807747006416321e-02
3.082480048760771751e-03
2.735531330108642578e-02
5.007154494524002075e-02
1.483320491388440132e-03
9.629448875784873962e-03
4.468812607228755951e-03
8.372587151825428009e-03
1.684685237705707550e-03
1.383700408041477203e-03
4.501052200794219971e-02
5.356696434319019318e-03
1.492344401776790619e-02
6.758362054824829102e-03
2.147522289305925369e-03
1.035836040973663330e-01
3.823133558034896851e-02
8.336393162608146667e-03
1.658001914620399475e-03
1.382708433084189892e-03
5.447424482554197311e-03
1.488368841819465160e-03
1.614767708815634251e-03
3.472721204161643982e-03
3.895644098520278931e-03
3.829091787338256836e-03
2.786854049190878868e-03
2.244618348777294159e-02
2.636364195495843887e-03
1.628882624208927155e-02
1.483320491388440132e-03
3.215084969997406006e-02
2.961027668789029121e-03
8.053755760192871094e-02
5.581820383667945862e-03
1.590811647474765778e-03
3.243488492444157600e-03
1.490936148911714554e-02
1.152291242033243179e-02
1.078655347228050232e-01
1.123274955898523331e-02
8.694230578839778900e-03
2.074533700942993164e-02
5.966811627149581909e-02
7.945827208459377289e-03
2.005497692152857780e-03
4.812816623598337173e-03
1.478165388107299805e-03
1.968249445781111717e-03
5.600231699645519257e-03
7.390840910375118256e-03
1.342277880758047104e-02
3.595069749280810356e-03
7.475534453988075256e-03
8.437381125986576080e-03
1.138217970728874207e-01
5.779398977756500244e-02
9.828347712755203247e-03
1.483320491388440132e-03
2.184398472309112549e-03
1.616915129125118256e-02
4.617477301508188248e-03
1.302539370954036713e-03
2.325534075498580933e-02
8.276379667222499847e-03
6.763274222612380981e-02
4.774032905697822571e-02
8.274606615304946899e-02
3.684628382325172424e-02
2.847313322126865387e-02
3.627304686233401299e-03
1.627397909760475159e-02
6.201577372848987579e-03
2.029574066400527954e-01
1.483320491388440132e-03
4.822857677936553955e-03
8.675765991210937500e-02
1.099144667387008667e-02
2.069229027256369591e-03
2.049560472369194031e-02
2.685860497877001762e-03
2.439014241099357605e-02
1.550617394968867302e-03
6.212652847170829773e-02
7.794876582920551300e-03
2.627056837081909180e-02
1.018783636391162872e-02
5.297330208122730255e-03
5.739172454923391342e-03
1.402271911501884460e-02
2.843989804387092590e-02
1.302539370954036713e-03
1.048405934125185013e-02
2.155368914827704430e-03
9.364968165755271912e-03
2.912089787423610687e-02
1.330065634101629257e-02
1.109097804874181747e-02
1.474491134285926819e-02
4.371552262455224991e-03
2.568604657426476479e-03
2.764193154871463776e-02
4.867218900471925735e-03
1.864224090240895748e-03
2.358898334205150604e-02
1.495248675346374512e-01
1.612480543553829193e-02
2.801551669836044312e-02
6.264530122280120850e-03
3.019635798409581184e-03
1.459039514884352684e-03
3.567213937640190125e-02
1.313784159719944000e-02
8.856910280883312225e-03
3.856969624757766724e-02
4.040592815726995468e-03
8.358100801706314087e-02
1.550615765154361725e-02
7.109970785677433014e-03
1.636907830834388733e-02
5.312232673168182373e-02
1.347406115382909775e-02
1.018004957586526871e-02
1.982462033629417419e-02
2.120544202625751495e-02
1.900099590420722961e-02
1.705839298665523529e-03
3.001423552632331848e-03
1.184031553566455841e-02
8.593661338090896606e-02
2.300978600978851318e-01
1.764627359807491302e-02
7.760385982692241669e-03
1.448729773983359337e-03
2.925755456089973450e-02
6.997345015406608582e-03
3.092576749622821808e-02
2.830000128597021103e-03
5.739688500761985779e-02
2.266388153657317162e-03
1.048170961439609528e-02
1.483320491388440132e-03
2.521948702633380890e-02
4.602829460054636002e-03
1.605147682130336761e-02
2.773939259350299835e-02
4.519900307059288025e-02
5.688614211976528168e-03
9.839635342359542847e-03
4.752377513796091080e-03
7.662310600280761719e-01
5.446691066026687622e-03
3.468078002333641052e-02
1.897251978516578674e-02
5.583688616752624512e-03
1.494531054049730301e-02
3.244599327445030212e-02
3.462567552924156189e-02
1.483320491388440132e-03
2.340495400130748749e-02
9.930641390383243561e-03
1.044226251542568207e-02
1.444103568792343140e-01
4.857708234339952469e-03
1.483320491388440132e-03
1.586741534993052483e-03
5.588244646787643433e-03
4.290543962270021439e-03
2.164229378104209900e-02
4.522926360368728638e-02
1.130273938179016113e-02
9.192990139126777649e-03
3.202515421435236931e-03
1.760666444897651672e-02
1.252767513506114483e-03
3.451735014095902443e-03
4.921429324895143509e-03
7.865661755204200745e-03
3.180917352437973022e-02
4.775727633386850357e-03
2.962949918583035469e-03
1.737303100526332855e-03
6.840582937002182007e-03
2.785657532513141632e-03
6.391603033989667892e-03
9.989894460886716843e-04
2.824127208441495895e-03
1.406384399160742760e-03
1.666561700403690338e-02
2.655025571584701538e-02
8.765132166445255280e-03
9.629486128687858582e-03
1.708159409463405609e-02
3.784119337797164917e-02
6.196686532348394394e-03
4.339466616511344910e-02
9.601749479770660400e-03
7.262303493916988373e-03
6.173577625304460526e-03
2.393262833356857300e-02
2.411958947777748108e-02
2.121448284015059471e-03
6.990287452936172485e-03
3.095014952123165131e-03
2.496515167877078056e-03
9.330014698207378387e-03
1.996633782982826233e-02
1.380999088287353516e-01
1.849095569923520088e-03
9.602053090929985046e-03
2.506932010874152184e-03
9.427340701222419739e-04
2.265427727252244949e-03
6.057935301214456558e-03
2.789568714797496796e-02
3.147479612380266190e-03
6.429068278521299362e-03
2.530346857383847237e-03
1.144058443605899811e-02
1.218109577894210815e-02
2.663771621882915497e-03
2.562340162694454193e-02
2.340432628989219666e-02
4.159837588667869568e-02
5.424694623798131943e-03
2.476905705407261848e-03
1.610056846402585506e-03
2.370649948716163635e-02
1.085601970553398132e-01
6.841036491096019745e-03
7.806708570569753647e-03
2.926290733739733696e-03
4.483340308070182800e-03
2.709868364036083221e-02
6.890508811920881271e-03
1.483320491388440132e-03
2.888236567378044128e-02
7.347085047513246536e-03
1.042637974023818970e-01
2.758685965090990067e-03
6.482883356511592865e-03
4.967015236616134644e-03
5.360572598874568939e-03
5.802697502076625824e-03
1.883948408067226410e-02
9.848098456859588623e-02
1.524900435470044613e-03
3.683270653709769249e-03
1.964174956083297729e-02
1.808362198062241077e-03
2.366323256865143776e-03
4.408738110214471817e-03
2.043467713519930840e-03
4.862525500357151031e-03
4.932319000363349915e-02
9.604371152818202972e-03
6.840874440968036652e-03
4.022434353828430176e-02
4.319890402257442474e-03
3.751665586605668068e-03
5.025465972721576691e-03
6.651808321475982666e-02
2.072688890621066093e-03
1.302539370954036713e-03
9.313479065895080566e-03
9.388669393956661224e-03
1.793093630112707615e-03
1.298660412430763245e-02
1.127209793776273727e-02
2.333360258489847183e-03
6.588716525584459305e-03
2.800941700115799904e-03
2.554934937506914139e-03
5.428185686469078064e-02
5.431085079908370972e-02
1.815411821007728577e-02
2.552526071667671204e-02
9.895769879221916199e-03
3.424807451665401459e-03
3.610360436141490936e-03
8.244924247264862061e-03
3.144920244812965393e-02
1.729776151478290558e-02
1.002538111060857773e-02
2.644014544785022736e-03
2.546126954257488251e-03
2.703689970076084137e-03
9.154255501925945282e-03
5.412580445408821106e-03
3.847713768482208252e-02
7.050870452076196671e-03
1.942909322679042816e-02
2.800305560231208801e-02
4.056131001561880112e-03
3.214763104915618896e-02
6.523574888706207275e-02
4.957348480820655823e-02
7.437417283654212952e-03
6.857185624539852142e-03
1.009788177907466888e-02
7.402029354125261307e-03
1.133210118860006332e-02
1.189009472727775574e-02
1.656218431890010834e-03
2.791793551295995712e-03
1.483320491388440132e-03
2.440571971237659454e-02
1.483320491388440132e-03
1.483320491388440132e-03
2.255848143249750137e-03
1.004689838737249374e-02
1.938689383678138256e-03
1.423604413866996765e-02
5.512310657650232315e-03
2.846960909664630890e-03
7.729966193437576294e-03
2.623051032423973083e-02
2.974396105855703354e-03
1.483320491388440132e-03
3.769390657544136047e-02
5.620979145169258118e-02
3.562454879283905029e-02
1.909539848566055298e-02
8.350051008164882660e-03
1.302539370954036713e-03
1.536579523235559464e-02
1.936205476522445679e-02
1.483320491388440132e-03
1.962987473234534264e-03
1.426189322955906391e-03
2.378026582300662994e-02
2.253712154924869537e-03
6.664744112640619278e-03
1.483320491388440132e-03
1.234816759824752808e-01
4.683796316385269165e-03
4.540205001831054688e-03
2.727941237390041351e-02
8.044374175369739532e-03
1.195952072739601135e-01
1.922022667713463306e-03
4.375930875539779663e-02
1.279960293322801590e-02
1.172116864472627640e-02
2.896457724273204803e-02
3.822510316967964172e-02
4.636975470930337906e-03
4.377932846546173096e-02
8.430263027548789978e-03
3.176440671086311340e-02
1.423025596886873245e-02
8.270366117358207703e-03
3.977635130286216736e-02
2.037879079580307007e-03
1.954087056219577789e-02
7.432159967720508575e-03
1.972671598196029663e-02
1.824573799967765808e-02
1.483320491388440132e-03
2.906009927392005920e-02
1.485588680952787399e-02
1.826480962336063385e-03
2.370915841311216354e-03
1.483320491388440132e-03
1.871970249339938164e-03
4.349386692047119141e-02
1.483320491388440132e-03
3.368805721402168274e-02
6.850651931017637253e-03
1.594022475183010101e-02
3.407445503398776054e-03
8.063843101263046265e-02
2.624538540840148926e-02
3.440036904066801071e-03
4.446276929229497910e-03
1.197297126054763794e-02
3.174160420894622803e-02
6.390757858753204346e-03
1.853403076529502869e-02
1.604476757347583771e-02
1.510827541351318359e-01
1.435006707906723022e-01
5.220269318670034409e-03
3.999572619795799255e-02
4.956352990120649338e-03
6.941773463040590286e-03
3.564263228327035904e-03
2.424570545554161072e-02
4.857996013015508652e-03
9.674477390944957733e-03
1.445889240130782127e-03
3.406431153416633606e-02
8.255182951688766479e-02
1.391201745718717575e-02
2.210240252315998077e-02
4.123690724372863770e-02
9.256229735910892487e-03
5.426305346190929413e-03
3.875508671626448631e-03
1.182785257697105408e-02
3.839027881622314453e-02
3.062085807323455811e-02
7.070135790854692459e-03
9.951177984476089478e-03
4.381573293358087540e-03
1.741335028782486916e-03
1.811988838016986847e-02
4.288841411471366882e-02
4.775673151016235352e-02
1.185512691736221313e-01
1.245232149958610535e-01
9.160780347883701324e-03
6.336555350571870804e-03
1.808224478736519814e-03
7.511452306061983109e-03
2.869006246328353882e-03
2.797888126224279404e-03
1.239551790058612823e-02
3.443708643317222595e-02
7.551996409893035889e-02
3.326553106307983398e-02
4.223866853863000870e-03
1.550707500427961349e-02
4.769845306873321533e-02
4.928273335099220276e-02
2.490322105586528778e-02
3.498777002096176147e-02
3.159805759787559509e-02
1.304907351732254028e-01
6.288233213126659393e-03
2.871652506291866302e-02
2.809510007500648499e-02
1.089218258857727051e-02
1.978530082851648331e-03
5.122224986553192139e-02
2.586464956402778625e-02
8.359647355973720551e-03
6.423420272767543793e-03
2.131943963468074799e-02
5.226081702858209610e-03
6.636985391378402710e-02
1.110089244320988655e-03
2.313304878771305084e-02
6.358998827636241913e-03
6.289967149496078491e-02
2.343559823930263519e-02
1.612665131688117981e-03
1.344513264484703541e-03
1.230615749955177307e-02
3.075808519497513771e-03
5.548354610800743103e-02
2.326577343046665192e-02
9.783614426851272583e-02
8.855856023728847504e-03
6.994475610554218292e-03
3.367886180058121681e-03
3.194195218384265900e-03
1.541234087198972702e-02
1.480516791343688965e-02
1.838390599004924297e-03
1.932471990585327148e-02
1.506262179464101791e-02
1.112552173435688019e-02
9.760735556483268738e-03
1.793531468138098717e-03
1.474485616199672222e-03
3.036201931536197662e-02
6.044392939656972885e-03
1.226504682563245296e-03
1.444557867944240570e-02
1.483320491388440132e-03
2.514306921511888504e-03
4.268159624189138412e-03
3.063868265599012375e-03
9.256859309971332550e-03
2.577180042862892151e-03
1.930522918701171875e-02
3.729602321982383728e-02
1.587123796343803406e-02
4.600962158292531967e-03
1.949134981259703636e-03
1.807311922311782837e-01
1.507137529551982880e-02
1.788437133654952049e-03
1.072477642446756363e-02
6.174853537231683731e-03
4.823361523449420929e-03
1.245676726102828979e-02
2.569134812802076340e-03
4.631638899445533752e-02
3.103642351925373077e-02
4.068138822913169861e-02
3.113553393632173538e-03
2.143083140254020691e-03
6.232670508325099945e-03
5.572596192359924316e-02
1.362247169017791748e-01
1.851128414273262024e-02
1.302539370954036713e-03
1.153877656906843185e-02
7.632113061845302582e-03
5.368470214307308197e-03
5.402773153036832809e-03
4.271705169230699539e-03
1.088468357920646667e-02
1.073191463947296143e-01
6.737004965543746948e-03
2.402432495728135109e-03
2.022954635322093964e-02
1.938137970864772797e-02
5.374405533075332642e-03
2.259618137031793594e-03
8.489970117807388306e-03
4.146466031670570374e-03
1.588981365785002708e-03
7.503614574670791626e-02
2.563038282096385956e-02
5.322257988154888153e-03
3.271936625242233276e-02
1.302539370954036713e-03
2.167370729148387909e-02
1.078358571976423264e-02
5.062166601419448853e-03
4.852319136261940002e-03
5.008420906960964203e-03
2.923517115414142609e-02
1.308588217943906784e-02
1.968350494280457497e-03
7.788930553942918777e-03
2.784867072477936745e-03
4.946431890130043030e-02
6.856101565062999725e-03
2.832080004736781120e-03
1.796512492001056671e-02
3.482289612293243408e-02
2.494973130524158478e-03
6.591026671230792999e-03
8.000295609235763550e-03
4.658418707549571991e-03
1.596367335878312588e-03
2.341412939131259918e-03
3.398181637749075890e-03
2.810746058821678162e-02
9.603681974112987518e-03
1.483320491388440132e-03
1.483320491388440132e-03
1.302539370954036713e-03
1.931178942322731018e-02
1.474731252528727055e-03
2.238308452069759369e-02
1.551598892547190189e-03
6.472072564065456390e-03
8.861825801432132721e-03
5.105606094002723694e-02
3.702392056584358215e-02
6.672896444797515869e-02
1.695822924375534058e-02
1.664532907307147980e-02
6.094105914235115051e-02
3.568651853129267693e-03
3.841101750731468201e-02
1.483320491388440132e-03
3.065126948058605194e-02
8.532220497727394104e-03
2.652852563187479973e-03
1.239363802596926689e-03
7.298374176025390625e-02
2.572069689631462097e-02
5.516566336154937744e-02
9.381451644003391266e-03
6.595505401492118835e-03
5.579016357660293579e-02
3.671535523608326912e-03
1.717986422590911388e-03
1.989951916038990021e-02
2.975150942802429199e-02
4.875503107905387878e-02
1.160864308476448059e-01
2.357379766181111336e-03
5.282882601022720337e-02
3.924226853996515274e-03
5.576245952397584915e-03
1.990580558776855469e-01
1.343866693787276745e-03
2.449604449793696404e-03
1.302539370954036713e-03
1.000500167720019817e-03
2.307534683495759964e-03
1.483320491388440132e-03
5.135938059538602829e-03
8.060244843363761902e-03
9.495045058429241180e-03
4.185212403535842896e-02
1.492569409310817719e-02
7.942599244415760040e-03
1.137020159512758255e-02
1.423104573041200638e-02
3.569487109780311584e-02
1.196266990154981613e-02
6.786863505840301514e-02
7.302618585526943207e-03
1.483320491388440132e-03
1.667552860453724861e-03
1.256820838898420334e-02
5.318809673190116882e-02
1.133640762418508530e-02
6.285950541496276855e-02
4.259166494011878967e-02
2.951960079371929169e-03
1.698904321528971195e-03
1.550971157848834991e-02
1.718745194375514984e-02
3.876455128192901611e-03
1.312221982516348362e-03
1.313413958996534348e-02
1.483320491388440132e-03
1.735776313580572605e-03
1.906501874327659607e-02
1.102774739265441895e-01
1.374782063066959381e-02
1.446562446653842926e-02
9.935649111866950989e-03
3.670234465971589088e-03
1.264638360589742661e-02
7.744814269244670868e-03
2.625246299430727959e-03
2.271209843456745148e-03
1.569783501327037811e-02
2.694722730666399002e-03
4.173140507191419601e-03
3.525392711162567139e-02
2.069006673991680145e-02
6.690506637096405029e-02
2.912199124693870544e-03
1.663595624268054962e-02
1.604291610419750214e-02
2.071199193596839905e-02
1.021237019449472427e-02
3.553008288145065308e-02
3.465760126709938049e-02
4.210990387946367264e-03
2.897097729146480560e-02
1.196543220430612564e-02
3.460840135812759399e-02
2.910568378865718842e-03
8.951060473918914795e-02
1.342045515775680542e-02
3.148673474788665771e-02
1.050752308219671249e-02
3.914095833897590637e-02
1.289175171405076981e-02
2.552297338843345642e-02
2.333666943013668060e-02
2.672134200111031532e-03
3.395492210984230042e-03
3.339140443131327629e-03
1.832547830417752266e-03
4.211968276649713516e-03
1.308618392795324326e-02
3.334831679239869118e-03
1.640628091990947723e-03
7.209727074950933456e-03
3.309970954433083534e-03
3.022701106965541840e-02
8.444609120488166809e-03
1.292797736823558807e-03
1.664209412410855293e-03
4.684142395853996277e-02
1.490135909989476204e-03
2.054315293207764626e-03
1.251544454135000706e-03
2.532301004976034164e-03
2.106400579214096069e-02
3.884793957695364952e-03
2.435022220015525818e-02
1.411910634487867355e-03
2.458091266453266144e-02
3.329272940754890442e-02
4.959244281053543091e-03
5.752374604344367981e-02
8.717604912817478180e-03
1.126838922500610352e-01
8.732208609580993652e-02
1.483320491388440132e-03
7.754095364362001419e-03
1.302539370954036713e-03
3.837195411324501038e-02
8.208923041820526123e-02
1.619927585124969482e-02
1.161197572946548462e-02
3.424711525440216064e-03
5.957130808383226395e-03
1.800712570548057556e-02
4.025176540017127991e-02
1.075784093700349331e-03
7.642582524567842484e-03
2.483547432348132133e-03
2.372730290517210960e-03
4.735705908387899399e-03
8.903179317712783813e-03
1.270607113838195801e-01
4.403554834425449371e-03
6.533142179250717163e-02
5.485314875841140747e-02
1.009495481848716736e-01
9.307168424129486084e-03
6.742183119058609009e-02
3.701587906107306480e-03
6.459339056164026260e-03
2.911430550739169121e-03
1.253414433449506760e-03
2.758638700470328331e-03
1.993534853681921959e-03
6.348118185997009277e-02
1.377198286354541779e-02
2.454092912375926971e-02
4.021923989057540894e-03
2.486986480653285980e-02
5.663341656327247620e-02
9.015954099595546722e-03
4.179242532700300217e-03
8.746710605919361115e-03
9.850339964032173157e-03
7.024708669632673264e-03
6.937199085950851440e-02
2.023718319833278656e-02
1.181427296251058578e-02
2.373631484806537628e-02
5.652553215622901917e-02
1.974165067076683044e-02
3.712896490469574928e-03
1.533890957944095135e-03
2.786924131214618683e-02
3.500318899750709534e-02
1.067044120281934738e-02
1.947756973095238209e-03
3.012364963069558144e-03
3.412417368963360786e-03
8.348918519914150238e-03
5.499089136719703674e-03
2.563370158895850182e-03
1.763149863108992577e-03
1.264332211576402187e-03
1.592183834873139858e-03
4.502928350120782852e-03
2.426655031740665436e-02
2.375014312565326691e-02
4.328638315200805664e-03
1.367425429634749889e-03
2.329848706722259521e-03
7.194383535534143448e-03
1.953362021595239639e-03
4.237980768084526062e-02
3.988720942288637161e-03
2.792535908520221710e-02
1.009576837532222271e-03
4.970329813659191132e-03
3.166218288242816925e-03
5.805905442684888840e-03
3.378704562783241272e-02
1.290565542876720428e-02
1.460580620914697647e-03
2.075007930397987366e-02
6.511422339826822281e-03
1.688675605691969395e-03
2.058352716267108917e-02
3.653474152088165283e-02
6.444712635129690170e-03
1.562130637466907501e-03
1.586928591132164001e-02
4.697295371443033218e-03
9.520205669105052948e-03
1.608433015644550323e-02
2.267194911837577820e-03
1.333329943008720875e-03
1.442644745111465454e-03
6.153027061372995377e-03
1.483320491388440132e-03
1.639497699216008186e-03
1.522759324871003628e-03
9.657319635152816772e-03
2.538501750677824020e-03
1.324082817882299423e-02
1.520145032554864883e-02
2.397052245214581490e-03
2.221677917987108231e-03
1.411714358255267143e-03
1.655116560868918896e-03
1.388897653669118881e-03
3.527646651491522789e-03
8.795619010925292969e-03
1.276809815317392349e-02
2.490849234163761139e-03
3.131572902202606201e-02
3.557708859443664551e-02
1.396006941795349121e-01
1.054511498659849167e-02
1.112125255167484283e-02
1.661385037004947662e-02
1.589141786098480225e-02
4.545060917735099792e-03
4.948645830154418945e-03
6.580990273505449295e-03
1.225592847913503647e-02
5.755278281867504120e-03
1.372496597468852997e-02
3.649992123246192932e-02
1.340505033731460571e-01
7.818673737347126007e-03
5.537031218409538269e-03
9.275030344724655151e-03
4.920864012092351913e-03
7.265937980264425278e-03
1.740469597280025482e-02
1.973175071179866791e-02
1.062724273651838303e-02
1.801620470359921455e-03
3.711443394422531128e-03
4.852289333939552307e-03
3.743131179362535477e-03
1.107709482312202454e-02
7.922830060124397278e-03
1.206405088305473328e-02
8.105881512165069580e-02
1.745262295007705688e-01
6.960730254650115967e-02
1.193360462784767151e-01
1.192929502576589584e-02
2.781913615763187408e-02
2.946865931153297424e-02
2.539852075278759003e-02
1.039471291005611420e-02
3.682371601462364197e-02
2.462441101670265198e-02
9.496925398707389832e-03
3.200590377673506737e-03
5.125797819346189499e-03
5.444214679300785065e-03
5.463203415274620056e-02
5.561555735766887665e-03
5.059508606791496277e-03
2.358388155698776245e-03
2.900278568267822266e-02
2.469130419194698334e-02
7.408131845295429230e-03
5.645373836159706116e-02
5.908505991101264954e-03
3.717402461916208267e-03
7.708719372749328613e-02
7.818056270480155945e-03
6.658381223678588867e-02
4.275308921933174133e-03
2.809828333556652069e-02
7.686994969844818115e-02
3.741789143532514572e-03
3.901731595396995544e-02
1.073369942605495453e-02
4.374601878225803375e-03
1.821824815124273300e-03
4.871082026511430740e-03
1.229724101722240448e-02
9.387431666254997253e-03
1.417793612927198410e-02
1.905819051899015903e-03
8.363719284534454346e-02
1.038192864507436752e-02
2.588804112747311592e-03
2.299564518034458160e-02
1.984017435461282730e-03
5.813134834170341492e-03
5.746327806264162064e-03
8.229194581508636475e-02
1.626162603497505188e-02
3.669964382424950600e-03
8.166214823722839355e-02
1.605222672224044800e-01
4.747010767459869385e-02
2.201501466333866119e-02
1.059344317764043808e-02
2.532383240759372711e-02
2.088870666921138763e-02
2.208932861685752869e-02
2.058518351987004280e-03
7.100144866853952408e-03
1.436341670341789722e-03
1.558423275128006935e-03
2.393639832735061646e-02
5.116522312164306641e-03
1.203882042318582535e-02
1.827452890574932098e-02
2.826740220189094543e-02
8.464839309453964233e-03
1.575738191604614258e-02
2.240224555134773254e-02
1.099445223808288574e-01
3.470146656036376953e-02
9.409144520759582520e-03
1.114904321730136871e-02
5.770337767899036407e-03
1.436033006757497787e-02
1.325420383363962173e-02
4.692310933023691177e-03
1.635426655411720276e-02
7.811120245605707169e-03
3.903847653418779373e-03
7.465835660696029663e-03
5.903182178735733032e-02
8.835972286760807037e-03
6.850764900445938110e-02
1.083134580403566360e-02
5.583106540143489838e-03
1.020127558149397373e-03
4.429603740572929382e-02
5.064938683062791824e-03
1.669086143374443054e-02
2.220609690994024277e-03
4.851216450333595276e-03
4.924293141812086105e-03
6.093950942158699036e-03
6.326655391603708267e-03
8.576082997024059296e-03
7.235308643430471420e-03
1.483320491388440132e-03
1.177898608148097992e-02
2.797844447195529938e-02
1.657631015405058861e-03
2.457184251397848129e-03
2.531091915443539619e-03
1.949149742722511292e-02
6.602879147976636887e-03
2.087223157286643982e-02
8.708543144166469574e-03
1.301947887986898422e-02
1.749841030687093735e-03
5.720091983675956726e-03
1.224923413246870041e-02
9.526281617581844330e-03
1.451995223760604858e-02
1.483320491388440132e-03
1.483320491388440132e-03
7.219843566417694092e-03
1.114967931061983109e-02
7.331088185310363770e-03
1.855370961129665375e-02
7.344116456806659698e-03
2.204949036240577698e-02
2.180983126163482666e-02
2.523280680179595947e-02
1.476934365928173065e-02
3.448054194450378418e-02
4.111703950911760330e-03
7.659845799207687378e-02
3.576062247157096863e-02
3.504904732108116150e-02
1.483320491388440132e-03
2.971785375848412514e-03
4.056421574205160141e-03
2.986170351505279541e-03
5.118549801409244537e-03
1.376310884952545166e-01
4.193837754428386688e-03
2.841773442924022675e-02
1.246557477861642838e-02
2.957109548151493073e-02
6.764331366866827011e-03
5.895067751407623291e-02
4.152399022132158279e-03
2.966446802020072937e-03
9.181470610201358795e-03
2.931936085224151611e-02
2.424838952720165253e-02
1.223762612789869308e-02
2.169780246913433075e-02
1.874303212389349937e-03
3.750715404748916626e-02
7.269797846674919128e-03
1.483800448477268219e-02
2.739514224231243134e-02
2.235312387347221375e-02
3.479457227513194084e-03
1.918759779073297977e-03
5.449851229786872864e-02
1.483320491388440132e-03
6.903642322868108749e-03
1.786451041698455811e-02
3.198256017640233040e-03
5.656219087541103363e-03
4.767254460602998734e-03
9.346883744001388550e-03
1.413784339092671871e-03
1.643510302528738976e-03
1.701183151453733444e-03
1.201773434877395630e-02
5.423791706562042236e-03
7.217724341899156570e-03
9.392527863383293152e-03
2.471056999638676643e-03
1.500162947922945023e-02
9.827034547924995422e-03
2.868400886654853821e-03
4.235934000462293625e-03
3.271500580012798309e-03
9.636696428060531616e-03
2.176880370825529099e-03
9.229074232280254364e-03
6.517487019300460815e-02
3.122001700103282928e-02
4.050819203257560730e-02
4.634117241948843002e-03
2.193233184516429901e-02
4.432506859302520752e-03
1.760347397066652775e-03
3.218605415895581245e-03
1.444311738014221191e-01
5.098187830299139023e-03
1.637482270598411560e-02
3.754359437152743340e-03
1.947801373898983002e-02
9.436151012778282166e-03
8.699972182512283325e-02
1.923805102705955505e-02
4.644347354769706726e-03
2.636230885982513428e-01
2.047875430434942245e-03
2.675895811989903450e-03
7.272186689078807831e-03
2.301106601953506470e-02
1.334606017917394638e-02
4.637120291590690613e-03
9.965149685740470886e-03
1.826278306543827057e-02
6.179719418287277222e-02
1.116015366278588772e-03
3.547174157574772835e-03
1.240633544512093067e-03
7.792216539382934570e-02
1.040786579251289368e-01
4.378539044409990311e-03
3.714947029948234558e-02
1.781649328768253326e-02
1.777990721166133881e-02
1.062265131622552872e-02
1.848946884274482727e-02
4.881393164396286011e-02
2.095815911889076233e-02
4.510056227445602417e-03
1.524661015719175339e-02
8.594922721385955811e-03
1.543359924107789993e-02
7.414708845317363739e-03
4.130918532609939575e-03
3.671302646398544312e-02
9.764925576746463776e-03
2.103767171502113342e-02
3.789912443608045578e-03
6.004008464515209198e-03
1.893278909847140312e-03
1.445812825113534927e-02
2.374737896025180817e-02
1.185017731040716171e-02
1.770365610718727112e-02
1.039665564894676208e-02
1.272198855876922607e-01
4.632318392395973206e-02
4.786691628396511078e-03
1.796588115394115448e-02
1.412227302789688110e-01
1.642446406185626984e-02
1.400036178529262543e-02
6.650506053119897842e-03
3.829426364973187447e-03
6.052273325622081757e-03
1.652796007692813873e-02
6.884980481117963791e-03
1.510953763499855995e-03
2.910012146458029747e-03
2.704039402306079865e-02
1.025015190243721008e-01
1.634773099794983864e-03
4.463739227503538132e-03
5.312976427376270294e-03
1.402768190018832684e-03
1.085392944514751434e-02
8.761183172464370728e-02
7.125941570848226547e-03
2.748205140233039856e-02
4.848130512982606888e-03
8.223309181630611420e-03
4.270453937351703644e-03
1.291910302825272083e-03
1.779985381290316582e-03
9.893275564536452293e-04
1.091908547095954418e-03
2.817189088091254234e-03
1.317490078508853912e-02
1.483320491388440132e-03
4.809031262993812561e-03
2.532340586185455322e-02
1.799692050553858280e-03
1.528012449853122234e-03
1.898006536066532135e-03
5.906332749873399734e-03
1.692876406013965607e-02
9.779409505426883698e-03
2.979106036946177483e-03
1.483320491388440132e-03
6.509146653115749359e-03
3.675368055701255798e-02
1.194259501062333584e-03
9.458993445150554180e-04
2.080166712403297424e-03
2.189175225794315338e-03
2.257907530292868614e-03
1.580808311700820923e-02
5.966221913695335388e-03
1.682154648005962372e-02
2.644177898764610291e-02
6.817123293876647949e-02
4.388026595115661621e-01
3.794246166944503784e-02
3.981388732790946960e-02
5.338220391422510147e-03
1.845755986869335175e-02
3.872095607221126556e-03
1.307373051531612873e-03
6.918486673384904861e-03
2.011986076831817627e-01
3.287315834313631058e-03
1.951435208320617676e-02
4.726747795939445496e-02
2.685381565243005753e-03
7.856067270040512085e-03
5.874426104128360748e-03
4.998248815536499023e-02
2.498956210911273956e-02
7.096756994724273682e-02
2.372475108131766319e-03
2.099777199327945709e-02
7.743847090750932693e-03
3.236949210986495018e-03
1.576965488493442535e-02
1.837285817600786686e-03
7.078619673848152161e-03
7.008708547800779343e-03
3.720494220033288002e-03
3.619112307205796242e-03
2.509229350835084915e-03
3.999596461653709412e-02
2.561869798228144646e-03
8.577237837016582489e-03
1.117708510719239712e-03
5.690102931112051010e-03
7.698487490415573120e-03
5.827325396239757538e-03
1.775025622919201851e-03
6.002035364508628845e-02
7.003533840179443359e-02
1.246780455112457275e-01
2.265560068190097809e-02
2.044909819960594177e-02
3.982064127922058105e-02
8.621243759989738464e-03
6.296345964074134827e-03
4.491980653256177902e-03
2.047369722276926041e-03
6.975758820772171021e-03
3.800173522904515266e-03
1.760181598365306854e-02
1.051915287971496582e-01
9.402608498930931091e-03
5.886758677661418915e-03
6.686197966337203979e-02
2.450749045237898827e-03
2.290104702115058899e-02
3.428131714463233948e-02
2.800965448841452599e-03
7.334479130804538727e-03
9.106293320655822754e-03
3.177589271217584610e-03
3.912321478128433228e-02
2.248347736895084381e-03
1.162458676844835281e-02
3.470835741609334946e-03
1.764384796842932701e-03
3.378663677722215652e-03
1.804258441552519798e-03
4.929288756102323532e-03
8.405498228967189789e-03
5.589143186807632446e-02
1.118200086057186127e-02
1.286453683860599995e-03
3.711436176672577858e-03
8.465440012514591217e-03
3.628124296665191650e-02
1.148698106408119202e-02
9.488690411671996117e-04
1.846579485572874546e-03
4.942938685417175293e-03
7.200213614851236343e-03
1.137217739596962929e-03
2.648862544447183609e-03
6.444111466407775879e-03
2.760937809944152832e-02
1.599102746695280075e-03
1.004519592970609665e-02
3.863811492919921875e-03
3.079342469573020935e-02
1.686475425958633423e-02
4.702332615852355957e-02
2.123203687369823456e-02
4.317993298172950745e-02
1.483320491388440132e-03
1.483320491388440132e-03
1.314544933848083019e-03
7.168145384639501572e-03
2.439259588718414307e-01
2.794424537569284439e-03
3.005716390907764435e-02
1.253938651643693447e-03
1.035192864947021008e-03
1.778595335781574249e-02
1.609572558663785458e-03
1.116695255041122437e-02
3.872562898322939873e-03
3.710505319759249687e-03
1.142426114529371262e-02
5.272333510220050812e-03
1.750777475535869598e-03
9.148040553554892540e-04
1.900209672749042511e-02
5.267216823995113373e-03
4.235253669321537018e-03
2.766989171504974365e-03
1.483320491388440132e-03
2.584195928648114204e-03
1.516007236205041409e-03
1.483320491388440132e-03
4.163309931755065918e-02
4.744497127830982208e-03
7.337079849094152451e-03
1.720938086509704590e-02
1.228365749120712280e-01
1.923472806811332703e-02
1.521979575045406818e-03
2.374815987423062325e-03
8.911863900721073151e-03
3.898409660905599594e-03
2.867023693397641182e-03
2.169026434421539307e-02
3.266116976737976074e-02
3.511072834953665733e-03
3.779987804591655731e-03
3.228073474019765854e-03
1.565701141953468323e-02
1.764523331075906754e-03
4.694084171205759048e-03
1.380074955523014069e-02
2.096857689321041107e-02
1.359491329640150070e-02
1.026282180100679398e-02
1.090603396296501160e-01
5.281727761030197144e-02
4.610272590070962906e-03
8.550776168704032898e-03
5.960344523191452026e-02
1.280574221163988113e-02
2.780057862401008606e-02
1.172700803726911545e-02
4.847954958677291870e-02
1.406975742429494858e-02
1.620006002485752106e-02
3.906272351741790771e-03
5.067874491214752197e-02
6.414905190467834473e-03
1.220151595771312714e-02
1.177802029997110367e-02
2.757067978382110596e-02
3.817800059914588928e-02
2.368243411183357239e-03
5.491754785180091858e-02
6.188019365072250366e-02
3.565967082977294922e-03
4.619339480996131897e-02
4.855614900588989258e-02
1.483320491388440132e-03
4.139177501201629639e-03
9.517247788608074188e-03
3.200559876859188080e-03
9.136199206113815308e-02
1.491054333746433258e-02
2.512234449386596680e-02
4.111463669687509537e-03
1.189773902297019958e-03
4.450880456715822220e-03
2.087868051603436470e-03
8.192612789571285248e-03
1.781816966831684113e-02
1.530607324093580246e-02
6.011685822159051895e-03
1.153612276539206505e-03
9.409921616315841675e-02
2.059014979749917984e-03
8.266814984381198883e-03
1.166148204356431961e-02
4.035849589854478836e-03
9.753207676112651825e-03
1.756406854838132858e-03
1.466540526598691940e-02
1.565667241811752319e-02
1.429363340139389038e-02
5.460755899548530579e-03
1.949942670762538910e-02
3.147750720381736755e-02
1.820124103687703609e-03
1.845994032919406891e-02
3.533791005611419678e-02
1.020652055740356445e-02
2.465215278789401054e-03
5.567815154790878296e-03
2.675254363566637039e-03
1.156538072973489761e-02
1.703837513923645020e-02
2.811620710417628288e-03
5.209424532949924469e-03
2.065122872591018677e-02
2.143198391422629356e-03
2.300226688385009766e-02
5.763519555330276489e-02
1.483320491388440132e-03
6.332344841212034225e-03
2.889184467494487762e-02
7.055155001580715179e-03
1.603854121640324593e-03
1.081477478146553040e-02
7.137035485357046127e-03
6.375883705914020538e-03
1.621398888528347015e-02
2.825009403750300407e-03
3.793821204453706741e-03
9.551213122904300690e-03
1.484508067369461060e-02
4.162712767720222473e-02
1.692028716206550598e-03
2.277562581002712250e-02
8.795631118118762970e-03
1.051013637334108353e-02
3.427854552865028381e-02
1.670376514084637165e-03
2.857618033885955811e-03
4.174769856035709381e-03
3.140060231089591980e-03
2.168024890124797821e-02
2.696273662149906158e-02
3.311269357800483704e-02
7.540568709373474121e-02
2.233324106782674789e-03
1.417004386894404888e-03
3.505629952996969223e-03
1.475056856870651245e-01
2.265444025397300720e-02
1.324975164607167244e-03
8.453789167106151581e-03
4.624763503670692444e-02
1.927636214531958103e-03
1.627195626497268677e-02
2.342981100082397461e-02
2.080784179270267487e-02
1.962971501052379608e-02
1.152873560786247253e-01
6.035350635647773743e-02
1.428466662764549255e-02
7.238905876874923706e-03
1.725849136710166931e-02
3.333496674895286560e-02
8.542977273464202881e-03
1.108296215534210205e-03
1.768050482496619225e-03
1.815921394154429436e-03
1.038168091326951981e-03
1.224788464605808258e-02
3.416097257286310196e-03
5.616921931505203247e-03
4.626122303307056427e-03
2.246518805623054504e-02
6.357938051223754883e-03
1.417815685272216797e-02
1.170924399048089981e-02
1.543362811207771301e-02
1.639839448034763336e-02
8.270600810647010803e-03
1.108742132782936096e-02
3.132451698184013367e-02
8.037591725587844849e-02
8.774789981544017792e-03
7.078854367136955261e-03
1.240190025418996811e-02
1.613992638885974884e-02
1.819587196223437786e-03
9.375116787850856781e-03
2.428930997848510742e-02
7.272341102361679077e-02
1.722423583269119263e-01
5.206608213484287262e-03
1.757724210619926453e-03
2.961386367678642273e-02
1.103989873081445694e-02
3.341885516420006752e-03
1.624748110771179199e-02
4.105341620743274689e-03
3.085637930780649185e-03
7.942463271319866180e-03
2.635055454447865486e-03
1.483320491388440132e-03
2.328031510114669800e-02
1.205333694815635681e-02
2.064148522913455963e-02
5.232240539044141769e-03
7.431229948997497559e-02
1.115205045789480209e-02
1.764090964570641518e-03
2.547204960137605667e-03
1.510529685765504837e-02
1.385437673889100552e-03
2.180216135457158089e-03
5.865424405783414841e-03
1.392553094774484634e-03
1.409497112035751343e-03
1.972801284864544868e-03
1.302539370954036713e-03
7.807765156030654907e-03
1.025979593396186829e-02
3.465677378699183464e-03
3.281954908743500710e-03
1.728585455566644669e-03
5.227276589721441269e-03
4.347890149801969528e-03
5.724029988050460815e-02
7.225492037832736969e-03
7.023082580417394638e-03
6.071235053241252899e-03
4.931401461362838745e-03
7.996096275746822357e-03
1.483320491388440132e-03
1.483320491388440132e-03
1.297878939658403397e-02
4.354602098464965820e-02
7.819258607923984528e-03
1.443375018425285816e-03
8.296685293316841125e-03
5.433159880340099335e-03
4.218991845846176147e-03
3.904324490576982498e-03
6.416738033294677734e-03
1.483320491388440132e-03
2.402376616373658180e-03
2.225678041577339172e-02
8.784458972513675690e-03
5.485430825501680374e-03
1.483320491388440132e-03
5.734688788652420044e-02
3.453275421634316444e-03
3.061833977699279785e-02
4.997350741177797318e-03
1.086672767996788025e-01
6.897798739373683929e-03
4.854463506489992142e-03
1.049408130347728729e-02
7.472177036106586456e-03
3.155505657196044922e-02
2.586279995739459991e-02
8.198193274438381195e-03
3.418076550588011742e-03
2.084960928186774254e-03
6.216042488813400269e-02
9.404216893017292023e-03
4.235466569662094116e-02
1.467110705561935902e-03
1.619513262994587421e-03
7.752539590001106262e-03
1.172343920916318893e-02
