8.566353470087051392e-02
8.566353470087051392e-02
7.329641375690698624e-03
6.504537537693977356e-03
1.767357997596263885e-02
3.774785902351140976e-03
1.443335693329572678e-02
4.120045807212591171e-03
2.350599039345979691e-03
3.278779610991477966e-02
8.683202788233757019e-03
1.317892502993345261e-02
8.838665671646595001e-03
2.376340143382549286e-02
4.618283826857805252e-03
1.699474640190601349e-02
2.275067381560802460e-03
3.675553016364574432e-03
8.566353470087051392e-02
8.566353470087051392e-02
8.566353470087051392e-02
3.062256798148155212e-02
1.693599973805248737e-03
1.131035201251506805e-02
8.566353470087051392e-02
8.566353470087051392e-02
1.424763351678848267e-03
6.684297230094671249e-03
5.319257266819477081e-03
8.870054967701435089e-03
4.049823619425296783e-03
8.566353470087051392e-02
4.637738689780235291e-03
3.269873559474945068e-02
8.752703666687011719e-03
4.555291961878538132e-03
1.633367687463760376e-02
2.610463462769985199e-02
5.493099801242351532e-03
8.566353470087051392e-02
1.234443392604589462e-03
8.566353470087051392e-02
8.566353470087051392e-02
1.079392153769731522e-02
2.197075169533491135e-03
5.404700059443712234e-03
8.566353470087051392e-02
5.352945532649755478e-03
8.566353470087051392e-02
8.566353470087051392e-02
8.566353470087051392e-02
8.566353470087051392e-02
8.566353470087051392e-02
8.566353470087051392e-02
8.566353470087051392e-02
8.566353470087051392e-02
8.566353470087051392e-02
8.566353470087051392e-02
8.566353470087051392e-02
8.566353470087051392e-02
8.566353470087051392e-02
8.566353470087051392e-02
8.566353470087051392e-02
8.566353470087051392e-02
8.566353470087051392e-02
8.566353470087051392e-02
8.566353470087051392e-02
4.117250815033912659e-02
2.467892598360776901e-03
2.101992256939411163e-03
8.783902972936630249e-03
9.903027676045894623e-03
3.595093498006463051e-03
5.172653589397668839e-03
8.566353470087051392e-02
8.566353470087051392e-02
4.073384217917919159e-03
8.566353470087051392e-02
2.128193154931068420e-03
5.895756185054779053e-03
4.796282388269901276e-03
1.381404139101505280e-02
8.566353470087051392e-02
4.647081252187490463e-03
2.866154070943593979e-03
2.166996942833065987e-03
1.515010721050202847e-03
1.627993886359035969e-03
2.742666192352771759e-02
5.964618176221847534e-03
7.016564719378948212e-03
2.031945157796144485e-03
8.566353470087051392e-02
6.864001974463462830e-03
4.329885821789503098e-03
8.566353470087051392e-02
8.482628501951694489e-03
1.334835123270750046e-02
1.525090541690587997e-02
8.458558470010757446e-03
4.178149159997701645e-03
5.045983474701642990e-03
1.951231621205806732e-03
8.566353470087051392e-02
8.566353470087051392e-02
1.130037941038608551e-02
8.566353470087051392e-02
8.566353470087051392e-02
1.066667214035987854e-02
1.033626589924097061e-02
7.359925657510757446e-03
8.566353470087051392e-02
1.379201095551252365e-02
1.159015391021966934e-02
8.566353470087051392e-02
8.566353470087051392e-02
8.566353470087051392e-02
1.646386575885117054e-03
6.635694764554500580e-03
8.985326625406742096e-03
8.566353470087051392e-02
2.887051552534103394e-03
8.566353470087051392e-02
8.566353470087051392e-02
2.863602712750434875e-03
1.109543442726135254e-02
8.566353470087051392e-02
8.566353470087051392e-02
8.992318995296955109e-03
2.049128711223602295e-02
2.090036869049072266e-03
1.391171757131814957e-02
1.094478927552700043e-02
2.465531695634126663e-03
1.995681086555123329e-03
7.561505772173404694e-03
8.566353470087051392e-02
8.566353470087051392e-02
8.566353470087051392e-02
8.566353470087051392e-02
9.819479659199714661e-03
2.021380700170993805e-03
3.615673165768384933e-03
2.649745903909206390e-02
2.132611814886331558e-03
2.229887619614601135e-02
9.884890168905258179e-03
5.231580697000026703e-03
8.566353470087051392e-02
7.784115150570869446e-03
5.831506103277206421e-03
1.388425007462501526e-02
1.377036571502685547e-01
1.663336716592311859e-02
1.856180722825229168e-03
1.037944573909044266e-02
2.105360617861151695e-03
2.101102145388722420e-03
1.354519743472337723e-02
1.856315066106617451e-03
9.868126362562179565e-03
8.566353470087051392e-02
1.787559711374342442e-03
2.011876367032527924e-02
8.566353470087051392e-02
8.566353470087051392e-02
1.866785692982375622e-03
5.311698652803897858e-03
7.255760952830314636e-03
7.792386692017316818e-03
1.134767779149115086e-03
8.566353470087051392e-02
8.957448415458202362e-03
8.566353470087051392e-02
8.566353470087051392e-02
4.746323917061090469e-03
5.216546356678009033e-03
8.566353470087051392e-02
8.566353470087051392e-02
3.755720565095543861e-03
3.308151382952928543e-03
8.566353470087051392e-02
6.605303846299648285e-03
7.877124845981597900e-02
8.566353470087051392e-02
5.823812447488307953e-03
8.566353470087051392e-02
8.566353470087051392e-02
4.328880924731492996e-03
6.907700560986995697e-03
8.566353470087051392e-02
6.037561688572168350e-03
1.994316698983311653e-03
8.566353470087051392e-02
8.566353470087051392e-02
1.312461774796247482e-02
1.668753684498369694e-03
7.672995328903198242e-02
8.566353470087051392e-02
1.823418191634118557e-03
7.914060726761817932e-03
5.188894271850585938e-02
1.948818797245621681e-03
5.233980715274810791e-03
3.836454357951879501e-03
3.196058562025427818e-03
1.407867018133401871e-02
3.069340717047452927e-03
2.584324777126312256e-01
7.949996739625930786e-03
1.230247784405946732e-02
3.597728209570050240e-03
1.402732823044061661e-02
1.632180414162576199e-03
1.961207017302513123e-03
9.374076500535011292e-03
8.566353470087051392e-02
3.094230778515338898e-03
1.451200097799301147e-01
8.566353470087051392e-02
5.422204267233610153e-03
8.566353470087051392e-02
4.333141446113586426e-02
8.566353470087051392e-02
2.067054156213998795e-03
5.303647834807634354e-03
1.733225770294666290e-03
1.199126243591308594e-02
1.916493754833936691e-03
8.460794575512409210e-03
1.132371649146080017e-02
8.566353470087051392e-02
8.566353470087051392e-02
3.809575736522674561e-02
4.594083875417709351e-03
8.566353470087051392e-02
8.566353470087051392e-02
8.566353470087051392e-02
8.566353470087051392e-02
2.208078745752573013e-03
8.566353470087051392e-02
7.184799760580062866e-03
8.284057490527629852e-03
7.995808497071266174e-03
8.566353470087051392e-02
8.566353470087051392e-02
8.566353470087051392e-02
8.566353470087051392e-02
8.566353470087051392e-02
8.566353470087051392e-02
8.566353470087051392e-02
8.566353470087051392e-02
8.566353470087051392e-02
8.566353470087051392e-02
8.566353470087051392e-02
3.754504024982452393e-03
1.617616857402026653e-03
8.308118209242820740e-03
1.134843844920396805e-02
2.675310522317886353e-02
7.578005548566579819e-03
8.566353470087051392e-02
2.278265915811061859e-02
1.615203320980072021e-01
8.566353470087051392e-02
4.141645040363073349e-03
1.104665827006101608e-02
1.170479692518711090e-02
8.566353470087051392e-02
8.566353470087051392e-02
2.282740082591772079e-03
9.956516325473785400e-03
8.566353470087051392e-02
1.171439234167337418e-02
1.632959931157529354e-03
8.566353470087051392e-02
8.566353470087051392e-02
8.566353470087051392e-02
2.635757438838481903e-02
8.566353470087051392e-02
2.393638156354427338e-02
8.566353470087051392e-02
8.057922124862670898e-02
7.992873899638652802e-03
4.700424149632453918e-03
8.566353470087051392e-02
2.975101815536618233e-03
8.566353470087051392e-02
5.385875236243009567e-03
8.336613886058330536e-03
9.858588688075542450e-03
1.032583788037300110e-02
4.437022842466831207e-03
8.566353470087051392e-02
6.724919192492961884e-03
2.391216717660427094e-02
2.026316709816455841e-03
3.574312897399067879e-03
8.566353470087051392e-02
8.566353470087051392e-02
8.318338543176651001e-03
6.754336878657341003e-03
8.268915116786956787e-03
1.372186094522476196e-02
1.037837751209735870e-02
8.566353470087051392e-02
1.988600566983222961e-02
1.365343108773231506e-02
8.566353470087051392e-02
2.080869628116488457e-03
8.566353470087051392e-02
3.144922200590372086e-03
1.233000773936510086e-02
8.600910194218158722e-03
2.472429350018501282e-02
6.634717341512441635e-03
4.655004013329744339e-03
2.757694572210311890e-03
8.451331406831741333e-03
4.512745887041091919e-03
3.414972219616174698e-03
6.725476123392581940e-03
8.566353470087051392e-02
1.037449808791279793e-03
8.566353470087051392e-02
8.566353470087051392e-02
5.612770095467567444e-02
7.531285751610994339e-03
4.540528170764446259e-03
8.566353470087051392e-02
8.566353470087051392e-02
3.180508688092231750e-02
2.101157093420624733e-03
1.312471344135701656e-03
8.566353470087051392e-02
2.762243151664733887e-03
1.412271056324243546e-03
4.610672593116760254e-03
8.566353470087051392e-02
8.566353470087051392e-02
2.011979697272181511e-03
8.102647028863430023e-03
7.137704640626907349e-03
3.460730984807014465e-02
2.034871373325586319e-03
8.566353470087051392e-02
8.566353470087051392e-02
2.801179140806198120e-02
5.200526677072048187e-03
6.433352362364530563e-03
5.743059329688549042e-03
1.156402844935655594e-02
4.865816794335842133e-03
2.036056667566299438e-01
1.391704287379980087e-02
8.566353470087051392e-02
2.992619527503848076e-03
6.590892560780048370e-03
1.434534881263971329e-02
1.094145402312278748e-01
8.566353470087051392e-02
8.566353470087051392e-02
7.903805933892726898e-03
2.716541755944490433e-03
2.844025148078799248e-03
5.213021300733089447e-03
3.034849651157855988e-02
1.576554626226425171e-01
8.537756279110908508e-03
1.093760132789611816e-02
3.370691556483507156e-03
2.349761780351400375e-03
1.534635107964277267e-02
2.466980833560228348e-03
5.213992297649383545e-02
4.226526618003845215e-02
3.552502254024147987e-03
8.566353470087051392e-02
1.087786909192800522e-02
1.169555541127920151e-02
2.536746114492416382e-02
2.388262189924716949e-03
3.896523267030715942e-03
8.566353470087051392e-02
5.746879056096076965e-02
1.212122966535389423e-03
1.544691622257232666e-02
6.976855918765068054e-03
8.566353470087051392e-02
3.568697720766067505e-02
8.021538145840167999e-03
6.632502190768718719e-03
4.762823507189750671e-02
9.076644666492938995e-03
9.136716835200786591e-03
9.258648380637168884e-03
2.166227903217077255e-03
1.354550942778587341e-02
1.635015825740993023e-03
5.996983498334884644e-03
3.537578275427222252e-03
2.810968644917011261e-02
3.517267759889364243e-03
8.566353470087051392e-02
3.009998472407460213e-03
4.420200362801551819e-02
4.331915173679590225e-03
3.163838982582092285e-01
2.014770638197660446e-03
1.393806189298629761e-03
2.071995139122009277e-01
8.913169614970684052e-03
3.547510504722595215e-02
4.378295969218015671e-03
5.415802821516990662e-03
6.475741043686866760e-03
8.566353470087051392e-02
2.050187438726425171e-03
6.966523360460996628e-03
2.644722349941730499e-03
7.753904443234205246e-03
8.566353470087051392e-02
1.952281594276428223e-02
2.091739093884825706e-03
6.930720526725053787e-03
5.661215167492628098e-03
2.562648057937622070e-02
3.711647819727659225e-03
8.566353470087051392e-02
3.194749588146805763e-03
3.929147031158208847e-03
8.566353470087051392e-02
3.256793133914470673e-03
4.719442222267389297e-03
5.968643352389335632e-03
1.676679821684956551e-03
3.007601946592330933e-02
8.566353470087051392e-02
4.583167843520641327e-03
6.255809217691421509e-03
3.657055087387561798e-03
1.896254159510135651e-02
8.566353470087051392e-02
1.691133249551057816e-03
2.091650618240237236e-03
1.073214970529079437e-02
3.547596978023648262e-03
1.301346905529499054e-02
5.581150297075510025e-03
8.566353470087051392e-02
7.586778141558170319e-03
8.117940276861190796e-03
4.635989200323820114e-03
7.772714365273714066e-03
8.566353470087051392e-02
9.069125168025493622e-03
2.040245803073048592e-03
8.271496742963790894e-03
1.371397729963064194e-02
7.593250367790460587e-03
4.701370373368263245e-03
8.068564347922801971e-03
2.957472577691078186e-03
8.566353470087051392e-02
7.437720429152250290e-03
1.108449418097734451e-02
8.566353470087051392e-02
1.926040742546319962e-03
9.011107496917247772e-03
6.294785998761653900e-03
5.265796184539794922e-02
5.218796432018280029e-03
8.566353470087051392e-02
2.703252714127302170e-03
6.005900725722312927e-02
2.119047334417700768e-03
5.497091915458440781e-03
1.047376077622175217e-02
1.064569316804409027e-02
5.936230067163705826e-03
4.608870297670364380e-02
5.453194025903940201e-03
8.566353470087051392e-02
8.566353470087051392e-02
2.089586341753602028e-03
8.566353470087051392e-02
6.736328452825546265e-02
2.366031520068645477e-03
4.069940652698278427e-03
6.217767950147390366e-03
1.913253800012171268e-03
8.566353470087051392e-02
1.446820236742496490e-02
2.518554916605353355e-03
7.412631530314683914e-03
1.629718765616416931e-02
3.374431654810905457e-02
8.566353470087051392e-02
1.209925115108489990e-02
9.725186973810195923e-03
8.566353470087051392e-02
8.566353470087051392e-02
7.345589809119701385e-03
7.120798807591199875e-03
7.158842869102954865e-03
3.093157196417450905e-03
2.922868821769952774e-03
4.579633940011262894e-03
4.001555033028125763e-03
8.222270756959915161e-03
3.271879861131310463e-03
8.566353470087051392e-02
8.566353470087051392e-02
8.566353470087051392e-02
1.828399021178483963e-03
4.735616967082023621e-02
3.481777757406234741e-02
8.566353470087051392e-02
1.045683212578296661e-02
3.037630114704370499e-03
8.029825240373611450e-02
1.933973580598831177e-01
8.566353470087051392e-02
6.675229407846927643e-03
8.566353470087051392e-02
8.566353470087051392e-02
8.566353470087051392e-02
8.566353470087051392e-02
2.812783792614936829e-02
4.352989606559276581e-03
1.024025827646255493e-01
3.882792545482516289e-03
2.219405490905046463e-03
2.386081963777542114e-03
2.920947736129164696e-03
1.416503190994262695e-01
8.566353470087051392e-02
8.566353470087051392e-02
6.516495719552040100e-03
4.533219151198863983e-03
1.193344965577125549e-02
4.908388480544090271e-03
5.642341915518045425e-03
8.566353470087051392e-02
6.024516373872756958e-02
5.373888183385133743e-03
8.566353470087051392e-02
6.042683497071266174e-03
3.403576323762536049e-03
8.566353470087051392e-02
1.595292240381240845e-02
8.566353470087051392e-02
8.566353470087051392e-02
2.500583184882998466e-03
1.967581687495112419e-03
8.566353470087051392e-02
6.636860780417919159e-03
1.650465279817581177e-02
2.980942651629447937e-02
1.463496591895818710e-03
4.005395807325839996e-03
3.672927850857377052e-03
6.124812643975019455e-03
2.545818220824003220e-03
1.982996240258216858e-03
8.566353470087051392e-02
5.338072404265403748e-02
3.595105139538645744e-03
1.892732921987771988e-03
8.566353470087051392e-02
1.975878374651074409e-03
5.637809168547391891e-03
1.097444165498018265e-02
5.384217947721481323e-03
3.398664528504014015e-03
1.702664885669946671e-03
2.161326631903648376e-02
8.566353470087051392e-02
8.065409027040004730e-03
1.074905693531036377e-02
1.633125706575810909e-03
8.566353470087051392e-02
8.566353470087051392e-02
4.576424602419137955e-03
8.566353470087051392e-02
8.566353470087051392e-02
4.026845563203096390e-03
8.566353470087051392e-02
5.393605213612318039e-03
1.849656226113438606e-03
8.566353470087051392e-02
8.081761188805103302e-03
6.298554129898548126e-03
1.529562100768089294e-02
8.566353470087051392e-02
3.853538306429982185e-03
1.858871895819902420e-03
1.489074202254414558e-03
2.023612614721059799e-03
8.566353470087051392e-02
9.876348078250885010e-03
1.950557460077106953e-03
2.177187008783221245e-03
8.566353470087051392e-02
1.480434788390994072e-03
1.470524352043867111e-02
1.374935358762741089e-02
2.336649456992745399e-03
4.235020838677883148e-03
7.345204241573810577e-03
3.040890023112297058e-02
8.566353470087051392e-02
1.400847267359495163e-02
1.054955832660198212e-02
3.142528235912322998e-03
4.318241495639085770e-03
7.099509704858064651e-03
8.566353470087051392e-02
8.566353470087051392e-02
2.067077672109007835e-03
8.566353470087051392e-02
3.558121994137763977e-02
8.566353470087051392e-02
2.987434156239032745e-03
4.111272282898426056e-03
4.654636234045028687e-02
3.372334316372871399e-02
4.233618080615997314e-02
3.584475954994559288e-03
6.016465369611978531e-03
8.566353470087051392e-02
8.566353470087051392e-02
8.044294081628322601e-03
1.558584976010024548e-03
8.566353470087051392e-02
8.566353470087051392e-02
8.566353470087051392e-02
1.665444672107696533e-02
6.386856548488140106e-03
8.566353470087051392e-02
1.718172430992126465e-02
7.953747175633907318e-03
1.392970420420169830e-02
8.566353470087051392e-02
2.090613823384046555e-03
7.595252245664596558e-03
5.357634276151657104e-03
2.744336426258087158e-01
7.501704990863800049e-02
7.588763535022735596e-02
9.315736591815948486e-03
3.113352227956056595e-03
6.920882035046815872e-03
4.338297527283430099e-03
9.242217056453227997e-03
8.566353470087051392e-02
3.469748049974441528e-02
5.143376998603343964e-03
5.205366294831037521e-03
1.838424592278897762e-03
6.502396427094936371e-03
1.672096364200115204e-02
2.254127291962504387e-03
2.019541570916771889e-03
1.227588043548166752e-03
5.880703218281269073e-03
9.866868145763874054e-03
4.164689686149358749e-03
2.949890680611133575e-03
3.533476963639259338e-02
7.674193475395441055e-03
1.035831216722726822e-02
2.372768474742770195e-03
2.052513696253299713e-02
4.767881333827972412e-02
8.566353470087051392e-02
5.608138814568519592e-02
4.817153327167034149e-03
3.674606559798121452e-03
2.964071463793516159e-03
4.065277520567178726e-03
4.982321523129940033e-03
2.185419201850891113e-03
6.137673277407884598e-03
1.796964905224740505e-03
8.369131945073604584e-03
1.728447270579636097e-03
7.998483255505561829e-03
2.310214797034859657e-03
8.566353470087051392e-02
9.339526295661926270e-03
1.204110030084848404e-02
8.566353470087051392e-02
5.689536686986684799e-03
1.852793968282639980e-03
7.061139494180679321e-02
8.566353470087051392e-02
1.495189592242240906e-02
4.477176815271377563e-02
9.251626208424568176e-03
1.448236405849456787e-02
2.200501505285501480e-03
9.253943338990211487e-03
9.453768841922283173e-03
5.812746472656726837e-03
7.632224820554256439e-03
4.658891819417476654e-03
8.566353470087051392e-02
2.476327121257781982e-03
7.352752145379781723e-03
1.729333586990833282e-02
2.927148016169667244e-03
8.566353470087051392e-02
8.288862183690071106e-03
8.566353470087051392e-02
4.057776182889938354e-03
1.809001667425036430e-03
8.566353470087051392e-02
5.046319216489791870e-03
2.704444807022809982e-03
7.996292784810066223e-03
6.783406715840101242e-03
2.108818292617797852e-02
3.713572164997458458e-03
1.626209914684295654e-02
3.990617580711841583e-03
7.874668575823307037e-03
2.268755109980702400e-03
9.159529581665992737e-03
8.566353470087051392e-02
8.566353470087051392e-02
8.566353470087051392e-02
8.566353470087051392e-02
1.387874688953161240e-02
2.674302645027637482e-02
1.884668134152889252e-02
8.566353470087051392e-02
4.449729342013597488e-03
8.566353470087051392e-02
1.641594571992754936e-03
1.045438088476657867e-02
5.075479391962289810e-03
2.572377445176243782e-03
4.661851562559604645e-03
8.566353470087051392e-02
1.364651694893836975e-02
9.401134215295314789e-03
2.043643733486533165e-03
8.566353470087051392e-02
4.259769804775714874e-03
1.935102744027972221e-03
8.934631943702697754e-03
1.862028497271239758e-03
2.328147878870368004e-03
1.563946530222892761e-02
8.566353470087051392e-02
1.139348279684782028e-02
1.410001702606678009e-02
2.538101049140095711e-03
3.487301245331764221e-02
2.385078696534037590e-03
2.520575188100337982e-03
2.838193206116557121e-03
8.566353470087051392e-02
8.566353470087051392e-02
8.566353470087051392e-02
2.144191879779100418e-03
6.442883983254432678e-03
8.566353470087051392e-02
1.617584191262722015e-02
2.246597316116094589e-03
2.115646144375205040e-03
2.289676107466220856e-03
8.054612204432487488e-03
9.254604578018188477e-02
3.100479580461978912e-02
1.882564648985862732e-02
3.154291072860360146e-03
1.829321309924125671e-02
2.178614959120750427e-03
8.566353470087051392e-02
6.442401558160781860e-03
8.566353470087051392e-02
1.253147027455270290e-03
1.084186509251594543e-02
7.981346920132637024e-03
2.694295952096581459e-03
2.248566132038831711e-03
1.881277002394199371e-02
2.034298144280910492e-03
7.886773906648159027e-03
8.566353470087051392e-02
6.089773774147033691e-02
4.624686669558286667e-03
2.149648731574416161e-03
8.566353470087051392e-02
3.547030966728925705e-03
2.121200412511825562e-02
3.744994476437568665e-02
1.301820739172399044e-03
1.351961493492126465e-02
8.566353470087051392e-02
4.460779950022697449e-03
1.641714759171009064e-02
8.566353470087051392e-02
2.553458511829376221e-02
2.019741339609026909e-03
8.566353470087051392e-02
3.926621377468109131e-02
1.273972564376890659e-03
1.865464146248996258e-03
1.628951285965740681e-03
8.566353470087051392e-02
4.012262914329767227e-03
3.745796158909797668e-03
2.534879837185144424e-03
2.670176792889833450e-03
8.566353470087051392e-02
8.566353470087051392e-02
4.202359821647405624e-03
8.566353470087051392e-02
2.000289037823677063e-02
2.405167371034622192e-02
1.337579078972339630e-02
2.294624689966440201e-03
6.375458091497421265e-03
6.220443639904260635e-03
8.566353470087051392e-02
6.400660611689090729e-03
3.186934161931276321e-03
2.543686889111995697e-03
3.500808961689472198e-03
8.566353470087051392e-02
1.501939375884830952e-03
8.566353470087051392e-02
8.566353470087051392e-02
7.382694166153669357e-03
3.939422313123941422e-03
1.915119402110576630e-02
3.784314030781388283e-03
7.720056455582380295e-03
2.411088906228542328e-03
8.566353470087051392e-02
8.885391056537628174e-03
2.344877086579799652e-02
6.673283129930496216e-02
8.566353470087051392e-02
1.067203748971223831e-02
8.566353470087051392e-02
3.776239231228828430e-02
6.229806225746870041e-03
4.552499391138553619e-03
8.566353470087051392e-02
1.238489407114684582e-03
1.938975299708545208e-03
2.206946723163127899e-03
1.582656172104179859e-03
2.113823778927326202e-03
1.268179900944232941e-02
3.935112152248620987e-03
1.432308810763061047e-03
1.823168061673641205e-02
8.566353470087051392e-02
8.566353470087051392e-02
2.958552679046988487e-03
8.566353470087051392e-02
1.932549756020307541e-03
1.419840566813945770e-02
8.566353470087051392e-02
4.881246015429496765e-02
3.857920691370964050e-02
8.566353470087051392e-02
1.349859056062996387e-03
3.954565618187189102e-03
3.721215529367327690e-03
1.324624847620725632e-02
5.167995579540729523e-03
6.036794744431972504e-03
5.434337537735700607e-03
3.917922731488943100e-03
8.566353470087051392e-02
2.233966952189803123e-03
1.181134488433599472e-03
1.864322694018483162e-03
1.808555796742439270e-03
7.259749341756105423e-03
5.534700118005275726e-03
9.002620354294776917e-03
1.441253442317247391e-02
8.566353470087051392e-02
2.340458566322922707e-03
8.566353470087051392e-02
3.110944991931319237e-03
8.566353470087051392e-02
7.295412011444568634e-03
1.317652175202965736e-03
8.566353470087051392e-02
8.566353470087051392e-02
8.566353470087051392e-02
4.259402304887771606e-02
2.732848050072789192e-03
6.437474396079778671e-03
8.566353470087051392e-02
1.593259046785533428e-03
8.566353470087051392e-02
7.560027763247489929e-03
2.606988511979579926e-02
8.464543521404266357e-02
1.034851185977458954e-02
1.169250346720218658e-02
8.566353470087051392e-02
9.462140500545501709e-03
2.022039890289306641e-01
6.031501106917858124e-03
8.566353470087051392e-02
1.085049007087945938e-02
2.651122165843844414e-03
1.641799509525299072e-02
8.566353470087051392e-02
2.531825331971049309e-03
4.723432939499616623e-03
6.230691913515329361e-03
9.962316602468490601e-02
8.566353470087051392e-02
1.444458682090044022e-02
2.455434994772076607e-03
1.601713337004184723e-02
8.566353470087051392e-02
1.252122037112712860e-02
9.358533658087253571e-03
1.042067818343639374e-02
1.791618647985160351e-03
3.699299180880188942e-03
1.929587684571743011e-03
2.219510264694690704e-03
2.672967966645956039e-03
8.566353470087051392e-02
4.215916153043508530e-03
2.569071575999259949e-02
1.077182125300168991e-02
3.146018460392951965e-02
8.566353470087051392e-02
2.308146329596638680e-03
1.458322163671255112e-03
1.144127994775772095e-01
8.566353470087051392e-02
8.566353470087051392e-02
2.616418991237878799e-03
2.465624175965785980e-02
4.735049791634082794e-03
3.161126514896750450e-03
7.354597095400094986e-03
8.566353470087051392e-02
8.566353470087051392e-02
8.566353470087051392e-02
1.123671233654022217e-02
7.234794087707996368e-03
5.161559209227561951e-03
1.305963657796382904e-02
8.566353470087051392e-02
6.046332418918609619e-03
1.176623813807964325e-02
8.037162944674491882e-03
6.408331450074911118e-03
3.764256462454795837e-02
8.566353470087051392e-02
1.275941613130271435e-03
7.318329531699419022e-03
9.669051319360733032e-02
8.566353470087051392e-02
1.570516824722290039e-02
8.566353470087051392e-02
2.082512015476822853e-03
2.894826931878924370e-03
8.566353470087051392e-02
8.566353470087051392e-02
8.566353470087051392e-02
1.417379593476653099e-03
2.864516526460647583e-02
1.862133666872978210e-02
8.813462220132350922e-03
4.437302704900503159e-03
8.566353470087051392e-02
2.204829594120383263e-03
1.632486842572689056e-02
8.566353470087051392e-02
2.042617881670594215e-03
8.646965026855468750e-03
7.768030744045972824e-03
1.610724069178104401e-02
5.981072783470153809e-03
1.994707854464650154e-03
8.566353470087051392e-02
2.040512626990675926e-03
1.328769698739051819e-02
9.165940806269645691e-03
8.566353470087051392e-02
1.423224341124296188e-02
4.486856982111930847e-03
1.985006267204880714e-03
6.531057879328727722e-03
5.625654011964797974e-03
2.297793747857213020e-03
3.482544422149658203e-02
3.887961432337760925e-02
8.320907130837440491e-03
2.022749977186322212e-03
2.780955098569393158e-02
8.566353470087051392e-02
8.566353470087051392e-02
7.509532850235700607e-03
3.589365631341934204e-03
9.926525875926017761e-03
8.566353470087051392e-02
3.306373488157987595e-03
4.902543500065803528e-03
7.410547696053981781e-03
2.591346623376011848e-03
2.450153464451432228e-03
2.738883253186941147e-03
6.322481483221054077e-02
2.486391179263591766e-02
8.566353470087051392e-02
6.307872477918863297e-03
2.074183896183967590e-03
8.566353470087051392e-02
7.295809220522642136e-03
2.347942627966403961e-02
2.362218219786882401e-03
4.947481211274862289e-03
8.566353470087051392e-02
8.566353470087051392e-02
1.429943274706602097e-02
6.408653687685728073e-03
4.369794856756925583e-03
2.377584110945463181e-03
4.089584108442068100e-03
5.153385456651449203e-03
6.981357000768184662e-03
1.224543247371912003e-02
4.987752065062522888e-03
8.566353470087051392e-02
2.128401771187782288e-03
3.852950641885399818e-03
6.661572027951478958e-03
2.387581393122673035e-02
2.683466533198952675e-03
7.987983524799346924e-03
1.114401407539844513e-02
3.342404728755354881e-03
1.366610405966639519e-03
4.987165331840515137e-03
1.424050051718950272e-02
3.942314069718122482e-03
7.035809569060802460e-03
1.717966748401522636e-03
2.950217574834823608e-03
1.625777920708060265e-03
2.002820605412125587e-03
8.566353470087051392e-02
3.795430762693285942e-03
3.163241595029830933e-02
8.566353470087051392e-02
9.676606394350528717e-03
1.228507887572050095e-02
8.566353470087051392e-02
8.566353470087051392e-02
8.566353470087051392e-02
8.566353470087051392e-02
8.922682143747806549e-03
1.334235537797212601e-02
8.566353470087051392e-02
4.068176262080669403e-03
6.973179522901773453e-03
8.566353470087051392e-02
8.566353470087051392e-02
8.566353470087051392e-02
2.782112360000610352e-02
5.102705210447311401e-03
8.014768362045288086e-03
8.566353470087051392e-02
8.566353470087051392e-02
3.071547718718647957e-03
6.352412514388561249e-03
2.130134031176567078e-03
8.566353470087051392e-02
3.941359464079141617e-03
1.913483999669551849e-02
1.543916063383221626e-03
9.203468449413776398e-03
4.154211375862360001e-03
1.416209153831005096e-03
5.176784936338663101e-03
1.885251104831695557e-01
8.022236078977584839e-02
4.144860059022903442e-02
2.550712320953607559e-03
2.327470034360885620e-01
3.253088332712650299e-03
6.706216186285018921e-02
4.486789461225271225e-03
4.975393414497375488e-03
1.332635711878538132e-02
5.057938862591981888e-03
5.909460596740245819e-03
6.247363518923521042e-03
1.377066224813461304e-02
8.566353470087051392e-02
3.125497838482260704e-03
1.373764011077582836e-03
4.311227239668369293e-03
8.566353470087051392e-02
5.310338456183671951e-03
8.566353470087051392e-02
2.672073198482394218e-03
6.010460667312145233e-03
1.577302441000938416e-02
1.270414795726537704e-02
1.722647063434123993e-02
1.119308359920978546e-02
5.688816308975219727e-03
8.461566269397735596e-02
2.948132809251546860e-03
1.205825130455195904e-03
3.129177028313279152e-03
1.483861077576875687e-02
1.746384543366730213e-03
5.169726908206939697e-03
8.199507370591163635e-03
2.094009658321738243e-03
9.533267468214035034e-03
4.832316655665636063e-03
8.566353470087051392e-02
6.750741973519325256e-03
8.566353470087051392e-02
3.358813934028148651e-03
3.595226677134633064e-03
7.791547570377588272e-03
8.566353470087051392e-02
8.721540682017803192e-03
8.566353470087051392e-02
8.566353470087051392e-02
8.566353470087051392e-02
1.274491427466273308e-03
2.156590577214956284e-03
1.649398240260779858e-03
8.566353470087051392e-02
1.664307340979576111e-02
1.044464763253927231e-02
2.502590650692582130e-03
5.538979917764663696e-02
1.248531322926282883e-02
2.139600738883018494e-02
8.566353470087051392e-02
3.963510505855083466e-03
1.478963810950517654e-02
1.587157021276652813e-03
8.566353470087051392e-02
8.566353470087051392e-02
2.188529446721076965e-02
4.399279598146677017e-03
2.884485758841037750e-03
8.566353470087051392e-02
3.270303132012486458e-03
4.140791669487953186e-02
6.154272239655256271e-03
1.203253213316202164e-02
1.489768503233790398e-03
3.934321459382772446e-03
2.043689601123332977e-02
1.531327702105045319e-02
4.270539153367280960e-03
8.566353470087051392e-02
8.566353470087051392e-02
4.125933162868022919e-03
8.660092018544673920e-03
5.263064801692962646e-02
1.926017808727920055e-03
8.566353470087051392e-02
8.348622359335422516e-03
8.460558950901031494e-03
3.501811064779758453e-03
8.566353470087051392e-02
3.228354267776012421e-03
8.391302078962326050e-03
3.033234504982829094e-03
4.133556038141250610e-03
8.566353470087051392e-02
8.566353470087051392e-02
2.326219715178012848e-02
2.494454616680741310e-03
2.042190404608845711e-03
3.021110547706484795e-03
2.019791398197412491e-03
8.566353470087051392e-02
9.832589887082576752e-03
2.046775538474321365e-03
4.742996767163276672e-02
1.182330586016178131e-02
8.566353470087051392e-02
2.023094892501831055e-02
8.566353470087051392e-02
8.205492980778217316e-03
1.878720335662364960e-02
5.831005983054637909e-03
3.107677772641181946e-02
2.010233234614133835e-03
8.566353470087051392e-02
2.950728405267000198e-03
8.566353470087051392e-02
2.651084773242473602e-02
8.566353470087051392e-02
8.566353470087051392e-02
4.110680893063545227e-03
1.187059190124273300e-02
8.566353470087051392e-02
1.408205274492502213e-02
1.930611790157854557e-03
4.139810334891080856e-03
2.368083223700523376e-03
8.953385055065155029e-03
4.448739066720008850e-02
2.197437547147274017e-02
7.266298867762088776e-03
1.751153916120529175e-01
1.256080111488699913e-03
1.264150813221931458e-02
2.357313223183155060e-02
1.220787409693002701e-02
2.420675475150346756e-03
1.043355762958526611e-01
1.951252925209701061e-03
2.149324631318449974e-03
9.970274753868579865e-03
2.070899587124586105e-03
2.486821729689836502e-03
8.566353470087051392e-02
1.547950878739356995e-02
8.566353470087051392e-02
8.407022058963775635e-02
2.051974413916468620e-03
8.566353470087051392e-02
6.021429784595966339e-03
1.113518886268138885e-02
2.533645601943135262e-03
4.904023371636867523e-03
3.160093724727630615e-02
2.099300269037485123e-03
5.525807384401559830e-03
1.418668776750564575e-01
8.566353470087051392e-02
4.207193851470947266e-02
1.403279602527618408e-02
2.661155769601464272e-03
3.830698318779468536e-03
8.566353470087051392e-02
2.138859359547495842e-03
8.773081935942173004e-03
1.069149281829595566e-02
1.450897008180618286e-01
1.820391044020652771e-03
1.577332802116870880e-02
2.585379639640450478e-03
1.401153393089771271e-03
8.692520670592784882e-03
2.441007643938064575e-03
8.566353470087051392e-02
1.071001403033733368e-02
1.235789433121681213e-02
1.876977737993001938e-03
1.118001993745565414e-03
4.121881350874900818e-02
5.110666155815124512e-03
1.997343730181455612e-03
1.982265850529074669e-03
4.422071389853954315e-03
1.288139820098876953e-02
8.566353470087051392e-02
2.127865096554160118e-03
5.127733573317527771e-03
4.320809151977300644e-03
1.298459898680448532e-02
8.566353470087051392e-02
8.566353470087051392e-02
8.566353470087051392e-02
1.693552359938621521e-03
8.566353470087051392e-02
5.635906010866165161e-03
3.213266376405954361e-03
2.398396143689751625e-03
1.750767976045608521e-02
8.566353470087051392e-02
8.487722836434841156e-03
5.358998663723468781e-03
2.009701216593384743e-03
4.546665400266647339e-02
1.103398017585277557e-02
5.557390395551919937e-03
8.566353470087051392e-02
4.580995067954063416e-03
8.566353470087051392e-02
8.566353470087051392e-02
6.828218698501586914e-03
8.566353470087051392e-02
1.664064591750502586e-03
5.701483227312564850e-03
8.566353470087051392e-02
5.627323873341083527e-03
1.019716914743185043e-02
1.203226577490568161e-02
3.187148645520210266e-02
2.945290179923176765e-03
1.586292684078216553e-02
6.255608052015304565e-03
8.566353470087051392e-02
1.000057533383369446e-02
4.643439315259456635e-03
1.906063989736139774e-03
9.946340695023536682e-03
8.566353470087051392e-02
2.172335051000118256e-03
2.357824938371777534e-03
8.257176727056503296e-03
1.264238264411687851e-03
8.566353470087051392e-02
8.566353470087051392e-02
1.243566977791488171e-03
4.459763877093791962e-03
5.366934929043054581e-03
7.229641545563936234e-03
8.330103941261768341e-03
1.879405579529702663e-03
1.042920351028442383e-02
4.475982394069433212e-03
4.255172796547412872e-03
7.831853814423084259e-03
8.566353470087051392e-02
8.566353470087051392e-02
8.566353470087051392e-02
3.144387900829315186e-02
1.392062404192984104e-03
3.664089832454919815e-03
9.815724566578865051e-03
1.681445166468620300e-03
4.722682759165763855e-02
5.099290236830711365e-02
1.175538729876279831e-02
2.033696044236421585e-03
3.692290047183632851e-03
1.626746496185660362e-03
4.201936535537242889e-03
1.035960298031568527e-02
5.107902735471725464e-02
3.071508370339870453e-03
1.533715985715389252e-02
1.953665167093276978e-03
1.609573373571038246e-03
2.618111902847886086e-03
7.234164047986268997e-03
9.643333964049816132e-03
8.566353470087051392e-02
9.483478032052516937e-03
1.741407206282019615e-03
8.566353470087051392e-02
1.496586482971906662e-02
6.400551181286573410e-03
8.566353470087051392e-02
8.566353470087051392e-02
8.566353470087051392e-02
3.646137658506631851e-03
8.566353470087051392e-02
3.969386219978332520e-03
1.561139617115259171e-02
4.521741066128015518e-03
1.912592095322906971e-03
6.816990673542022705e-03
7.436632644385099411e-03
8.126419037580490112e-03
5.518946424126625061e-02
1.315690949559211731e-02
1.042141113430261612e-02
2.747953310608863831e-02
8.566353470087051392e-02
8.566353470087051392e-02
3.248400613665580750e-02
8.566353470087051392e-02
8.566353470087051392e-02
3.285961225628852844e-03
6.601302884519100189e-03
1.269148080609738827e-03
8.566353470087051392e-02
1.629043603315949440e-03
2.607009839266538620e-03
4.659991338849067688e-02
2.176464069634675980e-03
8.566353470087051392e-02
8.566353470087051392e-02
8.215165697038173676e-03
8.566353470087051392e-02
8.547473698854446411e-03
1.866951002739369869e-03
8.566353470087051392e-02
4.963799379765987396e-03
8.566353470087051392e-02
1.072931569069623947e-02
8.468063175678253174e-02
1.251382231712341309e-01
5.675639957189559937e-03
8.566353470087051392e-02
1.329669496044516563e-03
9.094104170799255371e-03
1.375163905322551727e-03
8.566353470087051392e-02
9.780684486031532288e-03
8.948342874646186829e-03
3.515209304168820381e-03
8.566353470087051392e-02
1.933671906590461731e-02
8.566353470087051392e-02
1.758308522403240204e-02
2.632462652400135994e-03
3.312759334221482277e-03
1.010195259004831314e-02
8.837387897074222565e-03
6.739611737430095673e-03
1.614257344044744968e-03
8.566353470087051392e-02
4.397746641188859940e-03
5.047255195677280426e-03
8.566353470087051392e-02
8.566353470087051392e-02
8.566353470087051392e-02
4.584381822496652603e-03
8.566353470087051392e-02
3.087445627897977829e-03
2.128353109583258629e-03
8.566353470087051392e-02
1.023308746516704559e-02
2.001302782446146011e-03
6.667250767350196838e-03
1.218475680798292160e-02
2.074760384857654572e-02
8.566353470087051392e-02
1.444751303642988205e-02
1.468909787945449352e-03
6.047416012734174728e-03
8.566353470087051392e-02
1.669688150286674500e-02
8.566353470087051392e-02
4.034335166215896606e-02
4.919806495308876038e-03
8.600166067481040955e-03
8.566353470087051392e-02
8.566353470087051392e-02
1.789089292287826538e-03
8.566353470087051392e-02
1.637583365663886070e-03
8.265877142548561096e-03
5.452154669910669327e-03
1.928939367644488811e-03
8.566353470087051392e-02
5.181870236992835999e-02
1.029031164944171906e-02
4.695902112871408463e-03
2.145063132047653198e-03
8.266971260309219360e-02
8.566353470087051392e-02
2.772320294752717018e-03
4.069816786795854568e-03
8.566353470087051392e-02
7.246558088809251785e-03
8.566353470087051392e-02
5.326419603079557419e-03
1.683664508163928986e-03
2.665540669113397598e-03
4.833266139030456543e-03
1.493752002716064453e-02
4.106176085770130157e-03
2.265395363792777061e-03
2.583316061645746231e-03
3.108101198449730873e-03
8.566353470087051392e-02
6.038565654307603836e-03
1.510902657173573971e-03
8.566353470087051392e-02
2.478245645761489868e-03
1.572987181134521961e-03
8.268734440207481384e-03
8.566353470087051392e-02
6.974117830395698547e-03
4.307704046368598938e-03
1.433670055121183395e-03
8.566353470087051392e-02
5.166140384972095490e-03
2.355662407353520393e-03
2.019288018345832825e-02
8.566353470087051392e-02
3.273416543379426003e-03
1.382130431011319160e-03
1.157268648967146873e-03
3.616166301071643829e-03
6.925199180841445923e-03
8.566353470087051392e-02
8.566353470087051392e-02
2.018333878368139267e-03
5.360737908631563187e-03
8.566353470087051392e-02
7.503688335418701172e-03
8.566353470087051392e-02
3.533696290105581284e-03
9.492207318544387817e-03
1.786340842954814434e-03
3.236026503145694733e-03
7.286359090358018875e-03
7.825919426977634430e-03
8.566353470087051392e-02
8.869132958352565765e-03
1.810938469134271145e-03
7.443801965564489365e-03
2.310298755764961243e-02
1.989644253626465797e-03
1.663416996598243713e-02
2.224322175607085228e-03
1.350453868508338928e-02
1.224140822887420654e-02
8.703370578587055206e-03
8.566353470087051392e-02
8.566353470087051392e-02
8.566353470087051392e-02
7.937971502542495728e-03
2.176761394366621971e-03
8.566353470087051392e-02
5.330041050910949707e-02
8.566353470087051392e-02
1.804415881633758545e-02
1.956551335752010345e-03
3.152453573420643806e-03
1.416171714663505554e-02
7.870929315686225891e-03
2.083673607558012009e-03
8.566353470087051392e-02
2.089898567646741867e-03
8.566353470087051392e-02
8.566353470087051392e-02
8.566353470087051392e-02
8.566353470087051392e-02
9.413425810635089874e-03
8.566353470087051392e-02
3.400761634111404419e-02
5.948130507022142410e-03
8.566353470087051392e-02
4.003478679805994034e-03
5.728263873606920242e-03
2.545521594583988190e-03
5.837685428559780121e-03
1.011757180094718933e-02
6.362033542245626450e-03
1.449085306376218796e-02
2.381875645369291306e-03
4.735670052468776703e-03
8.566353470087051392e-02
8.566353470087051392e-02
4.361038096249103546e-03
8.566353470087051392e-02
6.025997456163167953e-03
1.002561766654253006e-02
2.965307561680674553e-03
1.720545440912246704e-02
1.909771468490362167e-03
8.566353470087051392e-02
2.460050629451870918e-03
3.119240282103419304e-03
1.045880489982664585e-03
8.019812405109405518e-03
1.079339720308780670e-02
9.532241150736808777e-03
8.566353470087051392e-02
2.572470344603061676e-03
8.566353470087051392e-02
2.081200247630476952e-03
1.781111210584640503e-02
1.985976705327630043e-03
2.516291802749037743e-03
8.472130633890628815e-03
5.338326562196016312e-03
1.119428686797618866e-02
8.566353470087051392e-02
8.566353470087051392e-02
1.806682348251342773e-02
8.566353470087051392e-02
9.842446073889732361e-03
8.566353470087051392e-02
2.753028878942131996e-03
8.566353470087051392e-02
6.194096524268388748e-03
1.391969993710517883e-02
8.566353470087051392e-02
1.334880385547876358e-02
2.782296622171998024e-03
8.566353470087051392e-02
4.978592973202466965e-03
1.535617629997432232e-03
1.926062628626823425e-03
9.051816910505294800e-02
5.709544289857149124e-03
2.122571505606174469e-02
8.566353470087051392e-02
1.307121594436466694e-03
8.566353470087051392e-02
8.566353470087051392e-02
1.689631608314812183e-03
2.514894492924213409e-02
1.484159030951559544e-03
1.652063103392720222e-03
2.977175712585449219e-01
3.136176168918609619e-01
5.367283243685960770e-03
8.566353470087051392e-02
2.583977067843079567e-03
1.605063909664750099e-03
2.847755327820777893e-02
1.628593890927731991e-03
8.566353470087051392e-02
4.062359780073165894e-02
8.566353470087051392e-02
6.821428425610065460e-03
2.580115105956792831e-03
8.566353470087051392e-02
8.566353470087051392e-02
2.002702327445149422e-03
4.348509013652801514e-03
8.566353470087051392e-02
1.024195272475481033e-02
8.566353470087051392e-02
8.350311778485774994e-03
1.253875531256198883e-02
9.463525377213954926e-03
2.746838331222534180e-02
3.753706812858581543e-02
6.055546924471855164e-03
1.300142379477620125e-03
9.422398172318935394e-03
7.187939248979091644e-03
2.221686393022537231e-02
5.934460554271936417e-03
1.165928412228822708e-02
1.703152898699045181e-03
8.566353470087051392e-02
1.479742862284183502e-02
6.136425770819187164e-03
7.659772410988807678e-03
2.369700931012630463e-02
9.484073147177696228e-03
2.504226518794894218e-03
1.003067269921302795e-01
1.616326533257961273e-02
8.226540870964527130e-03
8.731328882277011871e-03
4.677602555602788925e-03
1.666096039116382599e-03
5.823494121432304382e-02
8.566353470087051392e-02
8.566353470087051392e-02
5.263492930680513382e-03
4.871899634599685669e-02
4.652611911296844482e-03
2.020946936681866646e-03
1.494451612234115601e-02
3.516006283462047577e-03
1.164321135729551315e-02
6.439575925469398499e-03
1.554405037313699722e-02
8.566353470087051392e-02
8.566353470087051392e-02
8.566353470087051392e-02
8.566353470087051392e-02
8.566353470087051392e-02
8.566353470087051392e-02
9.447501040995121002e-03
6.378125865012407303e-03
5.501269828528165817e-03
3.686430631205439568e-03
4.393521230667829514e-03
3.212096402421593666e-03
3.276595845818519592e-02
2.192088402807712555e-03
4.462237004190683365e-03
1.165813580155372620e-02
1.703130006790161133e-01
1.304829772561788559e-02
8.566353470087051392e-02
6.662471219897270203e-03
1.955652143806219101e-03
2.152175642549991608e-03
5.038427188992500305e-03
8.566353470087051392e-02
6.240850780159235001e-03
8.566353470087051392e-02
8.566353470087051392e-02
