8.153642714023590088e-02
8.153642714023590088e-02
1.817775703966617584e-02
1.536092720925807953e-02
3.512205556035041809e-02
2.353508211672306061e-02
2.718847477808594704e-03
1.835354021750390530e-03
3.492661053314805031e-03
1.735471375286579132e-02
3.095141425728797913e-02
2.256867475807666779e-02
1.293630618602037430e-02
5.561943631619215012e-03
2.691425941884517670e-02
1.303091179579496384e-02
1.205519959330558777e-02
5.584247875958681107e-03
8.153642714023590088e-02
8.153642714023590088e-02
8.153642714023590088e-02
4.400858655571937561e-03
3.418573411181569099e-03
4.118029028177261353e-03
8.153642714023590088e-02
8.153642714023590088e-02
1.491162227466702461e-03
2.459729090332984924e-02
6.159930024296045303e-03
2.965129911899566650e-03
3.454203018918633461e-03
8.153642714023590088e-02
2.648328663781285286e-03
1.603882201015949249e-02
1.632394082844257355e-02
4.428317770361900330e-02
3.974391892552375793e-02
2.822631504386663437e-03
1.475401688367128372e-02
8.153642714023590088e-02
6.019691936671733856e-03
8.153642714023590088e-02
8.153642714023590088e-02
2.638396108523011208e-03
3.137303050607442856e-03
1.811364316381514072e-03
8.153642714023590088e-02
1.882177777588367462e-03
8.153642714023590088e-02
8.153642714023590088e-02
8.153642714023590088e-02
8.153642714023590088e-02
8.153642714023590088e-02
8.153642714023590088e-02
8.153642714023590088e-02
8.153642714023590088e-02
8.153642714023590088e-02
8.153642714023590088e-02
8.153642714023590088e-02
8.153642714023590088e-02
8.153642714023590088e-02
8.153642714023590088e-02
8.153642714023590088e-02
8.153642714023590088e-02
8.153642714023590088e-02
8.153642714023590088e-02
8.153642714023590088e-02
2.842546207830309868e-03
3.009883500635623932e-02
1.604582183063030243e-02
1.768749789334833622e-03
4.319388791918754578e-02
3.413701662793755531e-03
3.273727744817733765e-02
8.153642714023590088e-02
8.153642714023590088e-02
1.004381664097309113e-02
8.153642714023590088e-02
2.916933968663215637e-03
7.410456426441669464e-03
2.164376340806484222e-02
3.245592489838600159e-02
8.153642714023590088e-02
3.673432162031531334e-03
3.104750532656908035e-03
1.562930084764957428e-02
3.036269918084144592e-03
7.518682163208723068e-03
6.521396804600954056e-03
1.656623673625290394e-03
1.696086605079472065e-03
3.623059391975402832e-02
8.153642714023590088e-02
4.937459528446197510e-02
2.716601127758622169e-03
8.153642714023590088e-02
2.408633381128311157e-02
1.554673444479703903e-02
1.416015904396772385e-02
4.526087082922458649e-03
2.542827976867556572e-03
3.439331194385886192e-03
1.648893207311630249e-02
8.153642714023590088e-02
8.153642714023590088e-02
1.589579693973064423e-02
8.153642714023590088e-02
8.153642714023590088e-02
6.642172578722238541e-03
6.057444494217634201e-03
1.216681674122810364e-02
8.153642714023590088e-02
4.201625473797321320e-03
2.500150166451931000e-02
8.153642714023590088e-02
8.153642714023590088e-02
8.153642714023590088e-02
7.756124436855316162e-02
3.412019088864326477e-02
3.885368257761001587e-02
8.153642714023590088e-02
7.438502274453639984e-03
8.153642714023590088e-02
8.153642714023590088e-02
3.011471359059214592e-03
1.802734285593032837e-02
8.153642714023590088e-02
8.153642714023590088e-02
2.150808926671743393e-03
2.625392191112041473e-02
1.130703557282686234e-02
2.074846997857093811e-02
3.557723760604858398e-02
3.205375280231237411e-03
2.066967077553272247e-02
8.249362930655479431e-03
8.153642714023590088e-02
8.153642714023590088e-02
8.153642714023590088e-02
8.153642714023590088e-02
4.440010339021682739e-02
6.303506903350353241e-03
3.946522250771522522e-03
4.079480189830064774e-03
1.961385644972324371e-02
3.832332417368888855e-02
3.484857454895973206e-02
4.983297362923622131e-02
8.153642714023590088e-02
1.749752648174762726e-02
4.905106499791145325e-02
3.349711885675787926e-03
3.991665784269571304e-03
1.052891276776790619e-02
6.301896274089813232e-02
1.258906815201044083e-02
2.719824761152267456e-02
4.287713021039962769e-02
4.372474178671836853e-02
5.396563094109296799e-03
8.205714635550975800e-03
8.153642714023590088e-02
5.136258527636528015e-02
5.234042648226022720e-03
8.153642714023590088e-02
8.153642714023590088e-02
2.201664634048938751e-02
2.740012714639306068e-03
3.926525358110666275e-03
2.053820900619029999e-02
2.963475417345762253e-03
8.153642714023590088e-02
6.602029502391815186e-02
8.153642714023590088e-02
8.153642714023590088e-02
1.343659590929746628e-02
3.194004064425826073e-03
8.153642714023590088e-02
8.153642714023590088e-02
4.895969294011592865e-03
3.012816188856959343e-03
8.153642714023590088e-02
3.531200112774968147e-03
2.296887151896953583e-02
8.153642714023590088e-02
3.160588676109910011e-03
8.153642714023590088e-02
8.153642714023590088e-02
1.899040187709033489e-03
5.430738441646099091e-03
8.153642714023590088e-02
7.742634974420070648e-03
6.151114031672477722e-02
8.153642714023590088e-02
8.153642714023590088e-02
6.076598074287176132e-03
2.986415755003690720e-03
1.132015138864517212e-02
8.153642714023590088e-02
2.167624887079000473e-03
2.081421203911304474e-03
1.016213074326515198e-01
1.159830763936042786e-02
1.902844407595694065e-03
4.929428920149803162e-03
2.330617746338248253e-03
2.286989474669098854e-03
5.039988085627555847e-03
1.867511775344610214e-03
5.563381128013134003e-03
5.188976880162954330e-03
3.986841998994350433e-03
1.307664811611175537e-02
4.381306935101747513e-03
2.537422580644488335e-03
2.848558686673641205e-02
8.153642714023590088e-02
2.689886838197708130e-03
3.246286138892173767e-02
8.153642714023590088e-02
2.147345570847392082e-03
8.153642714023590088e-02
1.093271188437938690e-02
8.153642714023590088e-02
1.412847731262445450e-02
3.802150720730423927e-03
2.814798848703503609e-03
1.683516427874565125e-02
2.880974672734737396e-02
5.114370025694370270e-03
5.746727809309959412e-03
8.153642714023590088e-02
8.153642714023590088e-02
2.926389314234256744e-02
7.303044199943542480e-03
8.153642714023590088e-02
8.153642714023590088e-02
8.153642714023590088e-02
8.153642714023590088e-02
2.088339626789093018e-02
8.153642714023590088e-02
2.126153185963630676e-02
1.338262669742107391e-02
2.785107120871543884e-02
8.153642714023590088e-02
8.153642714023590088e-02
8.153642714023590088e-02
8.153642714023590088e-02
8.153642714023590088e-02
8.153642714023590088e-02
8.153642714023590088e-02
8.153642714023590088e-02
8.153642714023590088e-02
8.153642714023590088e-02
8.153642714023590088e-02
5.654060747474431992e-03
1.711932243779301643e-03
5.581094883382320404e-03
1.631060382351279259e-03
6.148269027471542358e-02
3.827113192528486252e-03
8.153642714023590088e-02
2.583660185337066650e-03
2.441393956542015076e-02
8.153642714023590088e-02
2.645079744979739189e-03
2.800339460372924805e-02
5.689876619726419449e-03
8.153642714023590088e-02
8.153642714023590088e-02
1.334104966372251511e-02
2.440199721604585648e-03
8.153642714023590088e-02
2.462672069668769836e-02
1.694925129413604736e-03
8.153642714023590088e-02
8.153642714023590088e-02
8.153642714023590088e-02
1.157043501734733582e-01
8.153642714023590088e-02
3.329552011564373970e-03
8.153642714023590088e-02
7.659098133444786072e-03
6.131190340965986252e-03
3.666384844109416008e-03
8.153642714023590088e-02
1.825659768655896187e-03
8.153642714023590088e-02
2.531506121158599854e-03
9.529770351946353912e-03
3.664398100227117538e-03
5.503403954207897186e-03
3.839892894029617310e-02
8.153642714023590088e-02
3.671804210171103477e-03
2.447307854890823364e-02
4.311720840632915497e-03
4.104522988200187683e-03
8.153642714023590088e-02
8.153642714023590088e-02
8.470404893159866333e-03
2.730818651616573334e-02
2.174920635297894478e-03
2.672165632247924805e-02
7.260701619088649750e-03
8.153642714023590088e-02
1.097010541707277298e-02
2.031234093010425568e-02
8.153642714023590088e-02
8.522553369402885437e-03
8.153642714023590088e-02
4.924008157104253769e-03
1.528453547507524490e-02
3.161372244358062744e-02
1.634864136576652527e-03
8.621785789728164673e-03
3.811985254287719727e-03
5.207395926117897034e-02
4.478483926504850388e-03
1.209592353552579880e-02
1.727737113833427429e-02
2.765848860144615173e-02
8.153642714023590088e-02
1.437521190382540226e-03
8.153642714023590088e-02
8.153642714023590088e-02
1.232740655541419983e-02
7.822373881936073303e-03
2.941640326753258705e-03
8.153642714023590088e-02
8.153642714023590088e-02
3.994554281234741211e-03
1.034799870103597641e-02
3.962783608585596085e-03
8.153642714023590088e-02
6.757049821317195892e-03
1.202373416163027287e-03
1.529506640508770943e-03
8.153642714023590088e-02
8.153642714023590088e-02
4.546707496047019958e-03
1.831406727433204651e-02
4.774892330169677734e-02
1.013720873743295670e-02
3.086352255195379257e-03
8.153642714023590088e-02
8.153642714023590088e-02
1.441974542103707790e-03
3.056382294744253159e-03
7.733478210866451263e-03
2.959117293357849121e-02
3.644514828920364380e-02
1.361813209950923920e-02
4.996919073164463043e-03
1.225514989346265793e-02
8.153642714023590088e-02
7.922864519059658051e-03
2.945313043892383575e-02
1.241517066955566406e-02
3.805566951632499695e-02
8.153642714023590088e-02
8.153642714023590088e-02
2.471841173246502876e-03
2.618995960801839828e-03
1.740778097882866859e-03
1.783670508302748203e-03
2.514680149033665657e-03
1.613510400056838989e-02
9.208373725414276123e-03
1.972768269479274750e-02
2.497340785339474678e-03
3.160657826811075211e-03
7.344346027821302414e-03
3.010764252394437790e-03
2.365250512957572937e-02
1.820976659655570984e-02
6.556380540132522583e-03
8.153642714023590088e-02
2.755852648988366127e-03
2.974760346114635468e-02
1.961124688386917114e-02
1.522989943623542786e-03
3.816301003098487854e-03
8.153642714023590088e-02
3.524003177881240845e-02
2.403982682153582573e-03
4.560612142086029053e-03
2.034333068877458572e-03
8.153642714023590088e-02
1.124149933457374573e-01
3.422603243961930275e-03
4.041070118546485901e-03
1.610224717296659946e-03
4.944061860442161560e-03
8.666520938277244568e-03
2.634940110146999359e-02
5.412452295422554016e-02
2.486273180693387985e-03
1.345758140087127686e-01
9.296907112002372742e-03
2.265609800815582275e-03
2.785613993182778358e-03
4.288417752832174301e-03
8.153642714023590088e-02
4.495884291827678680e-03
2.423971891403198242e-03
3.738225251436233521e-02
3.701542271301150322e-03
8.500546216964721680e-03
1.467321999371051788e-02
4.118276014924049377e-02
2.970223315060138702e-03
1.221479941159486771e-02
7.285614032298326492e-03
5.053633358329534531e-03
1.814584713429212570e-03
8.153642714023590088e-02
6.868004798889160156e-03
4.339366685599088669e-03
2.879837527871131897e-03
7.459690794348716736e-03
8.153642714023590088e-02
1.749171526171267033e-03
1.770554110407829285e-03
1.713758148252964020e-02
1.822908222675323486e-02
4.064960870891809464e-03
2.262125490233302116e-03
8.153642714023590088e-02
1.970682526007294655e-03
1.637787930667400360e-02
8.153642714023590088e-02
4.862643312662839890e-03
1.607027091085910797e-02
3.688332810997962952e-02
6.241581402719020844e-03
1.249740086495876312e-02
8.153642714023590088e-02
1.994847320020198822e-02
7.655530422925949097e-02
2.098137978464365005e-03
1.433475967496633530e-02
8.153642714023590088e-02
1.633334532380104065e-02
1.573930960148572922e-03
2.190111577510833740e-02
2.872250741347670555e-03
2.555207349359989166e-03
1.052484381943941116e-02
8.153642714023590088e-02
2.825509058311581612e-03
6.829586811363697052e-03
1.655156607739627361e-03
3.319892659783363342e-02
8.153642714023590088e-02
1.734713208861649036e-03
4.114830866456031799e-03
4.275120422244071960e-02
6.899737566709518433e-02
2.878393232822418213e-02
1.818411052227020264e-02
1.540394127368927002e-02
2.214844338595867157e-03
8.153642714023590088e-02
2.994864014908671379e-03
8.623668923974037170e-03
8.153642714023590088e-02
2.398977987468242645e-02
1.642911694943904877e-02
1.148362923413515091e-02
4.104401916265487671e-03
1.788596273399889469e-03
8.153642714023590088e-02
5.748671013861894608e-03
3.156425803899765015e-02
7.271904032677412033e-03
1.691948994994163513e-02
1.735288277268409729e-02
8.254229091107845306e-03
1.613276312127709389e-03
1.933191670104861259e-03
2.554367529228329659e-03
8.153642714023590088e-02
8.153642714023590088e-02
5.921203643083572388e-03
8.153642714023590088e-02
1.753912121057510376e-02
3.289857180789113045e-03
4.759683739393949509e-03
2.970505738630890846e-03
5.636041983962059021e-03
8.153642714023590088e-02
7.438361179083585739e-03
5.338625516742467880e-03
1.490599941462278366e-02
5.287798587232828140e-03
3.333175927400588989e-02
8.153642714023590088e-02
3.728615492582321167e-02
1.229036878794431686e-02
8.153642714023590088e-02
8.153642714023590088e-02
3.546122228726744652e-03
1.541384495794773102e-02
2.012046985328197479e-02
3.344441996887326241e-03
1.367814466357231140e-02
2.246554940938949585e-02
4.631513729691505432e-03
6.542695220559835434e-03
7.006707601249217987e-03
8.153642714023590088e-02
8.153642714023590088e-02
8.153642714023590088e-02
1.780358888208866119e-02
3.520362079143524170e-02
4.364300053566694260e-03
8.153642714023590088e-02
8.598113432526588440e-03
3.678624285385012627e-03
2.187315840274095535e-03
8.147351443767547607e-02
8.153642714023590088e-02
2.917811973020434380e-03
8.153642714023590088e-02
8.153642714023590088e-02
8.153642714023590088e-02
8.153642714023590088e-02
1.012085750699043274e-02
3.354433691129088402e-03
1.130715850740671158e-02
1.416299585253000259e-02
1.072744745761156082e-02
3.388868412002921104e-03
2.639707643538713455e-03
1.693960651755332947e-02
8.153642714023590088e-02
8.153642714023590088e-02
2.755061257630586624e-03
5.370828323066234589e-03
1.166986022144556046e-02
2.084951149299740791e-03
5.705385003238916397e-03
8.153642714023590088e-02
6.191717460751533508e-02
3.271820722147822380e-03
8.153642714023590088e-02
1.171938423067331314e-02
2.457795664668083191e-03
8.153642714023590088e-02
1.329741533845663071e-02
8.153642714023590088e-02
8.153642714023590088e-02
9.224039502441883087e-03
2.132490649819374084e-02
8.153642714023590088e-02
6.194158457219600677e-03
4.183797165751457214e-03
3.500730963423848152e-03
4.329260904341936111e-03
7.612102199345827103e-03
6.119714584201574326e-03
1.349957427009940147e-03
4.471565131098031998e-03
3.973696753382682800e-02
8.153642714023590088e-02
5.615581199526786804e-02
2.080208156257867813e-03
4.981617443263530731e-03
8.153642714023590088e-02
2.737764734774827957e-03
1.870424952358007431e-03
1.150397001765668392e-03
3.423320595175027847e-03
1.959162065759301186e-03
1.149893645197153091e-02
9.941983968019485474e-03
8.153642714023590088e-02
2.265208866447210312e-03
2.787066157907247543e-03
4.521079827100038528e-03
8.153642714023590088e-02
8.153642714023590088e-02
7.569249253720045090e-03
8.153642714023590088e-02
8.153642714023590088e-02
1.213181670755147934e-02
8.153642714023590088e-02
3.679068293422460556e-03
2.577317412942647934e-03
8.153642714023590088e-02
2.227840013802051544e-02
2.884805202484130859e-03
8.121128194034099579e-03
8.153642714023590088e-02
3.189392155036330223e-03
3.287939121946692467e-03
3.602991811931133270e-03
1.871488429605960846e-02
8.153642714023590088e-02
5.509004928171634674e-03
1.365718152374029160e-02
5.945393349975347519e-03
8.153642714023590088e-02
7.540186867117881775e-03
2.493508160114288330e-03
6.229476071894168854e-03
1.218972057104110718e-01
4.433116875588893890e-03
3.196662291884422302e-02
2.976840827614068985e-03
8.153642714023590088e-02
2.160450443625450134e-02
7.399780210107564926e-03
6.449477747082710266e-03
3.036586334928870201e-03
2.605466870591044426e-03
8.153642714023590088e-02
8.153642714023590088e-02
3.611511550843715668e-03
8.153642714023590088e-02
1.274185907095670700e-02
8.153642714023590088e-02
2.900186227634549141e-03
2.609035931527614594e-02
4.110481590032577515e-03
1.907949103042483330e-03
6.385092157870531082e-03
4.047885537147521973e-03
4.078120458871126175e-03
8.153642714023590088e-02
8.153642714023590088e-02
5.656680557876825333e-03
7.196673750877380371e-02
8.153642714023590088e-02
8.153642714023590088e-02
8.153642714023590088e-02
2.805708441883325577e-03
1.410609763115644455e-02
8.153642714023590088e-02
3.495127335190773010e-02
2.726061083376407623e-02
5.057116039097309113e-03
8.153642714023590088e-02
1.496168971061706543e-02
1.509492192417383194e-02
7.811382412910461426e-03
2.360487543046474457e-02
6.157053261995315552e-02
4.081265069544315338e-03
2.459061518311500549e-02
1.346378354355692863e-03
3.866365924477577209e-02
5.509017966687679291e-03
3.376631764695048332e-03
8.153642714023590088e-02
3.215122269466519356e-03
2.443152014166116714e-03
5.447380710393190384e-03
2.706891484558582306e-02
5.564597435295581818e-03
1.284166239202022552e-03
1.287135574966669083e-02
2.406385494396090508e-03
1.464443281292915344e-03
3.995700180530548096e-02
1.528758555650711060e-02
1.129204407334327698e-02
1.530516240745782852e-02
4.502338357269763947e-03
7.092713844031095505e-03
4.230771679431200027e-03
1.931150443851947784e-03
6.686352193355560303e-03
2.019630977883934975e-03
8.153642714023590088e-02
2.302321605384349823e-03
9.097240865230560303e-03
3.420109162107110023e-03
2.516597043722867966e-03
3.921973984688520432e-03
2.689917571842670441e-03
1.338396128267049789e-02
1.460396219044923782e-03
2.927860803902149200e-02
4.958559293299913406e-03
4.462967626750469208e-03
7.746980525553226471e-03
8.572928607463836670e-03
8.153642714023590088e-02
3.509846748784184456e-03
1.621122239157557487e-03
8.153642714023590088e-02
7.846450433135032654e-03
1.305664423853158951e-03
4.882447421550750732e-02
8.153642714023590088e-02
2.251305151730775833e-03
4.623159300535917282e-03
2.592989429831504822e-02
1.044378522783517838e-02
2.742344746366143227e-03
2.475313656032085419e-02
8.861411362886428833e-03
4.398447275161743164e-02
2.474059723317623138e-02
2.751009538769721985e-03
8.153642714023590088e-02
3.215724602341651917e-03
2.508610254153609276e-03
5.091473460197448730e-03
4.962059203535318375e-03
8.153642714023590088e-02
5.155642516911029816e-03
8.153642714023590088e-02
2.463791333138942719e-02
4.029160365462303162e-03
8.153642714023590088e-02
3.607681021094322205e-02
5.326577648520469666e-02
1.644888520240783691e-02
2.048850804567337036e-02
3.532123565673828125e-02
4.439489915966987610e-03
1.455639488995075226e-03
2.459129504859447479e-02
4.496538639068603516e-02
1.568795181810855865e-02
2.900099148973822594e-03
8.153642714023590088e-02
8.153642714023590088e-02
8.153642714023590088e-02
8.153642714023590088e-02
9.363853931427001953e-02
2.701318822801113129e-03
6.088765803724527359e-03
8.153642714023590088e-02
6.631848402321338654e-03
8.153642714023590088e-02
1.976858591660857201e-03
2.879274822771549225e-02
3.155685728415846825e-03
9.529922157526016235e-03
2.233593165874481201e-02
8.153642714023590088e-02
1.057417411357164383e-02
1.990493200719356537e-02
2.870275638997554779e-02
8.153642714023590088e-02
1.868486171588301659e-03
2.906801411882042885e-03
1.788841187953948975e-02
1.328933984041213989e-03
1.914298627525568008e-03
4.261565208435058594e-02
8.153642714023590088e-02
2.191404066979885101e-02
1.186649315059185028e-02
7.933616638183593750e-03
2.767884172499179840e-03
1.224216911941766739e-02
1.121037639677524567e-03
2.163999481126666069e-03
8.153642714023590088e-02
8.153642714023590088e-02
8.153642714023590088e-02
9.172083809971809387e-03
1.731075905263423920e-02
8.153642714023590088e-02
1.237455569207668304e-02
2.008382976055145264e-02
8.347162045538425446e-03
4.198815207928419113e-03
9.331160224974155426e-03
1.750827021896839142e-02
3.074449021369218826e-03
2.689976477995514870e-03
1.400972600094974041e-03
4.137642681598663330e-03
4.255894105881452560e-03
8.153642714023590088e-02
3.491514595225453377e-03
8.153642714023590088e-02
1.411417848430573940e-03
2.793922321870923042e-03
3.100360045209527016e-03
6.110392045229673386e-03
1.365083269774913788e-03
8.892889134585857391e-03
3.042931435629725456e-03
1.259277923963963985e-03
8.153642714023590088e-02
3.629378601908683777e-02
1.744380570016801357e-03
1.779406797140836716e-03
8.153642714023590088e-02
2.428187755867838860e-03
4.783287644386291504e-03
2.362379804253578186e-03
1.874200650490820408e-03
3.291666507720947266e-03
8.153642714023590088e-02
2.529554069042205811e-03
8.459533751010894775e-02
8.153642714023590088e-02
2.468293532729148865e-02
2.810477977618575096e-03
8.153642714023590088e-02
3.881483152508735657e-02
2.384399296715855598e-03
1.261154562234878540e-02
1.451398991048336029e-02
8.153642714023590088e-02
3.632725775241851807e-02
2.440555952489376068e-02
2.528390847146511078e-03
4.276417195796966553e-03
8.153642714023590088e-02
8.153642714023590088e-02
3.401939757168292999e-03
8.153642714023590088e-02
5.281441844999790192e-03
4.637646488845348358e-03
3.224758198484778404e-03
2.358758356422185898e-03
6.396349519491195679e-03
3.690125886350870132e-03
8.153642714023590088e-02
4.433140158653259277e-03
3.500995691865682602e-03
5.389143712818622589e-03
4.707961343228816986e-03
8.153642714023590088e-02
6.080587860196828842e-03
8.153642714023590088e-02
8.153642714023590088e-02
4.391502588987350464e-03
1.498735509812831879e-03
4.542205482721328735e-03
4.275235813111066818e-03
1.526107173413038254e-02
3.503911569714546204e-02
8.153642714023590088e-02
1.975594833493232727e-02
8.154158480465412140e-03
1.933107036165893078e-03
8.153642714023590088e-02
2.160571515560150146e-02
8.153642714023590088e-02
3.881011391058564186e-03
5.717139691114425659e-03
3.823130391538143158e-03
8.153642714023590088e-02
4.434807226061820984e-03
1.520623359829187393e-02
2.744877338409423828e-02
3.384995972737669945e-03
2.920100698247551918e-03
4.974007606506347656e-03
1.568000763654708862e-02
3.768767463043332100e-03
1.642640493810176849e-02
8.153642714023590088e-02
8.153642714023590088e-02
2.059156075119972229e-03
8.153642714023590088e-02
2.146230079233646393e-03
1.492333225905895233e-02
8.153642714023590088e-02
3.758762031793594360e-03
6.302026100456714630e-03
8.153642714023590088e-02
3.696030005812644958e-03
1.788138411939144135e-02
1.081039942800998688e-02
3.699457272887229919e-02
4.588590562343597412e-02
3.525297157466411591e-03
7.992076687514781952e-03
1.322952378541231155e-02
8.153642714023590088e-02
7.453891448676586151e-03
1.076473668217658997e-02
3.831882728263735771e-03
6.159383803606033325e-03
5.731626879423856735e-03
6.276724860072135925e-03
2.730580419301986694e-02
3.251007758080959320e-03
8.153642714023590088e-02
2.421791851520538330e-02
8.153642714023590088e-02
4.573805723339319229e-03
8.153642714023590088e-02
4.353770520538091660e-03
3.750432282686233521e-03
8.153642714023590088e-02
8.153642714023590088e-02
8.153642714023590088e-02
1.461623236536979675e-02
1.404465758241713047e-03
2.161648124456405640e-03
8.153642714023590088e-02
3.683508606627583504e-03
8.153642714023590088e-02
2.201645169407129288e-03
7.010606583207845688e-03
1.610127394087612629e-03
8.257988095283508301e-02
1.653210632503032684e-02
8.153642714023590088e-02
3.835517447441816330e-03
3.503863885998725891e-02
9.629031643271446228e-03
8.153642714023590088e-02
2.416903525590896606e-02
1.176220830529928207e-03
1.700285240076482296e-03
8.153642714023590088e-02
2.697208663448691368e-03
5.574303213506937027e-03
3.009120002388954163e-03
3.212653798982501030e-03
8.153642714023590088e-02
2.832798985764384270e-03
2.638946985825896263e-03
2.603804226964712143e-03
8.153642714023590088e-02
1.557388529181480408e-02
3.951480239629745483e-02
6.911944132298231125e-03
1.845940500497817993e-01
2.095795236527919769e-03
4.807370249181985855e-03
3.527976805344223976e-03
2.479110844433307648e-03
8.153642714023590088e-02
6.306100636720657349e-03
3.514962270855903625e-03
3.364040749147534370e-03
2.455342374742031097e-02
8.153642714023590088e-02
4.019808489829301834e-03
8.762191049754619598e-03
3.150217980146408081e-02
8.153642714023590088e-02
8.153642714023590088e-02
2.001994289457798004e-03
2.925349213182926178e-02
8.954238146543502808e-02
4.046328365802764893e-03
3.940870612859725952e-02
8.153642714023590088e-02
8.153642714023590088e-02
8.153642714023590088e-02
1.916521112434566021e-03
6.195180118083953857e-02
3.009789856150746346e-03
6.540674250572919846e-03
8.153642714023590088e-02
5.930655635893344879e-03
3.200778737664222717e-02
1.275141723453998566e-02
5.440598819404840469e-03
1.117980666458606720e-02
8.153642714023590088e-02
2.214402891695499420e-03
1.512919366359710693e-02
4.632431268692016602e-02
8.153642714023590088e-02
6.225914508104324341e-02
8.153642714023590088e-02
2.807085216045379639e-02
2.408647211268544197e-03
8.153642714023590088e-02
8.153642714023590088e-02
8.153642714023590088e-02
2.855960978195071220e-03
4.324677865952253342e-03
3.594512818381190300e-03
1.967386156320571899e-02
8.969126269221305847e-03
8.153642714023590088e-02
2.053260244429111481e-02
5.849223118275403976e-03
8.153642714023590088e-02
3.542018588632345200e-03
4.076138511300086975e-02
4.438163712620735168e-02
1.868864172138273716e-03
3.852020576596260071e-02
2.661160938441753387e-02
8.153642714023590088e-02
6.585781276226043701e-02
2.164659090340137482e-02
2.066811313852667809e-03
8.153642714023590088e-02
3.792711347341537476e-02
3.185730194672942162e-03
2.727845450863242149e-03
1.037230156362056732e-02
1.475006714463233948e-02
1.825083419680595398e-02
1.973889954388141632e-02
1.490859780460596085e-03
4.520792514085769653e-02
1.546782162040472031e-02
6.699685938656330109e-03
8.153642714023590088e-02
8.153642714023590088e-02
5.157987773418426514e-02
2.979797078296542168e-03
6.073842290788888931e-03
8.153642714023590088e-02
3.067875653505325317e-02
1.690294593572616577e-03
1.705258898437023163e-02
2.116198651492595673e-03
5.739479791373014450e-03
1.178354956209659576e-02
1.134878117591142654e-02
4.098081961274147034e-03
8.153642714023590088e-02
3.047437872737646103e-03
1.004108600318431854e-02
8.153642714023590088e-02
1.672151382081210613e-03
2.987474948167800903e-02
2.466058591380715370e-03
4.895804449915885925e-03
8.153642714023590088e-02
8.153642714023590088e-02
2.729491796344518661e-03
2.457032212987542152e-03
2.277909312397241592e-03
1.113493181765079498e-02
3.846707288175821304e-03
5.324088037014007568e-03
1.135630533099174500e-02
2.837882190942764282e-02
4.501532763242721558e-03
8.153642714023590088e-02
3.828932717442512512e-02
2.557437168434262276e-03
5.457017570734024048e-03
1.288782060146331787e-02
4.898439161479473114e-03
2.152503468096256256e-03
3.114791959524154663e-02
2.290836535394191742e-03
1.966059673577547073e-03
6.571598351001739502e-03
1.717887353152036667e-03
3.202678170055150986e-03
4.861381370574235916e-03
7.442072499543428421e-03
3.554982831701636314e-03
3.341799974441528320e-02
1.291736681014299393e-02
8.153642714023590088e-02
8.764858357608318329e-03
1.175990235060453415e-02
8.153642714023590088e-02
2.070852555334568024e-02
2.512375125661492348e-03
8.153642714023590088e-02
8.153642714023590088e-02
8.153642714023590088e-02
8.153642714023590088e-02
1.226445194333791733e-02
4.736564308404922485e-02
8.153642714023590088e-02
3.171009477227926254e-03
7.157799322158098221e-03
8.153642714023590088e-02
8.153642714023590088e-02
8.153642714023590088e-02
7.452057208865880966e-03
2.114374749362468719e-02
6.478925701230764389e-03
8.153642714023590088e-02
8.153642714023590088e-02
1.432775426656007767e-02
4.678233060985803604e-03
2.896641567349433899e-02
8.153642714023590088e-02
1.429972704499959946e-02
1.007045898586511612e-02
4.930044058710336685e-03
3.459157189354300499e-03
2.758088055998086929e-03
5.601389333605766296e-03
3.827264299616217613e-03
3.381176665425300598e-02
4.650814086198806763e-02
6.947291083633899689e-03
1.845812308602035046e-03
2.029040455818176270e-02
3.451171098276972771e-03
1.508461683988571167e-02
3.962065093219280243e-03
7.225210778415203094e-03
3.557357937097549438e-02
1.369322463870048523e-02
3.611212829127907753e-03
2.445111051201820374e-03
2.111716754734516144e-02
8.153642714023590088e-02
3.890470368787646294e-03
2.979790093377232552e-03
1.810982241295278072e-03
8.153642714023590088e-02
2.589883981272578239e-03
8.153642714023590088e-02
1.782504259608685970e-03
2.944671316072344780e-03
1.638254337012767792e-02
1.061053574085235596e-02
5.549780093133449554e-03
3.536815568804740906e-02
1.214969903230667114e-02
7.195201236754655838e-03
2.109759952872991562e-03
5.242105573415756226e-03
2.957066055387258530e-03
7.213248312473297119e-02
2.116396091878414154e-03
4.871833138167858124e-03
5.315685644745826721e-03
2.637685462832450867e-02
3.916606307029724121e-02
2.854214236140251160e-02
8.153642714023590088e-02
9.394888766109943390e-03
8.153642714023590088e-02
1.417937921360135078e-03
2.419442404061555862e-03
3.540809080004692078e-02
8.153642714023590088e-02
1.551604829728603363e-03
8.153642714023590088e-02
8.153642714023590088e-02
8.153642714023590088e-02
5.720900837332010269e-03
6.875570397824048996e-03
3.782739629969000816e-03
8.153642714023590088e-02
2.160945534706115723e-02
2.001722529530525208e-02
3.357529174536466599e-03
4.828168079257011414e-03
1.091161742806434631e-02
2.023868076503276825e-02
8.153642714023590088e-02
1.502911443822085857e-03
2.046044915914535522e-02
1.733669894747436047e-03
8.153642714023590088e-02
8.153642714023590088e-02
4.466543439775705338e-03
1.589337829500436783e-03
1.726652146317064762e-03
8.153642714023590088e-02
4.887701477855443954e-03
1.323520857840776443e-02
4.945817403495311737e-03
1.032070815563201904e-02
1.743990462273359299e-03
1.999213360249996185e-03
3.152649849653244019e-02
7.718928158283233643e-03
2.991261426359415054e-03
8.153642714023590088e-02
8.153642714023590088e-02
4.556046798825263977e-03
3.150565177202224731e-02
7.527722045779228210e-03
8.796807378530502319e-03
8.153642714023590088e-02
6.580884568393230438e-03
1.339459419250488281e-02
6.911112461239099503e-03
8.153642714023590088e-02
9.842167608439922333e-03
1.315515674650669098e-02
2.994541078805923462e-03
1.326404232531785965e-02
8.153642714023590088e-02
8.153642714023590088e-02
6.245167460292577744e-03
9.932296350598335266e-03
7.046251557767391205e-03
2.415757812559604645e-02
1.720998436212539673e-03
8.153642714023590088e-02
4.161208402365446091e-03
3.776581026613712311e-03
4.217361565679311752e-03
2.442601136863231659e-02
8.153642714023590088e-02
1.217517536133527756e-02
8.153642714023590088e-02
5.703224334865808487e-03
2.012241166085004807e-03
2.082479745149612427e-02
2.171502634882926941e-02
2.334447950124740601e-02
8.153642714023590088e-02
5.873554386198520660e-03
8.153642714023590088e-02
3.701990703120827675e-03
8.153642714023590088e-02
8.153642714023590088e-02
2.827353077009320259e-03
3.584839403629302979e-02
8.153642714023590088e-02
6.452374905347824097e-02
4.980546422302722931e-03
4.475970193743705750e-02
1.405419595539569855e-02
4.621259402483701706e-03
4.656762629747390747e-02
1.197676523588597775e-03
1.786875352263450623e-02
1.228281110525131226e-02
2.153674373403191566e-03
2.381953410804271698e-02
9.029763750731945038e-03
4.861619323492050171e-02
2.938153222203254700e-03
2.388542983680963516e-03
9.866025298833847046e-03
3.777273697778582573e-03
1.534609217196702957e-02
1.113890553824603558e-03
6.650335621088743210e-03
8.153642714023590088e-02
4.798816516995429993e-03
8.153642714023590088e-02
1.233274303376674652e-02
1.408761460334062576e-02
8.153642714023590088e-02
4.373314324766397476e-03
5.057772994041442871e-02
3.034708788618445396e-03
3.264381736516952515e-02
1.536389160901308060e-02
3.157546510919928551e-03
1.570639666169881821e-03
1.809439994394779205e-02
8.153642714023590088e-02
5.803699046373367310e-02
9.280990809202194214e-03
1.120402291417121887e-02
3.010588232427835464e-03
8.153642714023590088e-02
8.317807689309120178e-03
3.110588714480400085e-02
1.073212921619415283e-02
2.255096845328807831e-02
4.250905942171812057e-03
1.172057166695594788e-02
8.745376020669937134e-03
5.146112758666276932e-03
1.815300900489091873e-03
2.096984907984733582e-02
8.153642714023590088e-02
5.943919532001018524e-03
8.032834157347679138e-03
6.050716154277324677e-03
1.670753466896712780e-03
3.788596764206886292e-02
7.748553063720464706e-03
1.456009969115257263e-02
3.997778519988059998e-03
1.923827640712261200e-02
6.315253674983978271e-03
8.153642714023590088e-02
2.962179481983184814e-03
6.922603119164705276e-03
1.103319413959980011e-02
1.067623682320117950e-02
8.153642714023590088e-02
8.153642714023590088e-02
8.153642714023590088e-02
4.154268652200698853e-03
8.153642714023590088e-02
4.066472407430410385e-03
1.183605939149856567e-02
4.824650473892688751e-03
7.431056350469589233e-03
8.153642714023590088e-02
3.102180548012256622e-02
2.834820188581943512e-03
4.987917840480804443e-03
5.975499283522367477e-03
1.423152280040085316e-03
1.132990047335624695e-02
8.153642714023590088e-02
4.578427877277135849e-03
8.153642714023590088e-02
8.153642714023590088e-02
3.335888963192701340e-03
8.153642714023590088e-02
4.010373260825872421e-03
3.606285434216260910e-03
8.153642714023590088e-02
4.592232871800661087e-03
4.182332381606101990e-02
8.781071752309799194e-03
2.575320564210414886e-02
1.266124844551086426e-02
4.308642446994781494e-02
1.207289099693298340e-02
8.153642714023590088e-02
1.297409832477569580e-02
4.645843990147113800e-03
5.030461121350526810e-03
1.148659083992242813e-02
8.153642714023590088e-02
3.123105317354202271e-02
1.493419520556926727e-03
2.391073852777481079e-02
3.532530972734093666e-03
8.153642714023590088e-02
8.153642714023590088e-02
2.414891729131340981e-03
6.028270348906517029e-02
3.397725522518157959e-02
3.604329004883766174e-02
2.965485490858554840e-02
5.831260234117507935e-03
8.448801934719085693e-03
4.694195464253425598e-03
4.183644428849220276e-03
5.428142100572586060e-02
8.153642714023590088e-02
8.153642714023590088e-02
8.153642714023590088e-02
1.214370317757129669e-02
4.475077148526906967e-03
2.990733832120895386e-03
1.154088228940963745e-02
5.293264053761959076e-03
3.987470641732215881e-03
1.532120164483785629e-03
8.118178695440292358e-03
9.506694041192531586e-03
3.382762428373098373e-03
2.818606048822402954e-02
9.186712093651294708e-03
2.102307789027690887e-02
1.468046102672815323e-02
2.302474109455943108e-03
1.731682755053043365e-02
3.308038040995597839e-02
3.643168881535530090e-02
6.654955446720123291e-03
5.545560736209154129e-03
2.696455921977758408e-03
8.153642714023590088e-02
1.115021575242280960e-02
1.282913843169808388e-03
8.153642714023590088e-02
3.444232745096087456e-03
1.012756675481796265e-02
8.153642714023590088e-02
8.153642714023590088e-02
8.153642714023590088e-02
1.333197671920061111e-02
8.153642714023590088e-02
2.451902255415916443e-03
1.495866756886243820e-02
2.518976572901010513e-03
2.871399978175759315e-03
5.496458616107702255e-03
4.631770774722099304e-03
2.462892094627022743e-03
1.383448578417301178e-02
7.632177788764238358e-03
5.746806971728801727e-03
1.262562721967697144e-02
8.153642714023590088e-02
8.153642714023590088e-02
1.555711589753627777e-02
8.153642714023590088e-02
8.153642714023590088e-02
1.398007734678685665e-03
3.989749588072299957e-03
2.697431948035955429e-03
8.153642714023590088e-02
1.416707527823746204e-03
3.437162842601537704e-03
7.844094187021255493e-03
1.248953491449356079e-02
8.153642714023590088e-02
8.153642714023590088e-02
2.323374850675463676e-03
8.153642714023590088e-02
4.050063900649547577e-03
6.120556034147739410e-03
8.153642714023590088e-02
2.535314066335558891e-03
8.153642714023590088e-02
3.649909049272537231e-03
1.074692793190479279e-02
3.059447742998600006e-02
3.160575404763221741e-02
8.153642714023590088e-02
1.491817529313266277e-03
3.751166630536317825e-03
1.773189753293991089e-03
8.153642714023590088e-02
3.943666815757751465e-02
2.057017385959625244e-02
2.374976407736539841e-03
8.153642714023590088e-02
2.671509794890880585e-02
8.153642714023590088e-02
2.304861135780811310e-02
2.383190440014004707e-03
2.383996499702334404e-03
1.688703335821628571e-02
8.161048591136932373e-02
2.151410281658172607e-02
4.833548329770565033e-03
8.153642714023590088e-02
2.956641605123877525e-03
1.664938777685165405e-02
8.153642714023590088e-02
8.153642714023590088e-02
8.153642714023590088e-02
4.299622774124145508e-02
8.153642714023590088e-02
2.424580976366996765e-03
1.275273226201534271e-02
8.153642714023590088e-02
3.753194818273186684e-03
2.090066671371459961e-02
7.442386355251073837e-03
2.889997325837612152e-02
2.648137696087360382e-02
8.153642714023590088e-02
3.566304454579949379e-03
4.895149264484643936e-03
2.839281223714351654e-03
8.153642714023590088e-02
2.256268635392189026e-02
8.153642714023590088e-02
4.382825456559658051e-03
1.117882225662469864e-02
7.880232296884059906e-03
8.153642714023590088e-02
8.153642714023590088e-02
2.070909366011619568e-02
8.153642714023590088e-02
1.016214396804571152e-02
7.922511547803878784e-03
1.407877635210752487e-02
5.035709589719772339e-03
8.153642714023590088e-02
1.156328711658716202e-02
3.404794633388519287e-02
2.788794785737991333e-02
8.133836090564727783e-03
1.160454563796520233e-02
8.153642714023590088e-02
3.019358729943633080e-03
9.957578033208847046e-03
8.153642714023590088e-02
5.120730493217706680e-03
8.153642714023590088e-02
1.973640872165560722e-03
1.947220042347908020e-02
7.557340897619724274e-03
5.357341840863227844e-02
8.476277813315391541e-03
6.306380964815616608e-03
1.176828332245349884e-02
2.317127073183655739e-03
3.588903695344924927e-03
8.153642714023590088e-02
4.100784193724393845e-03
2.952690003439784050e-03
8.153642714023590088e-02
4.822731390595436096e-02
5.201582331210374832e-03
4.033749457448720932e-03
8.153642714023590088e-02
2.949585206806659698e-02
2.753444947302341461e-03
2.228231867775321007e-03
8.153642714023590088e-02
8.948271162807941437e-03
3.851708257570862770e-03
7.505538873374462128e-03
8.153642714023590088e-02
3.743467386811971664e-03
1.905988552607595921e-03
2.143664285540580750e-03
1.966831739991903305e-03
3.738031722605228424e-03
8.153642714023590088e-02
8.153642714023590088e-02
4.608196206390857697e-03
2.455074712634086609e-02
8.153642714023590088e-02
4.096264950931072235e-03
8.153642714023590088e-02
1.886969059705734253e-02
3.696839511394500732e-02
9.115208871662616730e-03
3.127569565549492836e-03
2.289671078324317932e-02
1.727385818958282471e-02
8.153642714023590088e-02
2.771307015791535378e-03
2.455694600939750671e-03
2.214069291949272156e-02
1.682980335317552090e-03
3.402598574757575989e-02
2.326490590348839760e-03
1.138264872133731842e-02
2.275057695806026459e-02
2.732333494350314140e-03
2.729911915957927704e-02
8.153642714023590088e-02
8.153642714023590088e-02
8.153642714023590088e-02
4.797355458140373230e-02
3.358379704877734184e-03
8.153642714023590088e-02
8.443418890237808228e-03
8.153642714023590088e-02
3.401464223861694336e-02
3.428774653002619743e-03
1.661873422563076019e-02
6.130193825811147690e-03
1.290843077003955841e-02
1.435381919145584106e-02
8.153642714023590088e-02
3.069706819951534271e-02
8.153642714023590088e-02
8.153642714023590088e-02
8.153642714023590088e-02
8.153642714023590088e-02
3.937821835279464722e-02
8.153642714023590088e-02
3.232722729444503784e-02
3.683088812977075577e-03
8.153642714023590088e-02
1.230720151215791702e-02
3.191390773281455040e-03
6.324038840830326080e-03
6.294398102909326553e-03
1.221861317753791809e-02
5.991309415549039841e-03
1.194631494581699371e-02
7.520408835262060165e-03
3.242620499804615974e-03
8.153642714023590088e-02
8.153642714023590088e-02
5.488608032464981079e-03
8.153642714023590088e-02
2.013889839872717857e-03
1.692532002925872803e-02
1.286822929978370667e-02
2.920246450230479240e-03
1.589186373166739941e-03
8.153642714023590088e-02
1.848133164457976818e-03
8.778055198490619659e-03
1.615111366845667362e-03
1.314446423202753067e-02
1.983718248084187508e-03
5.660429131239652634e-03
8.153642714023590088e-02
1.412486378103494644e-02
8.153642714023590088e-02
6.155427545309066772e-03
5.568245425820350647e-03
1.247653830796480179e-02
1.009942591190338135e-02
1.772071002051234245e-03
3.152078948915004730e-03
2.903064014390110970e-03
8.153642714023590088e-02
8.153642714023590088e-02
1.739612780511379242e-03
8.153642714023590088e-02
4.532292019575834274e-03
8.153642714023590088e-02
6.401946302503347397e-03
8.153642714023590088e-02
1.965184882283210754e-02
8.176146075129508972e-03
8.153642714023590088e-02
1.786794140934944153e-02
8.048069663345813751e-03
8.153642714023590088e-02
2.442297711968421936e-02
1.617443747818470001e-02
1.949568279087543488e-03
2.123881597071886063e-03
2.064764499664306641e-03
1.654524542391300201e-02
8.153642714023590088e-02
4.426486324518918991e-03
8.153642714023590088e-02
8.153642714023590088e-02
1.891276915557682514e-03
1.113015506416559219e-02
1.529744127765297890e-03
4.505934659391641617e-03
4.013806581497192383e-03
5.085214041173458099e-03
5.852007307112216949e-03
8.153642714023590088e-02
3.534093964844942093e-03
2.849988173693418503e-03
2.000568434596061707e-03
6.277773529291152954e-02
8.153642714023590088e-02
7.296206429600715637e-03
8.153642714023590088e-02
1.326710684224963188e-03
1.761422725394368172e-03
8.153642714023590088e-02
8.153642714023590088e-02
6.562918890267610550e-03
3.457421669736504555e-03
8.153642714023590088e-02
2.916903700679540634e-03
8.153642714023590088e-02
1.387963420711457729e-03
1.882291515357792377e-03
6.296271458268165588e-03
2.118131145834922791e-02
6.220841780304908752e-03
3.070922801271080971e-03
5.523004103451967239e-03
1.809367677196860313e-03
1.993311382830142975e-02
1.788064371794462204e-03
4.987446963787078857e-02
1.342145260423421860e-02
7.585030794143676758e-02
8.153642714023590088e-02
9.771313518285751343e-03
3.212133422493934631e-02
2.158861607313156128e-02
4.045703914016485214e-03
2.237339317798614502e-02
3.415350569412112236e-03
2.652415633201599121e-02
3.538457676768302917e-03
1.272174343466758728e-02
3.243057057261466980e-02
1.420069485902786255e-02
4.592941142618656158e-03
4.539838526397943497e-03
8.153642714023590088e-02
8.153642714023590088e-02
2.606321824714541435e-03
2.324812859296798706e-02
4.781873431056737900e-03
4.228124767541885376e-02
6.404752843081951141e-03
1.978736557066440582e-02
2.089819684624671936e-02
3.307118313387036324e-03
1.023203879594802856e-02
8.153642714023590088e-02
8.153642714023590088e-02
8.153642714023590088e-02
8.153642714023590088e-02
8.153642714023590088e-02
8.153642714023590088e-02
7.300829049199819565e-03
1.281817350536584854e-02
2.458617556840181351e-03
2.252238336950540543e-03
8.309689350426197052e-03
4.576924256980419159e-03
1.375595666468143463e-02
3.810318559408187866e-02
1.889452338218688965e-02
5.981770344078540802e-03
3.288506530225276947e-03
2.029134333133697510e-02
8.153642714023590088e-02
1.365025900304317474e-02
1.559641212224960327e-03
1.134746894240379333e-01
3.740523476153612137e-03
8.153642714023590088e-02
2.719772793352603912e-02
8.153642714023590088e-02
8.153642714023590088e-02
