3.500521555542945862e-02
3.500521555542945862e-02
1.862400770187377930e-02
6.967786699533462524e-03
6.031026598066091537e-03
9.421102702617645264e-03
6.550922524183988571e-03
6.114334799349308014e-03
1.360001694411039352e-02
6.515815854072570801e-03
8.880491368472576141e-03
1.844228990375995636e-02
3.679608926177024841e-02
6.831621751189231873e-03
7.920607924461364746e-03
5.958693102002143860e-03
3.504663705825805664e-02
5.139520019292831421e-02
3.500521555542945862e-02
3.500521555542945862e-02
3.500521555542945862e-02
2.390655130147933960e-01
8.167137391865253448e-03
3.161716973409056664e-03
3.500521555542945862e-02
3.500521555542945862e-02
7.367942482233047485e-02
8.994787931442260742e-03
3.953258506953716278e-03
4.524865187704563141e-03
4.892109334468841553e-02
3.500521555542945862e-02
1.103364769369363785e-02
1.191652659326791763e-02
3.734916215762495995e-03
1.054471172392368317e-02
7.406396325677633286e-03
2.441748976707458496e-02
9.347775019705295563e-03
3.500521555542945862e-02
1.226528361439704895e-02
3.500521555542945862e-02
3.500521555542945862e-02
1.169040333479642868e-02
2.074549719691276550e-02
8.399284444749355316e-03
3.500521555542945862e-02
2.084824955090880394e-03
3.500521555542945862e-02
3.500521555542945862e-02
3.500521555542945862e-02
3.500521555542945862e-02
3.500521555542945862e-02
3.500521555542945862e-02
3.500521555542945862e-02
3.500521555542945862e-02
3.500521555542945862e-02
3.500521555542945862e-02
3.500521555542945862e-02
3.500521555542945862e-02
3.500521555542945862e-02
3.500521555542945862e-02
3.500521555542945862e-02
3.500521555542945862e-02
3.500521555542945862e-02
3.500521555542945862e-02
3.500521555542945862e-02
5.208502989262342453e-03
2.057561278343200684e-02
9.475673548877239227e-03
2.474144846200942993e-02
6.420834455639123917e-03
7.133556902408599854e-02
1.185350585728883743e-02
3.500521555542945862e-02
3.500521555542945862e-02
1.599209755659103394e-02
3.500521555542945862e-02
4.006204195320606232e-03
6.215596571564674377e-03
3.077556146308779716e-03
7.880090735852718353e-03
3.500521555542945862e-02
2.141566574573516846e-02
4.524487070739269257e-03
3.612695634365081787e-02
1.951985061168670654e-02
4.926487337797880173e-03
5.289416294544935226e-03
1.207670755684375763e-02
1.156409457325935364e-02
6.530801206827163696e-02
3.500521555542945862e-02
8.910790085792541504e-03
1.332754269242286682e-02
3.500521555542945862e-02
1.003739424049854279e-02
1.638039201498031616e-02
7.844776846468448639e-03
1.218791399151086807e-02
1.164025999605655670e-02
1.550409197807312012e-02
1.163807697594165802e-02
3.500521555542945862e-02
3.500521555542945862e-02
7.197957485914230347e-03
3.500521555542945862e-02
3.500521555542945862e-02
5.792590789496898651e-03
2.623699046671390533e-02
6.744104903191328049e-03
3.500521555542945862e-02
6.317824870347976685e-02
8.134433068335056305e-03
3.500521555542945862e-02
3.500521555542945862e-02
3.500521555542945862e-02
2.544559352099895477e-02
1.137684471905231476e-02
1.075614802539348602e-02
3.500521555542945862e-02
2.508828416466712952e-02
3.500521555542945862e-02
3.500521555542945862e-02
4.028325527906417847e-02
1.211116928607225418e-02
3.500521555542945862e-02
3.500521555542945862e-02
1.575590297579765320e-02
5.973698105663061142e-03
7.111330982297658920e-03
1.403280347585678101e-02
8.935049176216125488e-03
2.053774707019329071e-02
6.042862683534622192e-02
7.431326434016227722e-03
3.500521555542945862e-02
3.500521555542945862e-02
3.500521555542945862e-02
3.500521555542945862e-02
9.905801154673099518e-03
5.784712731838226318e-02
6.065782159566879272e-03
1.331446226686239243e-02
2.582344412803649902e-02
6.336507387459278107e-03
6.951704155653715134e-03
1.719665899872779846e-02
3.500521555542945862e-02
1.081380061805248260e-02
8.353720419108867645e-03
3.288273466750979424e-03
7.771776057779788971e-03
2.364732921123504639e-01
2.167240716516971588e-02
6.498947273939847946e-03
1.012139767408370972e-02
3.265776485204696655e-02
1.518399920314550400e-02
1.325218528509140015e-01
1.069561950862407684e-02
3.500521555542945862e-02
1.222341414541006088e-02
1.812332496047019958e-02
3.500521555542945862e-02
3.500521555542945862e-02
1.451155543327331543e-02
2.770254202187061310e-02
1.582152396440505981e-02
1.792643405497074127e-02
6.616401486098766327e-03
3.500521555542945862e-02
2.016937732696533203e-02
3.500521555542945862e-02
3.500521555542945862e-02
1.039426680654287338e-02
9.564082138240337372e-03
3.500521555542945862e-02
3.500521555542945862e-02
3.435742342844605446e-03
1.387406233698129654e-02
3.500521555542945862e-02
6.433145143091678619e-03
9.150701574981212616e-03
3.500521555542945862e-02
1.380035467445850372e-02
3.500521555542945862e-02
3.500521555542945862e-02
1.230697613209486008e-02
2.413461543619632721e-02
3.500521555542945862e-02
2.644066885113716125e-02
1.507915705442428589e-01
3.500521555542945862e-02
3.500521555542945862e-02
3.737543011084198952e-03
7.495968602597713470e-03
3.129419405013322830e-03
3.500521555542945862e-02
5.689709447324275970e-03
4.177605733275413513e-02
7.964307442307472229e-03
6.215245928615331650e-03
5.676901899278163910e-03
9.261444211006164551e-03
4.898790735751390457e-03
1.638875156641006470e-02
2.567041479051113129e-02
1.097675934433937073e-01
3.420006483793258667e-02
6.337150000035762787e-03
1.315908227115869522e-02
1.302925683557987213e-02
6.581559777259826660e-02
1.164489053189754486e-02
2.002035453915596008e-02
3.500521555542945862e-02
5.410537496209144592e-02
4.583574365824460983e-03
3.500521555542945862e-02
2.111765788868069649e-03
3.500521555542945862e-02
6.507509388029575348e-03
3.500521555542945862e-02
1.304810680449008942e-02
6.875108461827039719e-03
4.383260384202003479e-03
2.074522897601127625e-02
2.563489787280559540e-02
3.616054728627204895e-02
5.926036275923252106e-03
3.500521555542945862e-02
3.500521555542945862e-02
1.361254788935184479e-02
2.104256674647331238e-02
3.500521555542945862e-02
3.500521555542945862e-02
3.500521555542945862e-02
3.500521555542945862e-02
1.958638057112693787e-02
3.500521555542945862e-02
1.031259167939424515e-02
1.228622440248727798e-02
7.843144237995147705e-03
3.500521555542945862e-02
3.500521555542945862e-02
3.500521555542945862e-02
3.500521555542945862e-02
3.500521555542945862e-02
3.500521555542945862e-02
3.500521555542945862e-02
3.500521555542945862e-02
3.500521555542945862e-02
3.500521555542945862e-02
3.500521555542945862e-02
1.613262854516506195e-02
1.410074066370725632e-02
1.243099477142095566e-02
6.608164403587579727e-03
1.522060018032789230e-02
9.769948199391365051e-03
3.500521555542945862e-02
1.706455089151859283e-02
5.064953118562698364e-03
3.500521555542945862e-02
3.626240789890289307e-02
9.380782954394817352e-03
2.560790441930294037e-02
3.500521555542945862e-02
3.500521555542945862e-02
5.757896974682807922e-02
1.985690370202064514e-02
3.500521555542945862e-02
5.682166665792465210e-03
8.772791363298892975e-03
3.500521555542945862e-02
3.500521555542945862e-02
3.500521555542945862e-02
1.439803931862115860e-02
3.500521555542945862e-02
1.111896615475416183e-02
3.500521555542945862e-02
5.004420876502990723e-03
4.921139683574438095e-03
1.593934930860996246e-02
3.500521555542945862e-02
7.415779400616884232e-03
3.500521555542945862e-02
5.318621639162302017e-03
6.225046236068010330e-03
9.041458368301391602e-03
5.909564439207315445e-03
3.943962045013904572e-03
3.500521555542945862e-02
8.348598144948482513e-03
1.316395122557878494e-02
6.469822488725185394e-03
8.237071335315704346e-03
3.500521555542945862e-02
3.500521555542945862e-02
9.011144749820232391e-03
3.849844215437769890e-03
8.816815912723541260e-03
7.550909649580717087e-03
6.741549819707870483e-03
3.500521555542945862e-02
1.691146381199359894e-02
1.085127331316471100e-02
3.500521555542945862e-02
6.396668031811714172e-03
3.500521555542945862e-02
2.549952827394008636e-02
3.186574904248118401e-03
1.038994640111923218e-02
1.004013884812593460e-02
6.332995835691690445e-03
1.926136575639247894e-02
1.845691725611686707e-02
8.751280605792999268e-03
5.060865078121423721e-03
1.296355109661817551e-02
1.111701596528291702e-02
3.500521555542945862e-02
1.160947512835264206e-02
3.500521555542945862e-02
3.500521555542945862e-02
3.279787600040435791e-01
1.023740042001008987e-02
1.067618653178215027e-02
3.500521555542945862e-02
3.500521555542945862e-02
3.110526595264673233e-03
1.129832863807678223e-02
5.883402191102504730e-03
3.500521555542945862e-02
3.903517499566078186e-03
3.512080013751983643e-02
3.832530695945024490e-03
3.500521555542945862e-02
3.500521555542945862e-02
2.173229493200778961e-02
1.326339226216077805e-02
6.849036552011966705e-03
1.922271251678466797e-01
6.025472190231084824e-03
3.500521555542945862e-02
3.500521555542945862e-02
5.965777672827243805e-03
2.622002363204956055e-02
1.091570407152175903e-02
7.076043169945478439e-03
6.967209279537200928e-03
9.551132097840309143e-03
4.657997190952301025e-02
6.126139312982559204e-03
3.500521555542945862e-02
9.165841154754161835e-03
7.215486839413642883e-03
8.695525117218494415e-03
6.060735322535037994e-03
3.500521555542945862e-02
3.500521555542945862e-02
4.472021013498306274e-02
1.023062504827976227e-02
2.075066044926643372e-02
2.848347090184688568e-02
1.418676320463418961e-02
6.975540891289710999e-03
7.158490363508462906e-03
4.487875699996948242e-01
5.641103722155094147e-03
2.298938576132059097e-03
3.914339933544397354e-03
3.095757775008678436e-02
1.477594226598739624e-01
7.928806357085704803e-03
3.138902131468057632e-03
3.500521555542945862e-02
5.675158649682998657e-02
3.294930094853043556e-03
2.077211439609527588e-02
4.978157207369804382e-02
3.994754329323768616e-02
3.500521555542945862e-02
1.271214056760072708e-02
5.487849935889244080e-02
5.124708637595176697e-03
3.904437646269798279e-03
3.500521555542945862e-02
1.906409673392772675e-02
1.413981802761554718e-02
9.554226882755756378e-03
1.751826331019401550e-02
1.235046517103910446e-02
7.480422034859657288e-03
9.394272230565547943e-03
1.118661835789680481e-01
5.209130700677633286e-03
3.372709825634956360e-02
1.292696967720985413e-02
3.282169252634048462e-02
3.961468487977981567e-02
2.023411914706230164e-02
3.500521555542945862e-02
2.232224121689796448e-02
3.210222423076629639e-01
5.977833177894353867e-03
5.572405178099870682e-03
2.544305287301540375e-02
1.803828589618206024e-02
7.377298083156347275e-03
1.747341826558113098e-02
1.000105123966932297e-02
4.869596101343631744e-03
3.627359634265303612e-03
3.271893830969929695e-03
3.500521555542945862e-02
3.244395926594734192e-02
4.958166740834712982e-03
6.669889390468597412e-02
4.988338798284530640e-03
3.500521555542945862e-02
9.144684299826622009e-03
6.336294114589691162e-03
1.347963418811559677e-02
6.807734724134206772e-03
7.207068614661693573e-03
1.036283932626247406e-02
3.500521555542945862e-02
1.514400728046894073e-02
1.375130005180835724e-02
3.500521555542945862e-02
4.086132626980543137e-03
1.527877338230609894e-02
7.975791580975055695e-03
1.602604053914546967e-02
5.304636433720588684e-03
3.500521555542945862e-02
1.245845574885606766e-02
1.095213741064071655e-02
5.735332891345024109e-02
4.023565445095300674e-03
3.500521555542945862e-02
1.545289158821105957e-02
8.496765047311782837e-03
7.152422796934843063e-03
5.839268676936626434e-03
9.216990321874618530e-02
1.237179432064294815e-02
3.500521555542945862e-02
8.246124535799026489e-02
1.318975072354078293e-02
1.137291043996810913e-01
8.228514343500137329e-03
3.500521555542945862e-02
3.221553284674882889e-03
1.518451236188411713e-02
9.407700039446353912e-03
1.484898570924997330e-02
1.755346357822418213e-02
1.221931632608175278e-02
3.871030639857053757e-03
3.773132339119911194e-02
3.500521555542945862e-02
1.012167893350124359e-02
4.221603274345397949e-03
3.500521555542945862e-02
5.360132548958063126e-03
5.999695975333452225e-03
3.371042013168334961e-02
6.639222148805856705e-03
1.687729731202125549e-02
3.500521555542945862e-02
7.352752145379781723e-03
7.640282623469829559e-03
6.415956653654575348e-03
5.423156544566154480e-02
1.262247655540704727e-02
1.979632489383220673e-02
7.401840761303901672e-03
2.135956659913063049e-02
3.996066749095916748e-02
3.500521555542945862e-02
3.500521555542945862e-02
1.652506180107593536e-02
3.500521555542945862e-02
3.698805114254355431e-03
1.422992255538702011e-02
7.937025278806686401e-03
1.635923795402050018e-02
1.087319571524858475e-02
3.500521555542945862e-02
7.823280058801174164e-03
1.185331121087074280e-01
1.001067366451025009e-02
9.159698151051998138e-03
4.332516342401504517e-03
3.500521555542945862e-02
1.607584953308105469e-02
1.318299304693937302e-02
3.500521555542945862e-02
3.500521555542945862e-02
9.099420160055160522e-03
1.504500396549701691e-02
4.785835277289152145e-03
6.211062427610158920e-03
7.219128776341676712e-03
7.167018484324216843e-03
7.759416475892066956e-03
4.618156701326370239e-03
6.893978454172611237e-03
3.500521555542945862e-02
3.500521555542945862e-02
3.500521555542945862e-02
6.508540362119674683e-02
9.470031596720218658e-03
1.481540221720933914e-02
3.500521555542945862e-02
2.115064300596714020e-02
1.502939499914646149e-02
2.700424753129482269e-03
5.898397881537675858e-03
3.500521555542945862e-02
1.090149953961372375e-02
3.500521555542945862e-02
3.500521555542945862e-02
3.500521555542945862e-02
3.500521555542945862e-02
3.840194270014762878e-02
1.016085781157016754e-02
3.318329574540257454e-03
1.275780610740184784e-02
2.442299155518412590e-03
3.573010442778468132e-03
1.296333782374858856e-02
8.301014080643653870e-03
3.500521555542945862e-02
3.500521555542945862e-02
1.313410792499780655e-02
4.436687566339969635e-03
1.134489197283983231e-02
3.108734078705310822e-02
7.824046537280082703e-03
3.500521555542945862e-02
5.152148660272359848e-03
3.819714300334453583e-03
3.500521555542945862e-02
5.169442389160394669e-03
6.642745807766914368e-03
3.500521555542945862e-02
7.000072393566370010e-03
3.500521555542945862e-02
3.500521555542945862e-02
5.703515838831663132e-03
2.411171607673168182e-02
3.500521555542945862e-02
3.437724662944674492e-03
1.139456685632467270e-02
2.480729483067989349e-02
4.901020321995019913e-03
1.239958219230175018e-02
3.410165011882781982e-02
4.771403037011623383e-03
4.506418108940124512e-02
3.092201799154281616e-02
3.500521555542945862e-02
4.954768344759941101e-03
3.713996708393096924e-02
3.918194398283958435e-02
3.500521555542945862e-02
9.540370665490627289e-03
2.804602496325969696e-03
4.698367789387702942e-03
5.098620895296335220e-03
4.269111901521682739e-03
5.440087616443634033e-02
2.843125909566879272e-02
3.500521555542945862e-02
3.675755811855196953e-03
1.676240749657154083e-02
3.333996608853340149e-02
3.500521555542945862e-02
3.500521555542945862e-02
1.658735051751136780e-02
3.500521555542945862e-02
3.500521555542945862e-02
1.110700331628322601e-02
3.500521555542945862e-02
7.151515223085880280e-03
3.256156668066978455e-02
3.500521555542945862e-02
9.686884470283985138e-03
6.707655265927314758e-03
4.720072820782661438e-02
3.500521555542945862e-02
1.266921404749155045e-02
4.129579663276672363e-02
4.236130509525537491e-03
1.491876970976591110e-02
3.500521555542945862e-02
4.298708401620388031e-03
7.349123712629079819e-03
4.545682668685913086e-02
3.500521555542945862e-02
9.926844388246536255e-03
7.058900780975818634e-03
1.442857645452022552e-02
2.151557803153991699e-02
1.135770455002784729e-01
7.060220930725336075e-03
2.317101880908012390e-02
3.500521555542945862e-02
7.476164028048515320e-03
4.272295627743005753e-03
7.111091632395982742e-03
3.880731062963604927e-03
6.043390370905399323e-03
3.500521555542945862e-02
3.500521555542945862e-02
8.311930112540721893e-03
3.500521555542945862e-02
8.776931092143058777e-03
3.500521555542945862e-02
1.504840143024921417e-02
4.962678533047437668e-03
4.276764579117298126e-03
1.622230373322963715e-02
1.342218555510044098e-02
6.078040692955255508e-03
4.506995901465415955e-03
3.500521555542945862e-02
3.500521555542945862e-02
4.492967855185270309e-03
1.549786329269409180e-02
3.500521555542945862e-02
3.500521555542945862e-02
3.500521555542945862e-02
2.003238499164581299e-01
1.730993948876857758e-02
3.500521555542945862e-02
1.048992201685905457e-02
1.063342113047838211e-02
1.048686448484659195e-02
3.500521555542945862e-02
1.845193281769752502e-02
1.424433104693889618e-02
1.786343939602375031e-02
1.058407220989465714e-02
8.298953063786029816e-03
4.232094809412956238e-02
1.282818708568811417e-02
9.057265520095825195e-02
1.681423000991344452e-02
3.220833605155348778e-03
2.440677583217620850e-02
3.500521555542945862e-02
7.282026112079620361e-02
7.920008152723312378e-03
3.907030913978815079e-03
3.203087300062179565e-02
1.541455555707216263e-02
7.290326990187168121e-03
2.013603597879409790e-02
1.115655805915594101e-02
2.340901456773281097e-02
8.618700318038463593e-03
9.549242444336414337e-03
5.856541916728019714e-03
4.168981220573186874e-03
8.872310630977153778e-03
1.740591973066329956e-02
1.024213712662458420e-02
5.486704781651496887e-02
3.614139510318636894e-03
1.372116357088088989e-01
3.500521555542945862e-02
2.006341516971588135e-02
1.700775139033794403e-02
9.028052911162376404e-03
1.280321180820465088e-02
2.400288730859756470e-02
6.410136818885803223e-02
8.104096166789531708e-03
1.390450596809387207e-01
2.512694522738456726e-02
2.286889404058456421e-02
1.143596414476633072e-02
1.298815663903951645e-02
9.251398965716362000e-03
3.500521555542945862e-02
1.056703273206949234e-02
8.196045644581317902e-03
3.500521555542945862e-02
1.156877167522907257e-02
1.025332417339086533e-02
9.156357496976852417e-03
3.500521555542945862e-02
2.047043852508068085e-02
3.582512959837913513e-02
1.165454834699630737e-02
1.726315915584564209e-02
5.001471564173698425e-02
6.531868595629930496e-03
1.134465634822845459e-02
1.534986030310392380e-02
7.264844141900539398e-03
4.455627873539924622e-02
3.500521555542945862e-02
5.621174350380897522e-03
8.342260494828224182e-03
9.387955069541931152e-03
1.062732748687267303e-02
3.500521555542945862e-02
6.352436728775501251e-03
3.500521555542945862e-02
7.499222643673419952e-03
3.565155435353517532e-03
3.500521555542945862e-02
9.006573818624019623e-03
9.432568214833736420e-03
9.654219262301921844e-03
7.237928919494152069e-03
1.368748769164085388e-02
2.350322529673576355e-02
1.544674951583147049e-02
1.026895642280578613e-02
6.921838968992233276e-03
1.235940214246511459e-02
2.897975267842411995e-03
3.500521555542945862e-02
3.500521555542945862e-02
3.500521555542945862e-02
3.500521555542945862e-02
1.638903655111789703e-02
2.864419715479016304e-03
1.748189330101013184e-02
3.500521555542945862e-02
2.627684921026229858e-02
3.500521555542945862e-02
1.333153806626796722e-02
1.078109815716743469e-02
2.846065163612365723e-02
1.086997054517269135e-02
9.455814026296138763e-03
3.500521555542945862e-02
4.014516249299049377e-03
4.182833731174468994e-01
2.818519063293933868e-02
3.500521555542945862e-02
3.829137980937957764e-02
9.908158332109451294e-03
1.078573707491159439e-02
1.060787308961153030e-02
3.334364155307412148e-03
1.790234073996543884e-02
3.500521555542945862e-02
6.612611003220081329e-03
1.298089697957038879e-02
3.786043729633092880e-03
1.481700688600540161e-01
1.189520489424467087e-02
1.128350384533405304e-02
1.306276582181453705e-02
3.500521555542945862e-02
3.500521555542945862e-02
3.500521555542945862e-02
1.096333470195531845e-02
1.994905993342399597e-02
3.500521555542945862e-02
1.126499008387327194e-02
1.913004741072654724e-02
5.121111869812011719e-03
4.165830556303262711e-03
1.405693683773279190e-02
8.592765778303146362e-03
7.700120657682418823e-02
9.415804408490657806e-03
2.648567222058773041e-02
5.648495629429817200e-03
1.152867171913385391e-02
3.500521555542945862e-02
2.212066762149333954e-02
3.500521555542945862e-02
7.956900633871555328e-03
2.297267131507396698e-02
4.073968622833490372e-03
2.709899330511689186e-03
1.151144783943891525e-02
3.769361646845936775e-03
1.005281507968902588e-02
8.524330332875251770e-03
3.500521555542945862e-02
3.665778785943984985e-03
1.396698039025068283e-02
7.193842437118291855e-03
3.500521555542945862e-02
3.840278461575508118e-02
2.204741351306438446e-02
4.604241345077753067e-03
1.676512882113456726e-02
3.633618354797363281e-01
3.500521555542945862e-02
6.839008070528507233e-03
1.946992427110671997e-02
3.500521555542945862e-02
2.722920477390289307e-02
9.807580150663852692e-03
3.500521555542945862e-02
9.016410261392593384e-02
2.163437381386756897e-02
1.101567968726158142e-02
1.027254760265350342e-02
3.500521555542945862e-02
5.811107344925403595e-03
1.025437843054533005e-02
4.929260164499282837e-02
1.821857504546642303e-02
3.500521555542945862e-02
3.500521555542945862e-02
4.494529217481613159e-03
3.500521555542945862e-02
7.632174063473939896e-03
5.949799902737140656e-03
2.395217865705490112e-02
1.133980136364698410e-02
3.711933735758066177e-03
5.532640498131513596e-03
3.500521555542945862e-02
3.282216936349868774e-02
2.513024583458900452e-02
1.934486813843250275e-02
3.765796544030308723e-03
3.500521555542945862e-02
1.077205501496791840e-02
3.500521555542945862e-02
3.500521555542945862e-02
1.663385145366191864e-02
1.028628181666135788e-02
5.354547407478094101e-03
3.810404799878597260e-03
6.677147001028060913e-02
4.747705161571502686e-02
3.500521555542945862e-02
1.051355339586734772e-02
6.913973484188318253e-03
1.809355802834033966e-02
3.500521555542945862e-02
7.618401199579238892e-03
3.500521555542945862e-02
1.209382154047489166e-02
1.914345659315586090e-02
1.261481828987598419e-02
3.500521555542945862e-02
3.003660216927528381e-02
1.281937956809997559e-02
1.620185375213623047e-02
3.513101488351821899e-02
1.251371204853057861e-02
1.315991859883069992e-02
2.104239165782928467e-02
1.024706382304430008e-02
2.839504554867744446e-02
3.500521555542945862e-02
3.500521555542945862e-02
1.067515313625335693e-01
3.500521555542945862e-02
9.700581431388854980e-03
8.420985192060470581e-03
3.500521555542945862e-02
4.187953770160675049e-01
2.424999698996543884e-02
3.500521555542945862e-02
1.252350769937038422e-02
4.587557632476091385e-03
7.768953219056129456e-03
1.470774505287408829e-02
5.759744439274072647e-03
3.993906825780868530e-02
8.712512440979480743e-03
8.952721953392028809e-02
3.500521555542945862e-02
7.068227976560592651e-03
1.802165620028972626e-02
2.944867499172687531e-02
1.145104039460420609e-02
6.032415665686130524e-03
2.735890820622444153e-02
8.069777861237525940e-03
4.421274177730083466e-03
3.500521555542945862e-02
9.886453859508037567e-03
3.500521555542945862e-02
6.951270252466201782e-02
3.500521555542945862e-02
1.337456423789262772e-02
1.810523122549057007e-02
3.500521555542945862e-02
3.500521555542945862e-02
3.500521555542945862e-02
7.148005068302154541e-03
3.031771630048751831e-03
1.665147207677364349e-02
3.500521555542945862e-02
1.609213463962078094e-02
3.500521555542945862e-02
8.906474336981773376e-03
1.953967288136482239e-02
8.400448597967624664e-03
7.858449593186378479e-03
5.179808475077152252e-03
3.500521555542945862e-02
7.876374758780002594e-03
4.410566762089729309e-02
5.357529968023300171e-03
3.500521555542945862e-02
8.396286517381668091e-03
1.122445985674858093e-02
3.004061523824930191e-03
3.500521555542945862e-02
4.226693883538246155e-03
9.327660314738750458e-03
3.496631514281034470e-03
1.237129326909780502e-02
3.500521555542945862e-02
8.672062307596206665e-03
3.589350264519453049e-03
1.063830312341451645e-02
3.500521555542945862e-02
1.241023745387792587e-02
3.720649750903248787e-03
6.432861555367708206e-03
6.308354437351226807e-02
3.360780887305736542e-03
3.358322381973266602e-02
5.956084001809358597e-03
1.074747964739799500e-01
3.500521555542945862e-02
1.943316906690597534e-01
2.444315701723098755e-03
1.847431436181068420e-02
5.795134231448173523e-03
3.500521555542945862e-02
6.840229500085115433e-03
6.248731166124343872e-03
6.587808486074209213e-03
3.500521555542945862e-02
3.500521555542945862e-02
2.717451937496662140e-02
3.587526036426424980e-03
3.699031099677085876e-02
2.320285420864820480e-03
8.083913475275039673e-03
3.500521555542945862e-02
3.500521555542945862e-02
3.500521555542945862e-02
4.936860874295234680e-03
7.080915849655866623e-03
7.822147570550441742e-03
4.124148748815059662e-03
3.500521555542945862e-02
1.419427432119846344e-02
7.377357222139835358e-03
7.656435016542673111e-03
2.438722103834152222e-01
9.297579526901245117e-03
3.500521555542945862e-02
9.324286133050918579e-03
8.280736394226551056e-03
6.048447918146848679e-03
3.500521555542945862e-02
1.563815772533416748e-02
3.500521555542945862e-02
5.140910670161247253e-02
2.372205490246415138e-03
3.500521555542945862e-02
3.500521555542945862e-02
3.500521555542945862e-02
3.254300728440284729e-02
3.811830282211303711e-02
2.164543420076370239e-02
5.011646542698144913e-03
1.314934622496366501e-02
3.500521555542945862e-02
8.609497919678688049e-03
3.772084601223468781e-03
3.500521555542945862e-02
1.082061231136322021e-02
1.900289766490459442e-02
5.808173678815364838e-03
5.144342780113220215e-02
4.171068221330642700e-02
2.570932172238826752e-02
3.500521555542945862e-02
1.706409454345703125e-02
7.997896522283554077e-03
3.002587938681244850e-03
3.500521555542945862e-02
4.407791886478662491e-03
2.561355754733085632e-02
4.498510155826807022e-03
1.138519775122404099e-02
1.039484608918428421e-02
5.897027906030416489e-03
2.512472867965698242e-02
2.951857261359691620e-02
6.251370068639516830e-03
4.065569490194320679e-02
1.387836225330829620e-02
3.500521555542945862e-02
3.500521555542945862e-02
3.296070033684372902e-03
1.196826249361038208e-01
3.934814408421516418e-02
3.500521555542945862e-02
9.365631267428398132e-03
1.363785564899444580e-02
1.033578813076019287e-02
2.215733937919139862e-02
2.611129283905029297e-01
8.129632100462913513e-03
7.801170926541090012e-03
3.376073203980922699e-03
3.500521555542945862e-02
1.151374261826276779e-02
2.132144384086132050e-02
3.500521555542945862e-02
2.671544253826141357e-02
5.889901425689458847e-03
1.002961210906505585e-02
5.649768281728029251e-03
3.500521555542945862e-02
3.500521555542945862e-02
1.274142693728208542e-02
1.099285576492547989e-02
1.097029168158769608e-02
1.144947484135627747e-02
3.413252159953117371e-02
8.292221464216709137e-03
2.665035985410213470e-02
1.485321484506130219e-02
8.767551742494106293e-03
3.500521555542945862e-02
1.692605763673782349e-02
5.950595252215862274e-03
5.640515126287937164e-03
2.714732429012656212e-03
1.328129693865776062e-02
1.252290699630975723e-02
2.316946350038051605e-02
3.544176928699016571e-03
6.332005839794874191e-03
1.428723055869340897e-02
6.588120479136705399e-03
1.489286310970783234e-02
1.977015472948551178e-02
2.364253997802734375e-02
6.158277858048677444e-03
9.272799827158451080e-03
1.699869148433208466e-02
3.500521555542945862e-02
2.165320701897144318e-02
1.797040924429893494e-02
3.500521555542945862e-02
1.947358995676040649e-02
7.328985258936882019e-03
3.500521555542945862e-02
3.500521555542945862e-02
3.500521555542945862e-02
3.500521555542945862e-02
6.304845679551362991e-03
1.306601241230964661e-02
3.500521555542945862e-02
6.144771352410316467e-02
7.287276443094015121e-03
3.500521555542945862e-02
3.500521555542945862e-02
3.500521555542945862e-02
1.265345327556133270e-02
1.671488955616950989e-02
1.073142606765031815e-02
3.500521555542945862e-02
3.500521555542945862e-02
1.190344616770744324e-02
3.854790236800909042e-03
9.470653720200061798e-03
3.500521555542945862e-02
1.241841074079275131e-02
1.239358633756637573e-02
8.343989029526710510e-03
1.117224059998989105e-02
1.191049255430698395e-02
1.694999635219573975e-02
7.104257587343454361e-03
9.770220145583152771e-03
1.874496042728424072e-02
9.290466085076332092e-03
8.420204743742942810e-03
9.756417945027351379e-03
2.560261823236942291e-02
1.191215869039297104e-02
5.794288124889135361e-03
4.290608316659927368e-02
1.356140244752168655e-02
4.285332281142473221e-03
2.779994159936904907e-03
7.396884728223085403e-03
7.176956627517938614e-03
3.500521555542945862e-02
1.273702550679445267e-02
1.641488075256347656e-01
1.467358600348234177e-02
3.500521555542945862e-02
1.390230003744363785e-02
3.500521555542945862e-02
2.370460145175457001e-02
6.086803972721099854e-03
4.375478718429803848e-03
1.291477028280496597e-02
1.561459805816411972e-02
7.778320927172899246e-03
6.246662233024835587e-03
1.527466177940368652e-01
2.553575858473777771e-02
1.297681033611297607e-02
1.563582383096218109e-02
6.200654432177543640e-03
1.887539587914943695e-02
1.186318919062614441e-01
3.083861246705055237e-02
8.594253100454807281e-03
3.855777438730001450e-03
7.946947589516639709e-03
3.500521555542945862e-02
2.829410135746002197e-02
3.500521555542945862e-02
6.126409862190485001e-03
2.283416688442230225e-02
1.131468731909990311e-02
3.500521555542945862e-02
5.198637023568153381e-03
3.500521555542945862e-02
3.500521555542945862e-02
3.500521555542945862e-02
1.951038837432861328e-02
6.387927103787660599e-03
4.045942053198814392e-02
3.500521555542945862e-02
9.522382169961929321e-03
1.135199144482612610e-02
4.686287790536880493e-02
2.475768327713012695e-02
1.216876693069934845e-02
1.543983072042465210e-02
3.500521555542945862e-02
8.634261786937713623e-03
7.397325709462165833e-03
1.658853329718112946e-02
3.500521555542945862e-02
3.500521555542945862e-02
3.841200610622763634e-03
2.319607650861144066e-03
1.548064965754747391e-02
3.500521555542945862e-02
3.837500233203172684e-03
2.785500138998031616e-03
6.102601066231727600e-03
1.630395278334617615e-02
2.968280576169490814e-02
1.048879418522119522e-02
9.238122031092643738e-03
2.388163469731807709e-03
8.999940939247608185e-03
3.500521555542945862e-02
3.500521555542945862e-02
1.521581877022981644e-02
8.327363058924674988e-03
2.335446141660213470e-02
1.199802011251449585e-02
3.500521555542945862e-02
5.340664181858301163e-03
9.950449690222740173e-03
1.672599017620086670e-01
3.500521555542945862e-02
6.448423489928245544e-03
2.416761778295040131e-02
8.803470060229301453e-03
1.007331162691116333e-02
3.500521555542945862e-02
3.500521555542945862e-02
4.835800826549530029e-02
1.507310196757316589e-02
7.074297871440649033e-03
1.365955267101526260e-02
1.433325093239545822e-02
3.500521555542945862e-02
3.123450279235839844e-02
8.486258797347545624e-03
3.535678684711456299e-01
7.924701087176799774e-03
3.500521555542945862e-02
1.583716087043285370e-02
3.500521555542945862e-02
1.029054913669824600e-02
3.637705929577350616e-03
8.821088820695877075e-03
1.197713054716587067e-02
7.649737596511840820e-02
3.500521555542945862e-02
3.337192581966519356e-03
3.500521555542945862e-02
7.879591733217239380e-02
3.500521555542945862e-02
3.500521555542945862e-02
1.762864366173744202e-02
8.183732628822326660e-03
3.500521555542945862e-02
1.226929575204849243e-01
8.554067462682723999e-03
1.206621062010526657e-02
1.762601733207702637e-02
9.040463715791702271e-03
1.018144842237234116e-02
7.853901013731956482e-03
1.417491864413022995e-02
7.518318947404623032e-03
8.462626487016677856e-03
9.658515453338623047e-03
9.154000319540500641e-03
1.194709166884422302e-02
6.482769735157489777e-03
1.594145223498344421e-02
1.127268839627504349e-02
3.562457486987113953e-02
1.586839184165000916e-02
4.553173668682575226e-03
8.009565062820911407e-03
3.500521555542945862e-02
5.229481495916843414e-03
3.500521555542945862e-02
1.118956878781318665e-02
6.991920061409473419e-03
3.500521555542945862e-02
1.550363376736640930e-02
6.974444258958101273e-03
9.952526539564132690e-03
6.728662177920341492e-03
4.675327800214290619e-03
2.629459090530872345e-02
4.433478694409132004e-03
3.868722124025225639e-03
3.500521555542945862e-02
4.766136873513460159e-03
2.948987297713756561e-02
1.425579003989696503e-02
4.580462351441383362e-03
3.500521555542945862e-02
6.867686286568641663e-03
8.333385922014713287e-03
1.085313595831394196e-02
3.681920235976576805e-03
2.737890742719173431e-02
6.445048004388809204e-02
1.065007876604795456e-02
2.642743475735187531e-02
1.005970686674118042e-02
1.377924531698226929e-02
3.500521555542945862e-02
3.595893457531929016e-02
2.390188165009021759e-02
4.902249574661254883e-02
1.456827856600284576e-02
9.009928442537784576e-03
1.691428758203983307e-02
2.543886005878448486e-02
8.656138554215431213e-03
1.966350339353084564e-02
1.203433517366647720e-02
3.500521555542945862e-02
6.300031673163175583e-03
1.214125473052263260e-02
1.013042125850915909e-02
2.230224013328552246e-02
3.500521555542945862e-02
3.500521555542945862e-02
3.500521555542945862e-02
1.405982673168182373e-02
3.500521555542945862e-02
1.445887051522731781e-02
6.213252432644367218e-03
3.268441883847117424e-03
1.115903630852699280e-02
3.500521555542945862e-02
1.547061838209629059e-02
4.114995244890451431e-03
1.266412064433097839e-02
5.819032434374094009e-03
1.211402192711830139e-02
4.419735632836818695e-03
3.500521555542945862e-02
6.571355275809764862e-03
3.500521555542945862e-02
3.500521555542945862e-02
1.781063713133335114e-02
3.500521555542945862e-02
6.361090112477540970e-03
1.917608827352523804e-02
3.500521555542945862e-02
1.763023622334003448e-02
1.811801828444004059e-02
1.157431304454803467e-02
4.658306017518043518e-03
4.271761979907751083e-03
6.692191120237112045e-03
5.730295088142156601e-03
3.500521555542945862e-02
2.151275798678398132e-02
9.134761057794094086e-03
1.273470465093851089e-02
6.719318684190511703e-03
3.500521555542945862e-02
1.436710171401500702e-02
8.178161457180976868e-03
1.831744611263275146e-02
3.318770229816436768e-02
3.500521555542945862e-02
3.500521555542945862e-02
1.576356589794158936e-02
3.338393289595842361e-03
3.482815111055970192e-03
1.065732631832361221e-02
7.102646864950656891e-03
2.131817489862442017e-02
1.582283899188041687e-02
1.944121718406677246e-02
4.352035000920295715e-03
7.867005653679370880e-03
3.500521555542945862e-02
3.500521555542945862e-02
3.500521555542945862e-02
2.328601107001304626e-02
1.455001980066299438e-01
2.610307652503252029e-03
1.718088388442993164e-01
5.511340871453285217e-02
8.009447716176509857e-03
1.262317784130573273e-02
2.873165765777230263e-03
7.354844827204942703e-03
2.217627502977848053e-02
2.868944033980369568e-02
1.668308302760124207e-02
8.342166431248188019e-03
3.007622668519616127e-03
1.046065147966146469e-02
5.854534916579723358e-03
4.319265484809875488e-02
1.601493917405605316e-02
1.415979955345392227e-02
8.751723915338516235e-03
4.183427430689334869e-03
3.500521555542945862e-02
4.662718623876571655e-03
6.545943673700094223e-03
3.500521555542945862e-02
5.639311391860246658e-03
1.164600532501935959e-02
3.500521555542945862e-02
3.500521555542945862e-02
3.500521555542945862e-02
1.191458478569984436e-02
3.500521555542945862e-02
1.351201720535755157e-02
3.479433944448828697e-03
8.469639346003532410e-03
1.575125195086002350e-02
5.908791441470384598e-03
4.176899325102567673e-03
5.844732746481895447e-03
7.316175382584333420e-03
7.830185815691947937e-03
3.570658387616276741e-03
8.215759880840778351e-03
3.500521555542945862e-02
3.500521555542945862e-02
6.167062558233737946e-03
3.500521555542945862e-02
3.500521555542945862e-02
2.162490598857402802e-02
6.805151700973510742e-02
1.846656389534473419e-02
3.500521555542945862e-02
8.451302535831928253e-03
5.362322926521301270e-02
2.634065449237823486e-01
1.664576493203639984e-02
3.500521555542945862e-02
3.500521555542945862e-02
1.626027375459671021e-02
3.500521555542945862e-02
1.662685535848140717e-02
1.123721525073051453e-02
3.500521555542945862e-02
9.963314980268478394e-03
3.500521555542945862e-02
2.355213277041912079e-02
6.549718789756298065e-03
2.127705141901969910e-02
1.043207757174968719e-02
3.500521555542945862e-02
6.070541962981224060e-02
8.787598460912704468e-03
1.523351389914751053e-02
3.500521555542945862e-02
2.154894173145294189e-02
4.541877657175064087e-03
1.067816559225320816e-02
3.500521555542945862e-02
1.447994168847799301e-02
3.500521555542945862e-02
1.393068023025989532e-02
1.831432990729808807e-02
1.792116672731935978e-03
8.621715940535068512e-03
8.674697950482368469e-03
5.822719540446996689e-03
4.034815356135368347e-02
3.500521555542945862e-02
7.997158914804458618e-03
7.708529476076364517e-03
3.500521555542945862e-02
3.500521555542945862e-02
3.500521555542945862e-02
4.646040499210357666e-03
3.500521555542945862e-02
2.451349608600139618e-02
2.399860881268978119e-02
3.500521555542945862e-02
3.072685562074184418e-03
8.221536874771118164e-02
6.989608984440565109e-03
1.174146868288516998e-02
1.183366682380437851e-02
3.500521555542945862e-02
6.075975950807332993e-03
1.354100462049245834e-02
1.000898331403732300e-01
3.500521555542945862e-02
5.564969964325428009e-03
3.500521555542945862e-02
3.829206526279449463e-02
1.543654873967170715e-02
1.356027461588382721e-02
3.500521555542945862e-02
3.500521555542945862e-02
4.834742099046707153e-02
3.500521555542945862e-02
4.915147088468074799e-03
2.924493746832013130e-03
3.407580312341451645e-03
2.550661005079746246e-02
3.500521555542945862e-02
8.171673864126205444e-03
5.791418254375457764e-03
1.498562190681695938e-02
5.088220816105604172e-03
3.308385377749800682e-03
3.500521555542945862e-02
9.356088936328887939e-03
1.001260150223970413e-02
3.500521555542945862e-02
5.332799628376960754e-03
3.500521555542945862e-02
4.899583291262388229e-03
9.985182434320449829e-03
1.468163356184959412e-02
1.067485194653272629e-02
2.225236035883426666e-02
1.034958101809024811e-02
7.583691272884607315e-03
1.315559726208448410e-02
4.222173243761062622e-02
3.500521555542945862e-02
3.357546636834740639e-03
3.601597249507904053e-02
3.500521555542945862e-02
3.598641604185104370e-02
1.981976069509983063e-02
3.590465523302555084e-03
3.500521555542945862e-02
9.270184673368930817e-03
1.542834006249904633e-02
3.381312265992164612e-02
3.500521555542945862e-02
6.746756378561258316e-03
6.569366436451673508e-03
1.321114227175712585e-02
3.500521555542945862e-02
3.156036138534545898e-02
3.712351666763424873e-03
4.277908056974411011e-02
9.874198585748672485e-03
4.392597358673810959e-03
3.500521555542945862e-02
3.500521555542945862e-02
2.322711981832981110e-02
8.416028693318367004e-03
3.500521555542945862e-02
5.091632157564163208e-02
3.500521555542945862e-02
5.146427545696496964e-03
5.926550365984439850e-03
2.587132528424263000e-02
1.836276985704898834e-02
4.873812198638916016e-03
1.472411677241325378e-02
3.500521555542945862e-02
3.739653155207633972e-03
7.706451229751110077e-03
1.021455414593219757e-02
2.077148854732513428e-02
7.764829322695732117e-03
5.972871091216802597e-03
1.098712906241416931e-02
4.722580779343843460e-03
3.102602437138557434e-03
1.336884032934904099e-02
3.500521555542945862e-02
3.500521555542945862e-02
3.500521555542945862e-02
9.519900195300579071e-03
1.018723100423812866e-02
3.500521555542945862e-02
6.678562611341476440e-03
3.500521555542945862e-02
4.326240625232458115e-03
1.049984619021415710e-02
1.146399788558483124e-02
3.499294165521860123e-03
4.270648583769798279e-03
1.168511062860488892e-02
3.500521555542945862e-02
4.310321807861328125e-02
3.500521555542945862e-02
3.500521555542945862e-02
3.500521555542945862e-02
3.500521555542945862e-02
1.607719995081424713e-02
3.500521555542945862e-02
5.990881472826004028e-03
1.263150107115507126e-02
3.500521555542945862e-02
3.378153592348098755e-02
8.778872899711132050e-03
4.669934511184692383e-03
7.575201336294412613e-03
1.669268496334552765e-02
8.258336223661899567e-03
1.762612350285053253e-02
3.993400838226079941e-03
7.471303921192884445e-03
3.500521555542945862e-02
3.500521555542945862e-02
9.298251010477542877e-03
3.500521555542945862e-02
1.393549516797065735e-02
1.884578168392181396e-02
5.512192472815513611e-02
7.933692075312137604e-03
7.603329140692949295e-03
3.500521555542945862e-02
3.812465118244290352e-03
2.824204973876476288e-02
1.984109729528427124e-02
3.544265031814575195e-02
3.609047085046768188e-02
2.582544647157192230e-02
3.500521555542945862e-02
7.299401797354221344e-03
3.500521555542945862e-02
3.937277197837829590e-02
6.140018347650766373e-03
2.220888622105121613e-02
8.993694931268692017e-02
4.681428894400596619e-03
1.568301022052764893e-02
3.673032391816377640e-03
3.500521555542945862e-02
3.500521555542945862e-02
6.996185053139925003e-03
3.500521555542945862e-02
1.127780787646770477e-02
3.500521555542945862e-02
2.759667672216892242e-02
3.500521555542945862e-02
5.166672170162200928e-03
9.312001056969165802e-03
3.500521555542945862e-02
2.343145757913589478e-02
4.501629993319511414e-02
3.500521555542945862e-02
6.212754640728235245e-03
1.900760456919670105e-02
3.034294815734028816e-03
8.274473249912261963e-03
4.769925400614738464e-02
6.108984351158142090e-03
3.500521555542945862e-02
3.414031863212585449e-02
3.500521555542945862e-02
3.500521555542945862e-02
1.858938112854957581e-02
6.005650386214256287e-03
7.484706584364175797e-03
1.494051609188318253e-02
3.554533794522285461e-02
7.529948838055133820e-03
3.274040529504418373e-03
3.500521555542945862e-02
1.843410283327102661e-01
5.711885169148445129e-02
2.201182767748832703e-02
2.028340101242065430e-02
3.500521555542945862e-02
4.314127936959266663e-02
3.500521555542945862e-02
4.566399846225976944e-03
1.333590969443321228e-02
3.500521555542945862e-02
3.500521555542945862e-02
1.045720744878053665e-02
2.036743052303791046e-02
3.500521555542945862e-02
6.900442298501729965e-03
3.500521555542945862e-02
6.179129704833030701e-03
7.271274924278259277e-03
1.292377524077892303e-02
1.501701306551694870e-02
2.717889379709959030e-03
1.037114113569259644e-02
1.361035183072090149e-02
2.912984043359756470e-02
6.201953627169132233e-03
6.862487643957138062e-02
6.502975709736347198e-03
1.296884194016456604e-02
3.066761977970600128e-02
3.500521555542945862e-02
3.918801993131637573e-02
6.337735336273908615e-03
7.939416915178298950e-03
2.766333986073732376e-03
9.710392914712429047e-03
1.132144778966903687e-02
1.975696906447410583e-02
1.288210041821002960e-02
1.578803546726703644e-02
9.251617826521396637e-03
3.978304099291563034e-03
7.901338860392570496e-03
6.993774324655532837e-03
3.500521555542945862e-02
3.500521555542945862e-02
8.062575012445449829e-03
4.149154201149940491e-02
5.736857187002897263e-03
5.750080943107604980e-02
1.640367880463600159e-02
1.348855253309011459e-02
7.387480232864618301e-03
8.578351885080337524e-02
1.397528499364852905e-02
3.500521555542945862e-02
3.500521555542945862e-02
3.500521555542945862e-02
3.500521555542945862e-02
3.500521555542945862e-02
3.500521555542945862e-02
6.618213839828968048e-03
1.392874121665954590e-02
2.924048900604248047e-02
1.252215821295976639e-02
4.079336766153573990e-03
1.702068746089935303e-02
6.273519247770309448e-03
6.218864768743515015e-02
3.264492005109786987e-02
2.199535816907882690e-02
3.091987222433090210e-02
2.866723760962486267e-02
3.500521555542945862e-02
4.315326921641826630e-03
5.881843622773885727e-03
3.723335266113281250e-02
5.265348125249147415e-03
3.500521555542945862e-02
5.451851990073919296e-03
3.500521555542945862e-02
3.500521555542945862e-02
