1.573686720803380013e-03
2.535127103328704834e-03
2.147701382637023926e-02
1.074462896212935448e-03
3.598461858928203583e-03
2.354567637667059898e-03
8.362557739019393921e-03
1.240585464984178543e-02
3.157298779115080833e-03
4.156324546784162521e-03
1.776663935743272305e-03
1.944616204127669334e-03
2.680587815120816231e-03
2.871487103402614594e-02
1.758370082825422287e-03
5.042616743594408035e-03
2.355609554797410965e-03
6.400284357368946075e-03
7.381998933851718903e-03
1.715896837413311005e-02
6.794605869799852371e-03
3.387462347745895386e-02
1.402286579832434654e-03
9.601164609193801880e-03
2.872148295864462852e-03
1.553698326461017132e-03
2.781705232337117195e-03
2.123995684087276459e-03
6.894386839121580124e-03
1.921530580148100853e-03
2.326542278751730919e-03
2.399254404008388519e-02
1.319309603422880173e-02
1.307760030031204224e-01
4.129825904965400696e-02
1.047189719974994659e-02
1.306834910064935684e-02
7.004345767199993134e-03
3.418846521526575089e-03
3.482666332274675369e-03
1.765000633895397186e-03
6.744459271430969238e-02
4.475816339254379272e-02
1.522330217994749546e-03
1.428336370736360550e-02
1.397184445522725582e-03
3.362989798188209534e-02
6.186064798384904861e-03
1.420699874870479107e-03
9.908663108944892883e-03
2.539506647735834122e-03
3.545689955353736877e-02
2.182015776634216309e-02
5.749889835715293884e-02
2.160177798941731453e-03
7.909057661890983582e-03
1.054932475090026855e-01
3.784853266552090645e-03
4.228162765502929688e-02
1.319031510502099991e-02
7.134380191564559937e-02
1.195222605019807816e-02
4.029183182865381241e-03
1.602459885179996490e-02
4.639280214905738831e-02
3.342262655496597290e-02
9.591085836291313171e-03
1.478756126016378403e-02
2.810721052810549736e-03
9.028826607391238213e-04
5.197037011384963989e-03
9.624921716749668121e-03
8.429151028394699097e-03
1.828708802349865437e-03
8.255166001617908478e-03
1.383752562105655670e-02
1.131433993577957153e-03
4.753122106194496155e-03
1.022336073219776154e-03
2.068859525024890900e-02
1.435867603868246078e-02
1.596668735146522522e-02
1.666610012762248516e-03
1.514540147036314011e-02
9.333082474768161774e-03
6.779350806027650833e-03
1.298403716646134853e-03
3.679718589410185814e-03
8.864414878189563751e-03
1.521971425972878933e-03
9.356093592941761017e-03
2.549084834754467010e-03
8.161979913711547852e-02
1.572300121188163757e-02
6.998968310654163361e-03
2.566121984273195267e-03
6.075411569327116013e-03
1.043814327567815781e-02
3.154403762891888618e-03
7.382541429251432419e-03
8.587551303207874298e-03
2.048057736828923225e-03
4.965363536030054092e-03
3.671432435512542725e-01
3.671432435512542725e-01
1.713117398321628571e-02
3.671432435512542725e-01
2.282597823068499565e-03
2.216078713536262512e-02
1.497371029108762741e-02
5.996142048388719559e-03
6.273385602980852127e-03
9.785751812160015106e-03
6.787211634218692780e-03
1.275163493119180202e-03
3.812416223809123039e-03
3.769685979932546616e-03
8.595313411206007004e-04
6.211550906300544739e-03
7.040928304195404053e-02
2.371917814016342163e-01
2.885569352656602859e-03
1.757450634613633156e-03
1.192180206999182701e-03
1.185025786980986595e-03
6.008403841406106949e-03
2.136198803782463074e-03
2.523746713995933533e-02
1.618518959730863571e-03
4.917474929243326187e-03
9.140382171608507633e-04
3.700583940371870995e-03
2.881244011223316193e-02
1.323189469985663891e-03
1.568480161949992180e-03
1.540469587780535221e-03
7.264101877808570862e-03
3.442365676164627075e-03
2.826162148267030716e-03
2.766404999420046806e-03
1.914466265588998795e-03
1.305120531469583511e-03
4.621090367436408997e-03
6.021548993885517120e-03
5.085455253720283508e-03
1.696599647402763367e-02
1.406169682741165161e-02
1.761235669255256653e-02
1.756373327225446701e-03
1.930022798478603363e-02
5.407755821943283081e-02
9.466623887419700623e-03
3.317959010601043701e-01
3.537271171808242798e-02
1.091664773412048817e-03
6.874854210764169693e-03
2.231369726359844208e-03
1.762773958034813404e-03
3.722693538293242455e-03
2.771230414509773254e-03
8.116343058645725250e-03
7.613118272274732590e-03
3.439134685322642326e-03
9.530260227620601654e-03
1.878700917586684227e-03
1.292018126696348190e-02
1.497672637924551964e-03
4.995994269847869873e-03
3.477026009932160378e-03
9.596527554094791412e-03
1.428818446584045887e-03
2.850977890193462372e-02
1.380419638007879257e-02
4.489965736865997314e-03
3.271836321800947189e-03
8.540700189769268036e-03
2.765285782516002655e-03
8.193233609199523926e-01
2.583521418273448944e-03
2.381815575063228607e-03
1.550729870796203613e-01
4.016306251287460327e-02
1.663514762185513973e-03
1.235097087919712067e-02
4.436988849192857742e-03
1.778042875230312347e-03
1.721003465354442596e-02
2.913841744884848595e-03
2.270347671583294868e-03
2.614636439830064774e-03
3.123637102544307709e-02
8.347647264599800110e-03
1.240527629852294922e-02
6.949919741600751877e-03
6.542636081576347351e-03
9.345576167106628418e-03
1.258106552995741367e-03
7.580362558364868164e-01
3.671432435512542725e-01
1.196113531477749348e-03
1.397270895540714264e-02
1.934726163744926453e-02
1.874560862779617310e-02
5.677781999111175537e-03
1.229064073413610458e-03
2.626397088170051575e-02
2.988007850944995880e-03
3.120098961517214775e-03
5.132197588682174683e-02
1.446800399571657181e-02
2.955874055624008179e-02
1.867781975306570530e-03
2.984733693301677704e-02
1.556293107569217682e-03
3.287115599960088730e-03
4.601043183356523514e-03
6.988344714045524597e-03
2.489180536940693855e-03
3.636376559734344482e-02
1.846178993582725525e-02
6.196486763656139374e-03
1.739643281325697899e-03
4.123674705624580383e-02
3.671432435512542725e-01
2.117443596944212914e-03
2.025052905082702637e-03
1.050810678862035275e-03
9.104998782277107239e-03
1.233531744219362736e-03
1.628393889404833317e-03
3.729240735992789268e-03
3.204772016033530235e-03
2.476278925314545631e-03
6.790912710130214691e-03
3.446029871702194214e-02
5.141996312886476517e-03
5.816023331135511398e-03
6.372208707034587860e-03
1.020463332533836365e-01
3.487211652100086212e-03
1.313405949622392654e-02
1.378226652741432190e-02
1.349945203401148319e-03
4.124293569475412369e-03
1.548660802654922009e-03
3.948244825005531311e-02
1.283492799848318100e-02
1.294504664838314056e-02
5.483652465045452118e-03
3.671432435512542725e-01
2.853256464004516602e-02
1.579821226187050343e-03
2.125770319253206253e-03
2.759987488389015198e-02
2.850977890193462372e-02
2.589275594800710678e-03
4.479615017771720886e-03
4.068106878548860550e-03
5.146767012774944305e-03
5.504265427589416504e-03
4.573019687086343765e-03
5.045793950557708740e-02
1.916987821459770203e-02
1.484390255063772202e-02
1.569375842809677124e-01
4.556939937174320221e-03
1.217295695096254349e-02
2.917883172631263733e-02
1.052704453468322754e-02
1.045637857168912888e-02
2.738647628575563431e-03
1.999512501060962677e-02
5.043825879693031311e-02
1.070828549563884735e-02
1.855260226875543594e-03
1.796250930055975914e-03
2.700498094782233238e-03
3.671432435512542725e-01
4.308446310460567474e-03
4.754976369440555573e-03
1.311322115361690521e-02
6.734770536422729492e-02
1.185332704335451126e-02
3.915792331099510193e-03
8.024456910789012909e-03
8.516555652022361755e-03
5.724400747567415237e-03
9.199264459311962128e-03
1.866323640570044518e-03
2.076580654829740524e-03
1.189076062291860580e-02
6.364631932228803635e-03
2.819920331239700317e-02
3.671432435512542725e-01
4.365417174994945526e-03
9.738394059240818024e-03
1.142377150245010853e-03
1.090921927243471146e-03
3.342498559504747391e-03
7.138495333492755890e-03
1.383456494659185410e-02
3.864826401695609093e-03
4.196865111589431763e-02
7.852399721741676331e-03
6.679850630462169647e-03
4.212292283773422241e-02
2.798738703131675720e-02
2.767358161509037018e-02
1.095485687255859375e-01
7.682389579713344574e-03
6.734770536422729492e-02
2.629440976306796074e-03
1.874138135462999344e-03
9.126396849751472473e-03
3.722890838980674744e-02
1.411562412977218628e-02
2.481222618371248245e-03
2.663249615579843521e-03
1.658367924392223358e-02
1.679925713688135147e-03
2.914149314165115356e-03
9.990081191062927246e-03
2.398254582658410072e-03
7.026185281574726105e-03
1.920081116259098053e-02
3.439546748995780945e-02
1.127012632787227631e-02
4.196676425635814667e-03
2.570906840264797211e-02
1.092830300331115723e-01
3.425533650442957878e-03
2.275230828672647476e-03
2.020642720162868500e-02
4.686135333031415939e-03
2.568036550655961037e-03
4.015102982521057129e-03
8.907259907573461533e-04
3.958323970437049866e-03
1.034888848662376404e-01
5.694305151700973511e-02
2.844250760972499847e-03
3.735411446541547775e-03
2.930974820628762245e-03
7.504960056394338608e-03
1.859982497990131378e-03
4.281242378056049347e-03
2.617917768657207489e-02
3.334773005917668343e-03
1.546918763779103756e-03
3.671969473361968994e-02
8.361580781638622284e-03
1.336230617016553879e-02
2.203693846240639687e-03
3.089728578925132751e-02
4.863674752414226532e-03
3.967723809182643890e-03
1.351864775642752647e-03
1.001527253538370132e-02
3.640922019258141518e-03
7.653907686471939087e-02
3.671432435512542725e-01
1.545531488955020905e-02
7.593426387757062912e-03
7.445359136909246445e-03
2.993077971041202545e-02
1.077974587678909302e-02
3.891585394740104675e-02
1.554493885487318039e-02
3.147479146718978882e-02
7.195405662059783936e-03
1.232942682690918446e-03
1.100908871740102768e-02
2.447357866913080215e-03
2.293279161676764488e-03
7.503421977162361145e-03
8.308118209242820740e-03
1.141996355727314949e-03
3.671432435512542725e-01
2.696128794923424721e-03
5.426917690783739090e-03
2.676365524530410767e-02
3.182479180395603180e-03
1.082468777894973755e-03
3.671432435512542725e-01
3.245306760072708130e-02
3.057957859709858894e-03
2.304509049281477928e-03
1.592979067936539650e-03
4.962826520204544067e-02
3.470057155936956406e-03
3.033063001930713654e-02
2.698408206924796104e-03
1.056009531021118164e-02
3.734147874638438225e-03
2.722966950386762619e-03
3.672089055180549622e-02
1.260803174227476120e-02
2.263310831040143967e-03
1.337882596999406815e-03
1.507999259047210217e-03
1.142898574471473694e-03
4.685932770371437073e-03
9.812337346374988556e-03
3.185795154422521591e-03
1.279746298678219318e-03
4.613074008375406265e-03
1.953760860487818718e-03
3.750663995742797852e-02
3.756304271519184113e-03
4.961369559168815613e-03
1.345069892704486847e-02
5.155552178621292114e-03
7.841949351131916046e-03
1.518982741981744766e-02
5.707259103655815125e-02
1.099883578717708588e-03
1.299321837723255157e-02
2.090971916913986206e-03
2.858883142471313477e-02
1.767736393958330154e-03
1.454726909287273884e-03
8.038760162889957428e-03
5.449636373668909073e-03
4.093165043741464615e-03
8.674255572259426117e-03
4.915834870189428329e-03
9.007705375552177429e-03
7.440903224050998688e-03
2.508192555978894234e-03
1.745505956932902336e-03
2.454488072544336319e-03
1.182630658149719238e-03
9.208697010762989521e-04
5.347603932023048401e-03
9.417584165930747986e-03
3.393153194338083267e-03
5.790202412754297256e-03
2.312009222805500031e-03
1.112516503781080246e-02
2.425329526886343956e-03
2.786100143566727638e-03
7.241006009280681610e-03
2.404620870947837830e-03
1.061064307577908039e-03
1.276902621611952782e-03
6.706387735903263092e-03
2.482131356373429298e-03
5.490956362336874008e-03
1.564079336822032928e-02
3.369373502209782600e-03
1.908412319608032703e-03
2.434555673971772194e-03
4.296929109841585159e-03
2.175729954615235329e-03
3.671432435512542725e-01
2.759448485448956490e-03
9.702192619442939758e-03
1.599010825157165527e-02
1.013437956571578979e-01
3.932677209377288818e-03
8.135005831718444824e-03
1.609378727152943611e-03
4.137911833822727203e-03
1.441255360841751099e-01
4.865821450948715210e-03
1.125073898583650589e-02
5.374803673475980759e-03
3.241814672946929932e-03
3.370308782905340195e-03
1.330112223513424397e-03
2.330225892364978790e-02
4.862391855567693710e-03
8.117169141769409180e-02
4.063154105097055435e-03
1.510602794587612152e-02
1.298385206609964371e-03
6.369584053754806519e-02
7.694299798458814621e-03
4.111233633011579514e-03
1.888694358058273792e-03
1.009845361113548279e-02
1.492879935540258884e-03
6.734770536422729492e-02
6.468500941991806030e-02
1.128721749410033226e-03
1.725108479149639606e-03
4.959519486874341965e-03
1.129044336266815662e-03
1.162068452686071396e-03
1.658402965404093266e-03
8.319228654727339745e-04
2.206589560955762863e-03
2.365331631153821945e-03
1.154569163918495178e-02
4.033812787383794785e-03
6.352105643600225449e-03
3.742379369214177132e-03
5.857661366462707520e-02
1.754495897330343723e-03
2.134682610630989075e-02
2.333614043891429901e-02
2.350462414324283600e-02
1.722390390932559967e-02
3.323129145428538322e-03
4.369112197309732437e-03
1.415950828231871128e-03
4.798035137355327606e-03
7.750888168811798096e-02
6.299956701695919037e-03
7.993796840310096741e-03
4.060002509504556656e-03
7.404343038797378540e-02
5.289220064878463745e-02
1.315544359385967255e-03
6.182762328535318375e-03
4.511316120624542236e-01
1.388370897620916367e-02
4.662840627133846283e-03
1.357822213321924210e-02
1.365611609071493149e-02
4.866939503699541092e-03
9.321027435362339020e-03
8.094160258769989014e-02
2.469063177704811096e-02
3.671432435512542725e-01
7.170195132493972778e-02
3.671432435512542725e-01
3.671432435512542725e-01
7.880654186010360718e-03
4.132559057325124741e-03
7.883344590663909912e-02
2.039439044892787933e-03
3.529760753735899925e-03
7.076391950249671936e-03
9.946946054697036743e-03
2.174106687307357788e-01
3.835277399048209190e-03
3.671432435512542725e-01
1.014337316155433655e-02
2.831754460930824280e-02
8.826774358749389648e-02
1.899821311235427856e-02
2.011724049225449562e-03
6.734770536422729492e-02
9.534879587590694427e-03
1.753982389345765114e-03
3.671432435512542725e-01
2.405287697911262512e-03
3.035059431567788124e-03
3.694461584091186523e-01
3.599638119339942932e-03
1.619643531739711761e-02
3.671432435512542725e-01
6.512020714581012726e-03
2.822128357365727425e-03
2.762684831395745277e-03
1.280649099498987198e-02
2.074199169874191284e-02
8.809880353510379791e-03
9.814224904403090477e-04
4.589247982949018478e-03
5.003891885280609131e-03
8.981934748589992523e-03
3.450589021667838097e-03
2.600389998406171799e-03
8.610726334154605865e-03
5.870825797319412231e-02
3.165957983583211899e-03
1.287879422307014465e-03
2.339861169457435608e-02
2.493659965693950653e-03
1.791484653949737549e-03
4.387547262012958527e-03
2.798158861696720123e-02
1.366970944218337536e-03
6.418960168957710266e-03
5.883664824068546295e-03
3.671432435512542725e-01
1.519155222922563553e-02
3.940618131309747696e-03
8.263802155852317810e-03
7.515061646699905396e-02
3.671432435512542725e-01
2.090106485411524773e-03
1.796412398107349873e-03
3.671432435512542725e-01
3.467709990218281746e-03
2.522181347012519836e-02
1.001753844320774078e-03
9.494088590145111084e-04
4.133765771985054016e-02
1.648491248488426208e-02
4.656681325286626816e-03
9.721968322992324829e-03
1.397796534001827240e-02
4.219006281346082687e-03
2.894458360970020294e-03
2.601655665785074234e-03
5.550479982048273087e-03
1.516781002283096313e-01
3.042159788310527802e-02
9.106285870075225830e-04
9.835402015596628189e-04
1.500712707638740540e-03
5.891456734389066696e-03
1.637026085518300533e-03
1.651902496814727783e-02
7.829476962797343731e-04
2.945360029116272926e-03
2.046914771199226379e-03
7.978994399309158325e-02
3.873654454946517944e-02
7.052673026919364929e-03
2.357987454161047935e-03
2.404446946457028389e-03
1.546111772768199444e-03
4.995287861675024033e-03
1.445684116333723068e-03
1.560980686917901039e-03
4.496357869356870651e-03
2.442406024783849716e-03
2.774712862446904182e-03
3.760121390223503113e-02
2.959874924272298813e-03
7.937374524772167206e-03
5.289378575980663300e-03
2.368418965488672256e-03
1.050292700529098511e-01
7.307138293981552124e-03
4.915252327919006348e-03
9.998398832976818085e-03
2.724250545725226402e-03
3.609429113566875458e-03
1.182612148113548756e-03
2.518903231248259544e-03
5.279535427689552307e-03
2.266238257288932800e-02
1.589767634868621826e-02
4.915730096399784088e-03
9.901943057775497437e-02
2.203711494803428650e-02
7.914252579212188721e-03
7.235575467348098755e-03
3.094480186700820923e-02
1.962177688255906105e-03
4.911741241812705994e-03
1.716896705329418182e-02
3.510580360889434814e-01
2.432011812925338745e-02
1.014695391058921814e-01
3.812314709648489952e-03
1.487006084062159061e-03
4.604151472449302673e-03
3.812955692410469055e-02
1.768176816403865814e-02
1.212577708065509796e-02
2.113557793200016022e-02
5.629840772598981857e-03
2.332608914002776146e-03
7.027503103017807007e-03
2.284662099555134773e-03
5.281541962176561356e-03
1.213305280543863773e-03
1.412932877428829670e-03
8.592668920755386353e-03
1.980015542358160019e-03
1.673642196692526340e-03
5.913714412599802017e-03
2.735043875873088837e-03
3.249424276873469353e-03
1.710999407805502415e-03
1.103974692523479462e-02
4.446715582162141800e-03
1.610444672405719757e-02
1.619309335947036743e-01
6.439087912440299988e-03
5.266244988888502121e-03
2.432998642325401306e-02
1.375764491967856884e-03
4.513262305408716202e-03
3.266624873504042625e-03
1.114360895007848740e-02
1.320787123404443264e-03
3.992797806859016418e-03
8.914320496842265129e-04
4.854986071586608887e-02
1.161976484581828117e-03
1.485222298651933670e-02
9.790507610887289047e-04
3.671432435512542725e-01
3.221442550420761108e-02
2.241311036050319672e-02
5.800399184226989746e-02
4.140895791351795197e-03
2.892867894843220711e-03
3.232221817597746849e-03
2.585237147286534309e-03
3.085346193984150887e-03
1.057342160493135452e-02
1.236636005342006683e-02
2.214759960770606995e-02
1.584356185048818588e-03
1.385890226811170578e-02
6.897848099470138550e-03
5.022260360419750214e-03
6.811630912125110626e-03
4.188362974673509598e-03
1.088912505656480789e-02
1.529448316432535648e-03
2.881753724068403244e-03
9.277212433516979218e-03
2.560940338298678398e-03
8.800437673926353455e-03
3.012863220646977425e-03
6.585287861526012421e-03
1.382900960743427277e-02
3.533692797645926476e-03
6.734770536422729492e-02
2.583497902378439903e-03
1.822613179683685303e-03
1.092600077390670776e-02
1.176679786294698715e-02
3.802420571446418762e-02
4.696011543273925781e-03
1.911152713000774384e-02
6.909777410328388214e-03
1.322576426900923252e-03
1.967581687495112419e-03
1.849820255301892757e-03
1.710235723294317722e-03
4.825036972761154175e-03
4.988583549857139587e-02
7.916641421616077423e-03
5.264481529593467712e-03
7.102084811776876450e-03
1.267022825777530670e-02
1.161622907966375351e-02
7.058288902044296265e-03
6.734770536422729492e-02
3.029640763998031616e-03
4.298830870538949966e-03
1.093448046594858170e-02
2.041678410023450851e-03
1.662226859480142593e-03
1.112540718168020248e-02
5.417161621153354645e-03
3.306615399196743965e-03
9.332405170425772667e-04
2.963511971756815910e-03
3.063842188566923141e-03
2.969345077872276306e-03
1.713762758299708366e-03
1.058209571056067944e-03
2.811700804159045219e-03
7.499265484511852264e-03
2.377342805266380310e-02
1.698974519968032837e-03
4.503409378230571747e-03
2.427752362564206123e-03
1.469990331679582596e-02
1.844297512434422970e-03
1.168505288660526276e-03
1.721570501103997231e-03
3.671432435512542725e-01
3.671432435512542725e-01
6.734770536422729492e-02
4.759306553751230240e-03
9.436860680580139160e-03
1.541054924018681049e-03
2.347744442522525787e-02
7.782009779475629330e-04
1.430621137842535973e-03
1.474051736295223236e-03
8.903125301003456116e-03
1.153506338596343994e-02
7.101241499185562134e-02
1.195095945149660110e-02
7.912755012512207031e-03
4.333841148763895035e-03
3.007218008860945702e-03
3.671432435512542725e-01
7.622028701007366180e-03
4.623341187834739685e-02
8.028796291910111904e-04
2.895778510719537735e-03
7.685207761824131012e-03
8.187143132090568542e-03
1.989847794175148010e-02
7.805740926414728165e-03
3.405674826353788376e-03
1.054241321980953217e-02
2.214287966489791870e-02
2.537524327635765076e-02
2.476179972290992737e-03
4.011415410786867142e-03
1.726824045181274414e-02
3.117846790701150894e-03
1.751327328383922577e-02
1.996334269642829895e-02
1.281301258131861687e-03
2.863491140305995941e-02
9.015455842018127441e-03
3.525555366650223732e-03
2.590793967247009277e-01
6.734770536422729492e-02
4.704845603555440903e-03
2.859845990315079689e-03
3.671432435512542725e-01
4.429379850625991821e-02
2.120004268363118172e-03
3.357642563059926033e-03
1.985170645639300346e-03
4.736537579447031021e-03
3.396667074412107468e-03
2.369618043303489685e-03
1.384932431392371655e-03
3.236147807911038399e-03
1.386902295053005219e-03
1.537569612264633179e-02
2.670243009924888611e-02
3.671432435512542725e-01
1.748047885484993458e-03
9.881124831736087799e-03
8.970939554274082184e-03
9.083936456590890884e-04
6.317746359854936600e-03
1.488037314265966415e-02
2.812251681461930275e-03
1.737484941259026527e-03
1.679938519373536110e-03
2.603822853416204453e-03
2.514428924769163132e-03
2.127503510564565659e-03
7.279529236257076263e-04
3.671432435512542725e-01
9.935423731803894043e-03
8.450527675449848175e-03
3.496777731925249100e-03
9.677820652723312378e-02
1.453041657805442810e-02
2.464951481670141220e-03
1.003510085865855217e-03
8.580754511058330536e-03
3.223740495741367340e-03
2.409130567684769630e-03
1.688567921519279480e-02
8.309560269117355347e-02
1.146299764513969421e-02
2.862219698727130890e-03
2.130459435284137726e-02
1.596472342498600483e-03
3.231944143772125244e-02
6.305425427854061127e-03
1.251940266229212284e-03
1.574933994561433792e-03
1.402167836204171181e-03
3.800292965024709702e-03
4.458779469132423401e-03
2.804238721728324890e-02
1.331718172878026962e-03
4.835576284676790237e-03
4.357051476836204529e-02
8.917496353387832642e-02
7.630837615579366684e-03
1.032122410833835602e-02
1.791000366210937500e-02
1.484978245571255684e-03
2.874032407999038696e-02
6.058564409613609314e-03
1.208193134516477585e-02
2.884908113628625870e-03
8.365681394934654236e-03
1.235048985108733177e-03
1.829834538511931896e-03
5.316127091646194458e-03
3.350354963913559914e-03
4.689599387347698212e-03
1.634596497751772404e-03
6.940382532775402069e-03
1.535227871499955654e-03
8.659566193819046021e-02
6.748060230165719986e-03
2.174234716221690178e-03
2.996211405843496323e-03
6.227005273103713989e-03
2.164470264688134193e-03
5.428565200418233871e-03
7.311736792325973511e-02
6.441330071538686752e-03
1.736910454928874969e-02
2.627916866913437843e-03
3.153163706883788109e-03
1.260545663535594940e-02
3.782685846090316772e-03
1.840173453092575073e-02
2.049156464636325836e-03
2.120912540704011917e-03
3.567161504179239273e-03
1.340562012046575546e-02
3.250183165073394775e-02
1.027134992182254791e-02
1.869208924472332001e-02
3.671432435512542725e-01
8.668919908814132214e-04
6.734770536422729492e-02
1.972857629880309105e-03
3.308108076453208923e-02
3.795048920437693596e-03
5.287888925522565842e-03
2.763591473922133446e-03
9.248999878764152527e-03
2.593759680166840553e-03
2.463423460721969604e-02
1.609402475878596306e-03
2.122046193107962608e-03
6.281752604991197586e-03
1.876119291409850121e-03
3.066246397793292999e-03
1.064393576234579086e-02
4.013839177787303925e-03
3.112345933914184570e-03
5.274026654660701752e-03
1.460330486297607422e-01
2.914856374263763428e-02
1.327711855992674828e-03
6.535697262734174728e-03
2.062264597043395042e-03
1.820763689465820789e-03
5.846819374710321426e-03
2.724751830101013184e-03
2.591498196125030518e-03
2.618502825498580933e-03
2.241198671981692314e-03
1.217383076436817646e-03
1.484141312539577484e-02
4.757211077958345413e-03
3.612177446484565735e-02
3.663182957097887993e-03
1.789117348380386829e-03
1.790035748854279518e-03
1.629331894218921661e-02
2.766208956018090248e-03
8.211311651393771172e-04
1.767047448083758354e-03
1.326789110898971558e-01
4.752160981297492981e-03
2.691302075982093811e-02
3.320130985230207443e-03
1.194108743220567703e-02
1.215415773913264275e-03
6.256411317735910416e-03
1.510500442236661911e-03
1.825756160542368889e-03
6.792682223021984100e-03
7.292325142771005630e-03
1.954522449523210526e-03
1.174168894067406654e-03
2.754605375230312347e-03
8.708395063877105713e-03
1.046167407184839249e-02
1.742824446409940720e-03
1.230950281023979187e-02
1.381317968480288982e-03
6.195443682372570038e-03
2.320680022239685059e-02
2.984184771776199341e-03
2.502401126548647881e-03
2.302754437550902367e-03
8.967129513621330261e-03
1.173022016882896423e-02
6.975947413593530655e-03
1.665390841662883759e-02
7.531556766480207443e-03
1.460540923289954662e-03
4.007732123136520386e-02
1.958847977221012115e-03
7.724624592810869217e-03
1.050126156769692898e-03
1.995974220335483551e-02
2.524144481867551804e-03
3.728915005922317505e-03
1.040009316056966782e-03
1.669659093022346497e-02
2.830755198374390602e-03
7.077517453581094742e-03
1.726184971630573273e-02
9.140713955275714397e-04
4.584051668643951416e-02
4.481076262891292572e-03
1.284934487193822861e-02
2.246878575533628464e-03
1.847040839493274689e-03
2.901257574558258057e-02
5.139908753335475922e-03
3.182084299623966217e-03
7.085282355546951294e-03
3.671432435512542725e-01
3.634946420788764954e-02
1.930466853082180023e-02
2.407690510153770447e-03
5.555385723710060120e-03
9.828210622072219849e-02
1.538603450171649456e-03
4.910466261208057404e-03
3.572316095232963562e-02
1.226441748440265656e-02
9.642181918025016785e-03
1.279297005385160446e-02
3.336813673377037048e-02
1.989703997969627380e-02
1.042530988343060017e-03
7.722011301666498184e-03
1.885188557207584381e-02
1.930603571236133575e-02
1.234821882098913193e-02
1.608827151358127594e-03
1.069218944758176804e-02
6.794499699026346207e-03
6.927108392119407654e-03
1.211592578329145908e-03
9.538698941469192505e-03
9.659431874752044678e-03
2.188725769519805908e-02
2.955551026389002800e-03
1.758311688899993896e-02
6.305666640400886536e-03
3.066325094550848007e-03
5.231312476098537445e-03
1.677511492744088173e-03
5.656125489622354507e-03
4.234769381582736969e-03
8.640143275260925293e-02
2.177431480959057808e-03
3.735671984031796455e-03
2.670607063919305801e-03
1.352307735942304134e-03
3.610665677115321159e-03
3.700248198583722115e-03
2.043061191216111183e-03
1.583462767302989960e-02
1.538546010851860046e-02
4.395260941237211227e-03
6.878657732158899307e-03
1.255459338426589966e-02
1.519573386758565903e-02
5.054159834980964661e-02
1.893374696373939514e-02
9.342040866613388062e-03
4.916688892990350723e-03
2.917692763730883598e-03
1.599852694198489189e-03
4.722661804407835007e-03
2.651766641065478325e-03
2.649666275829076767e-03
6.162736099213361740e-03
8.774954476393759251e-04
7.832529372535645962e-04
3.718296065926551819e-03
9.783253772184252739e-04
2.837731968611478806e-03
4.243845585733652115e-03
4.290030803531408310e-03
1.715230988338589668e-03
1.124684582464396954e-03
1.081043016165494919e-02
3.191665280610322952e-03
1.752010919153690338e-02
1.414522295817732811e-03
2.969203749671578407e-03
2.089648973196744919e-03
1.287805847823619843e-02
1.462897518649697304e-03
2.802920062094926834e-03
4.618180915713310242e-03
3.410344012081623077e-03
1.833943882957100868e-03
3.066853620111942291e-02
5.993812344968318939e-03
5.394669715315103531e-03
2.377147553488612175e-03
1.442823326215147972e-03
6.949919741600751877e-03
1.554700778797268867e-03
1.713278144598007202e-02
1.064503681845963001e-03
6.713938899338245392e-03
5.134159699082374573e-03
5.394807551056146622e-03
2.630654256790876389e-03
8.168396539986133575e-03
7.665069773793220520e-03
1.822572434321045876e-03
5.065950565040111542e-03
2.062341943383216858e-02
2.146448567509651184e-02
2.900322899222373962e-02
3.109343815594911575e-03
2.488020621240139008e-02
2.525935182347893715e-03
2.893729135394096375e-02
6.528060417622327805e-03
1.735750585794448853e-03
9.358052164316177368e-03
1.149194431491196156e-03
3.568085609003901482e-03
1.090959087014198303e-02
9.208630770444869995e-03
6.583301723003387451e-02
6.611104123294353485e-03
2.401751466095447540e-03
1.367607992142438889e-02
3.264827653765678406e-02
9.114403277635574341e-03
8.506712503731250763e-03
3.333103144541382790e-03
3.071560990065336227e-03
1.261506229639053345e-02
6.114818155765533447e-03
5.342685058712959290e-02
1.377613656222820282e-02
1.277576945722103119e-02
4.208317399024963379e-02
1.559327123686671257e-03
1.308715320192277431e-03
2.890094881877303123e-03
1.779676997102797031e-03
1.072791637852787971e-03
1.389025803655385971e-02
2.635748591274023056e-03
1.225460087880492210e-03
1.390318153426051140e-03
2.368834801018238068e-03
3.548288717865943909e-02
1.277692522853612900e-02
7.179087493568658829e-03
1.755506731569766998e-03
1.284172409214079380e-03
1.737561635673046112e-02
1.703018322587013245e-03
1.823624828830361366e-03
2.798602450639009476e-03
3.671432435512542725e-01
5.374309141188859940e-03
1.442053471691906452e-03
1.063561532646417618e-03
2.023088978603482246e-03
9.538505226373672485e-03
5.621310323476791382e-03
2.638754900544881821e-03
5.861874669790267944e-03
2.722529135644435883e-02
5.942631978541612625e-03
3.617308661341667175e-02
2.366839908063411713e-03
1.199114834889769554e-03
7.257893681526184082e-03
1.166226807981729507e-03
3.671432435512542725e-01
3.671432435512542725e-01
5.107420962303876877e-03
3.469356568530201912e-03
2.124131191521883011e-03
1.981847733259201050e-02
1.013817265629768372e-03
3.956177737563848495e-03
1.672985148616135120e-03
9.284942410886287689e-03
9.674651548266410828e-03
8.696853183209896088e-03
2.036803960800170898e-02
2.811866998672485352e-02
1.077352464199066162e-02
1.036617755889892578e-01
3.671432435512542725e-01
1.541252899914979935e-02
2.234497340396046638e-03
4.902618005871772766e-03
9.571047266945242882e-04
4.882374312728643417e-03
2.268949523568153381e-03
2.414860762655735016e-03
4.406961612403392792e-03
3.447793051600456238e-02
3.619407117366790771e-02
1.625544764101505280e-02
4.376315511763095856e-03
2.209400990977883339e-03
3.007236635312438011e-03
5.626838188618421555e-03
1.896897889673709869e-02
2.086017979308962822e-03
4.184629768133163452e-03
2.377124968916177750e-03
2.383142942562699318e-03
1.547102779150009155e-01
1.509752008132636547e-03
9.544602595269680023e-03
1.366449426859617233e-02
2.637985534965991974e-02
9.167902171611785889e-03
7.711707148700952530e-03
3.671432435512542725e-01
1.807535998523235321e-03
3.340473864227533340e-03
2.321685431525111198e-03
2.095134928822517395e-03
1.564900507219135761e-03
1.519794464111328125e-01
2.645595930516719818e-02
1.323309820145368576e-02
2.202150970697402954e-02
9.294798597693443298e-03
3.853957401588559151e-03
3.471454139798879623e-03
4.825536161661148071e-03
3.332555666565895081e-02
2.346306107938289642e-02
4.692863207310438156e-03
6.878670770674943924e-03
2.841415116563439369e-03
1.752598024904727936e-02
3.938446193933486938e-02
8.431139402091503143e-03
5.556484218686819077e-03
9.575508534908294678e-02
3.544835373759269714e-03
1.853460818529129028e-02
5.957695096731185913e-02
2.364719845354557037e-02
1.221937127411365509e-03
1.260769367218017578e-02
1.062511350028216839e-03
3.853704547509551048e-03
4.295011982321739197e-02
3.252795897424221039e-03
7.825389620848000050e-04
7.945699617266654968e-03
2.898782119154930115e-02
1.883045583963394165e-02
2.021056227385997772e-02
1.598890288732945919e-03
1.572427898645401001e-02
2.408822532743215561e-03
6.382763385772705078e-03
7.067993748933076859e-03
1.756563084200024605e-03
2.118749171495437622e-02
7.953100139275193214e-04
2.472528954967856407e-03
7.100542075932025909e-03
2.517002634704113007e-03
2.836682135239243507e-03
3.090634942054748535e-03
1.119649619795382023e-03
2.124829683452844620e-03
1.086084693670272827e-01
2.656588330864906311e-03
1.961684972047805786e-02
9.556488133966922760e-03
1.720218174159526825e-02
1.891849562525749207e-03
1.805090159177780151e-02
1.431513112038373947e-03
1.190676935948431492e-03
4.173162393271923065e-03
9.761638939380645752e-03
1.253938651643693447e-03
2.309406548738479614e-02
6.199264898896217346e-03
1.159194973297417164e-03
4.849922843277454376e-03
1.713740453124046326e-02
2.630392555147409439e-03
2.018320374190807343e-03
2.369239460676908493e-03
1.104665454477071762e-03
2.983624488115310669e-02
9.766590781509876251e-03
6.907523609697818756e-03
4.961597733199596405e-03
1.446811365894973278e-03
2.230254188179969788e-02
5.005409009754657745e-03
6.029766052961349487e-03
4.291085992008447647e-03
3.413349622860550880e-03
2.134922146797180176e-02
3.604272613301873207e-03
2.145173493772745132e-03
3.695434657856822014e-03
9.091826155781745911e-03
1.457279641181230545e-02
9.958137758076190948e-03
1.378497108817100525e-03
9.091880638152360916e-04
2.097110264003276825e-02
3.525659441947937012e-02
5.010508000850677490e-03
6.026326213032007217e-03
7.643957156687974930e-03
1.085267364978790283e-01
5.397392436861991882e-03
6.793206091970205307e-03
3.500421531498432159e-03
3.072031075134873390e-03
1.791404560208320618e-03
4.311986640095710754e-02
3.462260123342275620e-03
1.666194410063326359e-03
1.908131525851786137e-03
2.660791156813502312e-03
1.516511081717908382e-03
3.071133280172944069e-03
5.650670733302831650e-03
3.671432435512542725e-01
2.123403362929821014e-02
1.111989933997392654e-02
2.925268374383449554e-03
1.198312453925609589e-02
2.056091465055942535e-02
1.009311876259744167e-03
4.530308768153190613e-03
1.949196681380271912e-02
2.004621550440788269e-03
3.671432435512542725e-01
9.850134700536727905e-02
5.339990369975566864e-03
1.334891538135707378e-03
1.426018308848142624e-03
3.926514647901058197e-03
2.148296916857361794e-03
1.142098102718591690e-03
5.062527023255825043e-03
2.935486380010843277e-03
7.063346914947032928e-03
1.296100765466690063e-02
2.320095431059598923e-03
1.000234019011259079e-02
1.460727304220199585e-03
4.631748888641595840e-03
9.076556889340281487e-04
1.785906380973756313e-03
7.048950996249914169e-03
1.212809002026915550e-03
1.647953316569328308e-02
1.737942546606063843e-02
2.695514587685465813e-03
1.366249285638332367e-03
2.726183459162712097e-02
2.261776942759752274e-03
5.565545056015253067e-03
1.742813177406787872e-02
9.034304879605770111e-03
3.259562188759446144e-03
2.762065269052982330e-02
1.121209003031253815e-03
4.366308450698852539e-03
1.884099328890442848e-03
4.031619988381862640e-03
2.262555062770843506e-03
1.547499839216470718e-02
2.848085016012191772e-03
3.470232011750340462e-03
3.539625927805900574e-02
4.181098192930221558e-03
1.289018895477056503e-03
8.152442052960395813e-03
7.065474521368741989e-03
6.929572205990552902e-03
2.493250649422407150e-03
2.233239412307739258e-01
1.081626955419778824e-02
8.421542122960090637e-03
4.512310959398746490e-03
1.397767337039113045e-03
2.041780389845371246e-03
1.853101653978228569e-03
2.423449978232383728e-02
2.186640165746212006e-02
3.406976116821169853e-03
3.695008112117648125e-03
2.376075834035873413e-03
4.919337574392557144e-03
9.073162451386451721e-03
4.443795420229434967e-03
4.179944749921560287e-03
2.908420050516724586e-03
9.911042451858520508e-02
2.626904752105474472e-03
8.280085166916251183e-04
2.018383331596851349e-02
1.380315865390002728e-03
2.777603687718510628e-03
3.156121075153350830e-02
1.673099701292812824e-03
5.495259538292884827e-03
1.646093558520078659e-03
3.316152375191450119e-03
7.275302894413471222e-03
1.767870387993752956e-03
2.442970871925354004e-03
2.039275132119655609e-03
1.977453241124749184e-03
1.516252383589744568e-02
2.526093740016222000e-03
1.009725220501422882e-02
1.464255340397357941e-02
3.034319262951612473e-03
4.258574452251195908e-03
1.185383182018995285e-03
1.912322593852877617e-03
2.712534740567207336e-03
6.372136063873767853e-03
4.292846657335758209e-03
3.151167882606387138e-03
1.500519108958542347e-03
1.056384877301752567e-03
1.295422483235597610e-02
5.058978218585252762e-03
4.994513466954231262e-03
1.867440645582973957e-03
1.296134665608406067e-03
1.496420358307659626e-03
8.015151135623455048e-03
8.835241198539733887e-03
1.388470991514623165e-03
1.769371703267097473e-02
1.734623312950134277e-02
6.949916947633028030e-03
1.155349798500537872e-02
3.671432435512542725e-01
3.671432435512542725e-01
2.320430008694529533e-03
2.741008298471570015e-03
6.041176617145538330e-03
3.056350396946072578e-03
8.063703775405883789e-03
1.294572721235454082e-03
1.166908652521669865e-03
9.811086580157279968e-03
4.811263643205165863e-03
7.469451054930686951e-03
2.310885349288582802e-03
5.107529461383819580e-03
9.029614157043397427e-04
2.164355944842100143e-03
9.887601435184478760e-02
1.782690989784896374e-03
1.136867403984069824e-01
2.367571741342544556e-02
9.304051287472248077e-03
6.047645583748817444e-03
3.671432435512542725e-01
8.087714016437530518e-02
1.036991714499890804e-03
3.671432435512542725e-01
1.217515906319022179e-03
1.705083996057510376e-02
2.741498639807105064e-03
1.295290538109838963e-03
2.049543661996722221e-03
2.109416387975215912e-02
1.653171889483928680e-02
2.869732212275266647e-03
7.858610479161143303e-04
6.411365233361721039e-03
1.925997436046600342e-03
1.255014352500438690e-02
3.819331526756286621e-03
3.528768196702003479e-03
1.510587520897388458e-03
1.950059900991618633e-03
1.479130005463957787e-03
2.416162518784403801e-03
2.744482830166816711e-03
4.292292054742574692e-03
2.566280588507652283e-02
1.749754417687654495e-03
1.072528539225459099e-03
5.049216561019420624e-03
3.773240372538566589e-03
1.347139594145119190e-03
3.463110886514186859e-03
1.246384810656309128e-02
3.483772045001387596e-03
1.128330174833536148e-02
2.346062334254384041e-03
4.912689328193664551e-03
4.334192723035812378e-03
2.012147102504968643e-03
1.286142319440841675e-02
6.422370206564664841e-03
1.499784877523779869e-03
1.609037048183381557e-03
1.772196614183485508e-03
3.313477616757154465e-03
7.391911465674638748e-03
1.056969747878611088e-03
1.624192809686064720e-03
1.420068321749567986e-03
1.647125813178718090e-03
1.315087778493762016e-03
1.338197966106235981e-03
3.671432435512542725e-01
1.007670303806662560e-03
1.656851498410105705e-03
2.525432966649532318e-03
1.467753015458583832e-02
9.507929906249046326e-03
5.986348260194063187e-03
5.777040962129831314e-03
2.206638921052217484e-03
8.008663542568683624e-03
2.669522352516651154e-02
1.550563517957925797e-02
2.080361917614936829e-02
1.763711567036807537e-03
1.715741353109478951e-03
2.808405458927154541e-02
7.525919470936059952e-03
1.200803671963512897e-03
3.814267693087458611e-03
3.065929980948567390e-03
2.735804766416549683e-03
1.285885809920728207e-03
4.497559741139411926e-03
1.112839556299149990e-03
2.352664247155189514e-03
1.648876932449638844e-03
1.154300989583134651e-03
7.838274468667805195e-04
7.226891350001096725e-03
1.367065357044339180e-03
3.524476662278175354e-03
1.391762495040893555e-02
1.048657111823558807e-03
8.070904877968132496e-04
9.173864964395761490e-04
2.959742676466703415e-03
7.615482318215072155e-04
3.822449967265129089e-02
9.721567039377987385e-04
2.297925949096679688e-01
7.677394151687622070e-02
6.391999311745166779e-03
3.597398288547992706e-03
3.980626817792654037e-03
3.671432435512542725e-01
4.137418698519468307e-03
1.941037946380674839e-03
9.630618244409561157e-02
1.056771376170217991e-03
3.658605040982365608e-03
1.071111764758825302e-03
4.129404667764902115e-03
1.103687938302755356e-02
2.129791537299752235e-03
2.506123622879385948e-03
1.256259507499635220e-03
1.682647736743092537e-03
1.005107886157929897e-03
2.287197858095169067e-02
4.397076554596424103e-03
1.191040873527526855e-02
1.512744580395519733e-03
3.247031942009925842e-02
1.358073786832392216e-03
2.013347344473004341e-03
3.444654867053031921e-03
8.924085646867752075e-03
1.009134459309279919e-03
1.736332429572939873e-03
3.065878991037607193e-03
4.530174657702445984e-02
2.245212672278285027e-03
2.351871924474835396e-03
3.890237538143992424e-03
3.145472379401326180e-03
2.082620980218052864e-03
9.213906014338135719e-04
1.579417265020310879e-03
2.929060719907283783e-03
1.063000876456499100e-03
1.860759919509291649e-03
1.692043244838714600e-02
1.591760199517011642e-03
1.907028374262154102e-03
1.202503917738795280e-03
1.505802385509014130e-02
7.336003705859184265e-03
1.729355775751173496e-03
1.586053520441055298e-03
5.596483591943979263e-03
1.945535419508814812e-03
3.041109535843133926e-03
1.894154236651957035e-03
4.833409562706947327e-02
2.460503485053777695e-03
1.196434837765991688e-03
2.966783940792083740e-03
2.454928355291485786e-03
6.909173680469393730e-04
1.234739087522029877e-03
3.896693466231226921e-03
3.871165215969085693e-03
2.655890025198459625e-02
4.368430748581886292e-02
5.163386464118957520e-03
2.109500579535961151e-02
2.343568019568920135e-02
1.483895466662943363e-03
1.749518327414989471e-02
1.374066225253045559e-03
1.117723993957042694e-03
1.691167205572128296e-01
3.091889619827270508e-02
1.880386145785450935e-03
1.103964820504188538e-02
1.086827134713530540e-03
1.931694569066166878e-03
7.963746786117553711e-03
2.624892862513661385e-03
5.536905676126480103e-02
1.151397079229354858e-02
3.964449465274810791e-02
3.760560415685176849e-03
1.780124264769256115e-03
4.585526883602142334e-02
4.061628505587577820e-02
6.537035107612609863e-03
1.869997708126902580e-03
3.671432435512542725e-01
8.074054494500160217e-03
1.739118807017803192e-02
2.866152906790375710e-03
2.974325325340032578e-03
2.228391543030738831e-02
1.035539992153644562e-02
3.930393159389495850e-01
2.696936717256903648e-03
1.079121022485196590e-03
2.038970356807112694e-03
3.614719957113265991e-03
2.063875831663608551e-02
2.003857633098959923e-03
1.386566832661628723e-02
1.307612750679254532e-03
6.734770536422729492e-02
1.411332339048385620e-01
3.355281660333275795e-03
3.753207391127943993e-03
2.820981433615088463e-03
1.301154377870261669e-03
1.671482110396027565e-03
5.510224960744380951e-03
2.352752722799777985e-03
2.484950004145503044e-03
2.082814229652285576e-03
1.534805516712367535e-03
1.453073811717331409e-03
3.028237959370017052e-03
3.671432435512542725e-01
3.671432435512542725e-01
1.142521388828754425e-03
1.058489643037319183e-02
2.893798984587192535e-03
8.095545344986021519e-04
1.255906652659177780e-03
1.298009301535785198e-03
1.195375248789787292e-02
1.572827249765396118e-02
2.230354119092226028e-03
3.671432435512542725e-01
2.568297088146209717e-02
4.184423014521598816e-03
3.042876720428466797e-03
2.216761186718940735e-02
3.671432435512542725e-01
1.955974102020263672e-02
1.235001720488071442e-02
1.636314392089843750e-02
6.111040711402893066e-03
1.674117147922515869e-02
1.268216408789157867e-02
8.775205165147781372e-02
3.518140176311135292e-03
3.882608562707901001e-02
1.166082266718149185e-02
8.262795209884643555e-02
1.644661650061607361e-02
1.366725564002990723e-01
7.994038984179496765e-03
1.506684720516204834e-02
1.481908722780644894e-03
4.729208536446094513e-03
1.991752069443464279e-03
1.883620629087090492e-03
1.746217370964586735e-03
1.505596563220024109e-03
