9.965420514345169067e-02
2.771926298737525940e-02
1.237858459353446960e-02
2.748303115367889404e-02
2.395852282643318176e-02
3.260397352278232574e-03
2.982915379106998444e-03
1.705725677311420441e-02
1.767170382663607597e-03
1.738270046189427376e-03
2.138195093721151352e-03
7.200052961707115173e-03
9.967770427465438843e-03
4.822846502065658569e-03
1.820934377610683441e-02
5.368238314986228943e-03
5.375351291149854660e-03
2.267282223328948021e-03
2.003414481878280640e-01
2.035872042179107666e-01
2.334348484873771667e-02
2.203361596912145615e-03
1.643716124817728996e-03
1.184030086733400822e-03
1.927909255027770996e-01
7.991575598716735840e-01
1.987841427326202393e-01
2.743557691574096680e-01
1.269628014415502548e-02
1.031083986163139343e-02
3.192075062543153763e-03
1.145297847688198090e-02
2.069688867777585983e-03
3.620238741859793663e-03
4.468708764761686325e-03
7.193580269813537598e-03
1.233483254909515381e-01
3.504683962091803551e-03
1.103629078716039658e-02
7.477734982967376709e-02
5.685041658580303192e-03
1.308971829712390900e-02
4.141810163855552673e-02
2.261974848806858063e-03
4.882316570729017258e-03
1.527985441498458385e-03
3.598824515938758850e-02
1.803375896997749805e-03
9.697364270687103271e-02
8.007992990314960480e-03
9.034881368279457092e-03
9.578926488757133484e-03
1.388791296631097794e-02
8.961241692304611206e-03
5.872860550880432129e-02
2.517958404496312141e-03
2.511869650334119797e-03
2.126118168234825134e-03
6.260082721710205078e-01
1.092690229415893555e-02
5.791067145764827728e-03
9.377707727253437042e-03
1.235489035025238991e-03
1.243190839886665344e-02
8.362161926925182343e-03
1.378545537590980530e-02
4.835009574890136719e-03
4.425662569701671600e-03
5.308492574840784073e-03
2.125574043020606041e-03
2.211675746366381645e-03
5.722297355532646179e-03
3.719693515449762344e-03
2.912577427923679352e-02
1.522405259311199188e-02
6.514831446111202240e-03
1.328081241808831692e-03
8.800650015473365784e-03
3.601999254897236824e-03
1.488535255193710327e-01
2.363926172256469727e-02
6.323446333408355713e-02
4.114142954349517822e-01
1.533043337985873222e-03
1.328577636741101742e-03
2.675231546163558960e-03
1.537255360744893551e-03
5.993263795971870422e-03
1.083654235117137432e-03
1.007719780318439007e-03
1.429666415788233280e-03
1.142981229349970818e-03
3.882587654516100883e-03
5.421289242804050446e-03
1.263614627532660961e-03
1.570047140121459961e-01
7.255449146032333374e-02
7.897164672613143921e-03
3.432700037956237793e-02
2.134161768481135368e-03
1.726961112581193447e-03
1.436581718735396862e-03
1.862739445641636848e-03
1.246111374348402023e-02
1.246111374348402023e-02
7.963451207615435123e-04
1.246111374348402023e-02
3.271001279354095459e-01
3.912031650543212891e-03
3.171797608956694603e-03
5.103201605379581451e-03
2.001303993165493011e-02
3.323402106761932373e-01
1.412799861282110214e-02
5.018290281295776367e-01
3.144934773445129395e-02
8.686434626579284668e-01
1.633509546518325806e-01
1.143181417137384415e-02
4.894644953310489655e-03
9.518583305180072784e-03
9.355868212878704071e-03
2.436400158330798149e-03
6.934174336493015289e-03
4.333565011620521545e-03
1.550059765577316284e-02
8.366826772689819336e-01
4.753577113151550293e-01
8.656169176101684570e-01
2.130233645439147949e-01
1.632056683301925659e-01
5.500905513763427734e-01
8.094594813883304596e-03
1.140536367893218994e-02
1.999846193939447403e-03
9.103325195610523224e-03
8.640543818473815918e-01
9.410561919212341309e-01
9.756895303726196289e-01
7.741968035697937012e-01
9.155732989311218262e-01
1.970120221376419067e-01
7.908616214990615845e-03
1.033781562000513077e-03
1.102873682975769043e-02
9.283041954040527344e-02
3.152251616120338440e-02
6.172875687479972839e-02
1.089257895946502686e-01
2.858620584011077881e-01
7.306259591132402420e-03
1.942724455147981644e-03
4.155233502388000488e-03
6.242122966796159744e-03
4.046335816383361816e-03
2.820549299940466881e-03
1.888424856588244438e-03
3.237240016460418701e-03
1.346659958362579346e-01
3.200155217200517654e-03
1.105367206037044525e-02
1.423601061105728149e-02
8.816349320113658905e-03
2.374737989157438278e-03
4.790487885475158691e-02
4.436792805790901184e-03
5.178324412554502487e-03
2.733185887336730957e-03
1.438236678950488567e-03
2.742282450199127197e-01
1.465976703912019730e-03
1.909377127885818481e-01
3.183736465871334076e-03
3.548415899276733398e-01
1.061074528843164444e-02
6.005886942148208618e-03
1.385473296977579594e-03
8.765016682446002960e-03
3.274334827437996864e-03
1.339265145361423492e-03
1.504411455243825912e-03
8.311280980706214905e-03
1.839121337980031967e-03
5.257696378976106644e-03
1.953572966158390045e-03
6.334628444164991379e-03
2.170741790905594826e-03
5.788909271359443665e-03
9.136181324720382690e-04
2.021414460614323616e-03
1.721793320029973984e-03
2.098739147186279297e-03
1.165807014331221581e-03
3.494672942906618118e-03
1.533342152833938599e-01
1.289925305172801018e-03
1.177536440081894398e-03
2.815916668623685837e-03
1.246111374348402023e-02
1.407457049936056137e-03
9.970635874196887016e-04
3.158298321068286896e-03
1.624158932827413082e-03
1.183730666525661945e-03
1.606587669812142849e-03
1.345537486486136913e-03
2.046030713245272636e-03
1.842714101076126099e-02
1.044712378643453121e-03
4.595189355313777924e-03
4.179208539426326752e-03
1.544293249025940895e-03
1.812630705535411835e-02
1.059508766047656536e-03
1.229432178661227226e-03
3.035075264051556587e-03
6.298879627138376236e-03
1.849364140070974827e-03
3.955341409891843796e-03
1.715486636385321617e-03
1.272880355827510357e-03
6.476185750216245651e-03
3.460421459749341011e-03
1.246111374348402023e-02
2.340848930180072784e-02
5.162882208824157715e-01
3.063824772834777832e-01
1.991483196616172791e-02
6.837991531938314438e-03
2.464154269546270370e-03
1.582947093993425369e-03
3.938623238354921341e-03
7.273034192621707916e-03
5.267786327749490738e-03
8.290644618682563305e-04
1.252440619282424450e-03
3.071993961930274963e-02
2.722613215446472168e-01
1.225455477833747864e-02
1.286376640200614929e-02
5.439938306808471680e-01
6.284834817051887512e-03
5.556774325668811798e-03
4.669078625738620758e-03
3.683093935251235962e-03
4.463054705411195755e-03
1.722452347166836262e-03
5.463698413223028183e-03
1.457729958929121494e-03
1.246111374348402023e-02
4.336473532021045685e-03
4.467175342142581940e-03
3.834116971120238304e-03
2.607450122013688087e-03
7.468262314796447754e-02
2.309479750692844391e-03
1.837625051848590374e-03
1.469221897423267365e-03
2.161511452868580818e-03
5.849250592291355133e-03
1.341384137049317360e-03
1.435267180204391479e-02
2.515208907425403595e-03
2.067622728645801544e-03
1.768765300512313843e-01
1.080119749531149864e-03
4.282981529831886292e-02
2.541787922382354736e-03
1.655507832765579224e-02
1.163151860237121582e-02
1.635021413676440716e-03
1.724521396681666374e-03
4.288423806428909302e-03
1.643740339204668999e-03
3.488637041300535202e-03
9.203215129673480988e-03
3.904116572812199593e-03
1.246111374348402023e-02
3.595161717385053635e-03
1.211372786201536655e-03
1.568656996823847294e-03
3.993407636880874634e-02
1.698115025646984577e-03
2.134680747985839844e-03
5.849258974194526672e-03
1.284700445830821991e-02
2.253973856568336487e-03
1.738126575946807861e-02
6.636140868067741394e-03
4.739471711218357086e-03
1.140822656452655792e-03
3.189940704032778740e-03
3.113492624834179878e-03
1.246111374348402023e-02
1.481362036429345608e-03
5.054818000644445419e-03
5.253328941762447357e-03
1.517309225164353848e-03
1.389082614332437515e-02
4.567312449216842651e-02
1.082335249520838261e-03
2.807542681694030762e-02
2.131720073521137238e-03
3.336834022775292397e-03
5.039297044277191162e-03
9.372030384838581085e-03
4.891942720860242844e-03
7.151258643716573715e-03
1.274094171822071075e-02
4.987276624888181686e-03
3.993407636880874634e-02
9.069986408576369286e-04
1.012873370200395584e-02
2.407852094620466232e-03
1.086596283130347729e-03
1.221505342982709408e-03
3.122818889096379280e-03
2.753005130216479301e-03
3.022158984094858170e-03
5.119238980114459991e-03
3.597822273150086403e-03
4.252878483384847641e-03
1.294757723808288574e-01
8.519088733009994030e-04
4.235050641000270844e-03
2.191426977515220642e-02
3.435213118791580200e-03
3.012097207829356194e-03
1.460554776713252068e-03
1.454309076070785522e-01
1.793015375733375549e-02
1.044609677046537399e-02
1.455885474570095539e-03
1.949662924744188786e-03
3.293783636763691902e-03
4.482918884605169296e-03
1.297084265388548374e-03
1.712427847087383270e-02
8.548758924007415771e-03
1.119440654292702675e-03
2.512323670089244843e-03
5.391188431531190872e-03
1.018503867089748383e-02
4.447665996849536896e-03
2.961630467325448990e-03
2.629863563925027847e-03
2.907095709815621376e-03
7.909664418548345566e-04
1.220882986672222614e-03
3.912582062184810638e-03
1.193731743842363358e-02
3.719043452292680740e-03
5.591126158833503723e-02
1.275321934372186661e-03
2.184708369895815849e-03
2.279450884088873863e-03
3.666006727144122124e-03
5.561371333897113800e-03
4.305047914385795593e-03
3.310161177068948746e-03
1.246111374348402023e-02
1.503285020589828491e-03
7.214196026325225830e-03
3.702044952660799026e-03
1.083345152437686920e-02
1.673529040999710560e-03
1.967773539945483208e-03
3.450018120929598808e-03
1.845070975832641125e-03
4.444219172000885010e-03
1.701360568404197693e-03
1.273911329917609692e-03
4.291931632906198502e-03
1.043974654749035835e-03
1.610631123185157776e-03
1.142461434938013554e-03
4.151967354118824005e-03
1.246111374348402023e-02
3.148088464513421059e-03
2.374903997406363487e-03
3.631116077303886414e-02
1.343177747912704945e-03
1.929778605699539185e-03
1.246111374348402023e-02
8.706057444214820862e-03
1.120550208725035191e-03
3.786265151575207710e-03
8.459435775876045227e-04
1.614348590373992920e-02
3.903829026967287064e-03
2.671428956091403961e-03
7.628700695931911469e-03
1.344668213278055191e-03
3.617432666942477226e-03
2.658949466422200203e-03
5.687438417226076126e-03
1.726270769722759724e-03
8.432133472524583340e-04
5.168197210878133774e-03
3.616647329181432724e-03
5.645772907882928848e-03
1.190000097267329693e-03
2.064190804958343506e-03
9.710360318422317505e-03
1.556620583869516850e-03
1.146006956696510315e-02
3.490241989493370056e-02
1.837540301494300365e-03
1.240560784935951233e-03
3.273444715887308121e-03
1.677904627285897732e-03
1.236420823261141777e-03
4.449133761227130890e-03
1.785449101589620113e-03
1.286938902921974659e-03
1.388777163811028004e-03
1.919201924465596676e-03
2.476317575201392174e-03
1.010013092309236526e-02
2.154334215447306633e-03
5.630959291011095047e-03
1.574323629029095173e-03
1.154763973318040371e-03
1.797597156837582588e-03
5.166025366634130478e-03
7.005108520388603210e-03
2.136813942342996597e-03
8.926760056056082249e-04
9.319406934082508087e-03
1.332627842202782631e-03
3.430559486150741577e-02
2.620218088850378990e-03
2.847857307642698288e-03
3.157579572871327400e-03
6.748063489794731140e-03
3.098263405263423920e-03
1.153730601072311401e-01
4.573316872119903564e-02
1.202796958386898041e-02
4.257591906934976578e-03
1.988473348319530487e-03
1.808995730243623257e-03
1.468185335397720337e-02
3.731139004230499268e-03
9.505017660558223724e-04
9.390842169523239136e-03
1.585682854056358337e-03
2.135485410690307617e-03
6.853987462818622589e-03
3.959916532039642334e-03
2.101001329720020294e-03
1.651839702390134335e-03
9.901960147544741631e-04
1.714109256863594055e-02
1.246111374348402023e-02
7.970511214807629585e-04
1.511585433036088943e-03
3.881741547957062721e-03
7.576638832688331604e-03
7.689197547733783722e-03
5.043834447860717773e-03
6.268043071031570435e-03
9.210153948515653610e-04
5.729306489229202271e-03
2.156592672690749168e-03
1.211270969361066818e-02
8.468330837786197662e-03
8.147045969963073730e-03
4.583698697388172150e-03
9.623178094625473022e-02
6.022702436894178391e-03
1.814209041185677052e-03
3.327103564515709877e-03
5.172903649508953094e-03
9.126633405685424805e-03
3.264220664277672768e-03
2.023302717134356499e-03
1.701109297573566437e-02
2.441131975501775742e-03
2.012592367827892303e-02
2.228050492703914642e-03
5.548952892422676086e-02
3.993407636880874634e-02
9.906796738505363464e-03
1.742390566505491734e-03
9.003003835678100586e-01
4.576900508254766464e-03
2.058628946542739868e-03
3.110473277047276497e-03
1.229312196373939514e-01
4.036129452288150787e-03
3.682950139045715332e-02
1.071198494173586369e-03
1.304694334976375103e-03
2.143417112529277802e-02
2.050927840173244476e-03
2.811648650094866753e-03
7.545602042227983475e-03
2.753624692559242249e-02
3.803614294156432152e-03
5.826099310070276260e-03
3.553726244717836380e-03
2.293501747772097588e-03
1.480551087297499180e-03
3.606137819588184357e-03
1.169450301676988602e-02
4.298483952879905701e-03
3.612398635596036911e-03
1.105881063267588615e-03
1.697022095322608948e-02
1.055556931532919407e-03
7.617305498570203781e-03
6.836705841124057770e-03
1.679153414443135262e-03
4.884768277406692505e-03
4.410377237945795059e-03
1.879321527667343616e-03
2.921697450801730156e-03
4.927083384245634079e-03
1.639649039134383202e-03
1.606593723408877850e-03
4.920030944049358368e-03
9.515620768070220947e-03
1.343637704849243164e-03
1.246111374348402023e-02
3.229597583413124084e-03
1.246111374348402023e-02
1.246111374348402023e-02
3.324319841340184212e-03
1.895472523756325245e-03
4.832050763070583344e-03
1.488132984377443790e-03
2.585955429822206497e-03
1.547595718875527382e-03
3.075317246839404106e-03
2.620078623294830322e-03
2.664748579263687134e-03
1.246111374348402023e-02
1.688852440565824509e-03
6.491160392761230469e-02
1.247877022251486778e-03
1.451437827199697495e-03
2.856703707948327065e-03
3.993407636880874634e-02
2.982211997732520103e-03
1.470663584768772125e-03
1.246111374348402023e-02
3.850014414638280869e-03
1.052627689205110073e-03
4.894601181149482727e-03
2.914801938459277153e-03
3.265165956690907478e-03
1.246111374348402023e-02
1.103362417779862881e-03
2.897764323279261589e-03
7.628701627254486084e-02
3.049152437597513199e-03
7.769776508212089539e-03
1.343738171271979809e-03
3.997590858489274979e-03
4.926387220621109009e-03
5.522752646356821060e-03
1.388695789501070976e-03
2.650115173310041428e-03
2.151077147573232651e-03
3.054605796933174133e-03
9.747484698891639709e-03
3.159999847412109375e-03
1.163688488304615021e-03
1.826674793846905231e-03
1.032528001815080643e-03
1.254984759725630283e-03
9.054288268089294434e-03
3.859564894810318947e-03
3.689552890136837959e-03
1.467673759907484055e-02
1.948554301634430885e-03
1.246111374348402023e-02
1.635414548218250275e-03
2.370547270402312279e-03
2.654413692653179169e-03
9.394888766109943390e-03
1.246111374348402023e-02
5.875984579324722290e-02
7.259055506438016891e-03
1.246111374348402023e-02
8.410567417740821838e-03
1.397696905769407749e-03
2.043465850874781609e-03
1.099498593248426914e-03
2.264045178890228271e-03
1.834553200751543045e-03
8.675075951032340527e-04
4.546908196061849594e-03
3.931086044758558273e-03
3.195205004885792732e-03
2.610460389405488968e-03
2.689866349101066589e-03
2.539802342653274536e-03
7.667892146855592728e-03
5.266389809548854828e-03
6.124647334218025208e-03
5.957057699561119080e-03
5.226416513323783875e-03
7.495224475860595703e-03
1.411677454598248005e-03
1.855040551163256168e-03
6.488303653895854950e-03
1.095390412956476212e-03
3.023078665137290955e-03
3.811623435467481613e-03
1.068289508111774921e-03
3.651475301012396812e-03
2.419908763840794563e-03
3.311690641567111015e-03
1.084970310330390930e-03
9.161780588328838348e-03
1.029002480208873749e-02
3.751229261979460716e-03
7.425722200423479080e-03
9.550743736326694489e-03
7.586186286062002182e-03
3.146164584904909134e-03
6.362786144018173218e-02
6.521652918308973312e-03
1.824101316742599010e-03
1.696000923402607441e-03
9.615712799131870270e-03
1.681822119280695915e-03
2.663918538019061089e-03
1.650538854300975800e-02
7.913537323474884033e-03
1.490653865039348602e-02
8.434357121586799622e-03
1.912814825773239136e-01
3.768262565135955811e-01
1.034422894008457661e-03
1.482374500483274460e-03
4.440680611878633499e-03
5.609262268990278244e-03
2.716908697038888931e-03
9.243945591151714325e-03
1.292276429012417793e-03
1.258378149941563606e-03
2.851132070645689964e-03
4.225638229399919510e-03
5.282005295157432556e-03
1.109139062464237213e-02
1.675770850852131844e-03
1.489143702201545238e-03
7.181089371442794800e-03
1.737493206746876240e-03
5.400905851274728775e-03
5.477162543684244156e-03
1.785832457244396210e-03
4.734471440315246582e-02
7.914304733276367188e-04
1.662097126245498657e-02
8.261855691671371460e-03
1.123597146943211555e-03
5.964974407106637955e-03
1.652109320275485516e-03
2.575756283476948738e-03
1.848086481913924217e-03
1.109629287384450436e-03
5.590694397687911987e-02
8.864243328571319580e-02
1.616463763639330864e-03
3.072499996051192284e-03
1.316955126821994781e-02
9.520769864320755005e-02
1.777232973836362362e-03
1.385962939821183681e-03
2.687321975827217102e-03
1.847676583565771580e-03
3.056915709748864174e-03
1.571687520481646061e-03
1.725980779156088829e-03
1.564765907824039459e-02
4.321994725614786148e-03
2.269912511110305786e-03
4.681264981627464294e-03
2.112529706209897995e-03
9.841827675700187683e-03
1.658714935183525085e-02
2.637068927288055420e-02
1.060132868587970734e-02
4.516418557614088058e-03
2.310344949364662170e-02
1.246111374348402023e-02
2.670614747330546379e-03
2.751963213086128235e-03
7.794787175953388214e-03
2.200677245855331421e-02
9.650590829551219940e-03
5.539596546441316605e-03
3.257266711443662643e-03
2.067516557872295380e-03
1.526381471194326878e-03
4.208520054817199707e-03
3.695680527016520500e-03
1.144430250860750675e-03
7.730869110673666000e-03
1.225806400179862976e-02
3.301534103229641914e-03
2.002314431592822075e-03
5.288904532790184021e-03
6.702383514493703842e-03
1.329520717263221741e-03
2.025876892730593681e-03
2.966855885460972786e-03
1.428103353828191757e-02
6.572057008743286133e-01
4.437917843461036682e-03
2.825393341481685638e-02
2.443356672301888466e-03
2.080190461128950119e-03
3.993407636880874634e-02
8.001370355486869812e-03
3.563704201951622963e-03
5.267416313290596008e-02
2.191761974245309830e-03
1.363566797226667404e-02
1.902044052258133888e-03
1.789066358469426632e-03
7.426991127431392670e-03
1.146746147423982620e-02
1.992877572774887085e-03
1.565900631248950958e-03
2.286354079842567444e-02
1.532059013843536377e-01
9.069553576409816742e-03
7.725523319095373154e-03
5.030234344303607941e-03
1.985433511435985565e-03
2.021473133936524391e-03
2.997333882376551628e-03
8.732995949685573578e-03
3.993407636880874634e-02
8.615789120085537434e-04
3.861402394250035286e-03
2.413597423583269119e-03
2.642925828695297241e-03
1.012952718883752823e-02
9.087372571229934692e-03
3.311940282583236694e-02
1.968048885464668274e-02
5.022715311497449875e-03
6.702694296836853027e-01
1.313978247344493866e-02
3.584096441045403481e-03
8.518250286579132080e-02
5.822716280817985535e-03
1.440122490748763084e-03
5.701023153960704803e-03
2.301094122231006622e-03
1.950050937011837959e-03
1.353764557279646397e-03
2.773708896711468697e-03
1.984481234103441238e-03
1.308778300881385803e-03
4.231116920709609985e-02
1.776307006366550922e-03
1.246111374348402023e-02
1.246111374348402023e-02
3.993407636880874634e-02
1.223107334226369858e-03
6.345776375383138657e-03
6.603918038308620453e-03
3.717426909133791924e-03
7.578120101243257523e-03
2.140124794095754623e-03
1.209127716720104218e-03
6.512458622455596924e-02
1.686641480773687363e-03
1.570077496580779552e-03
1.123814960010349751e-03
4.807831253856420517e-03
2.323307096958160400e-02
6.056060548871755600e-03
1.246111374348402023e-02
2.369760069996118546e-03
1.217643264681100845e-02
1.526613952592015266e-03
3.139561507850885391e-03
1.092120888642966747e-03
1.292826724238693714e-03
8.678465965203940868e-04
9.553399286232888699e-04
1.150014577433466911e-03
1.526186708360910416e-03
3.708142321556806564e-03
4.629655182361602783e-02
1.315860194154083729e-03
4.520670045167207718e-03
4.472276195883750916e-03
1.283501624129712582e-03
4.418804310262203217e-03
4.096231888979673386e-03
1.044260710477828979e-02
2.548878546804189682e-03
8.374297060072422028e-03
2.085047308355569839e-03
4.809207282960414886e-03
3.993407636880874634e-02
3.108574077486991882e-02
1.644062623381614685e-02
1.246111374348402023e-02
5.736454855650663376e-03
8.955324301496148109e-04
3.021048614755272865e-03
4.196889698505401611e-03
1.636530621908605099e-03
2.892569405958056450e-03
2.725147176533937454e-03
1.537572359666228294e-03
2.504195552319288254e-03
3.903351025655865669e-03
3.717909101396799088e-03
1.669393968768417835e-03
1.246111374348402023e-02
1.981685459613800049e-01
1.474628108553588390e-03
1.063461182639002800e-03
1.181113184429705143e-03
5.320685449987649918e-03
1.386096235364675522e-03
1.073371898382902145e-02
3.256132360547780991e-03
1.162196742370724678e-03
1.027071382850408554e-03
3.445651847869157791e-03
9.047950617969036102e-03
1.219416223466396332e-02
1.246111374348402023e-02
1.361357867717742920e-01
2.412815578281879425e-03
3.123029600828886032e-03
1.384470146149396896e-03
1.443539978936314583e-03
4.981442354619503021e-03
1.303999871015548706e-01
1.527775451540946960e-02
8.085100352764129639e-02
1.270198356360197067e-02
9.977092267945408821e-04
3.567210864275693893e-03
1.937925964593887329e-01
1.034644152969121933e-02
1.573044690303504467e-03
8.781764656305313110e-03
9.423715993762016296e-03
3.243961604312062263e-03
8.872379548847675323e-04
1.213710405863821507e-03
3.251503687351942062e-03
9.631283464841544628e-04
5.207458045333623886e-03
1.596753485500812531e-03
1.646897639147937298e-03
1.542448182590305805e-03
2.668764907866716385e-03
7.611760403960943222e-03
1.791912014596164227e-03
8.370731025934219360e-03
3.401865484192967415e-03
1.132894889451563358e-03
1.094929594546556473e-02
3.891144879162311554e-03
2.172886161133646965e-03
1.294292858801782131e-03
5.401461385190486908e-03
6.336248945444822311e-03
5.972367245703935623e-03
8.398824371397495270e-03
3.837126772850751877e-03
2.545876428484916687e-03
2.814633073285222054e-03
5.371067672967910767e-03
4.372427705675363541e-03
5.483191460371017456e-03
1.816248055547475815e-03
7.967774756252765656e-03
1.031698193401098251e-03
1.944660674780607224e-03
3.263719612732529640e-03
1.079605892300605774e-03
5.577544216066598892e-03
3.847070038318634033e-02
5.206245463341474533e-03
1.336569525301456451e-02
3.810643684118986130e-03
9.126503951847553253e-03
3.183677326887845993e-03
2.692931797355413437e-03
3.754368517547845840e-03
1.491210311651229858e-01
9.747512638568878174e-03
4.468536935746669769e-03
5.733431316912174225e-03
1.580769079737365246e-03
3.480376675724983215e-03
1.246111374348402023e-02
1.060762093402445316e-03
3.993407636880874634e-02
2.789402147755026817e-03
6.492540240287780762e-03
1.092605176381766796e-03
2.750566974282264709e-02
8.944457396864891052e-03
1.357294172048568726e-01
1.080325455404818058e-03
3.087309189140796661e-03
2.941215038299560547e-02
1.853398792445659637e-02
3.595081623643636703e-03
1.148858387023210526e-02
1.164600485935807228e-03
2.198984846472740173e-03
1.189843635074794292e-03
1.109343487769365311e-03
1.108508440665900707e-03
2.182561671361327171e-03
8.792189881205558777e-03
8.773711510002613068e-03
1.671916572377085686e-03
1.070318371057510376e-01
2.655258402228355408e-03
9.766216576099395752e-02
2.248976752161979675e-02
3.676153719425201416e-02
2.027787733823060989e-03
2.718720585107803345e-03
1.653644489124417305e-03
1.853621331974864006e-03
3.813428804278373718e-02
1.950716366991400719e-03
1.181118376553058624e-02
2.176209352910518646e-03
4.508292302489280701e-03
3.509212285280227661e-02
1.694900216534733772e-03
2.509044483304023743e-03
1.263165264390408993e-03
1.510986825451254845e-03
1.168116345070302486e-03
3.046009922400116920e-03
1.816541072912514210e-03
4.340986721217632294e-03
3.809379413723945618e-02
1.826372463256120682e-03
1.468035764992237091e-02
6.794235669076442719e-03
1.935452073812484741e-01
4.633226245641708374e-02
4.623350221663713455e-03
3.773038983345031738e-01
1.636797795072197914e-03
2.293928293511271477e-03
1.579137891530990601e-02
6.750639528036117554e-02
6.352600455284118652e-02
4.844933748245239258e-03
1.702735433354973793e-03
4.966173786669969559e-03
2.074882620945572853e-03
1.446514506824314594e-03
3.894132748246192932e-02
3.549458459019660950e-02
3.430167213082313538e-02
9.254104457795619965e-03
7.333655655384063721e-02
4.780405666679143906e-03
6.143382750451564789e-03
1.087526232004165649e-02
6.845823023468255997e-03
4.421398043632507324e-02
3.806253196671605110e-03
1.916468259878456593e-03
5.747210979461669922e-02
3.922910895198583603e-03
2.495990600436925888e-03
1.665837480686604977e-03
1.896513858810067177e-03
3.097309265285730362e-03
1.442602276802062988e-01
1.902250573039054871e-03
6.307938601821660995e-03
2.039117738604545593e-02
1.705180970020592213e-03
7.281635422259569168e-03
3.304661251604557037e-03
3.494486212730407715e-01
3.607092425227165222e-03
6.828758865594863892e-03
1.169680152088403702e-03
1.246111374348402023e-02
3.681870875880122185e-03
2.382956910878419876e-03
1.387904630973935127e-03
7.501345593482255936e-03
1.167257665656507015e-03
1.724384375847876072e-03
1.086355932056903839e-02
1.400467008352279663e-03
6.916960235685110092e-03
3.162512090057134628e-03
1.762874657288193703e-03
4.805800318717956543e-02
6.206528283655643463e-03
6.689967121928930283e-03
1.415839069522917271e-03
9.744070470333099365e-03
4.943341948091983795e-03
2.490715356543660164e-03
1.058366335928440094e-02
2.373186405748128891e-03
1.429230207577347755e-03
9.800358675420284271e-04
2.436715411022305489e-03
3.122738562524318695e-03
2.016349462792277336e-03
2.092651091516017914e-03
4.536398686468601227e-03
1.190000679343938828e-03
7.109890691936016083e-03
8.684110944159328938e-04
6.017982494086027145e-03
1.630621729418635368e-03
4.741145763546228409e-03
2.188601298257708549e-03
1.016042660921812057e-02
9.705228731036186218e-04
1.914971973747014999e-03
3.094510175287723541e-03
8.248139917850494385e-02
1.416611834429204464e-03
6.484330631792545319e-03
2.240416128188371658e-03
1.018422190099954605e-02
4.327762871980667114e-03
1.175308017991483212e-03
3.270814660936594009e-03
1.430265023373067379e-03
3.798792883753776550e-02
1.197879086248576641e-03
1.102380687370896339e-03
4.005597438663244247e-03
2.342521678656339645e-03
1.336172339506447315e-03
1.436399761587381363e-03
9.604224469512701035e-04
1.204421743750572205e-03
1.160761225037276745e-03
1.309346873313188553e-03
4.226629622280597687e-03
2.293360885232686996e-03
3.727333620190620422e-02
3.354401793330907822e-03
7.028521504253149033e-03
2.028754679486155510e-03
2.278710249811410904e-03
3.897870657965540886e-03
1.084994804114103317e-02
2.270739758387207985e-03
9.867753833532333374e-03
9.241390973329544067e-03
2.933590207248926163e-03
2.286220202222466469e-03
9.943452663719654083e-03
1.026567071676254272e-02
3.186540212482213974e-03
8.272908627986907959e-03
9.923335164785385132e-03
1.833339920267462730e-03
1.233340357430279255e-03
1.048866566270589828e-02
5.635783541947603226e-03
4.251178354024887085e-03
4.045627079904079437e-03
1.008114591240882874e-02
3.494672942906618118e-03
7.923520170152187347e-03
7.712047081440687180e-04
3.780242986977100372e-03
2.181692793965339661e-02
5.760410334914922714e-03
1.841157674789428711e-03
1.717642066068947315e-03
6.702492386102676392e-02
1.377945183776319027e-03
1.987650291994214058e-03
1.204601954668760300e-03
3.073385218158364296e-03
2.331134630367159843e-03
1.840037992224097252e-03
1.448704977519810200e-03
2.001437125727534294e-03
2.826906740665435791e-03
2.585920318961143494e-02
2.463097218424081802e-03
3.324857214465737343e-03
4.698263015598058701e-03
1.246461737900972366e-02
1.531197805888950825e-03
1.451669959351420403e-03
5.572965368628501892e-03
2.854639897122979164e-03
2.376482822000980377e-03
2.903073793277144432e-03
1.864016638137400150e-03
4.605530761182308197e-03
1.441851607523858547e-03
5.614211782813072205e-03
1.325989491306245327e-03
1.262236735783517361e-03
2.623456530272960663e-03
1.193121890537440777e-03
2.149628475308418274e-03
4.624614026397466660e-03
2.046423032879829407e-03
2.162913559004664421e-03
3.591052722185850143e-03
1.601705444045364857e-03
1.422790461219847202e-03
1.857599127106368542e-03
9.849294088780879974e-03
4.727384075522422791e-03
2.139514079317450523e-03
5.272448528558015823e-03
8.515980094671249390e-03
2.953991526737809181e-03
2.116823103278875351e-03
1.808882108889520168e-03
1.941723078489303589e-01
9.820500854402780533e-04
1.379530061967670918e-03
3.935203421860933304e-03
9.139673784375190735e-03
1.433151192031800747e-03
3.160932799801230431e-03
1.246111374348402023e-02
4.892572015523910522e-02
2.063427818939089775e-03
2.012393027544021606e-01
3.321842290461063385e-03
8.501710742712020874e-02
6.278610788285732269e-03
2.221034374088048935e-03
9.623185731470584869e-03
1.126343733631074429e-03
1.463696709834039211e-03
3.412167541682720184e-03
2.618798054754734039e-03
1.172718009911477566e-03
4.443639423698186874e-03
1.135981758125126362e-03
1.246111374348402023e-02
1.246111374348402023e-02
1.682584523223340511e-03
1.179875107482075691e-03
1.155839185230433941e-03
2.068190602585673332e-03
1.185153378173708916e-03
1.516853342764079571e-03
8.484089630655944347e-04
1.225151936523616314e-03
1.017583999782800674e-03
2.030312549322843552e-03
1.152472663670778275e-02
2.747275866568088531e-03
1.127170748077332973e-03
9.575051255524158478e-03
1.246111374348402023e-02
2.790726255625486374e-03
8.877959917299449444e-04
9.967031888663768768e-03
1.805445645004510880e-03
2.205980708822607994e-03
2.993087982758879662e-03
5.273551214486360550e-03
3.913667052984237671e-03
7.739422842860221863e-03
1.049859565682709217e-03
2.732851775363087654e-03
3.189807524904608727e-03
6.558374501764774323e-03
2.172985346987843513e-03
1.247265655547380447e-02
4.007420036941766739e-03
6.191901396960020065e-03
4.722251556813716888e-03
2.248214092105627060e-03
1.649511978030204773e-02
5.625029560178518295e-03
6.540841888636350632e-03
9.291564929299056530e-04
2.481234492734074593e-03
2.718158066272735596e-03
5.758732929825782776e-02
1.139804837293922901e-03
1.246111374348402023e-02
3.311300417408347130e-03
1.518876873888075352e-03
9.660567156970500946e-03
7.301855366677045822e-03
2.349717915058135986e-02
1.127630285918712616e-02
1.677322317846119404e-03
9.439713321626186371e-03
2.015607897192239761e-03
9.381774812936782837e-03
5.433097947388887405e-03
1.486472319811582565e-03
1.648672856390476227e-02
3.359717503190040588e-02
5.376929882913827896e-03
2.499293070286512375e-03
2.029734896495938301e-03
2.948132529854774475e-02
2.182337455451488495e-03
3.196137491613626480e-03
1.904808916151523590e-02
2.540916437283158302e-03
2.921787789091467857e-03
1.142965513281524181e-03
4.025335423648357391e-03
2.693436341360211372e-03
2.718829084187746048e-03
1.957029104232788086e-03
1.614155247807502747e-03
2.613011747598648071e-03
2.515761414542794228e-03
1.901010517030954361e-03
6.694341078400611877e-03
7.154268678277730942e-03
1.562709920108318329e-02
6.308314856141805649e-03
5.472232121974229813e-03
6.021033041179180145e-03
3.108249045908451080e-03
1.946444064378738403e-02
1.727707800455391407e-03
4.331993404775857925e-03
1.365934498608112335e-03
3.359282389283180237e-02
8.340462110936641693e-03
3.360907081514596939e-03
3.348990809172391891e-03
2.918947022408246994e-03
2.682288875803351402e-03
1.240213401615619659e-02
6.886496674269437790e-03
3.005748987197875977e-02
1.028538867831230164e-02
3.824777901172637939e-02
4.206759855151176453e-03
8.451647125184535980e-03
3.122051479294896126e-03
2.433769404888153076e-03
8.084132568910717964e-04
3.137483494356274605e-03
2.370886504650115967e-03
2.758711110800504684e-03
1.616765395738184452e-03
2.563055604696273804e-03
2.007730305194854736e-03
8.100796490907669067e-03
1.801184960640966892e-03
1.010425202548503876e-02
2.583167282864451408e-03
1.659580767154693604e-01
1.363507122732698917e-03
7.345882244408130646e-03
6.103929132223129272e-03
8.121012710034847260e-03
2.320677042007446289e-03
1.867906190454959869e-02
1.236301846802234650e-03
1.400024862959980965e-03
2.204097574576735497e-03
1.055111526511609554e-03
3.055377164855599403e-03
1.868335064500570297e-03
2.903914079070091248e-03
9.238824248313903809e-03
1.642580516636371613e-02
1.851590699516236782e-03
1.429822994396090508e-03
8.577104657888412476e-03
1.732566975988447666e-03
2.954677212983369827e-03
2.491505816578865051e-02
3.425306454300880432e-02
2.137887757271528244e-03
1.451375545002520084e-03
1.676244777627289295e-03
1.686288230121135712e-02
2.759622875601053238e-03
4.002096597105264664e-03
1.845119148492813110e-02
2.601724816486239433e-03
1.973878592252731323e-03
2.024406334385275841e-03
1.953614875674247742e-03
5.862997379153966904e-03
5.876342058181762695e-01
1.640939852222800255e-03
1.814725995063781738e-02
4.810569807887077332e-02
1.085670664906501770e-01
7.787205278873443604e-03
4.799454007297754288e-03
2.050732960924506187e-03
1.246111374348402023e-02
5.572965368628501892e-03
4.687120765447616577e-02
1.581859309226274490e-03
2.331853378564119339e-03
2.153997495770454407e-02
2.910041064023971558e-02
1.295212190598249435e-03
2.573040546849370003e-03
1.010771607980132103e-03
1.246111374348402023e-02
2.129152184352278709e-03
8.724107756279408932e-04
4.542476683855056763e-02
1.893949061632156372e-01
7.199130021035671234e-03
2.482404857873916626e-01
3.610120154917240143e-03
2.962097758427262306e-03
4.137175157666206360e-02
1.325421268120408058e-03
1.383029017597436905e-02
2.450373722240328789e-03
4.659880418330430984e-03
3.396328305825591087e-03
1.480858423747122288e-03
5.993872284889221191e-01
2.643767977133393288e-03
6.062964908778667450e-03
3.190896240994334221e-03
1.191176124848425388e-03
1.412533340044319630e-03
2.268012613058090210e-03
4.516339674592018127e-02
1.226159394718706608e-03
4.848109558224678040e-03
1.565624144859611988e-03
1.803501974791288376e-03
7.316393312066793442e-03
1.157149556092917919e-03
8.356298785656690598e-04
1.367515418678522110e-02
3.253522561863064766e-03
2.276414306834340096e-03
1.566917286254465580e-03
1.310958992689847946e-03
3.953003510832786560e-02
2.912528580054640770e-03
3.368630539625883102e-03
8.999357931315898895e-03
1.369696459732949734e-03
2.556553110480308533e-03
9.138058125972747803e-02
1.278912182897329330e-02
3.195747267454862595e-03
5.442940816283226013e-02
6.710766348987817764e-03
1.178095000796020031e-03
1.581705641001462936e-03
1.813626266084611416e-03
1.023235497996211052e-03
2.569457516074180603e-03
1.709542935714125633e-03
3.767956513911485672e-03
1.068075001239776611e-02
1.333289896138012409e-03
1.124026952311396599e-03
4.762198310345411301e-03
2.460083551704883575e-02
7.116522192955017090e-01
4.450724460184574127e-03
8.465399965643882751e-03
4.671443719416856766e-03
3.795609343796968460e-03
2.895724726840853691e-03
2.784305717796087265e-03
2.108440175652503967e-02
1.032215310260653496e-03
1.866115140728652477e-03
5.427388474345207214e-03
3.658485366031527519e-03
8.841013535857200623e-03
2.955905348062515259e-02
2.702959068119525909e-02
2.909352444112300873e-02
2.646214794367551804e-03
8.815049659460783005e-04
8.333988487720489502e-03
8.311241865158081055e-03
2.021981216967105865e-02
4.506638273596763611e-03
1.456189900636672974e-03
3.273695008829236031e-03
3.198103979229927063e-03
1.738590304739773273e-03
5.409947596490383148e-03
3.195072989910840988e-03
1.567047787830233574e-03
2.776408800855278969e-03
6.198903545737266541e-03
6.468991283327341080e-03
2.567189335823059082e-01
3.870082087814807892e-03
7.011935114860534668e-03
8.516479283571243286e-03
9.040322154760360718e-03
1.108984230086207390e-03
1.962088979780673981e-03
9.447885677218437195e-03
3.059871261939406395e-03
7.801373489201068878e-03
1.639008405618369579e-03
1.038131117820739746e-02
8.665272034704685211e-03
4.900945816189050674e-03
1.938167028129100800e-02
1.246111374348402023e-02
1.246111374348402023e-02
1.366730965673923492e-02
5.510551854968070984e-03
2.011676086112856865e-03
2.844898588955402374e-02
5.467839911580085754e-02
5.674888845533132553e-03
2.844198793172836304e-02
1.387709751725196838e-02
4.348366986960172653e-03
3.709636628627777100e-03
4.904356319457292557e-03
1.891221036203205585e-03
3.268298925831913948e-03
1.227861177176237106e-02
2.027324289083480835e-01
1.326439678668975830e-01
6.321369204670190811e-03
6.587852258235216141e-03
2.494900720193982124e-03
2.902514534071087837e-03
1.246111374348402023e-02
4.535787273198366165e-03
4.261958412826061249e-03
1.246111374348402023e-02
1.398535794578492641e-03
3.037302289158105850e-03
2.146862633526325226e-02
1.095874235033988953e-03
7.222420535981655121e-03
4.714326933026313782e-03
4.825148731470108032e-02
3.322014352306723595e-03
2.004443434998393059e-03
9.384985081851482391e-03
3.865933418273925781e-01
4.312641918659210205e-03
1.191281061619520187e-02
1.858425885438919067e-02
8.317029103636741638e-03
1.054028198122978210e-01
5.563183501362800598e-02
5.488610826432704926e-03
5.788346752524375916e-03
4.571759141981601715e-03
1.072350610047578812e-02
1.393825397826731205e-03
5.502948164939880371e-02
8.267049677670001984e-03
3.141632303595542908e-03
7.767625618726015091e-03
8.234173990786075592e-03
3.196924552321434021e-02
4.117972683161497116e-03
2.459910884499549866e-02
2.285152440890669823e-03
1.743298955261707306e-03
2.370919845998287201e-02
9.340319782495498657e-03
2.246126066893339157e-03
1.035489141941070557e-02
2.057011239230632782e-03
4.802670795470476151e-03
1.719841151498258114e-03
3.290659282356500626e-03
2.800126560032367706e-03
2.532772021368145943e-03
8.403342217206954956e-04
3.750122385099530220e-03
1.215771189890801907e-03
8.034544065594673157e-03
5.776855163276195526e-03
1.246111374348402023e-02
4.800050519406795502e-03
4.104158375412225723e-03
1.318731927312910557e-03
3.438914194703102112e-03
4.614935722202062607e-03
2.759048016741871834e-03
1.655507832765579224e-02
1.822314690798521042e-03
3.132749721407890320e-02
5.775173660367727280e-03
5.298181902617216110e-03
5.697319284081459045e-03
1.860872656106948853e-02
1.190409297123551369e-03
3.361173905432224274e-03
1.191324787214398384e-03
5.181133281439542770e-03
1.547959051094949245e-03
1.153678749687969685e-03
3.695197636261582375e-03
2.836741507053375244e-01
3.047415055334568024e-03
2.287032641470432281e-02
1.366727147251367569e-02
5.091591738164424896e-03
4.212926607578992844e-03
2.213892992585897446e-03
7.321627810597419739e-03
2.504381351172924042e-03
2.895570360124111176e-03
1.644225674681365490e-03
2.095751231536269188e-03
4.825896117836236954e-03
2.932884497568011284e-03
5.812771152704954147e-03
1.739021507091820240e-03
6.091086659580469131e-03
1.771593582816421986e-03
5.540309008210897446e-03
1.369937043637037277e-02
4.736229032278060913e-02
2.586596179753541946e-03
7.010885514318943024e-03
1.246111374348402023e-02
2.451189793646335602e-03
1.043082331307232380e-03
2.177228452637791634e-03
6.931603886187076569e-03
3.640259616076946259e-03
5.434279516339302063e-02
6.511616520583629608e-03
3.855169517919421196e-03
4.358355887234210968e-03
3.906089812517166138e-02
1.451142714358866215e-03
1.984311267733573914e-03
3.291904181241989136e-02
1.086316909641027451e-02
3.503591753542423248e-03
1.924050785601139069e-02
2.213068306446075439e-03
5.222701467573642731e-03
4.153491463512182236e-03
1.662067836150527000e-03
4.672669805586338043e-03
2.535394858568906784e-03
1.306246616877615452e-03
3.955841530114412308e-03
2.294849604368209839e-03
1.149857882410287857e-02
3.731851466000080109e-03
1.788899861276149750e-02
3.644511569291353226e-03
1.819355878978967667e-03
4.300178028643131256e-03
2.893082331866025925e-03
1.601370749995112419e-03
9.286947548389434814e-03
1.641610171645879745e-03
1.758183352649211884e-02
3.849194943904876709e-02
6.372353527694940567e-03
8.127494715154170990e-03
7.949380204081535339e-03
7.869786582887172699e-03
1.271094828844070435e-01
5.733648780733346939e-03
4.155176226049661636e-03
1.760640530847012997e-03
1.069744117558002472e-02
1.234394591301679611e-02
1.172110252082347870e-02
2.467512786388397217e-01
5.884869955480098724e-03
2.254454419016838074e-03
3.241737606003880501e-03
4.312136210501194000e-03
4.379649832844734192e-02
9.956221329048275948e-04
2.395800780504941940e-03
1.410013413988053799e-03
2.030726056545972824e-03
5.181401036679744720e-03
1.676523359492421150e-03
5.085845943540334702e-03
4.711444023996591568e-03
1.171612646430730820e-03
1.917034620419144630e-03
1.007163082249462605e-03
1.347930054180324078e-03
2.610514871776103973e-03
2.879041945561766624e-03
7.597678340971469879e-03
1.173857506364583969e-02
5.350361578166484833e-03
1.005505910143256187e-03
8.914927602745592594e-04
8.047110401093959808e-03
2.149758785963058472e-01
5.065044853836297989e-03
7.548480760306119919e-03
1.073599327355623245e-03
8.901118417270481586e-04
4.747952334582805634e-03
1.391921471804380417e-02
9.816650999709963799e-04
8.835738524794578552e-03
1.246111374348402023e-02
3.920136019587516785e-03
8.501268923282623291e-03
1.450981013476848602e-03
1.320527982898056507e-03
3.540783422067761421e-03
1.105166506022214890e-02
2.524813171476125717e-03
4.059721250087022781e-03
1.505476073361933231e-03
3.270482178777456284e-03
2.761352807283401489e-03
1.769527094438672066e-03
7.768908888101577759e-02
5.890097003430128098e-03
2.277886494994163513e-03
3.993407636880874634e-02
1.049407175742089748e-03
1.541168801486492157e-02
4.739764146506786346e-03
1.967096701264381409e-03
6.624540686607360840e-01
1.054427702911198139e-03
4.423095844686031342e-03
2.249822253361344337e-03
5.181537941098213196e-02
3.297326564788818359e-01
1.577083021402359009e-01
9.352116845548152924e-03
1.963350921869277954e-03
1.246111374348402023e-02
1.246111374348402023e-02
8.758339681662619114e-04
2.400435740128159523e-03
1.881170319393277168e-03
1.112407911568880081e-02
8.592851459980010986e-03
2.264007460325956345e-03
8.768836967647075653e-03
1.966434065252542496e-03
4.647078923881053925e-03
1.246111374348402023e-02
3.711961908265948296e-03
3.543178550899028778e-03
1.653425628319382668e-03
7.842980027198791504e-01
1.246111374348402023e-02
4.939878825098276138e-03
1.065758243203163147e-02
5.289416294544935226e-03
2.728689927607774734e-03
2.599942497909069061e-03
1.232778886333107948e-03
1.561161945573985577e-03
9.365618228912353516e-03
2.266994211822748184e-03
1.148979878053069115e-03
1.118054729886353016e-03
1.446432550437748432e-03
4.525152966380119324e-03
1.696741208434104919e-02
2.325359499081969261e-03
1.546247163787484169e-03
8.801053278148174286e-03
8.180676698684692383e-01
1.968111842870712280e-02
4.191753454506397247e-03
3.873795270919799805e-03
