2.251357771456241608e-03
1.359681878238916397e-02
5.650971084833145142e-03
1.619980554096400738e-03
4.271476063877344131e-03
1.166513748466968536e-02
6.971222348511219025e-03
4.296405985951423645e-02
3.387262672185897827e-02
1.125080231577157974e-02
5.974125582724809647e-03
1.787545718252658844e-02
8.687681518495082855e-03
2.539964206516742706e-02
6.230208091437816620e-03
1.550653600133955479e-03
1.273673679679632187e-02
7.242260966449975967e-03
6.944232620298862457e-03
1.661445759236812592e-02
2.515194471925497055e-03
2.026838809251785278e-01
6.981879007071256638e-03
3.182752756401896477e-03
1.739231054671108723e-03
1.295211608521640301e-03
1.062043663114309311e-02
3.961698152124881744e-03
1.684718765318393707e-02
3.003509016707539558e-03
1.419407408684492111e-02
3.374183923006057739e-02
1.432914845645427704e-02
6.047031655907630920e-02
2.809143159538507462e-03
6.833333522081375122e-03
2.081717364490032196e-03
5.861235782504081726e-03
2.594547346234321594e-02
9.203441441059112549e-02
2.894625253975391388e-02
4.235762730240821838e-02
9.248673170804977417e-02
3.495498327538371086e-03
2.486562281847000122e-01
1.506660599261522293e-02
6.815264001488685608e-03
4.164815880358219147e-03
2.593154087662696838e-03
1.598833873867988586e-02
3.459848929196596146e-03
1.579308137297630310e-02
1.027913857251405716e-02
6.973932962864637375e-03
8.299596607685089111e-03
2.637348370626568794e-03
3.507616231217980385e-03
3.898654133081436157e-03
2.040252555161714554e-03
3.680798923596739769e-03
3.631415311247110367e-03
6.185601931065320969e-03
4.785063490271568298e-02
3.814928932115435600e-03
1.524772611446678638e-03
1.640584878623485565e-02
8.524668402969837189e-03
1.916670426726341248e-02
6.746564526110887527e-03
1.106854248791933060e-02
3.039017692208290100e-02
1.667322218418121338e-02
1.487403512001037598e-01
2.854904858395457268e-03
1.785248331725597382e-02
1.238398253917694092e-02
5.412513390183448792e-03
1.167689170688390732e-02
2.509994665160775185e-03
4.627639893442392349e-03
2.207406563684344292e-03
2.079469850286841393e-03
2.521082293242216110e-03
7.532867789268493652e-02
2.411575801670551300e-02
1.076124384999275208e-01
5.829392001032829285e-03
1.570336893200874329e-02
3.399192588403820992e-03
1.681274734437465668e-02
2.500315755605697632e-02
1.757725328207015991e-02
4.769657738506793976e-03
3.513549687340855598e-03
1.517823152244091034e-02
2.544041257351636887e-03
2.628009300678968430e-03
1.103264838457107544e-02
4.288484808057546616e-03
1.343147084116935730e-02
5.344601813703775406e-03
6.665946450084447861e-03
1.978711038827896118e-02
1.236709998920559883e-03
1.236709998920559883e-03
1.089170947670936584e-02
1.236709998920559883e-03
9.944889694452285767e-03
4.113500472158193588e-03
3.470803052186965942e-02
3.267961787059903145e-03
4.047557339072227478e-02
8.707629516720771790e-03
4.856573883444070816e-03
1.503454055637121201e-03
4.940518643707036972e-03
1.266668783500790596e-03
1.083292532712221146e-02
1.688901148736476898e-02
5.731890443712472916e-03
2.314196899533271790e-03
7.323338091373443604e-02
1.145313587039709091e-02
1.239597983658313751e-02
2.324702776968479156e-02
2.626929245889186859e-02
9.331529960036277771e-03
1.411703694611787796e-02
2.614584052935242653e-03
2.368641085922718048e-03
2.649724483489990234e-03
3.476381534710526466e-03
1.161715947091579437e-02
5.056475754827260971e-03
8.870290592312812805e-03
1.707092043943703175e-03
9.271654416806995869e-04
1.096170744858682156e-03
1.025474164634943008e-03
1.779018784873187542e-03
3.917282447218894958e-03
3.726013004779815674e-03
1.898990478366613388e-03
6.146067753434181213e-03
3.491937648504972458e-03
2.621284918859601021e-03
1.638995134271681309e-03
2.830866957083344460e-03
5.803624168038368225e-03
2.151818247511982918e-03
6.640131585299968719e-03
7.561119273304939270e-03
6.754511594772338867e-02
1.336389929056167603e-01
6.489652674645185471e-03
5.277757998555898666e-03
2.610172377899289131e-03
7.498860824853181839e-03
2.860593842342495918e-03
2.964605577290058136e-02
3.447758033871650696e-02
4.858780652284622192e-02
5.339618399739265442e-02
6.729258690029382706e-03
1.793459872715175152e-03
8.655866258777678013e-04
1.132555864751338959e-02
6.619244813919067383e-03
5.153265781700611115e-03
5.972172133624553680e-03
9.756795130670070648e-03
1.354943495243787766e-03
9.815474040806293488e-03
1.751265954226255417e-03
1.690416410565376282e-02
2.144178375601768494e-03
8.208485320210456848e-03
2.549510449171066284e-03
9.175676852464675903e-03
1.656732521951198578e-03
5.553199443966150284e-03
1.194479642435908318e-03
2.029720460996031761e-03
1.507444027811288834e-02
3.794313222169876099e-02
4.153578076511621475e-03
4.364961292594671249e-03
1.239982154220342636e-02
3.788531757891178131e-03
1.272375583648681641e-01
1.103079132735729218e-02
1.986419968307018280e-02
4.175989031791687012e-01
7.669495418667793274e-03
2.704801037907600403e-03
5.767799448221921921e-03
9.748529642820358276e-03
1.501548918895423412e-03
1.236709998920559883e-03
8.608321659266948700e-03
3.868770599365234375e-02
6.002892740070819855e-03
1.413136627525091171e-02
5.667804181575775146e-02
4.266900941729545593e-03
3.449697420001029968e-02
7.794046774506568909e-03
1.258749701082706451e-02
5.795079283416271210e-03
3.597118332982063293e-02
2.174453996121883392e-02
6.327740848064422607e-03
1.229321677237749100e-02
1.738350652158260345e-02
3.475446719676256180e-03
2.922793105244636536e-02
1.596747338771820068e-02
1.414219848811626434e-02
8.591205812990665436e-03
2.958340570330619812e-02
1.336421235464513302e-03
7.640835829079151154e-03
1.889496855437755585e-02
1.236709998920559883e-03
1.821883954107761383e-02
5.084967706352472305e-03
3.815389005467295647e-03
3.444990608841180801e-03
3.259184071794152260e-03
2.648829668760299683e-02
1.643327996134757996e-03
7.177095860242843628e-03
3.076943336054682732e-03
3.948136232793331146e-03
8.286631107330322266e-02
3.028208948671817780e-02
9.576425887644290924e-03
1.363314338959753513e-03
1.340879593044519424e-03
5.305124912410974503e-03
1.322951284237205982e-03
1.613050582818686962e-03
6.029540207237005234e-03
5.649422295391559601e-03
1.541239093057811260e-03
1.715899794362485409e-03
3.478841483592987061e-02
1.745754503645002842e-03
4.015468060970306396e-02
1.236709998920559883e-03
5.335664376616477966e-02
2.027325564995408058e-03
1.013986486941576004e-02
3.751476528123021126e-03
1.326410099864006042e-03
4.113463219255208969e-03
1.326722558587789536e-02
6.704552099108695984e-03
1.844101212918758392e-02
2.241929620504379272e-02
6.815602537244558334e-03
1.548058632761240005e-02
6.010201200842857361e-02
9.867148473858833313e-03
1.396487466990947723e-03
8.719182573258876801e-03
2.342404564842581749e-03
4.480923060327768326e-03
4.337090998888015747e-03
6.196524482220411301e-03
1.293715275824069977e-02
1.171830762177705765e-02
5.330058280378580093e-03
5.219697486609220505e-03
2.391305938363075256e-02
1.255889702588319778e-02
3.958989400416612625e-03
1.236709998920559883e-03
3.579071257263422012e-03
1.062963437288999557e-02
5.635016132146120071e-03
1.281769364140927792e-03
4.740925040096044540e-03
2.481062198057770729e-03
5.312759429216384888e-02
4.620378464460372925e-02
2.034596540033817291e-02
2.072579413652420044e-02
1.428456511348485947e-02
3.574650967493653297e-03
1.498218066990375519e-02
5.990111269056797028e-03
6.463375687599182129e-02
1.236709998920559883e-03
6.324545014649629593e-03
3.920568525791168213e-02
5.673457868397235870e-03
1.868516439571976662e-03
2.685787528753280640e-02
1.977570820599794388e-03
1.679226756095886230e-02
1.638067653402686119e-03
2.173377573490142822e-02
5.499425344169139862e-03
2.468992024660110474e-02
1.075601577758789062e-02
1.038272306323051453e-02
2.780092181637883186e-03
1.004403457045555115e-02
1.513020135462284088e-02
1.281769364140927792e-03
1.518985535949468613e-02
1.545317820273339748e-03
5.592668894678354263e-03
4.981112480163574219e-02
9.731383994221687317e-03
1.109974086284637451e-02
2.011048793792724609e-02
9.820628911256790161e-03
1.906515797600150108e-03
1.523747667670249939e-02
3.956788219511508942e-03
1.452853903174400330e-03
3.214684501290321350e-02
1.348242163658142090e-01
2.745841071009635925e-02
3.469837903976440430e-01
5.205939058214426041e-03
3.792565315961837769e-03
9.673292515799403191e-04
2.095310576260089874e-02
3.260037861764431000e-03
1.414707954972982407e-02
2.002071775496006012e-02
5.808080080896615982e-03
1.272527128458023071e-02
2.377957664430141449e-02
2.975592622533440590e-03
1.545635238289833069e-02
1.168051809072494507e-01
1.333113666623830795e-02
1.367187965661287308e-02
1.202496699988842010e-02
3.449764847755432129e-01
6.632285658270120621e-03
1.305897021666169167e-03
3.851968096569180489e-03
9.728401899337768555e-03
1.106816008687019348e-01
6.287825852632522583e-02
7.695214357227087021e-03
5.239485297352075577e-03
2.965893829241394997e-03
5.787498131394386292e-02
5.337075795978307724e-03
1.306906342506408691e-02
3.073468571528792381e-03
1.580766029655933380e-02
3.733617952093482018e-03
2.526307106018066406e-02
1.236709998920559883e-03
6.588270515203475952e-02
6.984709762036800385e-03
1.196203380823135376e-02
8.896031975746154785e-02
5.648347735404968262e-02
1.282001845538616180e-02
9.772426448762416840e-03
3.244208404794335365e-03
7.165348529815673828e-01
4.360257647931575775e-03
1.238988060504198074e-02
8.310581557452678680e-03
1.063507609069347382e-02
5.094010755419731140e-02
1.275575812906026840e-02
5.452436394989490509e-03
1.236709998920559883e-03
5.702158808708190918e-02
6.505656521767377853e-03
3.593288362026214600e-02
1.372222453355789185e-01
4.480629693716764450e-03
1.236709998920559883e-03
4.087953362613916397e-03
7.755364291369915009e-03
2.398240845650434494e-03
1.165414135903120041e-02
5.673992261290550232e-02
1.595711521804332733e-02
1.156903337687253952e-02
2.066645072773098946e-03
1.354319043457508087e-02
2.161309821531176567e-03
2.620254410430788994e-03
5.107677541673183441e-03
4.354936629533767700e-02
6.299547851085662842e-03
1.588831655681133270e-02
3.723233239725232124e-03
2.146592829376459122e-03
1.572438888251781464e-02
4.766763653606176376e-03
7.078033406287431717e-03
1.590247498825192451e-03
3.182753548026084900e-02
1.278826850466430187e-03
1.111667044460773468e-02
3.124396689236164093e-02
1.764065399765968323e-02
4.534338135272264481e-03
1.346994843333959579e-02
2.275913953781127930e-02
9.684862568974494934e-03
3.137606009840965271e-02
2.305943518877029419e-03
1.061152573674917221e-02
1.047200057655572891e-02
2.567686326801776886e-02
4.205499961972236633e-02
1.485223066993057728e-03
1.460559200495481491e-02
2.874993020668625832e-03
2.579041523858904839e-03
1.430672593414783478e-02
1.625762134790420532e-02
2.945595793426036835e-02
1.442382344976067543e-03
2.710237167775630951e-03
3.592880442738533020e-03
1.999965170398354530e-03
1.407674164511263371e-03
1.574656460434198380e-03
2.778119593858718872e-02
4.238935653120279312e-03
3.932944498956203461e-03
3.851920599117875099e-03
9.180251508951187134e-03
9.566268883645534515e-03
3.326690755784511566e-03
6.220985576510429382e-02
7.531057577580213547e-03
1.970173791050910950e-02
7.123684976249933243e-03
3.691353369504213333e-03
2.188069513067603111e-03
8.068758994340896606e-03
2.990503311157226562e-01
5.395652260631322861e-03
6.872663274407386780e-03
1.617248170077800751e-02
1.155365630984306335e-02
1.895316876471042633e-02
4.147100262343883514e-03
1.236709998920559883e-03
4.693444818258285522e-03
4.530117381364107132e-03
1.083930209279060364e-01
5.276934243738651276e-03
7.855606265366077423e-03
9.472072124481201172e-03
4.048536997288465500e-03
6.153204943984746933e-03
1.568650081753730774e-02
1.074302569031715393e-01
1.193956355564296246e-03
2.626486122608184814e-03
9.098969399929046631e-03
1.619867864064872265e-03
2.840325003489851952e-03
4.716795403510332108e-03
5.722793750464916229e-03
4.321203101426362991e-03
5.281682312488555908e-02
8.592774160206317902e-03
8.818011730909347534e-03
6.751843541860580444e-02
5.700977519154548645e-03
4.244236275553703308e-03
2.668579807505011559e-03
1.954261362552642822e-01
5.505779758095741272e-03
1.281769364140927792e-03
3.588391933590173721e-03
7.115608546882867813e-03
1.337073743343353271e-03
5.170705728232860565e-03
4.553389735519886017e-03
2.044347114861011505e-03
6.185355596244335175e-03
5.582399666309356689e-03
1.396825886331498623e-03
1.873002946376800537e-02
6.055638939142227173e-02
9.100766852498054504e-03
1.191496010869741440e-02
7.793139200657606125e-03
4.395997617393732071e-03
4.538625478744506836e-03
7.182446308434009552e-03
1.931352727115154266e-02
9.810303337872028351e-03
1.409599464386701584e-02
7.686330936849117279e-03
3.567592240869998932e-03
2.705220365896821022e-03
6.019363645464181900e-03
3.613435663282871246e-03
1.282770372927188873e-02
9.020505473017692566e-03
1.167965400964021683e-02
1.320383325219154358e-02
3.135755192488431931e-03
1.063198130577802658e-02
1.235115081071853638e-01
3.337130695581436157e-02
1.064156647771596909e-02
3.588235238566994667e-03
2.104440890252590179e-02
1.205542124807834625e-02
8.217928931117057800e-03
2.498954348266124725e-02
1.451290561817586422e-03
5.386112723499536514e-03
1.236709998920559883e-03
5.377854034304618835e-02
1.236709998920559883e-03
1.236709998920559883e-03
4.714631009846925735e-03
1.198995672166347504e-02
2.108464483171701431e-03
5.684750620275735855e-03
2.756604924798011780e-03
1.660795998759567738e-03
1.062984578311443329e-02
3.250155970454216003e-02
2.119462704285979271e-03
1.236709998920559883e-03
3.548055514693260193e-02
3.141753375530242920e-02
4.334963858127593994e-02
2.529210783541202545e-02
6.769654806703329086e-03
1.281769364140927792e-03
7.577116135507822037e-03
5.656701978296041489e-03
1.236709998920559883e-03
1.926045166328549385e-03
2.419433323666453362e-03
2.837126888334751129e-02
2.196128480136394501e-03
7.678086403757333755e-03
1.236709998920559883e-03
2.439133264124393463e-02
8.780657313764095306e-03
2.405434381216764450e-03
1.279689092189073563e-02
2.959058852866292000e-03
1.191927343606948853e-01
1.631339895538985729e-03
7.906083017587661743e-02
2.405131980776786804e-02
6.836411543190479279e-03
2.111751213669776917e-02
3.728930652141571045e-02
5.024323705583810806e-03
1.682633534073829651e-02
2.494402416050434113e-02
2.121340110898017883e-02
3.336781635880470276e-02
8.066835813224315643e-03
3.848763648420572281e-03
1.891455147415399551e-03
1.027573831379413605e-02
5.497313570231199265e-03
3.404612466692924500e-02
2.725143730640411377e-02
1.236709998920559883e-03
1.340315490961074829e-02
2.746731601655483246e-02
2.486514393240213394e-03
1.623987220227718353e-03
1.236709998920559883e-03
3.220100421458482742e-03
4.273469746112823486e-02
1.236709998920559883e-03
3.696773201227188110e-02
1.846156083047389984e-02
9.353318251669406891e-03
3.119554836302995682e-03
9.493760019540786743e-02
3.501423820853233337e-02
1.892710453830659389e-03
5.646270699799060822e-03
9.608253836631774902e-03
1.426333747804164886e-02
5.621201358735561371e-03
8.150155656039714813e-03
3.992006555199623108e-02
4.587887227535247803e-02
2.666221372783184052e-02
6.311818957328796387e-03
9.299481660127639771e-02
3.558661555871367455e-03
6.336570717394351959e-03
1.423045876435935497e-03
1.542319077998399734e-02
8.993316441774368286e-03
2.405766583979129791e-02
1.589412684552371502e-03
4.975731298327445984e-02
1.827611029148101807e-01
2.380597405135631561e-02
2.886697184294462204e-03
4.216097667813301086e-02
4.959380719810724258e-03
5.054923705756664276e-03
2.388237277045845985e-03
1.742151007056236267e-02
2.411196939647197723e-02
1.515795290470123291e-02
3.310626605525612831e-03
6.338967010378837585e-03
9.343876503407955170e-03
1.464916742406785488e-03
1.406930666416883469e-02
1.022625043988227844e-01
2.641289308667182922e-02
2.017264254391193390e-02
2.560573816299438477e-02
7.020306307822465897e-03
5.045569501817226410e-03
1.646164804697036743e-03
2.271742932498455048e-02
1.821973943151533604e-03
1.231971313245594501e-03
8.409652858972549438e-03
7.181357592344284058e-02
1.008767411112785339e-01
3.890544176101684570e-02
4.402120597660541534e-03
7.411189377307891846e-03
1.610306277871131897e-02
1.222018972039222717e-01
1.298299152404069901e-02
4.423477128148078918e-02
2.924022451043128967e-02
7.491283863782882690e-02
9.662110358476638794e-03
4.782175645232200623e-02
3.813948482275009155e-02
1.975547708570957184e-02
2.344357781112194061e-03
5.088537931442260742e-02
2.334324643015861511e-02
9.921424090862274170e-03
2.783235535025596619e-02
1.839805208146572113e-02
5.098468624055385590e-03
9.617458283901214600e-02
2.683102851733565331e-03
6.391953676939010620e-03
1.353651564568281174e-02
2.898232825100421906e-02
4.532128199934959412e-02
3.513696603477001190e-03
2.027482725679874420e-03
5.525838583707809448e-03
1.659624744206666946e-03
1.448911055922508240e-02
1.198319718241691589e-02
4.350165650248527527e-02
1.240154914557933807e-02
5.054542329162359238e-03
1.642398722469806671e-02
2.330696675926446915e-03
7.190012373030185699e-03
1.812847517430782318e-02
2.449816558510065079e-03
7.722548209130764008e-03
4.382151644676923752e-03
1.840081624686717987e-02
7.137847132980823517e-03
8.293245919048786163e-03
3.635102184489369392e-03
4.508686065673828125e-02
5.912876687943935394e-03
2.484330674633383751e-03
3.067127428948879242e-02
1.236709998920559883e-03
4.806953016668558121e-03
2.582496730610728264e-03
3.286782884970307350e-03
7.201601751148700714e-03
3.796797711402177811e-03
1.504188030958175659e-02
2.003565616905689240e-02
7.562654092907905579e-03
9.768301621079444885e-03
2.154856221750378609e-03
1.171704083681106567e-01
1.140386424958705902e-02
2.848724136129021645e-03
1.015846990048885345e-02
1.302971597760915756e-02
3.441825974732637405e-03
2.896880917251110077e-02
2.440701238811016083e-03
8.956664241850376129e-03
9.610460139811038971e-03
3.590990230441093445e-02
2.424019388854503632e-03
1.517885131761431694e-03
3.470761468634009361e-03
8.327226340770721436e-02
9.048029780387878418e-02
6.647708825767040253e-03
1.281769364140927792e-03
1.623636484146118164e-02
1.116722635924816132e-02
3.379425033926963806e-03
5.396043416112661362e-03
4.432405810803174973e-03
1.498671341687440872e-02
3.356779739260673523e-02
1.037187594920396805e-02
1.960088964551687241e-03
1.763516850769519806e-02
5.153058096766471863e-03
4.807386081665754318e-03
1.236358424648642540e-03
3.665404394268989563e-03
4.628696478903293610e-03
3.152616787701845169e-03
1.225966960191726685e-02
2.526331134140491486e-02
3.421082859858870506e-03
3.055480122566223145e-02
1.281769364140927792e-03
1.052785478532314301e-02
8.715004660189151764e-03
1.079259254038333893e-02
3.735156031325459480e-03
3.438172396272420883e-03
3.526163101196289062e-02
5.446360446512699127e-03
4.959707614034414291e-03
1.449227798730134964e-02
2.835646504536271095e-03
1.952176168560981750e-02
2.669206587597727776e-03
2.195257227867841721e-03
2.151094563305377960e-02
5.798206664621829987e-03
3.203681437298655510e-03
8.751698769629001617e-03
1.530987676233053207e-02
4.483240190893411636e-03
1.023226184770464897e-03
1.372650824487209320e-02
5.189427174627780914e-03
1.608928106725215912e-02
5.439514759927988052e-03
1.236709998920559883e-03
1.236709998920559883e-03
1.281769364140927792e-03
1.907572336494922638e-02
3.398913191631436348e-03
1.155906450003385544e-02
2.079860772937536240e-03
7.020323071628808975e-03
6.653801538050174713e-03
1.291654538363218307e-02
9.029491990804672241e-02
2.279046736657619476e-02
8.151757717132568359e-02
6.261402275413274765e-03
2.018152177333831787e-01
3.621713025495409966e-03
8.078129962086677551e-03
1.236709998920559883e-03
2.873047441244125366e-02
5.586845800280570984e-03
2.814302686601877213e-03
5.309895146638154984e-03
3.811680898070335388e-02
1.186729781329631805e-02
8.072715252637863159e-02
4.742070566862821579e-03
1.022485643625259399e-02
3.552932664752006531e-02
2.418511547148227692e-03
1.618499634787440300e-03
7.373587228357791901e-03
8.592612110078334808e-03
3.507687523961067200e-02
5.566085502505302429e-02
8.641518652439117432e-03
1.467695087194442749e-02
4.797541070729494095e-03
2.718463540077209473e-02
2.252677828073501587e-01
1.509954803623259068e-03
3.858787706121802330e-03
1.281769364140927792e-03
2.561342203989624977e-03
1.724546775221824646e-03
1.236709998920559883e-03
1.753870956599712372e-02
5.937721580266952515e-03
8.028051815927028656e-03
1.666058599948883057e-02
1.826115883886814117e-02
8.394036442041397095e-03
7.084625307470560074e-03
1.400510817766189575e-01
3.548276796936988831e-02
9.019678458571434021e-03
7.228251546621322632e-02
6.506016943603754044e-03
1.236709998920559883e-03
2.157963113859295845e-03
7.218592800199985504e-03
2.642401680350303650e-02
6.067621521651744843e-03
2.567447535693645477e-02
1.852520741522312164e-02
2.185786375775933266e-03
3.490034956485033035e-03
9.165785275399684906e-03
2.853411249816417694e-02
2.152106957510113716e-03
1.031779334880411625e-03
2.714543836191296577e-03
1.236709998920559883e-03
1.293250359594821930e-03
8.036733604967594147e-03
3.297003358602523804e-02
8.187406696379184723e-03
9.109599515795707703e-03
3.013296984136104584e-02
6.606020033359527588e-03
1.158725935965776443e-02
1.190339494496583939e-02
3.508609719574451447e-03
4.979502409696578979e-03
5.128465592861175537e-02
2.560203429311513901e-03
1.648609293624758720e-03
2.396872639656066895e-02
8.679213933646678925e-03
6.483072042465209961e-02
2.108512679114937782e-03
2.339631877839565277e-02
1.240324322134256363e-02
1.273058075457811356e-02
1.083164755254983902e-02
1.175156515091657639e-02
4.782677441835403442e-02
3.865272738039493561e-03
2.201036550104618073e-02
2.943420410156250000e-02
1.530631817877292633e-02
3.899326315149664879e-03
1.297107040882110596e-01
1.348638162016868591e-02
1.304038334637880325e-02
8.211059495806694031e-03
3.130245953798294067e-02
2.271779626607894897e-01
9.931442327797412872e-03
9.640952572226524353e-03
2.180815674364566803e-03
2.491236664354801178e-03
4.866613540798425674e-03
2.532797399908304214e-03
4.005543887615203857e-03
1.540660299360752106e-02
4.088221117854118347e-03
3.454294754192233086e-03
5.770682357251644135e-03
1.573704648762941360e-03
2.329358272254467010e-02
1.296480279415845871e-02
1.643014373257756233e-03
1.793461618945002556e-03
4.919102787971496582e-02
2.048847265541553497e-03
2.763343043625354767e-03
1.011991058476269245e-03
2.835773397237062454e-03
7.004860322922468185e-03
8.145720697939395905e-03
1.087179034948348999e-02
2.872660290449857712e-03
2.302384190261363983e-02
1.464916486293077469e-02
5.427393596619367599e-03
6.915524601936340332e-02
8.249635808169841766e-03
2.526401542127132416e-02
2.682969346642494202e-02
1.236709998920559883e-03
4.165641032159328461e-03
1.281769364140927792e-03
3.889335785061120987e-03
8.616925776004791260e-02
3.621826693415641785e-02
5.708986893296241760e-03
2.654650947079062462e-03
3.613428445532917976e-03
6.960357073694467545e-03
7.169871777296066284e-02
1.237708725966513157e-03
2.408680273219943047e-03
3.550966503098607063e-03
2.995422342792153358e-03
2.310290699824690819e-03
4.963022191077470779e-03
1.250932924449443817e-02
3.563451813533902168e-03
3.579830005764961243e-02
1.459358073770999908e-02
1.547067612409591675e-01
6.353149656206369400e-03
1.164889242500066757e-02
2.712436718866229057e-03
3.770389594137668610e-03
5.080381873995065689e-03
1.056487089954316616e-03
2.340099075809121132e-03
4.848160315304994583e-03
8.802617900073528290e-03
1.065559685230255127e-02
1.077395118772983551e-02
1.446862332522869110e-02
7.851833105087280273e-02
1.704834401607513428e-01
2.193470951169729233e-03
4.763568285852670670e-03
3.443178953602910042e-03
9.339490905404090881e-03
2.384249586611986160e-03
1.639286614954471588e-02
1.140193361788988113e-02
1.562895625829696655e-02
3.297767415642738342e-02
8.464364707469940186e-02
2.038038708269596100e-02
8.238637819886207581e-03
1.063183182850480080e-03
1.032063923776149750e-02
1.197510492056608200e-02
4.929637536406517029e-03
2.141249366104602814e-03
2.929488429799675941e-03
3.007502527907490730e-03
5.194703117012977600e-03
1.855558832176029682e-03
2.661765785887837410e-03
2.527921926230192184e-03
2.090947004035115242e-03
2.712052548304200172e-03
2.732282690703868866e-02
1.102236192673444748e-02
1.601243764162063599e-02
3.873679321259260178e-03
2.278438303619623184e-03
3.103494876995682716e-03
3.798268036916851997e-03
3.863130463287234306e-03
1.150546967983245850e-02
9.928025305271148682e-03
2.021313412114977837e-03
1.171254436485469341e-03
2.256106585264205933e-03
1.458425656892359257e-03
6.042574066668748856e-03
6.929869949817657471e-02
1.169284433126449585e-02
2.372218994423747063e-03
1.763694360852241516e-02
9.950026869773864746e-03
2.505680080503225327e-03
1.807843707501888275e-02
1.210969220846891403e-02
4.201408009976148605e-03
6.506923120468854904e-03
1.023245882242918015e-02
1.563175208866596222e-02
1.824618689715862274e-02
8.961288258433341980e-03
1.463619293645024300e-03
3.679928369820117950e-03
1.819033874198794365e-03
1.891894615255296230e-03
1.236709998920559883e-03
1.779954065568745136e-03
4.437966272234916687e-03
2.836477244272828102e-03
3.583929501473903656e-03
8.450075984001159668e-03
8.824302814900875092e-03
3.526059677824378014e-03
5.224012304097414017e-03
1.976256491616368294e-03
3.418014617636799812e-03
2.038930542767047882e-03
2.302584471181035042e-03
4.542119335383176804e-03
5.464875139296054840e-03
7.409509271383285522e-03
4.091907292604446411e-02
2.633781172335147858e-02
4.080232232809066772e-02
6.265186704695224762e-03
1.940799690783023834e-02
1.576213911175727844e-02
2.772407606244087219e-02
8.027265779674053192e-03
5.303326062858104706e-03
3.604964585974812508e-03
1.255688164383172989e-02
5.732355173677206039e-03
1.195209100842475891e-02
2.610076963901519775e-02
1.010159179568290710e-01
6.484904792159795761e-03
7.111118640750646591e-03
7.891163229942321777e-03
2.953664399683475494e-03
9.587575681507587433e-03
5.781569983810186386e-03
7.228379137814044952e-03
7.014860864728689194e-03
2.129480475559830666e-03
5.494047887623310089e-03
4.367797169834375381e-03
7.984239608049392700e-03
1.176113821566104889e-02
9.964303113520145416e-03
1.394802145659923553e-02
8.866161853075027466e-02
3.808972984552383423e-02
4.181014373898506165e-02
2.279479056596755981e-02
5.970488302409648895e-03
2.324610948562622070e-02
2.681642398238182068e-02
4.271259065717458725e-03
4.850594792515039444e-03
9.312753565609455109e-03
6.352006457746028900e-03
4.334939643740653992e-03
3.625648561865091324e-03
3.279595635831356049e-03
3.487574635073542595e-03
4.221700876951217651e-02
7.205963134765625000e-03
6.134186871349811554e-03
2.096980111673474312e-03
1.191649865359067917e-02
8.207007311284542084e-03
5.794109776616096497e-03
2.114610001444816589e-02
6.546105258166790009e-03
2.375389914959669113e-03
1.093165948987007141e-02
8.216891437768936157e-03
3.170320764183998108e-02
4.074156284332275391e-03
7.278027012944221497e-03
3.255335241556167603e-02
3.445842070505023003e-03
1.196965575218200684e-02
9.153226390480995178e-03
7.637025788426399231e-03
2.670273184776306152e-03
5.249358713626861572e-03
5.740944296121597290e-03
2.677163574844598770e-03
7.669495418667793274e-03
2.537396270781755447e-03
4.286082088947296143e-02
1.295857969671487808e-02
2.832461148500442505e-03
1.692311465740203857e-02
2.261570189148187637e-03
3.961820155382156372e-03
5.788253620266914368e-03
3.138004615902900696e-02
9.789416566491127014e-03
2.714373636990785599e-03
2.649809420108795166e-02
7.124434411525726318e-02
2.035526558756828308e-02
1.495967246592044830e-02
1.393644511699676514e-02
2.418600395321846008e-02
3.005548752844333649e-02
1.158476993441581726e-02
3.314442699775099754e-03
1.042444631457328796e-02
1.563979894854128361e-03
7.333509274758398533e-04
1.264870632439851761e-02
4.301493056118488312e-03
1.805128157138824463e-02
2.969621866941452026e-02
1.171054616570472717e-01
7.382789161056280136e-03
1.369234919548034668e-02
2.367310971021652222e-02
6.943988800048828125e-02
4.360328242182731628e-02
2.735635731369256973e-03
5.991542711853981018e-03
3.193843178451061249e-03
1.308307517319917679e-02
7.826760411262512207e-03
2.988719614222645760e-03
1.381482779979705811e-01
7.755804806947708130e-03
3.055557142943143845e-03
1.046180725097656250e-02
2.460574544966220856e-02
2.493918687105178833e-02
5.632774904370307922e-02
1.404511276632547379e-02
1.292765047401189804e-02
1.009731669910252094e-03
4.090439528226852417e-02
3.611533902585506439e-03
4.528473690152168274e-02
2.002909081056714058e-03
2.808997407555580139e-03
1.205927226692438126e-02
1.081926468759775162e-02
3.869062056764960289e-03
6.241238676011562347e-03
1.819967408664524555e-03
1.236709998920559883e-03
5.604229401797056198e-03
2.691193670034408569e-02
1.463845139369368553e-03
2.539658686146140099e-03
1.880185678601264954e-03
1.169325225055217743e-02
5.133389960974454880e-03
4.236197471618652344e-02
7.030069362372159958e-03
6.541362497955560684e-03
2.995576243847608566e-03
6.002241279929876328e-03
1.193143706768751144e-02
4.220452625304460526e-03
1.063409354537725449e-02
1.236709998920559883e-03
1.236709998920559883e-03
3.865511156618595123e-03
5.078947637230157852e-03
8.046672679483890533e-03
1.109434571117162704e-02
4.648744594305753708e-03
3.081369679421186447e-03
1.791175827383995056e-02
1.436509564518928528e-02
1.872589066624641418e-02
2.266415022313594818e-02
5.277319811284542084e-03
1.881634630262851715e-02
1.305435318499803543e-02
2.046617493033409119e-02
1.236709998920559883e-03
4.730276763439178467e-03
2.641424071043729782e-03
4.559962544590234756e-03
6.609569769352674484e-03
6.628126651048660278e-02
4.129618406295776367e-03
9.718626737594604492e-03
2.709241956472396851e-02
1.247247308492660522e-02
3.245988162234425545e-03
1.054326072335243225e-01
3.510814392939209938e-03
2.455418929457664490e-03
1.268843933939933777e-02
2.203401550650596619e-02
5.617992207407951355e-02
1.172470394521951675e-02
1.905661635100841522e-02
2.655599266290664673e-03
1.025939825922250748e-02
4.377527162432670593e-03
1.675235107541084290e-02
3.698277845978736877e-02
1.884759217500686646e-01
3.104669274762272835e-03
1.682015135884284973e-03
1.461539510637521744e-02
1.236709998920559883e-03
4.247869364917278290e-03
2.643920248374342918e-03
3.413346596062183380e-03
5.188661627471446991e-03
2.168815396726131439e-02
3.361988812685012817e-03
1.466454938054084778e-03
1.756893470883369446e-03
8.573771454393863678e-03
8.945341221988201141e-03
3.087684744969010353e-03
4.823649767786264420e-03
1.092264149338006973e-02
3.570410655811429024e-03
4.548123478889465332e-02
6.590242963284254074e-03
6.750467233359813690e-03
4.324474837630987167e-03
3.809585003182291985e-03
1.561330724507570267e-02
2.109933877363801003e-03
1.067628711462020874e-02
1.414656080305576324e-02
3.428966924548149109e-02
4.019579291343688965e-02
5.699264351278543472e-03
1.007025968283414841e-02
2.151521388441324234e-03
4.205425735563039780e-03
3.615980735048651695e-03
1.121907606720924377e-01
7.668610662221908569e-03
8.657366037368774414e-03
3.185981418937444687e-03
2.471148781478404999e-02
4.334968514740467072e-03
1.468602567911148071e-01
1.386862900108098984e-02
4.525421187281608582e-03
9.894129633903503418e-02
3.460722044110298157e-03
2.791528124362230301e-03
6.611314136534929276e-03
2.136944606900215149e-02
1.346588134765625000e-02
5.808471236377954483e-03
7.913604378700256348e-03
1.182623673230409622e-02
2.422889508306980133e-02
1.551193301565945148e-03
4.009971395134925842e-03
1.985347364097833633e-03
2.168720215559005737e-02
9.913341701030731201e-02
3.729537129402160645e-03
3.081914409995079041e-02
2.645155228674411774e-02
7.645088713616132736e-03
1.304474845528602600e-02
3.056432679295539856e-02
6.024764850735664368e-02
2.180310338735580444e-02
1.051577646285295486e-02
1.108007878065109253e-02
7.293073926120996475e-03
3.573220223188400269e-02
9.395296685397624969e-03
8.517827838659286499e-03
5.611833930015563965e-02
3.876860020682215691e-03
1.037729065865278244e-02
8.071751333773136139e-03
3.854557638987898827e-03
3.253757953643798828e-03
2.006983757019042969e-02
2.374115213751792908e-02
6.546433549374341965e-03
1.044997200369834900e-02
8.354485966265201569e-03
6.726197898387908936e-02
3.450689464807510376e-02
3.278297604992985725e-03
8.546730503439903259e-03
9.288965910673141479e-02
8.793037384748458862e-03
8.586723357439041138e-03
3.307729959487915039e-03
1.142701017670333385e-03
4.089566878974437714e-03
1.636132597923278809e-02
1.313317473977804184e-02
1.443986198864877224e-03
3.070414997637271881e-03
6.464659702032804489e-03
7.475341856479644775e-02
1.983497291803359985e-03
3.415861865505576134e-03
6.297879852354526520e-03
1.713090576231479645e-03
5.341396201401948929e-03
7.294362783432006836e-02
6.622634828090667725e-03
8.190481923520565033e-03
7.244592998176813126e-03
3.771613352000713348e-03
3.282990772277116776e-03
2.776591107249259949e-03
3.049308666959404945e-03
1.522768870927393436e-03
1.682946574874222279e-03
2.242078538984060287e-03
1.056856848299503326e-02
1.236709998920559883e-03
5.948524922132492065e-03
1.146351173520088196e-02
2.063894178718328476e-03
1.850137952715158463e-03
1.340364455245435238e-03
8.356853388249874115e-03
1.246376056224107742e-02
1.229522004723548889e-02
3.824407234787940979e-03
1.236709998920559883e-03
1.297430042177438736e-02
1.396448723971843719e-02
1.070824568159878254e-03
8.583270828239619732e-04
2.649170113727450371e-03
2.703950973227620125e-03
4.055358469486236572e-03
9.273939765989780426e-03
4.834279883652925491e-03
6.627109833061695099e-03
1.669206656515598297e-02
1.524024643003940582e-02
2.098328173160552979e-01
7.640941068530082703e-03
2.094839699566364288e-02
7.980920374393463135e-03
4.478647373616695404e-03
1.994764246046543121e-02
3.685721196234226227e-03
5.724870134145021439e-03
6.100494787096977234e-02
3.118676831945776939e-03
2.561324276030063629e-02
4.163835570216178894e-02
2.923303749412298203e-03
8.147628046572208405e-03
6.082262378185987473e-03
1.269224565476179123e-02
1.987909711897373199e-02
2.850033156573772430e-02
7.362391799688339233e-03
1.125643681734800339e-02
4.853210411965847015e-03
1.985478680580854416e-03
8.940561674535274506e-03
1.184616703540086746e-03
2.523330738767981529e-03
8.779681287705898285e-03
2.639561891555786133e-03
2.157070906832814217e-03
3.391974838450551033e-03
4.052261263132095337e-02
2.033330267295241356e-03
2.926516113802790642e-03
1.914314110763370991e-03
5.647534504532814026e-03
1.116016693413257599e-02
3.997664898633956909e-03
2.529961755499243736e-03
1.459142006933689117e-02
8.683403953909873962e-03
7.691548671573400497e-03
1.160719897598028183e-02
1.273527368903160095e-02
6.922248285263776779e-03
5.310192238539457321e-03
3.296313108876347542e-03
3.035793779417872429e-03
1.989434240385890007e-03
6.523785181343555450e-03
2.319149672985076904e-03
4.181082360446453094e-03
5.513978004455566406e-02
1.756057888269424438e-02
4.593057092279195786e-03
5.290107056498527527e-02
2.286826027557253838e-03
2.696381881833076477e-02
5.287361741065979004e-01
3.645692253485321999e-03
1.157972030341625214e-02
3.399798646569252014e-03
2.948466222733259201e-03
4.188892617821693420e-02
1.985338050872087479e-03
1.177446916699409485e-02
2.631209557875990868e-03
2.790638711303472519e-03
4.327113740146160126e-03
4.830672871321439743e-03
3.545344341546297073e-03
1.457833126187324524e-02
3.485694527626037598e-02
1.792626641690731049e-02
2.816653111949563026e-03
4.808075260370969772e-03
8.986889384686946869e-03
3.321481496095657349e-02
1.356402598321437836e-02
1.657084329053759575e-03
2.073129871860146523e-03
3.575758542865514755e-03
6.548589561134576797e-03
8.912205230444669724e-04
3.575369482859969139e-03
3.776719328016042709e-03
4.020421300083398819e-03
2.791082020848989487e-03
5.091058090329170227e-03
2.395244548097252846e-03
2.794033847749233246e-02
1.309925224632024765e-02
3.379322588443756104e-02
9.675716049969196320e-03
2.064958959817886353e-02
1.236709998920559883e-03
1.236709998920559883e-03
2.465432276949286461e-03
6.389858666807413101e-03
8.459883928298950195e-02
4.205353558063507080e-03
1.381853688508272171e-02
1.153830438852310181e-03
3.748567774891853333e-03
1.829730160534381866e-02
4.194574430584907532e-03
6.129967048764228821e-03
2.380901481956243515e-03
2.849620999768376350e-03
2.775632543489336967e-03
1.003906223922967911e-02
1.355533255264163017e-03
1.237616175785660744e-03
1.987703517079353333e-02
8.796005509793758392e-03
4.674726631492376328e-03
5.211725831031799316e-03
1.236709998920559883e-03
2.080326899886131287e-03
2.762708347290754318e-03
1.236709998920559883e-03
2.120062150061130524e-02
5.138248205184936523e-03
3.607777878642082214e-03
1.485230773687362671e-02
3.451986983418464661e-02
2.223000861704349518e-02
1.580121344886720181e-03
3.357636043801903725e-03
6.877417210489511490e-03
3.127061063423752785e-03
1.169760944321751595e-03
1.849858276546001434e-02
2.378573641180992126e-02
1.877682632766664028e-03
3.339951392263174057e-03
1.836199895478785038e-03
2.034722268581390381e-02
2.238142769783735275e-03
2.932346425950527191e-03
1.175458356738090515e-02
1.562825031578540802e-02
1.026699319481849670e-02
5.222199019044637680e-03
2.363725379109382629e-02
8.269817382097244263e-02
2.779959701001644135e-03
2.481817500665783882e-03
7.506513595581054688e-02
8.172268979251384735e-03
3.204459697008132935e-02
1.273453608155250549e-02
8.879404515027999878e-03
1.135667506605386734e-02
1.513960584998130798e-02
6.936834659427404404e-03
1.007392704486846924e-01
3.692238824442028999e-03
1.298752613365650177e-02
7.188235875219106674e-03
8.888889104127883911e-03
2.287831343710422516e-02
1.829262473620474339e-03
2.335495688021183014e-02
3.841046243906021118e-02
4.197434056550264359e-03
4.150031600147485733e-03
1.291020587086677551e-02
1.236709998920559883e-03
4.277676343917846680e-03
3.350935503840446472e-02
6.294410210102796555e-03
1.255837678909301758e-01
1.132473628968000412e-02
1.377989444881677628e-02
2.607499947771430016e-03
2.627014648169279099e-03
8.276097476482391357e-03
2.896706340834498405e-03
8.149477653205394745e-03
1.235997769981622696e-02
5.523386877030134201e-03
3.967358265072107315e-03
1.624929951503872871e-03
2.967359311878681183e-02
2.836949424818158150e-03
4.013280849903821945e-03
4.277954809367656708e-03
3.885517129674553871e-03
3.324286779388785362e-03
4.092764575034379959e-03
8.835053071379661560e-03
4.200310911983251572e-03
6.301207467913627625e-03
2.831103513017296791e-03
5.579144693911075592e-03
2.740454301238059998e-02
3.599041141569614410e-03
6.499052047729492188e-03
1.133480388671159744e-02
3.395035397261381149e-03
3.076135879382491112e-03
3.967424388974905014e-03
2.583892317488789558e-03
2.090344391763210297e-02
1.687738485634326935e-02
6.609955336898565292e-03
5.880079232156276703e-03
1.445585954934358597e-02
1.721281092613935471e-03
2.320802956819534302e-02
5.320421233773231506e-02
1.236709998920559883e-03
2.431731671094894409e-03
9.431330487132072449e-03
8.260034956037998199e-03
4.160293843597173691e-03
2.232037484645843506e-02
6.546024233102798462e-03
6.467916071414947510e-03
2.998498082160949707e-02
2.626166446134448051e-03
5.860402248799800873e-03
2.367353532463312149e-03
4.326269496232271194e-03
1.060380507260560989e-02
1.727250637486577034e-03
1.258036307990550995e-02
8.367544971406459808e-03
3.572212764993309975e-03
3.321795538067817688e-02
5.855648312717676163e-03
1.607689424417912960e-03
4.367848858237266541e-03
2.115504117682576180e-03
5.187985021620988846e-03
2.828824147582054138e-02
3.148543462157249451e-02
9.497335553169250488e-02
2.753190929070115089e-03
4.514018539339303970e-03
2.327950671315193176e-03
8.616253733634948730e-02
2.106387168169021606e-02
2.438402501866221428e-03
6.814585532993078232e-03
1.487931795418262482e-02
4.033190198242664337e-03
1.958399079740047455e-02
2.119451388716697693e-02
4.344425629824399948e-03
5.302415695041418076e-03
1.288922782987356186e-02
1.203813776373863220e-01
7.437491789460182190e-03
7.422472350299358368e-03
7.320126984268426895e-03
4.179984703660011292e-02
3.926937934011220932e-03
1.372596132569015026e-03
2.661063335835933685e-03
1.416426268406212330e-03
2.788973972201347351e-03
9.078103117644786835e-03
2.988337539136409760e-03
2.866968978196382523e-03
3.229511668905615807e-03
3.536086063832044601e-03
2.575788181275129318e-03
2.677681669592857361e-02
5.849261768162250519e-03
5.369211081415414810e-03
3.344967216253280640e-02
3.893431508913636208e-03
5.218122620135545731e-03
1.676161400973796844e-02
2.207371778786182404e-02
5.591480992734432220e-03
9.539464488625526428e-03
2.642911300063133240e-02
7.450223900377750397e-03
1.999437808990478516e-03
1.287083979696035385e-02
1.888156495988368988e-02
5.927734076976776123e-02
6.139842048287391663e-02
1.175742503255605698e-02
1.347013865597546101e-03
4.632716625928878784e-02
4.259300418198108673e-03
2.480637282133102417e-03
2.983490377664566040e-02
2.407474210485816002e-03
4.323484841734170914e-03
4.105548374354839325e-03
7.811784744262695312e-03
1.236709998920559883e-03
1.060374919325113297e-02
8.755434304475784302e-03
4.629074595868587494e-03
2.684818580746650696e-03
1.522145699709653854e-02
2.546124346554279327e-02
1.866343198344111443e-03
4.129239823669195175e-03
9.366993792355060577e-03
8.327505551278591156e-03
2.841466339305043221e-03
1.928685232996940613e-02
2.354233991354703903e-03
2.738923532888293266e-03
4.255938809365034103e-03
1.281769364140927792e-03
1.007669325917959213e-02
8.780877105891704559e-03
6.724447477608919144e-03
2.828310476616024971e-03
1.784937689080834389e-03
3.428292227908968925e-03
8.652812801301479340e-03
1.857118308544158936e-02
7.548005320131778717e-03
6.454747635871171951e-03
4.818737972527742386e-03
1.752974814735352993e-03
5.987247452139854431e-03
1.236709998920559883e-03
1.236709998920559883e-03
4.982999991625547409e-03
4.153630882501602173e-02
5.701296497136354446e-03
8.409351110458374023e-03
8.535412140190601349e-03
3.414360573515295982e-03
1.048845238983631134e-02
5.234005860984325409e-03
6.105482578277587891e-03
1.236709998920559883e-03
1.666786149144172668e-03
1.407223101705312729e-02
7.613802328705787659e-03
3.565262071788311005e-03
1.236709998920559883e-03
3.610962629318237305e-02
5.013755988329648972e-03
2.306381985545158386e-02
5.408297758549451828e-03
3.371113911271095276e-02
5.314833950251340866e-03
6.047685630619525909e-03
1.536930352449417114e-02
2.166824787855148315e-02
2.366632223129272461e-02
6.153391301631927490e-02
1.187912467867136002e-02
4.965005442500114441e-03
2.063273685052990913e-03
3.234783932566642761e-02
1.370338536798954010e-02
7.048934232443571091e-03
8.150242501869797707e-04
1.787575893104076385e-03
5.978379864245653152e-03
1.338348351418972015e-02
